Start Training ...................................

          Initializing TSN with base model: BNInception.
          TSN Configurations:
              input_modality:     RGBDiff
              num_segments:       3
              new_length:         5
              consensus_module:   avg
              dropout_ratio:      0.8
               
Load and modify the standard model FC output layer
Dropout Layer added and The modified linear layer is : Linear(in_features=1024, out_features=101, bias=True)
Done. Loading and Modifying 
 ---------------------------------------------------
Converting the ImageNet model to RGBDiff model
The modified 1st layer is Conv2d(15, 64, kernel_size=(7, 7), stride=(2, 2), padding=(3, 3))
Done. RGBDiff model is ready.
Loading checkpoint '/home/alex039u2/data/tsn_paper/server_scripts/faze_training/RGB_diff/ucf101_diff_bninception_64__rgbdiff_checkpoint.pth.tar'
Loaded checkpoint 'False' epoch 40
---------------------------------------------------
group: first_conv_weight has 1 params, lr_mult: 1, decay_mult: 1
group: first_conv_bias has 1 params, lr_mult: 2, decay_mult: 0
group: normal_weight has 69 params, lr_mult: 1, decay_mult: 1
group: normal_bias has 69 params, lr_mult: 2, decay_mult: 0
group: BN scale/shift has 2 params, lr_mult: 1, decay_mult: 0
---------------------------------------------------
Epoch: [40][0/150], lr: 0.00100	Time 32.803 (32.803)	Data 21.385 (21.385)	Loss 0.4449 (0.4449)	Acc@1 87.500 (87.500)	Acc@5 100.000 (100.000)
Epoch: [40][20/150], lr: 0.00100	Time 21.118 (11.563)	Data 19.656 (9.586)	Loss 0.1334 (0.1880)	Acc@1 96.875 (93.973)	Acc@5 100.000 (99.554)
Epoch: [40][40/150], lr: 0.00100	Time 22.116 (11.156)	Data 19.562 (9.405)	Loss 0.1722 (0.1933)	Acc@1 93.750 (94.093)	Acc@5 100.000 (99.505)
Epoch: [40][60/150], lr: 0.00100	Time 20.562 (10.986)	Data 19.108 (9.349)	Loss 0.4535 (0.1959)	Acc@1 87.500 (93.981)	Acc@5 98.438 (99.488)
Epoch: [40][80/150], lr: 0.00100	Time 18.557 (10.851)	Data 17.202 (9.260)	Loss 0.2431 (0.1990)	Acc@1 93.750 (93.634)	Acc@5 98.438 (99.421)
Epoch: [40][100/150], lr: 0.00100	Time 20.487 (10.767)	Data 19.078 (9.190)	Loss 0.3919 (0.2073)	Acc@1 89.062 (93.487)	Acc@5 95.312 (99.412)
Epoch: [40][120/150], lr: 0.00100	Time 21.655 (10.774)	Data 19.639 (9.224)	Loss 0.3141 (0.2135)	Acc@1 92.188 (93.311)	Acc@5 98.438 (99.432)
Epoch: [40][140/150], lr: 0.00100	Time 20.622 (10.722)	Data 19.133 (9.189)	Loss 0.3327 (0.2115)	Acc@1 93.750 (93.285)	Acc@5 98.438 (99.457)
Epoch: [41][0/150], lr: 0.00100	Time 25.557 (25.557)	Data 24.215 (24.215)	Loss 0.1869 (0.1869)	Acc@1 96.875 (96.875)	Acc@5 100.000 (100.000)
Epoch: [41][20/150], lr: 0.00100	Time 21.195 (10.920)	Data 18.636 (9.479)	Loss 0.0831 (0.2425)	Acc@1 95.312 (93.080)	Acc@5 100.000 (99.330)
Epoch: [41][40/150], lr: 0.00100	Time 20.084 (10.562)	Data 18.763 (9.132)	Loss 0.4125 (0.2534)	Acc@1 87.500 (92.569)	Acc@5 93.750 (99.085)
Epoch: [41][60/150], lr: 0.00100	Time 18.049 (10.538)	Data 16.587 (9.117)	Loss 0.1201 (0.2429)	Acc@1 96.875 (92.674)	Acc@5 100.000 (99.129)
Epoch: [41][80/150], lr: 0.00100	Time 18.185 (10.524)	Data 16.867 (9.094)	Loss 0.1494 (0.2290)	Acc@1 93.750 (93.171)	Acc@5 100.000 (99.190)
Epoch: [41][100/150], lr: 0.00100	Time 18.633 (10.513)	Data 17.018 (9.085)	Loss 0.2690 (0.2169)	Acc@1 89.062 (93.301)	Acc@5 98.438 (99.226)
Epoch: [41][120/150], lr: 0.00100	Time 22.507 (10.532)	Data 20.188 (9.097)	Loss 0.4290 (0.2231)	Acc@1 87.500 (93.143)	Acc@5 96.875 (99.199)
Epoch: [41][140/150], lr: 0.00100	Time 21.051 (10.580)	Data 19.624 (9.146)	Loss 0.1453 (0.2235)	Acc@1 95.312 (93.074)	Acc@5 100.000 (99.202)
Epoch: [42][0/150], lr: 0.00100	Time 26.892 (26.892)	Data 25.574 (25.574)	Loss 0.1108 (0.1108)	Acc@1 96.875 (96.875)	Acc@5 100.000 (100.000)
Epoch: [42][20/150], lr: 0.00100	Time 17.850 (11.049)	Data 16.433 (9.626)	Loss 0.3805 (0.2280)	Acc@1 92.188 (93.006)	Acc@5 98.438 (99.330)
Epoch: [42][40/150], lr: 0.00100	Time 22.490 (10.988)	Data 19.484 (9.522)	Loss 0.2728 (0.2217)	Acc@1 93.750 (93.255)	Acc@5 100.000 (99.428)
Epoch: [42][60/150], lr: 0.00100	Time 18.296 (10.655)	Data 16.871 (9.204)	Loss 0.1765 (0.2151)	Acc@1 95.312 (93.596)	Acc@5 100.000 (99.462)
Epoch: [42][80/150], lr: 0.00100	Time 19.468 (10.669)	Data 18.119 (9.208)	Loss 0.1805 (0.2149)	Acc@1 93.750 (93.576)	Acc@5 100.000 (99.518)
Epoch: [42][100/150], lr: 0.00100	Time 20.078 (10.652)	Data 18.540 (9.188)	Loss 0.1868 (0.2162)	Acc@1 92.188 (93.626)	Acc@5 100.000 (99.474)
Epoch: [42][120/150], lr: 0.00100	Time 19.158 (10.680)	Data 17.691 (9.211)	Loss 0.2173 (0.2136)	Acc@1 95.312 (93.685)	Acc@5 100.000 (99.496)
Epoch: [42][140/150], lr: 0.00100	Time 18.811 (10.719)	Data 17.487 (9.257)	Loss 0.3628 (0.2119)	Acc@1 89.062 (93.717)	Acc@5 96.875 (99.501)
Epoch: [43][0/150], lr: 0.00100	Time 27.710 (27.710)	Data 26.067 (26.067)	Loss 0.1170 (0.1170)	Acc@1 95.312 (95.312)	Acc@5 100.000 (100.000)
Epoch: [43][20/150], lr: 0.00100	Time 19.304 (11.537)	Data 17.977 (10.045)	Loss 0.1613 (0.2154)	Acc@1 95.312 (93.750)	Acc@5 100.000 (99.479)
Epoch: [43][40/150], lr: 0.00100	Time 23.731 (11.166)	Data 22.143 (9.656)	Loss 0.3076 (0.2305)	Acc@1 90.625 (93.255)	Acc@5 98.438 (99.276)
Epoch: [43][60/150], lr: 0.00100	Time 20.056 (11.105)	Data 18.629 (9.618)	Loss 0.1573 (0.2179)	Acc@1 96.875 (93.750)	Acc@5 100.000 (99.360)
Epoch: [43][80/150], lr: 0.00100	Time 21.324 (11.094)	Data 19.924 (9.627)	Loss 0.2752 (0.2072)	Acc@1 89.062 (93.846)	Acc@5 100.000 (99.421)
Epoch: [43][100/150], lr: 0.00100	Time 23.625 (11.090)	Data 22.308 (9.617)	Loss 0.2741 (0.2060)	Acc@1 92.188 (93.858)	Acc@5 100.000 (99.428)
Epoch: [43][120/150], lr: 0.00100	Time 22.496 (11.140)	Data 21.176 (9.677)	Loss 0.2665 (0.2055)	Acc@1 89.062 (93.737)	Acc@5 100.000 (99.406)
Epoch: [43][140/150], lr: 0.00100	Time 20.045 (11.173)	Data 18.705 (9.706)	Loss 0.2308 (0.2071)	Acc@1 93.750 (93.639)	Acc@5 98.438 (99.379)
Epoch: [44][0/150], lr: 0.00100	Time 28.904 (28.904)	Data 27.513 (27.513)	Loss 0.1461 (0.1461)	Acc@1 96.875 (96.875)	Acc@5 100.000 (100.000)
Epoch: [44][20/150], lr: 0.00100	Time 17.819 (12.609)	Data 16.305 (11.090)	Loss 0.0856 (0.1878)	Acc@1 98.438 (93.750)	Acc@5 100.000 (99.628)
Epoch: [44][40/150], lr: 0.00100	Time 19.958 (11.756)	Data 18.586 (10.274)	Loss 0.2433 (0.1869)	Acc@1 93.750 (94.017)	Acc@5 100.000 (99.619)
Epoch: [44][60/150], lr: 0.00100	Time 19.977 (11.566)	Data 18.628 (10.075)	Loss 0.2573 (0.1934)	Acc@1 92.188 (93.904)	Acc@5 100.000 (99.616)
Epoch: [44][80/150], lr: 0.00100	Time 18.238 (11.354)	Data 16.822 (9.850)	Loss 0.1674 (0.1891)	Acc@1 92.188 (93.692)	Acc@5 100.000 (99.672)
Epoch: [44][100/150], lr: 0.00100	Time 17.768 (11.228)	Data 16.441 (9.731)	Loss 0.0906 (0.1900)	Acc@1 96.875 (93.765)	Acc@5 100.000 (99.629)
Epoch: [44][120/150], lr: 0.00100	Time 20.639 (11.177)	Data 19.148 (9.677)	Loss 0.2207 (0.1888)	Acc@1 95.312 (93.776)	Acc@5 98.438 (99.600)
Epoch: [44][140/150], lr: 0.00100	Time 20.175 (11.199)	Data 18.766 (9.703)	Loss 0.0440 (0.1851)	Acc@1 98.438 (93.961)	Acc@5 100.000 (99.612)
Test: [0/60]	Time 23.859 (23.859)	Loss 0.1687 (0.1687)	Acc@1 95.312 (95.312)	Acc@5 100.000 (100.000)
Test: [20/60]	Time 17.952 (10.070)	Loss 2.2026 (1.0103)	Acc@1 59.375 (76.860)	Acc@5 75.000 (93.973)
Test: [40/60]	Time 17.425 (9.831)	Loss 0.7669 (1.0322)	Acc@1 85.938 (77.820)	Acc@5 92.188 (93.826)
 * Acc@1 77.557 Acc@5 93.391 Loss 1.02219
Epoch: [45][0/150], lr: 0.00100	Time 28.624 (28.624)	Data 25.176 (25.176)	Loss 0.1713 (0.1713)	Acc@1 95.312 (95.312)	Acc@5 100.000 (100.000)
Epoch: [45][20/150], lr: 0.00100	Time 24.150 (11.256)	Data 21.221 (9.718)	Loss 0.3615 (0.1763)	Acc@1 87.500 (94.940)	Acc@5 96.875 (99.330)
Epoch: [45][40/150], lr: 0.00100	Time 26.029 (11.166)	Data 24.620 (9.678)	Loss 0.1419 (0.1899)	Acc@1 95.312 (94.436)	Acc@5 100.000 (99.352)
Epoch: [45][60/150], lr: 0.00100	Time 22.316 (11.001)	Data 20.857 (9.503)	Loss 0.3597 (0.1961)	Acc@1 89.062 (94.160)	Acc@5 100.000 (99.436)
Epoch: [45][80/150], lr: 0.00100	Time 20.786 (10.959)	Data 19.100 (9.460)	Loss 0.1598 (0.2058)	Acc@1 95.312 (93.827)	Acc@5 98.438 (99.421)
Epoch: [45][100/150], lr: 0.00100	Time 20.535 (10.947)	Data 18.618 (9.440)	Loss 0.3000 (0.1985)	Acc@1 92.188 (93.936)	Acc@5 100.000 (99.505)
Epoch: [45][120/150], lr: 0.00100	Time 22.727 (10.978)	Data 19.829 (9.468)	Loss 0.0970 (0.1911)	Acc@1 96.875 (94.073)	Acc@5 100.000 (99.548)
Epoch: [45][140/150], lr: 0.00100	Time 17.988 (10.974)	Data 16.549 (9.468)	Loss 0.1472 (0.1900)	Acc@1 92.188 (94.071)	Acc@5 100.000 (99.568)
Epoch: [46][0/150], lr: 0.00100	Time 30.344 (30.344)	Data 28.940 (28.940)	Loss 0.2341 (0.2341)	Acc@1 93.750 (93.750)	Acc@5 100.000 (100.000)
Epoch: [46][20/150], lr: 0.00100	Time 20.739 (11.947)	Data 19.420 (10.528)	Loss 0.0596 (0.1484)	Acc@1 98.438 (95.164)	Acc@5 100.000 (99.628)
Epoch: [46][40/150], lr: 0.00100	Time 19.905 (11.488)	Data 18.469 (10.045)	Loss 0.1041 (0.1620)	Acc@1 98.438 (94.817)	Acc@5 100.000 (99.581)
Epoch: [46][60/150], lr: 0.00100	Time 18.538 (11.291)	Data 17.118 (9.839)	Loss 0.2338 (0.1775)	Acc@1 92.188 (94.262)	Acc@5 100.000 (99.462)
Epoch: [46][80/150], lr: 0.00100	Time 18.606 (11.184)	Data 17.213 (9.736)	Loss 0.0914 (0.1781)	Acc@1 95.312 (94.367)	Acc@5 100.000 (99.460)
Epoch: [46][100/150], lr: 0.00100	Time 17.299 (11.049)	Data 15.855 (9.586)	Loss 0.2588 (0.1813)	Acc@1 89.062 (94.183)	Acc@5 100.000 (99.474)
Epoch: [46][120/150], lr: 0.00100	Time 17.788 (10.985)	Data 15.315 (9.519)	Loss 0.1300 (0.1834)	Acc@1 93.750 (94.099)	Acc@5 100.000 (99.432)
Epoch: [46][140/150], lr: 0.00100	Time 16.403 (10.935)	Data 14.975 (9.482)	Loss 0.1148 (0.1795)	Acc@1 96.875 (94.315)	Acc@5 100.000 (99.424)
Epoch: [47][0/150], lr: 0.00100	Time 26.530 (26.530)	Data 24.970 (24.970)	Loss 0.2502 (0.2502)	Acc@1 90.625 (90.625)	Acc@5 96.875 (96.875)
Epoch: [47][20/150], lr: 0.00100	Time 20.263 (11.372)	Data 18.843 (9.925)	Loss 0.3676 (0.1586)	Acc@1 92.188 (95.610)	Acc@5 96.875 (99.405)
Epoch: [47][40/150], lr: 0.00100	Time 18.966 (10.964)	Data 17.624 (9.525)	Loss 0.1596 (0.1752)	Acc@1 93.750 (95.122)	Acc@5 100.000 (99.390)
Epoch: [47][60/150], lr: 0.00100	Time 24.179 (10.891)	Data 22.800 (9.459)	Loss 0.1195 (0.1745)	Acc@1 96.875 (94.493)	Acc@5 100.000 (99.462)
Epoch: [47][80/150], lr: 0.00100	Time 18.763 (10.823)	Data 17.295 (9.379)	Loss 0.1722 (0.1781)	Acc@1 96.875 (94.425)	Acc@5 100.000 (99.441)
Epoch: [47][100/150], lr: 0.00100	Time 18.798 (10.798)	Data 17.426 (9.348)	Loss 0.1171 (0.1806)	Acc@1 95.312 (94.415)	Acc@5 100.000 (99.459)
Epoch: [47][120/150], lr: 0.00100	Time 23.091 (10.826)	Data 20.495 (9.375)	Loss 0.1828 (0.1878)	Acc@1 93.750 (94.215)	Acc@5 100.000 (99.432)
Epoch: [47][140/150], lr: 0.00100	Time 20.464 (10.777)	Data 18.078 (9.332)	Loss 0.2770 (0.1844)	Acc@1 92.188 (94.348)	Acc@5 100.000 (99.446)
Epoch: [48][0/150], lr: 0.00100	Time 25.611 (25.611)	Data 24.199 (24.199)	Loss 0.1603 (0.1603)	Acc@1 96.875 (96.875)	Acc@5 98.438 (98.438)
Epoch: [48][20/150], lr: 0.00100	Time 18.653 (11.083)	Data 17.261 (9.642)	Loss 0.2646 (0.2361)	Acc@1 92.188 (93.527)	Acc@5 100.000 (99.107)
Epoch: [48][40/150], lr: 0.00100	Time 20.110 (10.991)	Data 18.623 (9.524)	Loss 0.1227 (0.2180)	Acc@1 95.312 (93.941)	Acc@5 100.000 (99.238)
Epoch: [48][60/150], lr: 0.00100	Time 19.258 (10.845)	Data 17.936 (9.375)	Loss 0.2259 (0.2165)	Acc@1 93.750 (93.852)	Acc@5 100.000 (99.257)
Epoch: [48][80/150], lr: 0.00100	Time 18.551 (10.743)	Data 17.133 (9.285)	Loss 0.1833 (0.2181)	Acc@1 95.312 (93.654)	Acc@5 100.000 (99.248)
Epoch: [48][100/150], lr: 0.00100	Time 21.567 (10.641)	Data 18.713 (9.165)	Loss 0.1991 (0.2169)	Acc@1 92.188 (93.735)	Acc@5 100.000 (99.273)
Epoch: [48][120/150], lr: 0.00100	Time 18.688 (10.576)	Data 17.263 (9.108)	Loss 0.2371 (0.2133)	Acc@1 93.750 (93.750)	Acc@5 98.438 (99.238)
Epoch: [48][140/150], lr: 0.00100	Time 20.329 (10.549)	Data 18.800 (9.076)	Loss 0.1706 (0.2106)	Acc@1 96.875 (93.728)	Acc@5 100.000 (99.302)
Epoch: [49][0/150], lr: 0.00100	Time 28.386 (28.386)	Data 25.785 (25.785)	Loss 0.1099 (0.1099)	Acc@1 98.438 (98.438)	Acc@5 100.000 (100.000)
Epoch: [49][20/150], lr: 0.00100	Time 18.747 (11.206)	Data 17.321 (9.717)	Loss 0.4398 (0.2501)	Acc@1 87.500 (93.006)	Acc@5 98.438 (99.182)
Epoch: [49][40/150], lr: 0.00100	Time 17.725 (10.754)	Data 16.376 (9.270)	Loss 0.0977 (0.1911)	Acc@1 95.312 (94.360)	Acc@5 100.000 (99.543)
Epoch: [49][60/150], lr: 0.00100	Time 20.084 (10.624)	Data 18.688 (9.146)	Loss 0.2994 (0.1859)	Acc@1 92.188 (94.467)	Acc@5 100.000 (99.590)
Epoch: [49][80/150], lr: 0.00100	Time 22.039 (10.512)	Data 19.013 (9.033)	Loss 0.0888 (0.1865)	Acc@1 98.438 (94.309)	Acc@5 100.000 (99.614)
Epoch: [49][100/150], lr: 0.00100	Time 19.531 (10.494)	Data 18.202 (9.032)	Loss 0.2210 (0.1841)	Acc@1 90.625 (94.307)	Acc@5 98.438 (99.567)
Epoch: [49][120/150], lr: 0.00100	Time 19.616 (10.495)	Data 18.146 (9.035)	Loss 0.1252 (0.1833)	Acc@1 95.312 (94.357)	Acc@5 100.000 (99.574)
Epoch: [49][140/150], lr: 0.00100	Time 19.860 (10.477)	Data 17.716 (9.013)	Loss 0.1881 (0.1863)	Acc@1 93.750 (94.238)	Acc@5 100.000 (99.590)
Test: [0/60]	Time 26.486 (26.486)	Loss 1.5738 (1.5738)	Acc@1 64.062 (64.062)	Acc@5 90.625 (90.625)
Test: [20/60]	Time 23.729 (10.442)	Loss 4.6077 (1.9093)	Acc@1 35.938 (63.244)	Acc@5 65.625 (86.979)
Test: [40/60]	Time 20.162 (9.941)	Loss 1.8598 (1.9078)	Acc@1 62.500 (65.701)	Acc@5 85.938 (87.157)
 * Acc@1 65.874 Acc@5 87.761 Loss 1.88308
Epoch: [50][0/150], lr: 0.00100	Time 29.360 (29.360)	Data 26.348 (26.348)	Loss 0.3478 (0.3478)	Acc@1 87.500 (87.500)	Acc@5 98.438 (98.438)
Epoch: [50][20/150], lr: 0.00100	Time 18.795 (11.133)	Data 17.349 (9.549)	Loss 0.4047 (0.2594)	Acc@1 87.500 (91.369)	Acc@5 100.000 (99.330)
Epoch: [50][40/150], lr: 0.00100	Time 18.664 (10.802)	Data 17.226 (9.294)	Loss 0.2321 (0.2128)	Acc@1 92.188 (92.912)	Acc@5 98.438 (99.428)
Epoch: [50][60/150], lr: 0.00100	Time 18.448 (10.534)	Data 17.128 (9.029)	Loss 0.0806 (0.2202)	Acc@1 96.875 (92.879)	Acc@5 100.000 (99.360)
Epoch: [50][80/150], lr: 0.00100	Time 18.050 (10.410)	Data 16.082 (8.910)	Loss 0.0696 (0.2088)	Acc@1 100.000 (93.441)	Acc@5 100.000 (99.421)
Epoch: [50][100/150], lr: 0.00100	Time 18.912 (10.384)	Data 17.511 (8.888)	Loss 0.4691 (0.2109)	Acc@1 89.062 (93.379)	Acc@5 98.438 (99.443)
Epoch: [50][120/150], lr: 0.00100	Time 19.846 (10.354)	Data 18.133 (8.864)	Loss 0.1838 (0.2083)	Acc@1 93.750 (93.518)	Acc@5 100.000 (99.471)
Epoch: [50][140/150], lr: 0.00100	Time 16.838 (10.328)	Data 15.521 (8.840)	Loss 0.1705 (0.2029)	Acc@1 95.312 (93.695)	Acc@5 100.000 (99.501)
Epoch: [51][0/150], lr: 0.00100	Time 27.165 (27.165)	Data 25.691 (25.691)	Loss 0.1012 (0.1012)	Acc@1 95.312 (95.312)	Acc@5 100.000 (100.000)
Epoch: [51][20/150], lr: 0.00100	Time 18.546 (11.067)	Data 17.129 (9.569)	Loss 0.2205 (0.1538)	Acc@1 93.750 (95.164)	Acc@5 100.000 (99.777)
Epoch: [51][40/150], lr: 0.00100	Time 20.621 (10.740)	Data 18.011 (9.234)	Loss 0.1634 (0.1702)	Acc@1 93.750 (94.245)	Acc@5 100.000 (99.771)
Epoch: [51][60/150], lr: 0.00100	Time 20.900 (10.531)	Data 19.476 (9.056)	Loss 0.0405 (0.1731)	Acc@1 100.000 (94.365)	Acc@5 100.000 (99.718)
Epoch: [51][80/150], lr: 0.00100	Time 17.684 (10.408)	Data 16.257 (8.928)	Loss 0.1374 (0.1634)	Acc@1 96.875 (94.850)	Acc@5 100.000 (99.711)
Epoch: [51][100/150], lr: 0.00100	Time 17.455 (10.298)	Data 16.053 (8.827)	Loss 0.1542 (0.1620)	Acc@1 92.188 (94.926)	Acc@5 100.000 (99.691)
Epoch: [51][120/150], lr: 0.00100	Time 18.853 (10.279)	Data 17.447 (8.818)	Loss 0.2630 (0.1696)	Acc@1 92.188 (94.783)	Acc@5 100.000 (99.690)
Epoch: [51][140/150], lr: 0.00100	Time 18.455 (10.260)	Data 16.844 (8.791)	Loss 0.2163 (0.1673)	Acc@1 96.875 (94.925)	Acc@5 98.438 (99.690)
Epoch: [52][0/150], lr: 0.00100	Time 24.776 (24.776)	Data 23.339 (23.339)	Loss 0.2273 (0.2273)	Acc@1 92.188 (92.188)	Acc@5 98.438 (98.438)
Epoch: [52][20/150], lr: 0.00100	Time 18.497 (10.837)	Data 17.068 (9.363)	Loss 0.1194 (0.2254)	Acc@1 96.875 (93.080)	Acc@5 100.000 (99.330)
Epoch: [52][40/150], lr: 0.00100	Time 18.757 (10.361)	Data 17.328 (8.889)	Loss 0.1914 (0.2244)	Acc@1 93.750 (93.445)	Acc@5 100.000 (99.390)
Epoch: [52][60/150], lr: 0.00100	Time 19.229 (10.297)	Data 17.270 (8.848)	Loss 0.3259 (0.2054)	Acc@1 93.750 (94.237)	Acc@5 98.438 (99.436)
Epoch: [52][80/150], lr: 0.00100	Time 19.651 (10.198)	Data 18.266 (8.746)	Loss 0.0275 (0.1865)	Acc@1 100.000 (94.715)	Acc@5 100.000 (99.479)
Epoch: [52][100/150], lr: 0.00100	Time 19.167 (10.219)	Data 17.737 (8.758)	Loss 0.1229 (0.1799)	Acc@1 93.750 (94.787)	Acc@5 100.000 (99.505)
Epoch: [52][120/150], lr: 0.00100	Time 16.440 (10.187)	Data 14.994 (8.713)	Loss 0.1140 (0.1746)	Acc@1 95.312 (94.912)	Acc@5 100.000 (99.522)
Epoch: [52][140/150], lr: 0.00100	Time 18.917 (10.161)	Data 17.537 (8.699)	Loss 0.3026 (0.1812)	Acc@1 92.188 (94.692)	Acc@5 98.438 (99.512)
Epoch: [53][0/150], lr: 0.00100	Time 26.271 (26.271)	Data 24.701 (24.701)	Loss 0.1786 (0.1786)	Acc@1 95.312 (95.312)	Acc@5 100.000 (100.000)
Epoch: [53][20/150], lr: 0.00100	Time 18.323 (10.464)	Data 16.858 (9.098)	Loss 0.1287 (0.1601)	Acc@1 90.625 (94.717)	Acc@5 100.000 (99.628)
Epoch: [53][40/150], lr: 0.00100	Time 18.310 (10.271)	Data 16.952 (8.864)	Loss 0.2983 (0.1699)	Acc@1 95.312 (94.817)	Acc@5 98.438 (99.505)
Epoch: [53][60/150], lr: 0.00100	Time 17.307 (10.257)	Data 15.981 (8.815)	Loss 0.1256 (0.1622)	Acc@1 95.312 (94.980)	Acc@5 100.000 (99.539)
Epoch: [53][80/150], lr: 0.00100	Time 18.524 (10.293)	Data 17.075 (8.856)	Loss 0.1426 (0.1671)	Acc@1 92.188 (94.695)	Acc@5 100.000 (99.576)
Epoch: [53][100/150], lr: 0.00100	Time 19.764 (10.267)	Data 18.421 (8.832)	Loss 0.0722 (0.1685)	Acc@1 98.438 (94.632)	Acc@5 100.000 (99.536)
Epoch: [53][120/150], lr: 0.00100	Time 18.331 (10.222)	Data 17.008 (8.790)	Loss 0.1632 (0.1604)	Acc@1 93.750 (94.886)	Acc@5 98.438 (99.548)
Epoch: [53][140/150], lr: 0.00100	Time 17.279 (10.243)	Data 15.874 (8.806)	Loss 0.0487 (0.1594)	Acc@1 98.438 (94.880)	Acc@5 100.000 (99.579)
Epoch: [54][0/150], lr: 0.00100	Time 25.434 (25.434)	Data 24.096 (24.096)	Loss 0.1393 (0.1393)	Acc@1 95.312 (95.312)	Acc@5 100.000 (100.000)
Epoch: [54][20/150], lr: 0.00100	Time 17.911 (10.989)	Data 16.469 (9.458)	Loss 0.1402 (0.2652)	Acc@1 96.875 (92.708)	Acc@5 100.000 (99.330)
Epoch: [54][40/150], lr: 0.00100	Time 20.843 (10.623)	Data 18.276 (9.116)	Loss 0.0857 (0.2204)	Acc@1 96.875 (93.712)	Acc@5 100.000 (99.352)
Epoch: [54][60/150], lr: 0.00100	Time 17.462 (10.444)	Data 16.040 (8.953)	Loss 0.2599 (0.1874)	Acc@1 92.188 (94.442)	Acc@5 100.000 (99.539)
Epoch: [54][80/150], lr: 0.00100	Time 15.822 (10.329)	Data 14.505 (8.854)	Loss 0.1181 (0.1793)	Acc@1 96.875 (94.579)	Acc@5 100.000 (99.595)
Epoch: [54][100/150], lr: 0.00100	Time 20.688 (10.298)	Data 18.337 (8.827)	Loss 0.1674 (0.1843)	Acc@1 93.750 (94.369)	Acc@5 100.000 (99.551)
Epoch: [54][120/150], lr: 0.00100	Time 17.677 (10.287)	Data 16.090 (8.826)	Loss 0.2434 (0.1799)	Acc@1 93.750 (94.551)	Acc@5 98.438 (99.548)
Epoch: [54][140/150], lr: 0.00100	Time 19.516 (10.302)	Data 18.196 (8.849)	Loss 0.2369 (0.1759)	Acc@1 92.188 (94.637)	Acc@5 98.438 (99.557)
Test: [0/60]	Time 23.711 (23.711)	Loss 0.2392 (0.2392)	Acc@1 92.188 (92.188)	Acc@5 100.000 (100.000)
Test: [20/60]	Time 17.566 (9.982)	Loss 4.0794 (1.2425)	Acc@1 54.688 (75.372)	Acc@5 70.312 (91.071)
Test: [40/60]	Time 18.120 (9.607)	Loss 0.7285 (1.2811)	Acc@1 79.688 (75.229)	Acc@5 93.750 (91.730)
 * Acc@1 75.126 Acc@5 92.255 Loss 1.26647
Epoch: [55][0/150], lr: 0.00100	Time 28.534 (28.534)	Data 25.755 (25.755)	Loss 0.1260 (0.1260)	Acc@1 95.312 (95.312)	Acc@5 100.000 (100.000)
Epoch: [55][20/150], lr: 0.00100	Time 20.856 (11.282)	Data 19.438 (9.814)	Loss 0.1792 (0.1767)	Acc@1 95.312 (94.420)	Acc@5 98.438 (99.628)
Epoch: [55][40/150], lr: 0.00100	Time 19.368 (10.762)	Data 17.989 (9.291)	Loss 0.3092 (0.1681)	Acc@1 92.188 (94.474)	Acc@5 100.000 (99.733)
Epoch: [55][60/150], lr: 0.00100	Time 19.151 (10.588)	Data 17.698 (9.098)	Loss 0.1477 (0.1689)	Acc@1 96.875 (94.647)	Acc@5 100.000 (99.641)
Epoch: [55][80/150], lr: 0.00100	Time 19.113 (10.494)	Data 17.793 (9.027)	Loss 0.0951 (0.1664)	Acc@1 100.000 (94.850)	Acc@5 100.000 (99.672)
Epoch: [55][100/150], lr: 0.00100	Time 18.586 (10.405)	Data 17.213 (8.956)	Loss 0.1316 (0.1614)	Acc@1 95.312 (95.080)	Acc@5 100.000 (99.706)
Epoch: [55][120/150], lr: 0.00100	Time 17.223 (10.349)	Data 15.828 (8.896)	Loss 0.1289 (0.1665)	Acc@1 92.188 (94.912)	Acc@5 100.000 (99.664)
Epoch: [55][140/150], lr: 0.00100	Time 19.662 (10.342)	Data 17.501 (8.890)	Loss 0.1983 (0.1666)	Acc@1 93.750 (94.891)	Acc@5 98.438 (99.656)
Epoch: [56][0/150], lr: 0.00100	Time 26.298 (26.298)	Data 24.067 (24.067)	Loss 0.1039 (0.1039)	Acc@1 96.875 (96.875)	Acc@5 100.000 (100.000)
Epoch: [56][20/150], lr: 0.00100	Time 18.128 (10.799)	Data 16.534 (9.309)	Loss 0.1958 (0.1451)	Acc@1 93.750 (95.238)	Acc@5 100.000 (99.702)
Epoch: [56][40/150], lr: 0.00100	Time 19.161 (10.595)	Data 17.737 (9.122)	Loss 0.1200 (0.1485)	Acc@1 93.750 (95.160)	Acc@5 100.000 (99.733)
Epoch: [56][60/150], lr: 0.00100	Time 20.157 (10.529)	Data 18.752 (9.050)	Loss 0.0348 (0.1546)	Acc@1 100.000 (95.056)	Acc@5 100.000 (99.667)
Epoch: [56][80/150], lr: 0.00100	Time 16.955 (10.481)	Data 15.517 (8.991)	Loss 0.1521 (0.1579)	Acc@1 96.875 (94.888)	Acc@5 100.000 (99.672)
Epoch: [56][100/150], lr: 0.00100	Time 16.627 (10.499)	Data 15.245 (9.034)	Loss 0.1621 (0.1605)	Acc@1 96.875 (94.895)	Acc@5 98.438 (99.629)
Epoch: [56][120/150], lr: 0.00100	Time 16.583 (10.531)	Data 14.058 (9.052)	Loss 0.2294 (0.1588)	Acc@1 95.312 (94.951)	Acc@5 98.438 (99.613)
Epoch: [56][140/150], lr: 0.00100	Time 15.726 (10.562)	Data 14.352 (9.087)	Loss 0.1451 (0.1654)	Acc@1 98.438 (94.825)	Acc@5 98.438 (99.612)
Epoch: [57][0/150], lr: 0.00100	Time 25.985 (25.985)	Data 24.535 (24.535)	Loss 0.0889 (0.0889)	Acc@1 96.875 (96.875)	Acc@5 100.000 (100.000)
Epoch: [57][20/150], lr: 0.00100	Time 20.930 (11.266)	Data 19.411 (9.766)	Loss 0.2221 (0.1460)	Acc@1 92.188 (95.536)	Acc@5 100.000 (99.777)
Epoch: [57][40/150], lr: 0.00100	Time 20.788 (10.939)	Data 19.339 (9.485)	Loss 0.2543 (0.1474)	Acc@1 93.750 (95.884)	Acc@5 98.438 (99.543)
Epoch: [57][60/150], lr: 0.00100	Time 19.609 (10.777)	Data 18.191 (9.327)	Loss 0.2468 (0.1391)	Acc@1 92.188 (95.876)	Acc@5 100.000 (99.667)
Epoch: [57][80/150], lr: 0.00100	Time 20.162 (10.716)	Data 18.711 (9.276)	Loss 0.1706 (0.1399)	Acc@1 93.750 (95.756)	Acc@5 100.000 (99.711)
Epoch: [57][100/150], lr: 0.00100	Time 19.590 (10.684)	Data 18.177 (9.233)	Loss 0.1707 (0.1460)	Acc@1 92.188 (95.545)	Acc@5 100.000 (99.660)
Epoch: [57][120/150], lr: 0.00100	Time 18.558 (10.677)	Data 17.136 (9.222)	Loss 0.2123 (0.1488)	Acc@1 93.750 (95.519)	Acc@5 98.438 (99.574)
Epoch: [57][140/150], lr: 0.00100	Time 17.337 (10.640)	Data 16.021 (9.182)	Loss 0.2057 (0.1513)	Acc@1 96.875 (95.445)	Acc@5 100.000 (99.590)
Epoch: [58][0/150], lr: 0.00100	Time 24.480 (24.480)	Data 22.873 (22.873)	Loss 0.0909 (0.0909)	Acc@1 96.875 (96.875)	Acc@5 100.000 (100.000)
Epoch: [58][20/150], lr: 0.00100	Time 18.635 (10.942)	Data 17.247 (9.482)	Loss 0.1001 (0.1440)	Acc@1 96.875 (95.238)	Acc@5 100.000 (99.628)
Epoch: [58][40/150], lr: 0.00100	Time 19.439 (10.758)	Data 17.975 (9.294)	Loss 0.1445 (0.1427)	Acc@1 95.312 (95.046)	Acc@5 100.000 (99.733)
Epoch: [58][60/150], lr: 0.00100	Time 20.099 (10.592)	Data 17.699 (9.123)	Loss 0.3920 (0.1468)	Acc@1 85.938 (95.108)	Acc@5 100.000 (99.718)
Epoch: [58][80/150], lr: 0.00100	Time 18.800 (10.484)	Data 17.426 (9.025)	Loss 0.1779 (0.1440)	Acc@1 96.875 (95.428)	Acc@5 100.000 (99.730)
Epoch: [58][100/150], lr: 0.00100	Time 21.799 (10.473)	Data 18.930 (9.002)	Loss 0.1945 (0.1460)	Acc@1 95.312 (95.514)	Acc@5 100.000 (99.675)
Epoch: [58][120/150], lr: 0.00100	Time 17.546 (10.428)	Data 16.151 (8.963)	Loss 0.1474 (0.1443)	Acc@1 93.750 (95.480)	Acc@5 100.000 (99.677)
Epoch: [58][140/150], lr: 0.00100	Time 18.343 (10.401)	Data 17.009 (8.940)	Loss 0.1589 (0.1409)	Acc@1 93.750 (95.656)	Acc@5 98.438 (99.690)
Epoch: [59][0/150], lr: 0.00100	Time 24.902 (24.902)	Data 23.460 (23.460)	Loss 0.1213 (0.1213)	Acc@1 93.750 (93.750)	Acc@5 100.000 (100.000)
Epoch: [59][20/150], lr: 0.00100	Time 20.476 (10.992)	Data 18.239 (9.525)	Loss 0.1229 (0.1500)	Acc@1 95.312 (95.536)	Acc@5 100.000 (99.554)
Epoch: [59][40/150], lr: 0.00100	Time 18.519 (10.573)	Data 17.073 (9.130)	Loss 0.1244 (0.1497)	Acc@1 96.875 (95.351)	Acc@5 100.000 (99.657)
Epoch: [59][60/150], lr: 0.00100	Time 18.496 (10.439)	Data 17.050 (8.982)	Loss 0.0839 (0.1557)	Acc@1 95.312 (95.184)	Acc@5 100.000 (99.616)
Epoch: [59][80/150], lr: 0.00100	Time 21.325 (10.434)	Data 18.458 (8.966)	Loss 0.0995 (0.1486)	Acc@1 98.438 (95.370)	Acc@5 100.000 (99.672)
Epoch: [59][100/150], lr: 0.00100	Time 17.059 (10.410)	Data 15.625 (8.952)	Loss 0.2123 (0.1499)	Acc@1 95.312 (95.405)	Acc@5 98.438 (99.660)
Epoch: [59][120/150], lr: 0.00100	Time 14.494 (10.401)	Data 13.078 (8.944)	Loss 0.0271 (0.1568)	Acc@1 100.000 (95.222)	Acc@5 100.000 (99.535)
Epoch: [59][140/150], lr: 0.00100	Time 18.205 (10.381)	Data 15.543 (8.930)	Loss 0.1592 (0.1506)	Acc@1 93.750 (95.445)	Acc@5 100.000 (99.568)
Test: [0/60]	Time 23.249 (23.249)	Loss 0.1065 (0.1065)	Acc@1 95.312 (95.312)	Acc@5 100.000 (100.000)
Test: [20/60]	Time 16.569 (10.151)	Loss 2.5729 (0.9687)	Acc@1 54.688 (79.390)	Acc@5 81.250 (93.676)
Test: [40/60]	Time 18.201 (9.390)	Loss 0.6818 (1.0284)	Acc@1 90.625 (79.002)	Acc@5 92.188 (93.216)
 * Acc@1 78.641 Acc@5 93.894 Loss 0.98026
Epoch: [60][0/150], lr: 0.00100	Time 27.995 (27.995)	Data 24.230 (24.230)	Loss 0.1727 (0.1727)	Acc@1 95.312 (95.312)	Acc@5 100.000 (100.000)
Epoch: [60][20/150], lr: 0.00100	Time 18.907 (11.279)	Data 17.502 (9.761)	Loss 0.3942 (0.2252)	Acc@1 93.750 (92.783)	Acc@5 98.438 (99.405)
Epoch: [60][40/150], lr: 0.00100	Time 19.681 (10.852)	Data 18.263 (9.341)	Loss 0.1135 (0.2018)	Acc@1 95.312 (93.559)	Acc@5 100.000 (99.581)
Epoch: [60][60/150], lr: 0.00100	Time 19.917 (10.739)	Data 18.524 (9.232)	Loss 0.0786 (0.1846)	Acc@1 98.438 (94.057)	Acc@5 100.000 (99.590)
Epoch: [60][80/150], lr: 0.00100	Time 18.611 (10.657)	Data 17.183 (9.166)	Loss 0.0689 (0.1682)	Acc@1 96.875 (94.464)	Acc@5 100.000 (99.576)
Epoch: [60][100/150], lr: 0.00100	Time 18.918 (10.616)	Data 17.532 (9.133)	Loss 0.0841 (0.1638)	Acc@1 95.312 (94.539)	Acc@5 100.000 (99.598)
Epoch: [60][120/150], lr: 0.00100	Time 18.917 (10.570)	Data 17.479 (9.093)	Loss 0.1317 (0.1568)	Acc@1 95.312 (94.886)	Acc@5 100.000 (99.574)
Epoch: [60][140/150], lr: 0.00100	Time 19.172 (10.510)	Data 17.851 (9.042)	Loss 0.1845 (0.1560)	Acc@1 96.875 (94.958)	Acc@5 100.000 (99.557)
Epoch: [61][0/150], lr: 0.00100	Time 26.145 (26.145)	Data 24.677 (24.677)	Loss 0.2550 (0.2550)	Acc@1 93.750 (93.750)	Acc@5 100.000 (100.000)
Epoch: [61][20/150], lr: 0.00100	Time 19.170 (11.034)	Data 17.738 (9.549)	Loss 0.1453 (0.1682)	Acc@1 95.312 (94.940)	Acc@5 98.438 (99.851)
Epoch: [61][40/150], lr: 0.00100	Time 20.481 (10.656)	Data 18.221 (9.171)	Loss 0.1156 (0.1596)	Acc@1 96.875 (95.236)	Acc@5 100.000 (99.771)
Epoch: [61][60/150], lr: 0.00100	Time 18.773 (10.474)	Data 17.455 (9.002)	Loss 0.0408 (0.1517)	Acc@1 98.438 (95.620)	Acc@5 100.000 (99.769)
Epoch: [61][80/150], lr: 0.00100	Time 19.617 (10.453)	Data 18.165 (8.979)	Loss 0.1404 (0.1535)	Acc@1 93.750 (95.583)	Acc@5 100.000 (99.711)
Epoch: [61][100/150], lr: 0.00100	Time 19.634 (10.407)	Data 18.004 (8.928)	Loss 0.0712 (0.1499)	Acc@1 96.875 (95.653)	Acc@5 100.000 (99.737)
Epoch: [61][120/150], lr: 0.00100	Time 19.496 (10.385)	Data 18.162 (8.906)	Loss 0.0476 (0.1456)	Acc@1 98.438 (95.739)	Acc@5 100.000 (99.742)
Epoch: [61][140/150], lr: 0.00100	Time 19.478 (10.365)	Data 17.540 (8.889)	Loss 0.1760 (0.1459)	Acc@1 95.312 (95.689)	Acc@5 98.438 (99.723)
Epoch: [62][0/150], lr: 0.00100	Time 25.150 (25.150)	Data 23.723 (23.723)	Loss 0.1019 (0.1019)	Acc@1 95.312 (95.312)	Acc@5 100.000 (100.000)
Epoch: [62][20/150], lr: 0.00100	Time 18.195 (10.926)	Data 16.879 (9.503)	Loss 0.0162 (0.1036)	Acc@1 100.000 (96.503)	Acc@5 100.000 (99.851)
Epoch: [62][40/150], lr: 0.00100	Time 20.905 (10.760)	Data 18.812 (9.291)	Loss 0.3151 (0.1214)	Acc@1 90.625 (95.655)	Acc@5 100.000 (99.848)
Epoch: [62][60/150], lr: 0.00100	Time 18.324 (10.538)	Data 16.994 (9.085)	Loss 0.1841 (0.1316)	Acc@1 93.750 (95.697)	Acc@5 100.000 (99.744)
Epoch: [62][80/150], lr: 0.00100	Time 21.360 (10.481)	Data 18.622 (9.019)	Loss 0.1714 (0.1374)	Acc@1 93.750 (95.602)	Acc@5 96.875 (99.691)
Epoch: [62][100/150], lr: 0.00100	Time 19.351 (10.408)	Data 16.824 (8.955)	Loss 0.2307 (0.1399)	Acc@1 93.750 (95.591)	Acc@5 98.438 (99.706)
Epoch: [62][120/150], lr: 0.00100	Time 18.116 (10.380)	Data 16.773 (8.931)	Loss 0.1625 (0.1380)	Acc@1 93.750 (95.687)	Acc@5 98.438 (99.690)
Epoch: [62][140/150], lr: 0.00100	Time 19.932 (10.360)	Data 18.535 (8.916)	Loss 0.2349 (0.1364)	Acc@1 92.188 (95.778)	Acc@5 98.438 (99.690)
Epoch: [63][0/150], lr: 0.00100	Time 24.880 (24.880)	Data 23.460 (23.460)	Loss 0.2111 (0.2111)	Acc@1 90.625 (90.625)	Acc@5 100.000 (100.000)
Epoch: [63][20/150], lr: 0.00100	Time 17.149 (10.908)	Data 15.805 (9.375)	Loss 0.1096 (0.2130)	Acc@1 95.312 (93.824)	Acc@5 100.000 (99.405)
Epoch: [63][40/150], lr: 0.00100	Time 17.873 (10.522)	Data 16.441 (9.039)	Loss 0.0912 (0.1773)	Acc@1 98.438 (94.855)	Acc@5 100.000 (99.543)
Epoch: [63][60/150], lr: 0.00100	Time 18.922 (10.365)	Data 17.462 (8.885)	Loss 0.0929 (0.1750)	Acc@1 98.438 (94.928)	Acc@5 100.000 (99.513)
Epoch: [63][80/150], lr: 0.00100	Time 18.786 (10.328)	Data 17.457 (8.863)	Loss 0.0863 (0.1674)	Acc@1 96.875 (95.158)	Acc@5 100.000 (99.614)
Epoch: [63][100/150], lr: 0.00100	Time 18.399 (10.274)	Data 16.991 (8.821)	Loss 0.0806 (0.1609)	Acc@1 96.875 (95.235)	Acc@5 100.000 (99.644)
Epoch: [63][120/150], lr: 0.00100	Time 18.184 (10.304)	Data 16.863 (8.855)	Loss 0.1944 (0.1597)	Acc@1 90.625 (95.222)	Acc@5 100.000 (99.613)
Epoch: [63][140/150], lr: 0.00100	Time 20.277 (10.313)	Data 18.866 (8.860)	Loss 0.1980 (0.1594)	Acc@1 95.312 (95.268)	Acc@5 100.000 (99.612)
Epoch: [64][0/150], lr: 0.00100	Time 26.131 (26.131)	Data 23.481 (23.481)	Loss 0.2653 (0.2653)	Acc@1 90.625 (90.625)	Acc@5 100.000 (100.000)
Epoch: [64][20/150], lr: 0.00100	Time 17.654 (10.461)	Data 16.233 (9.034)	Loss 0.0549 (0.1795)	Acc@1 96.875 (94.643)	Acc@5 100.000 (99.554)
Epoch: [64][40/150], lr: 0.00100	Time 19.928 (10.442)	Data 18.591 (9.002)	Loss 0.2178 (0.1688)	Acc@1 93.750 (94.931)	Acc@5 98.438 (99.657)
Epoch: [64][60/150], lr: 0.00100	Time 20.081 (10.495)	Data 18.660 (9.031)	Loss 0.1493 (0.1901)	Acc@1 93.750 (94.416)	Acc@5 100.000 (99.513)
Epoch: [64][80/150], lr: 0.00100	Time 18.035 (10.444)	Data 16.712 (8.996)	Loss 0.1438 (0.1795)	Acc@1 93.750 (94.464)	Acc@5 100.000 (99.556)
Epoch: [64][100/150], lr: 0.00100	Time 19.792 (10.488)	Data 18.221 (9.030)	Loss 0.1431 (0.1696)	Acc@1 93.750 (94.771)	Acc@5 100.000 (99.613)
Epoch: [64][120/150], lr: 0.00100	Time 20.010 (10.468)	Data 18.631 (8.997)	Loss 0.2134 (0.1668)	Acc@1 93.750 (94.783)	Acc@5 98.438 (99.626)
Epoch: [64][140/150], lr: 0.00100	Time 21.052 (10.479)	Data 19.497 (9.021)	Loss 0.1502 (0.1682)	Acc@1 95.312 (94.847)	Acc@5 100.000 (99.634)
Test: [0/60]	Time 23.250 (23.250)	Loss 0.3150 (0.3150)	Acc@1 89.062 (89.062)	Acc@5 100.000 (100.000)
Test: [20/60]	Time 19.098 (10.220)	Loss 3.8649 (1.1158)	Acc@1 46.875 (76.339)	Acc@5 60.938 (92.932)
Test: [40/60]	Time 18.801 (9.777)	Loss 0.4931 (1.0584)	Acc@1 90.625 (77.744)	Acc@5 95.312 (92.988)
 * Acc@1 79.434 Acc@5 93.709 Loss 0.96425
slurmstepd: error: *** JOB 223715 ON comp002 CANCELLED AT 2019-02-20T23:42:31 ***
