Start Training ...................................

          Initializing TSN with base model: BNInception.
          TSN Configurations:
              input_modality:     RGBDiff
              num_segments:       3
              new_length:         5
              consensus_module:   avg
              dropout_ratio:      0.8
               
Load and modify the standard model FC output layer
Dropout Layer added and The modified linear layer is : Linear(in_features=1024, out_features=101, bias=True)
Done. Loading and Modifying 
 ---------------------------------------------------
Converting the ImageNet model to RGBDiff model
The modified 1st layer is Conv2d(15, 64, kernel_size=(7, 7), stride=(2, 2), padding=(3, 3))
Done. RGBDiff model is ready.
Loading checkpoint '/home/alex039u2/data/tsn_paper/server_scripts/faze_training/RGB_diff/ucf101_diff_bninception_64__rgbdiff_checkpoint.pth.tar'
Loaded checkpoint 'False' epoch 40
---------------------------------------------------
group: first_conv_weight has 1 params, lr_mult: 1, decay_mult: 1
group: first_conv_bias has 1 params, lr_mult: 2, decay_mult: 0
group: normal_weight has 69 params, lr_mult: 1, decay_mult: 1
group: normal_bias has 69 params, lr_mult: 2, decay_mult: 0
group: BN scale/shift has 2 params, lr_mult: 1, decay_mult: 0
---------------------------------------------------
Epoch: [40][0/150], lr: 0.00100	Time 29.871 (29.871)	Data 19.053 (19.053)	Loss 0.2013 (0.2013)	Acc@1 92.188 (92.188)	Acc@5 100.000 (100.000)
Epoch: [40][20/150], lr: 0.00100	Time 19.581 (9.578)	Data 17.486 (7.703)	Loss 0.0763 (0.2362)	Acc@1 96.875 (92.336)	Acc@5 100.000 (99.256)
Epoch: [40][40/150], lr: 0.00100	Time 16.546 (9.417)	Data 15.020 (7.807)	Loss 0.2176 (0.2114)	Acc@1 95.312 (93.331)	Acc@5 100.000 (99.352)
Epoch: [40][60/150], lr: 0.00100	Time 16.635 (9.501)	Data 15.270 (7.969)	Loss 0.2127 (0.2070)	Acc@1 92.188 (93.494)	Acc@5 100.000 (99.436)
Epoch: [40][80/150], lr: 0.00100	Time 17.094 (9.396)	Data 15.641 (7.902)	Loss 0.1214 (0.2031)	Acc@1 98.438 (93.924)	Acc@5 100.000 (99.421)
Epoch: [40][100/150], lr: 0.00100	Time 16.607 (9.298)	Data 15.156 (7.826)	Loss 0.2242 (0.2043)	Acc@1 92.188 (93.936)	Acc@5 100.000 (99.443)
Epoch: [40][120/150], lr: 0.00100	Time 14.289 (9.223)	Data 12.833 (7.770)	Loss 0.1736 (0.2113)	Acc@1 93.750 (93.711)	Acc@5 100.000 (99.432)
Epoch: [40][140/150], lr: 0.00100	Time 12.817 (9.173)	Data 11.478 (7.732)	Loss 0.1834 (0.2101)	Acc@1 93.750 (93.794)	Acc@5 100.000 (99.413)
Epoch: [41][0/150], lr: 0.00100	Time 22.378 (22.378)	Data 20.912 (20.912)	Loss 0.1940 (0.1940)	Acc@1 92.188 (92.188)	Acc@5 100.000 (100.000)
Epoch: [41][20/150], lr: 0.00100	Time 16.860 (9.395)	Data 15.420 (8.006)	Loss 0.1277 (0.2208)	Acc@1 93.750 (92.634)	Acc@5 100.000 (99.330)
Epoch: [41][40/150], lr: 0.00100	Time 17.071 (9.146)	Data 15.640 (7.759)	Loss 0.2535 (0.2332)	Acc@1 92.188 (92.607)	Acc@5 100.000 (99.238)
Epoch: [41][60/150], lr: 0.00100	Time 16.310 (9.049)	Data 15.009 (7.661)	Loss 0.1570 (0.2461)	Acc@1 95.312 (92.418)	Acc@5 100.000 (99.052)
Epoch: [41][80/150], lr: 0.00100	Time 16.028 (9.013)	Data 14.621 (7.626)	Loss 0.1050 (0.2397)	Acc@1 96.875 (92.708)	Acc@5 100.000 (99.171)
Epoch: [41][100/150], lr: 0.00100	Time 17.901 (9.071)	Data 16.116 (7.687)	Loss 0.2850 (0.2386)	Acc@1 90.625 (92.853)	Acc@5 96.875 (99.134)
Epoch: [41][120/150], lr: 0.00100	Time 17.145 (9.070)	Data 15.545 (7.694)	Loss 0.2103 (0.2296)	Acc@1 90.625 (92.962)	Acc@5 100.000 (99.148)
Epoch: [41][140/150], lr: 0.00100	Time 16.634 (9.051)	Data 15.280 (7.680)	Loss 0.1744 (0.2293)	Acc@1 95.312 (93.118)	Acc@5 98.438 (99.158)
Epoch: [42][0/150], lr: 0.00100	Time 22.510 (22.510)	Data 21.163 (21.163)	Loss 0.2417 (0.2417)	Acc@1 95.312 (95.312)	Acc@5 100.000 (100.000)
Epoch: [42][20/150], lr: 0.00100	Time 16.559 (9.569)	Data 15.260 (8.162)	Loss 0.1181 (0.2223)	Acc@1 96.875 (93.006)	Acc@5 100.000 (98.958)
Epoch: [42][40/150], lr: 0.00100	Time 16.205 (9.208)	Data 14.905 (7.832)	Loss 0.0919 (0.2187)	Acc@1 98.438 (93.369)	Acc@5 100.000 (99.123)
Epoch: [42][60/150], lr: 0.00100	Time 17.443 (9.104)	Data 15.947 (7.728)	Loss 0.2074 (0.2061)	Acc@1 93.750 (93.776)	Acc@5 98.438 (99.206)
Epoch: [42][80/150], lr: 0.00100	Time 15.975 (9.039)	Data 14.184 (7.665)	Loss 0.3937 (0.2188)	Acc@1 87.500 (93.326)	Acc@5 98.438 (99.190)
Epoch: [42][100/150], lr: 0.00100	Time 16.868 (9.011)	Data 15.414 (7.632)	Loss 0.1490 (0.2164)	Acc@1 95.312 (93.286)	Acc@5 100.000 (99.257)
Epoch: [42][120/150], lr: 0.00100	Time 15.470 (8.996)	Data 14.084 (7.619)	Loss 0.1591 (0.2114)	Acc@1 92.188 (93.311)	Acc@5 100.000 (99.277)
Epoch: [42][140/150], lr: 0.00100	Time 16.784 (9.017)	Data 15.391 (7.646)	Loss 0.3882 (0.2108)	Acc@1 85.938 (93.429)	Acc@5 100.000 (99.324)
Epoch: [43][0/150], lr: 0.00100	Time 21.652 (21.652)	Data 19.907 (19.907)	Loss 0.3285 (0.3285)	Acc@1 92.188 (92.188)	Acc@5 96.875 (96.875)
Epoch: [43][20/150], lr: 0.00100	Time 16.355 (9.533)	Data 14.964 (8.141)	Loss 0.1224 (0.2133)	Acc@1 95.312 (93.527)	Acc@5 100.000 (99.256)
Epoch: [43][40/150], lr: 0.00100	Time 17.159 (9.281)	Data 15.741 (7.902)	Loss 0.1483 (0.2100)	Acc@1 95.312 (93.331)	Acc@5 100.000 (99.390)
Epoch: [43][60/150], lr: 0.00100	Time 16.557 (9.187)	Data 15.246 (7.811)	Loss 0.2306 (0.2119)	Acc@1 90.625 (93.417)	Acc@5 100.000 (99.411)
Epoch: [43][80/150], lr: 0.00100	Time 15.603 (9.136)	Data 14.117 (7.760)	Loss 0.2835 (0.2090)	Acc@1 92.188 (93.596)	Acc@5 98.438 (99.441)
Epoch: [43][100/150], lr: 0.00100	Time 12.514 (9.108)	Data 11.214 (7.740)	Loss 0.1674 (0.2027)	Acc@1 93.750 (93.688)	Acc@5 98.438 (99.443)
Epoch: [43][120/150], lr: 0.00100	Time 12.650 (9.102)	Data 11.316 (7.730)	Loss 0.2194 (0.2001)	Acc@1 92.188 (93.660)	Acc@5 100.000 (99.483)
Epoch: [43][140/150], lr: 0.00100	Time 12.962 (9.112)	Data 11.444 (7.742)	Loss 0.1020 (0.1984)	Acc@1 98.438 (93.739)	Acc@5 100.000 (99.468)
Epoch: [44][0/150], lr: 0.00100	Time 23.800 (23.800)	Data 21.804 (21.804)	Loss 0.1114 (0.1114)	Acc@1 95.312 (95.312)	Acc@5 100.000 (100.000)
Epoch: [44][20/150], lr: 0.00100	Time 16.713 (9.576)	Data 15.350 (8.202)	Loss 0.1506 (0.1772)	Acc@1 93.750 (94.643)	Acc@5 100.000 (99.702)
Epoch: [44][40/150], lr: 0.00100	Time 16.086 (9.267)	Data 14.789 (7.907)	Loss 0.2089 (0.1882)	Acc@1 92.188 (94.169)	Acc@5 100.000 (99.619)
Epoch: [44][60/150], lr: 0.00100	Time 16.496 (9.200)	Data 15.205 (7.845)	Loss 0.2112 (0.1841)	Acc@1 93.750 (94.416)	Acc@5 98.438 (99.565)
Epoch: [44][80/150], lr: 0.00100	Time 17.199 (9.152)	Data 15.663 (7.790)	Loss 0.2190 (0.1832)	Acc@1 93.750 (94.329)	Acc@5 100.000 (99.614)
Epoch: [44][100/150], lr: 0.00100	Time 17.341 (9.127)	Data 15.896 (7.765)	Loss 0.2091 (0.1855)	Acc@1 95.312 (94.245)	Acc@5 98.438 (99.582)
Epoch: [44][120/150], lr: 0.00100	Time 16.811 (9.116)	Data 15.060 (7.751)	Loss 0.4805 (0.1886)	Acc@1 87.500 (94.086)	Acc@5 98.438 (99.561)
Epoch: [44][140/150], lr: 0.00100	Time 15.842 (9.102)	Data 14.455 (7.737)	Loss 0.1776 (0.1972)	Acc@1 93.750 (93.883)	Acc@5 100.000 (99.490)
Test: [0/60]	Time 21.050 (21.050)	Loss 0.1811 (0.1811)	Acc@1 93.750 (93.750)	Acc@5 100.000 (100.000)
Test: [20/60]	Time 16.038 (8.783)	Loss 3.2042 (1.4223)	Acc@1 59.375 (71.205)	Acc@5 71.875 (89.583)
Test: [40/60]	Time 15.844 (8.486)	Loss 0.7997 (1.2565)	Acc@1 87.500 (74.085)	Acc@5 95.312 (91.311)
 * Acc@1 75.919 Acc@5 92.334 Loss 1.13683
Epoch: [45][0/150], lr: 0.00100	Time 20.754 (20.754)	Data 19.217 (19.217)	Loss 0.1298 (0.1298)	Acc@1 95.312 (95.312)	Acc@5 100.000 (100.000)
Epoch: [45][20/150], lr: 0.00100	Time 16.614 (9.563)	Data 15.034 (8.165)	Loss 0.1700 (0.2085)	Acc@1 95.312 (93.824)	Acc@5 100.000 (99.628)
Epoch: [45][40/150], lr: 0.00100	Time 16.409 (9.235)	Data 15.059 (7.852)	Loss 0.1930 (0.1826)	Acc@1 95.312 (94.627)	Acc@5 98.438 (99.657)
Epoch: [45][60/150], lr: 0.00100	Time 17.047 (9.201)	Data 15.642 (7.829)	Loss 0.3479 (0.1858)	Acc@1 87.500 (94.160)	Acc@5 98.438 (99.667)
Epoch: [45][80/150], lr: 0.00100	Time 19.897 (9.247)	Data 18.490 (7.870)	Loss 0.2734 (0.1872)	Acc@1 92.188 (94.271)	Acc@5 100.000 (99.614)
Epoch: [45][100/150], lr: 0.00100	Time 18.412 (9.479)	Data 17.129 (8.105)	Loss 0.1225 (0.1866)	Acc@1 93.750 (94.152)	Acc@5 98.438 (99.629)
Epoch: [45][120/150], lr: 0.00100	Time 19.001 (9.615)	Data 17.541 (8.229)	Loss 0.1539 (0.1880)	Acc@1 95.312 (94.073)	Acc@5 100.000 (99.638)
Epoch: [45][140/150], lr: 0.00100	Time 16.132 (9.602)	Data 14.746 (8.213)	Loss 0.1835 (0.1889)	Acc@1 92.188 (94.016)	Acc@5 98.438 (99.623)
Epoch: [46][0/150], lr: 0.00100	Time 22.775 (22.775)	Data 21.407 (21.407)	Loss 0.2754 (0.2754)	Acc@1 95.312 (95.312)	Acc@5 100.000 (100.000)
Epoch: [46][20/150], lr: 0.00100	Time 18.002 (9.609)	Data 16.649 (8.215)	Loss 0.1748 (0.1678)	Acc@1 96.875 (94.940)	Acc@5 100.000 (99.702)
Epoch: [46][40/150], lr: 0.00100	Time 16.771 (9.297)	Data 15.133 (7.904)	Loss 0.2615 (0.1984)	Acc@1 92.188 (93.941)	Acc@5 98.438 (99.619)
Epoch: [46][60/150], lr: 0.00100	Time 16.498 (9.259)	Data 15.098 (7.871)	Loss 0.1056 (0.1920)	Acc@1 96.875 (93.929)	Acc@5 100.000 (99.616)
Epoch: [46][80/150], lr: 0.00100	Time 18.496 (9.330)	Data 17.091 (7.937)	Loss 0.1987 (0.1924)	Acc@1 93.750 (94.078)	Acc@5 100.000 (99.518)
Epoch: [46][100/150], lr: 0.00100	Time 19.762 (9.568)	Data 18.343 (8.169)	Loss 0.0756 (0.1880)	Acc@1 96.875 (94.230)	Acc@5 100.000 (99.551)
Epoch: [46][120/150], lr: 0.00100	Time 20.926 (9.736)	Data 19.112 (8.329)	Loss 0.1787 (0.1837)	Acc@1 93.750 (94.305)	Acc@5 98.438 (99.574)
Epoch: [46][140/150], lr: 0.00100	Time 20.702 (9.876)	Data 19.320 (8.464)	Loss 0.2037 (0.1833)	Acc@1 95.312 (94.337)	Acc@5 98.438 (99.590)
Epoch: [47][0/150], lr: 0.00100	Time 26.349 (26.349)	Data 24.210 (24.210)	Loss 0.2914 (0.2914)	Acc@1 90.625 (90.625)	Acc@5 98.438 (98.438)
Epoch: [47][20/150], lr: 0.00100	Time 16.920 (10.158)	Data 15.515 (8.736)	Loss 0.1285 (0.1920)	Acc@1 95.312 (94.494)	Acc@5 100.000 (99.256)
Epoch: [47][40/150], lr: 0.00100	Time 17.309 (9.708)	Data 15.884 (8.315)	Loss 0.1481 (0.1609)	Acc@1 95.312 (95.236)	Acc@5 100.000 (99.543)
Epoch: [47][60/150], lr: 0.00100	Time 16.814 (9.469)	Data 15.391 (8.093)	Loss 0.3494 (0.1748)	Acc@1 93.750 (95.005)	Acc@5 100.000 (99.462)
Epoch: [47][80/150], lr: 0.00100	Time 20.275 (9.494)	Data 18.309 (8.105)	Loss 0.1503 (0.1870)	Acc@1 95.312 (94.676)	Acc@5 100.000 (99.421)
Epoch: [47][100/150], lr: 0.00100	Time 17.816 (9.404)	Data 15.925 (8.023)	Loss 0.0873 (0.1937)	Acc@1 98.438 (94.508)	Acc@5 100.000 (99.381)
Epoch: [47][120/150], lr: 0.00100	Time 17.354 (9.339)	Data 15.834 (7.959)	Loss 0.1063 (0.1937)	Acc@1 98.438 (94.525)	Acc@5 100.000 (99.341)
Epoch: [47][140/150], lr: 0.00100	Time 16.726 (9.301)	Data 15.336 (7.924)	Loss 0.1335 (0.1898)	Acc@1 95.312 (94.625)	Acc@5 100.000 (99.379)
Epoch: [48][0/150], lr: 0.00100	Time 23.276 (23.276)	Data 21.873 (21.873)	Loss 0.2364 (0.2364)	Acc@1 95.312 (95.312)	Acc@5 100.000 (100.000)
Epoch: [48][20/150], lr: 0.00100	Time 17.070 (9.852)	Data 15.603 (8.463)	Loss 0.1816 (0.1588)	Acc@1 95.312 (95.238)	Acc@5 100.000 (99.777)
Epoch: [48][40/150], lr: 0.00100	Time 17.203 (9.570)	Data 15.794 (8.182)	Loss 0.1304 (0.1548)	Acc@1 96.875 (95.160)	Acc@5 100.000 (99.733)
Epoch: [48][60/150], lr: 0.00100	Time 16.191 (9.435)	Data 14.779 (8.063)	Loss 0.1294 (0.1683)	Acc@1 96.875 (94.903)	Acc@5 98.438 (99.616)
Epoch: [48][80/150], lr: 0.00100	Time 17.481 (9.355)	Data 16.074 (7.983)	Loss 0.3105 (0.1745)	Acc@1 89.062 (94.772)	Acc@5 98.438 (99.518)
Epoch: [48][100/150], lr: 0.00100	Time 17.290 (9.312)	Data 15.974 (7.943)	Loss 0.2031 (0.1778)	Acc@1 96.875 (94.694)	Acc@5 98.438 (99.505)
Epoch: [48][120/150], lr: 0.00100	Time 16.927 (9.296)	Data 15.623 (7.923)	Loss 0.0797 (0.1748)	Acc@1 98.438 (94.861)	Acc@5 100.000 (99.496)
Epoch: [48][140/150], lr: 0.00100	Time 16.160 (9.275)	Data 14.853 (7.906)	Loss 0.0534 (0.1749)	Acc@1 98.438 (94.880)	Acc@5 100.000 (99.535)
Epoch: [49][0/150], lr: 0.00100	Time 22.522 (22.522)	Data 21.132 (21.132)	Loss 0.3931 (0.3931)	Acc@1 89.062 (89.062)	Acc@5 100.000 (100.000)
Epoch: [49][20/150], lr: 0.00100	Time 16.483 (9.698)	Data 15.201 (8.368)	Loss 0.0961 (0.2363)	Acc@1 96.875 (92.932)	Acc@5 100.000 (99.182)
Epoch: [49][40/150], lr: 0.00100	Time 16.234 (9.296)	Data 14.810 (7.941)	Loss 0.3021 (0.2514)	Acc@1 92.188 (92.759)	Acc@5 98.438 (99.123)
Epoch: [49][60/150], lr: 0.00100	Time 18.211 (9.238)	Data 15.846 (7.874)	Loss 0.2112 (0.2393)	Acc@1 93.750 (93.058)	Acc@5 98.438 (99.155)
Epoch: [49][80/150], lr: 0.00100	Time 16.663 (9.152)	Data 15.259 (7.790)	Loss 0.0417 (0.2184)	Acc@1 100.000 (93.422)	Acc@5 100.000 (99.306)
Epoch: [49][100/150], lr: 0.00100	Time 17.024 (9.140)	Data 15.209 (7.777)	Loss 0.1948 (0.2077)	Acc@1 95.312 (93.735)	Acc@5 100.000 (99.319)
Epoch: [49][120/150], lr: 0.00100	Time 16.065 (9.118)	Data 14.719 (7.759)	Loss 0.0465 (0.1981)	Acc@1 98.438 (94.008)	Acc@5 100.000 (99.367)
Epoch: [49][140/150], lr: 0.00100	Time 16.328 (9.116)	Data 15.038 (7.751)	Loss 0.1321 (0.1978)	Acc@1 98.438 (94.138)	Acc@5 98.438 (99.368)
Test: [0/60]	Time 20.045 (20.045)	Loss 0.3067 (0.3067)	Acc@1 90.625 (90.625)	Acc@5 98.438 (98.438)
Test: [20/60]	Time 16.280 (8.670)	Loss 2.6632 (0.8734)	Acc@1 48.438 (78.646)	Acc@5 76.562 (94.271)
Test: [40/60]	Time 20.105 (8.751)	Loss 0.5900 (0.8936)	Acc@1 87.500 (78.087)	Acc@5 95.312 (94.322)
 * Acc@1 78.536 Acc@5 94.475 Loss 0.88507
Epoch: [50][0/150], lr: 0.00100	Time 26.307 (26.307)	Data 24.412 (24.412)	Loss 0.2981 (0.2981)	Acc@1 90.625 (90.625)	Acc@5 98.438 (98.438)
Epoch: [50][20/150], lr: 0.00100	Time 16.161 (10.137)	Data 14.745 (8.719)	Loss 0.1201 (0.1657)	Acc@1 98.438 (94.940)	Acc@5 100.000 (99.330)
Epoch: [50][40/150], lr: 0.00100	Time 17.680 (9.678)	Data 16.123 (8.290)	Loss 0.2622 (0.1677)	Acc@1 93.750 (95.198)	Acc@5 98.438 (99.314)
Epoch: [50][60/150], lr: 0.00100	Time 15.704 (9.544)	Data 14.338 (8.163)	Loss 0.1176 (0.1762)	Acc@1 96.875 (94.903)	Acc@5 100.000 (99.488)
Epoch: [50][80/150], lr: 0.00100	Time 16.599 (9.414)	Data 15.266 (8.035)	Loss 0.1460 (0.1763)	Acc@1 98.438 (94.850)	Acc@5 98.438 (99.441)
Epoch: [50][100/150], lr: 0.00100	Time 16.292 (9.362)	Data 14.998 (7.990)	Loss 0.2038 (0.1818)	Acc@1 92.188 (94.508)	Acc@5 100.000 (99.428)
Epoch: [50][120/150], lr: 0.00100	Time 17.279 (9.301)	Data 15.882 (7.930)	Loss 0.1994 (0.1828)	Acc@1 90.625 (94.357)	Acc@5 100.000 (99.471)
Epoch: [50][140/150], lr: 0.00100	Time 17.737 (9.265)	Data 15.544 (7.893)	Loss 0.2649 (0.1809)	Acc@1 93.750 (94.359)	Acc@5 100.000 (99.490)
Epoch: [51][0/150], lr: 0.00100	Time 22.628 (22.628)	Data 21.104 (21.104)	Loss 0.0801 (0.0801)	Acc@1 96.875 (96.875)	Acc@5 100.000 (100.000)
Epoch: [51][20/150], lr: 0.00100	Time 16.967 (9.372)	Data 15.424 (8.007)	Loss 0.2379 (0.1543)	Acc@1 92.188 (95.536)	Acc@5 100.000 (99.554)
Epoch: [51][40/150], lr: 0.00100	Time 16.129 (9.036)	Data 14.497 (7.651)	Loss 0.1321 (0.1762)	Acc@1 98.438 (94.817)	Acc@5 100.000 (99.505)
Epoch: [51][60/150], lr: 0.00100	Time 15.876 (8.915)	Data 14.493 (7.533)	Loss 0.1061 (0.1857)	Acc@1 98.438 (94.647)	Acc@5 100.000 (99.488)
Epoch: [51][80/150], lr: 0.00100	Time 16.016 (8.826)	Data 14.647 (7.449)	Loss 0.1845 (0.1829)	Acc@1 93.750 (94.522)	Acc@5 100.000 (99.498)
Epoch: [51][100/150], lr: 0.00100	Time 15.074 (8.769)	Data 13.782 (7.391)	Loss 0.1789 (0.1824)	Acc@1 92.188 (94.524)	Acc@5 100.000 (99.489)
Epoch: [51][120/150], lr: 0.00100	Time 15.880 (8.744)	Data 14.496 (7.372)	Loss 0.2922 (0.1806)	Acc@1 90.625 (94.486)	Acc@5 96.875 (99.509)
Epoch: [51][140/150], lr: 0.00100	Time 16.234 (8.712)	Data 14.835 (7.337)	Loss 0.2598 (0.1820)	Acc@1 92.188 (94.426)	Acc@5 100.000 (99.535)
Epoch: [52][0/150], lr: 0.00100	Time 21.176 (21.176)	Data 19.799 (19.799)	Loss 0.0810 (0.0810)	Acc@1 96.875 (96.875)	Acc@5 100.000 (100.000)
Epoch: [52][20/150], lr: 0.00100	Time 15.259 (9.036)	Data 13.845 (7.651)	Loss 0.0900 (0.1593)	Acc@1 98.438 (95.461)	Acc@5 100.000 (99.479)
Epoch: [52][40/150], lr: 0.00100	Time 14.892 (8.703)	Data 13.518 (7.335)	Loss 0.1901 (0.1546)	Acc@1 92.188 (95.427)	Acc@5 100.000 (99.581)
Epoch: [52][60/150], lr: 0.00100	Time 15.571 (8.598)	Data 14.167 (7.217)	Loss 0.0587 (0.1617)	Acc@1 98.438 (95.159)	Acc@5 100.000 (99.616)
Epoch: [52][80/150], lr: 0.00100	Time 15.182 (8.556)	Data 13.651 (7.182)	Loss 0.1204 (0.1611)	Acc@1 93.750 (94.907)	Acc@5 100.000 (99.633)
Epoch: [52][100/150], lr: 0.00100	Time 13.890 (8.533)	Data 12.533 (7.160)	Loss 0.1483 (0.1602)	Acc@1 98.438 (94.895)	Acc@5 100.000 (99.629)
Epoch: [52][120/150], lr: 0.00100	Time 14.783 (8.529)	Data 13.411 (7.159)	Loss 0.2218 (0.1620)	Acc@1 92.188 (94.861)	Acc@5 98.438 (99.613)
Epoch: [52][140/150], lr: 0.00100	Time 14.812 (8.511)	Data 13.513 (7.142)	Loss 0.1073 (0.1656)	Acc@1 95.312 (94.792)	Acc@5 100.000 (99.579)
Epoch: [53][0/150], lr: 0.00100	Time 21.421 (21.421)	Data 20.024 (20.024)	Loss 0.0562 (0.0562)	Acc@1 98.438 (98.438)	Acc@5 100.000 (100.000)
Epoch: [53][20/150], lr: 0.00100	Time 14.652 (8.850)	Data 13.275 (7.495)	Loss 0.1823 (0.1718)	Acc@1 92.188 (93.973)	Acc@5 100.000 (99.479)
Epoch: [53][40/150], lr: 0.00100	Time 13.687 (8.598)	Data 11.844 (7.233)	Loss 0.1604 (0.1636)	Acc@1 93.750 (94.512)	Acc@5 100.000 (99.619)
Epoch: [53][60/150], lr: 0.00100	Time 14.938 (8.535)	Data 13.636 (7.173)	Loss 0.1594 (0.1591)	Acc@1 93.750 (94.723)	Acc@5 100.000 (99.616)
Epoch: [53][80/150], lr: 0.00100	Time 15.579 (8.484)	Data 14.197 (7.118)	Loss 0.1569 (0.1631)	Acc@1 96.875 (94.618)	Acc@5 100.000 (99.556)
Epoch: [53][100/150], lr: 0.00100	Time 15.481 (8.445)	Data 13.939 (7.073)	Loss 0.1175 (0.1637)	Acc@1 96.875 (94.570)	Acc@5 100.000 (99.567)
Epoch: [53][120/150], lr: 0.00100	Time 28.444 (9.076)	Data 26.961 (7.698)	Loss 0.1200 (0.1615)	Acc@1 98.438 (94.654)	Acc@5 100.000 (99.613)
Epoch: [53][140/150], lr: 0.00100	Time 50.687 (10.744)	Data 49.055 (9.346)	Loss 0.0944 (0.1616)	Acc@1 98.438 (94.714)	Acc@5 100.000 (99.623)
Epoch: [54][0/150], lr: 0.00100	Time 68.342 (68.342)	Data 65.340 (65.340)	Loss 0.0692 (0.0692)	Acc@1 98.438 (98.438)	Acc@5 100.000 (100.000)
Epoch: [54][20/150], lr: 0.00100	Time 69.413 (35.330)	Data 66.754 (33.129)	Loss 0.3107 (0.2380)	Acc@1 87.500 (93.452)	Acc@5 98.438 (99.256)
Epoch: [54][40/150], lr: 0.00100	Time 87.413 (39.336)	Data 84.467 (37.017)	Loss 0.2040 (0.2022)	Acc@1 93.750 (94.017)	Acc@5 98.438 (99.466)
Epoch: [54][60/150], lr: 0.00100	Time 95.796 (43.791)	Data 92.535 (41.372)	Loss 0.0952 (0.1897)	Acc@1 98.438 (94.262)	Acc@5 98.438 (99.513)
Epoch: [54][80/150], lr: 0.00100	Time 126.035 (48.329)	Data 124.237 (45.980)	Loss 0.2425 (0.1832)	Acc@1 90.625 (94.387)	Acc@5 100.000 (99.441)
Epoch: [54][100/150], lr: 0.00100	Time 147.892 (52.884)	Data 145.960 (50.598)	Loss 0.2557 (0.1846)	Acc@1 90.625 (94.307)	Acc@5 98.438 (99.443)
Epoch: [54][120/150], lr: 0.00100	Time 160.686 (57.019)	Data 156.210 (54.604)	Loss 0.0426 (0.1785)	Acc@1 98.438 (94.421)	Acc@5 100.000 (99.496)
Epoch: [54][140/150], lr: 0.00100	Time 185.264 (61.713)	Data 182.964 (59.175)	Loss 0.0861 (0.1805)	Acc@1 96.875 (94.426)	Acc@5 100.000 (99.435)
Test: [0/60]	Time 215.747 (215.747)	Loss 0.4932 (0.4932)	Acc@1 82.812 (82.812)	Acc@5 100.000 (100.000)
Test: [20/60]	Time 188.154 (102.552)	Loss 4.6554 (1.5047)	Acc@1 48.438 (69.048)	Acc@5 67.188 (91.369)
Test: [40/60]	Time 200.161 (103.526)	Loss 0.5999 (1.3553)	Acc@1 85.938 (71.646)	Acc@5 93.750 (91.959)
 * Acc@1 72.799 Acc@5 92.440 Loss 1.26656
slurmstepd: error: *** JOB 223652 ON comp007 CANCELLED AT 2019-02-20T07:46:03 DUE TO TIME LIMIT ***
