Start Training ...................................

          Initializing TSN with base model: BNInception.
          TSN Configurations:
              input_modality:     RGBDiff
              num_segments:       3
              new_length:         5
              consensus_module:   avg
              dropout_ratio:      0.8
               
Load and modify the standard model FC output layer
Dropout Layer added and The modified linear layer is : Linear(in_features=1024, out_features=101, bias=True)
Done. Loading and Modifying 
 ---------------------------------------------------
Converting the ImageNet model to RGBDiff model
The modified 1st layer is Conv2d(15, 64, kernel_size=(7, 7), stride=(2, 2), padding=(3, 3))
Done. RGBDiff model is ready.
---------------------------------------------------
group: first_conv_weight has 1 params, lr_mult: 1, decay_mult: 1
group: first_conv_bias has 1 params, lr_mult: 2, decay_mult: 0
group: normal_weight has 69 params, lr_mult: 1, decay_mult: 1
group: normal_bias has 69 params, lr_mult: 2, decay_mult: 0
group: BN scale/shift has 2 params, lr_mult: 1, decay_mult: 0
---------------------------------------------------
Epoch: [0][0/150], lr: 0.00100	Time 29.887 (29.887)	Data 18.132 (18.132)	Loss 4.6121 (4.6121)	Acc@1 0.000 (0.000)	Acc@5 7.812 (7.812)
Epoch: [0][20/150], lr: 0.00100	Time 16.938 (9.309)	Data 15.423 (7.419)	Loss 4.5000 (4.5623)	Acc@1 1.562 (2.530)	Acc@5 6.250 (10.789)
Epoch: [0][40/150], lr: 0.00100	Time 16.406 (9.043)	Data 14.931 (7.397)	Loss 4.1003 (4.4247)	Acc@1 15.625 (4.688)	Acc@5 35.938 (16.006)
Epoch: [0][60/150], lr: 0.00100	Time 16.728 (9.022)	Data 15.295 (7.468)	Loss 3.7222 (4.2414)	Acc@1 15.625 (7.556)	Acc@5 34.375 (21.414)
Epoch: [0][80/150], lr: 0.00100	Time 17.740 (9.007)	Data 15.948 (7.496)	Loss 3.4717 (4.0462)	Acc@1 17.188 (9.838)	Acc@5 37.500 (26.890)
Epoch: [0][100/150], lr: 0.00100	Time 16.516 (8.992)	Data 15.086 (7.510)	Loss 3.3099 (3.8856)	Acc@1 17.188 (12.376)	Acc@5 50.000 (31.451)
Epoch: [0][120/150], lr: 0.00100	Time 16.582 (8.977)	Data 14.903 (7.516)	Loss 3.0271 (3.7296)	Acc@1 23.438 (14.605)	Acc@5 50.000 (35.795)
Epoch: [0][140/150], lr: 0.00100	Time 16.805 (8.967)	Data 15.215 (7.522)	Loss 2.5238 (3.5925)	Acc@1 40.625 (16.922)	Acc@5 73.438 (39.328)
Epoch: [1][0/150], lr: 0.00100	Time 19.754 (19.754)	Data 18.368 (18.368)	Loss 2.6544 (2.6544)	Acc@1 32.812 (32.812)	Acc@5 62.500 (62.500)
Epoch: [1][20/150], lr: 0.00100	Time 15.691 (9.316)	Data 14.355 (7.967)	Loss 2.3063 (2.5812)	Acc@1 43.750 (34.077)	Acc@5 76.562 (65.179)
Epoch: [1][40/150], lr: 0.00100	Time 16.364 (8.987)	Data 14.926 (7.638)	Loss 2.1020 (2.4646)	Acc@1 51.562 (36.890)	Acc@5 75.000 (68.102)
Epoch: [1][60/150], lr: 0.00100	Time 15.734 (8.881)	Data 14.323 (7.533)	Loss 2.3444 (2.3770)	Acc@1 37.500 (38.755)	Acc@5 67.188 (69.800)
Epoch: [1][80/150], lr: 0.00100	Time 15.587 (8.824)	Data 14.270 (7.478)	Loss 2.0577 (2.3404)	Acc@1 43.750 (39.487)	Acc@5 76.562 (70.486)
Epoch: [1][100/150], lr: 0.00100	Time 16.044 (8.794)	Data 14.670 (7.441)	Loss 1.9190 (2.2825)	Acc@1 53.125 (40.780)	Acc@5 81.250 (71.952)
Epoch: [1][120/150], lr: 0.00100	Time 15.886 (8.762)	Data 14.564 (7.414)	Loss 2.8189 (2.2399)	Acc@1 28.125 (41.813)	Acc@5 57.812 (72.521)
Epoch: [1][140/150], lr: 0.00100	Time 16.223 (8.737)	Data 14.650 (7.384)	Loss 1.6334 (2.2024)	Acc@1 56.250 (42.598)	Acc@5 79.688 (73.327)
Epoch: [2][0/150], lr: 0.00100	Time 20.885 (20.885)	Data 19.254 (19.254)	Loss 1.7758 (1.7758)	Acc@1 46.875 (46.875)	Acc@5 79.688 (79.688)
Epoch: [2][20/150], lr: 0.00100	Time 16.070 (9.075)	Data 14.246 (7.703)	Loss 1.5543 (1.8219)	Acc@1 54.688 (51.562)	Acc@5 87.500 (81.176)
Epoch: [2][40/150], lr: 0.00100	Time 15.223 (8.701)	Data 13.885 (7.337)	Loss 1.9110 (1.8127)	Acc@1 45.312 (51.601)	Acc@5 79.688 (81.402)
Epoch: [2][60/150], lr: 0.00100	Time 15.689 (8.645)	Data 14.269 (7.283)	Loss 1.6214 (1.8065)	Acc@1 54.688 (51.895)	Acc@5 87.500 (81.455)
Epoch: [2][80/150], lr: 0.00100	Time 15.263 (8.584)	Data 13.867 (7.223)	Loss 1.5597 (1.7696)	Acc@1 54.688 (52.913)	Acc@5 84.375 (81.809)
Epoch: [2][100/150], lr: 0.00100	Time 16.295 (8.561)	Data 14.083 (7.193)	Loss 1.7456 (1.7325)	Acc@1 53.125 (53.496)	Acc@5 84.375 (82.395)
Epoch: [2][120/150], lr: 0.00100	Time 15.369 (8.529)	Data 13.947 (7.167)	Loss 1.3101 (1.7137)	Acc@1 56.250 (53.951)	Acc@5 92.188 (82.864)
Epoch: [2][140/150], lr: 0.00100	Time 16.983 (8.526)	Data 15.447 (7.160)	Loss 1.6026 (1.6842)	Acc@1 54.688 (54.532)	Acc@5 84.375 (83.322)
Epoch: [3][0/150], lr: 0.00100	Time 20.175 (20.175)	Data 18.617 (18.617)	Loss 1.5938 (1.5938)	Acc@1 54.688 (54.688)	Acc@5 87.500 (87.500)
Epoch: [3][20/150], lr: 0.00100	Time 16.319 (8.896)	Data 14.360 (7.526)	Loss 1.3816 (1.4366)	Acc@1 64.062 (60.714)	Acc@5 84.375 (86.830)
Epoch: [3][40/150], lr: 0.00100	Time 15.942 (8.609)	Data 14.509 (7.245)	Loss 1.2686 (1.4002)	Acc@1 62.500 (60.671)	Acc@5 89.062 (87.614)
Epoch: [3][60/150], lr: 0.00100	Time 16.776 (8.538)	Data 14.208 (7.162)	Loss 1.3086 (1.3900)	Acc@1 65.625 (61.066)	Acc@5 89.062 (87.884)
Epoch: [3][80/150], lr: 0.00100	Time 15.358 (8.443)	Data 13.991 (7.077)	Loss 1.1298 (1.3722)	Acc@1 68.750 (61.516)	Acc@5 92.188 (88.214)
Epoch: [3][100/150], lr: 0.00100	Time 14.849 (8.410)	Data 13.486 (7.044)	Loss 1.4421 (1.3650)	Acc@1 59.375 (61.711)	Acc@5 85.938 (88.304)
Epoch: [3][120/150], lr: 0.00100	Time 14.954 (8.400)	Data 13.651 (7.035)	Loss 1.2668 (1.3514)	Acc@1 59.375 (62.113)	Acc@5 90.625 (88.430)
Epoch: [3][140/150], lr: 0.00100	Time 15.837 (8.391)	Data 14.179 (7.021)	Loss 1.1151 (1.3536)	Acc@1 67.188 (61.990)	Acc@5 92.188 (88.331)
Epoch: [4][0/150], lr: 0.00100	Time 20.253 (20.253)	Data 18.778 (18.778)	Loss 1.2989 (1.2989)	Acc@1 62.500 (62.500)	Acc@5 90.625 (90.625)
Epoch: [4][20/150], lr: 0.00100	Time 14.253 (8.863)	Data 12.929 (7.505)	Loss 1.1751 (1.1845)	Acc@1 62.500 (66.443)	Acc@5 89.062 (90.997)
Epoch: [4][40/150], lr: 0.00100	Time 15.118 (8.521)	Data 13.739 (7.164)	Loss 1.3088 (1.2188)	Acc@1 57.812 (65.587)	Acc@5 93.750 (91.235)
Epoch: [4][60/150], lr: 0.00100	Time 14.843 (8.415)	Data 13.343 (7.051)	Loss 0.9667 (1.1769)	Acc@1 70.312 (66.624)	Acc@5 95.312 (91.368)
Epoch: [4][80/150], lr: 0.00100	Time 15.742 (8.384)	Data 14.326 (7.019)	Loss 1.1103 (1.1782)	Acc@1 70.312 (66.590)	Acc@5 93.750 (91.030)
Epoch: [4][100/150], lr: 0.00100	Time 14.957 (8.355)	Data 13.640 (6.989)	Loss 1.1709 (1.1684)	Acc@1 70.312 (66.894)	Acc@5 89.062 (91.074)
Epoch: [4][120/150], lr: 0.00100	Time 14.481 (8.335)	Data 13.208 (6.971)	Loss 1.1499 (1.1731)	Acc@1 67.188 (66.619)	Acc@5 89.062 (91.142)
Epoch: [4][140/150], lr: 0.00100	Time 14.693 (8.306)	Data 13.344 (6.941)	Loss 1.1263 (1.1735)	Acc@1 67.188 (66.600)	Acc@5 90.625 (91.035)
Test: [0/60]	Time 18.669 (18.669)	Loss 1.6143 (1.6143)	Acc@1 48.438 (48.438)	Acc@5 95.312 (95.312)
Test: [20/60]	Time 14.634 (8.590)	Loss 1.8215 (1.5037)	Acc@1 48.438 (57.440)	Acc@5 84.375 (88.542)
Test: [40/60]	Time 16.891 (8.366)	Loss 1.9261 (1.4745)	Acc@1 60.938 (59.604)	Acc@5 73.438 (86.509)
 * Acc@1 61.142 Acc@5 86.704 Loss 1.43374
Epoch: [5][0/150], lr: 0.00100	Time 19.879 (19.879)	Data 18.233 (18.233)	Loss 0.8974 (0.8974)	Acc@1 70.312 (70.312)	Acc@5 96.875 (96.875)
Epoch: [5][20/150], lr: 0.00100	Time 15.128 (8.749)	Data 13.299 (7.350)	Loss 1.3689 (1.0529)	Acc@1 56.250 (68.601)	Acc@5 87.500 (92.708)
Epoch: [5][40/150], lr: 0.00100	Time 14.366 (8.463)	Data 13.051 (7.088)	Loss 0.9239 (1.0353)	Acc@1 67.188 (69.817)	Acc@5 92.188 (92.416)
Epoch: [5][60/150], lr: 0.00100	Time 16.152 (8.378)	Data 14.584 (7.009)	Loss 1.0287 (0.9974)	Acc@1 70.312 (71.004)	Acc@5 92.188 (93.135)
Epoch: [5][80/150], lr: 0.00100	Time 14.728 (8.321)	Data 13.407 (6.958)	Loss 1.1093 (1.0143)	Acc@1 67.188 (70.698)	Acc@5 90.625 (92.631)
Epoch: [5][100/150], lr: 0.00100	Time 12.697 (8.286)	Data 11.428 (6.929)	Loss 1.0003 (1.0201)	Acc@1 65.625 (70.529)	Acc@5 93.750 (92.667)
Epoch: [5][120/150], lr: 0.00100	Time 12.863 (8.277)	Data 11.484 (6.924)	Loss 1.0404 (1.0177)	Acc@1 71.875 (70.803)	Acc@5 89.062 (92.523)
Epoch: [5][140/150], lr: 0.00100	Time 12.151 (8.265)	Data 10.875 (6.910)	Loss 1.0076 (1.0167)	Acc@1 70.312 (70.811)	Acc@5 92.188 (92.653)
Epoch: [6][0/150], lr: 0.00100	Time 20.234 (20.234)	Data 18.845 (18.845)	Loss 0.7794 (0.7794)	Acc@1 75.000 (75.000)	Acc@5 98.438 (98.438)
Epoch: [6][20/150], lr: 0.00100	Time 14.315 (8.538)	Data 12.995 (7.164)	Loss 0.9579 (0.9012)	Acc@1 73.438 (74.182)	Acc@5 95.312 (95.238)
Epoch: [6][40/150], lr: 0.00100	Time 14.878 (8.310)	Data 13.430 (6.951)	Loss 0.5892 (0.9106)	Acc@1 79.688 (74.085)	Acc@5 100.000 (94.207)
Epoch: [6][60/150], lr: 0.00100	Time 15.129 (8.205)	Data 13.802 (6.842)	Loss 0.7429 (0.8974)	Acc@1 75.000 (74.308)	Acc@5 98.438 (94.339)
Epoch: [6][80/150], lr: 0.00100	Time 15.099 (8.168)	Data 13.778 (6.813)	Loss 0.9160 (0.8906)	Acc@1 70.312 (74.576)	Acc@5 92.188 (94.290)
Epoch: [6][100/150], lr: 0.00100	Time 14.487 (8.133)	Data 12.946 (6.777)	Loss 0.8454 (0.8981)	Acc@1 76.562 (74.319)	Acc@5 92.188 (94.137)
Epoch: [6][120/150], lr: 0.00100	Time 15.978 (8.129)	Data 14.614 (6.771)	Loss 0.8605 (0.8843)	Acc@1 76.562 (74.587)	Acc@5 96.875 (94.344)
Epoch: [6][140/150], lr: 0.00100	Time 15.034 (8.104)	Data 13.718 (6.749)	Loss 0.9667 (0.8958)	Acc@1 75.000 (74.291)	Acc@5 92.188 (94.326)
Epoch: [7][0/150], lr: 0.00100	Time 19.532 (19.532)	Data 18.225 (18.225)	Loss 0.8836 (0.8836)	Acc@1 68.750 (68.750)	Acc@5 93.750 (93.750)
Epoch: [7][20/150], lr: 0.00100	Time 14.000 (8.381)	Data 12.679 (7.018)	Loss 1.0489 (0.8670)	Acc@1 62.500 (74.479)	Acc@5 92.188 (94.494)
Epoch: [7][40/150], lr: 0.00100	Time 14.394 (8.164)	Data 12.966 (6.803)	Loss 0.7043 (0.8636)	Acc@1 78.125 (74.619)	Acc@5 96.875 (94.741)
Epoch: [7][60/150], lr: 0.00100	Time 14.422 (8.101)	Data 13.095 (6.735)	Loss 0.5510 (0.8482)	Acc@1 84.375 (75.231)	Acc@5 95.312 (94.826)
Epoch: [7][80/150], lr: 0.00100	Time 14.653 (8.068)	Data 13.333 (6.701)	Loss 0.6977 (0.8215)	Acc@1 76.562 (75.772)	Acc@5 98.438 (95.197)
Epoch: [7][100/150], lr: 0.00100	Time 15.693 (8.060)	Data 13.977 (6.695)	Loss 0.6421 (0.8129)	Acc@1 79.688 (76.114)	Acc@5 93.750 (95.220)
Epoch: [7][120/150], lr: 0.00100	Time 13.478 (8.033)	Data 12.155 (6.673)	Loss 0.5121 (0.8020)	Acc@1 87.500 (76.588)	Acc@5 100.000 (95.248)
Epoch: [7][140/150], lr: 0.00100	Time 14.729 (8.039)	Data 13.395 (6.680)	Loss 0.5522 (0.8045)	Acc@1 84.375 (76.529)	Acc@5 96.875 (95.180)
Epoch: [8][0/150], lr: 0.00100	Time 19.421 (19.421)	Data 18.128 (18.128)	Loss 0.8390 (0.8390)	Acc@1 70.312 (70.312)	Acc@5 96.875 (96.875)
Epoch: [8][20/150], lr: 0.00100	Time 13.928 (8.426)	Data 12.575 (7.079)	Loss 0.8949 (0.7913)	Acc@1 70.312 (77.158)	Acc@5 93.750 (96.057)
Epoch: [8][40/150], lr: 0.00100	Time 13.453 (8.180)	Data 12.062 (6.821)	Loss 0.8670 (0.7800)	Acc@1 78.125 (77.172)	Acc@5 92.188 (95.884)
Epoch: [8][60/150], lr: 0.00100	Time 13.868 (8.071)	Data 12.581 (6.722)	Loss 0.5512 (0.7790)	Acc@1 78.125 (76.972)	Acc@5 100.000 (96.030)
Epoch: [8][80/150], lr: 0.00100	Time 15.273 (8.057)	Data 13.101 (6.700)	Loss 0.7184 (0.7696)	Acc@1 81.250 (77.296)	Acc@5 95.312 (95.968)
Epoch: [8][100/150], lr: 0.00100	Time 14.937 (8.066)	Data 13.548 (6.716)	Loss 0.8683 (0.7756)	Acc@1 73.438 (77.212)	Acc@5 93.750 (95.730)
Epoch: [8][120/150], lr: 0.00100	Time 14.674 (8.083)	Data 13.327 (6.731)	Loss 0.6954 (0.7822)	Acc@1 78.125 (76.937)	Acc@5 98.438 (95.610)
Epoch: [8][140/150], lr: 0.00100	Time 14.874 (8.105)	Data 13.509 (6.751)	Loss 1.2077 (0.7902)	Acc@1 71.875 (76.873)	Acc@5 92.188 (95.534)
Epoch: [9][0/150], lr: 0.00100	Time 20.317 (20.317)	Data 18.945 (18.945)	Loss 0.9618 (0.9618)	Acc@1 75.000 (75.000)	Acc@5 90.625 (90.625)
Epoch: [9][20/150], lr: 0.00100	Time 15.328 (8.622)	Data 13.940 (7.267)	Loss 0.8325 (0.7677)	Acc@1 71.875 (77.158)	Acc@5 95.312 (95.833)
Epoch: [9][40/150], lr: 0.00100	Time 14.728 (8.353)	Data 13.286 (6.998)	Loss 0.4824 (0.7225)	Acc@1 85.938 (78.163)	Acc@5 98.438 (96.189)
Epoch: [9][60/150], lr: 0.00100	Time 14.214 (8.304)	Data 12.703 (6.945)	Loss 0.5274 (0.7078)	Acc@1 85.938 (78.689)	Acc@5 96.875 (96.286)
Epoch: [9][80/150], lr: 0.00100	Time 14.740 (8.256)	Data 13.458 (6.896)	Loss 0.4185 (0.7053)	Acc@1 90.625 (78.858)	Acc@5 98.438 (96.296)
Epoch: [9][100/150], lr: 0.00100	Time 14.767 (8.251)	Data 13.189 (6.888)	Loss 1.0895 (0.7035)	Acc@1 71.875 (79.100)	Acc@5 92.188 (96.303)
Epoch: [9][120/150], lr: 0.00100	Time 15.872 (8.246)	Data 14.419 (6.884)	Loss 0.7670 (0.7063)	Acc@1 78.125 (79.287)	Acc@5 95.312 (96.307)
Epoch: [9][140/150], lr: 0.00100	Time 14.416 (8.224)	Data 13.093 (6.862)	Loss 0.8093 (0.7149)	Acc@1 71.875 (79.100)	Acc@5 92.188 (96.110)
Test: [0/60]	Time 18.053 (18.053)	Loss 0.6242 (0.6242)	Acc@1 78.125 (78.125)	Acc@5 96.875 (96.875)
Test: [20/60]	Time 14.555 (8.266)	Loss 2.8814 (1.2576)	Acc@1 32.812 (65.551)	Acc@5 67.188 (88.839)
Test: [40/60]	Time 15.442 (8.058)	Loss 1.5144 (1.1683)	Acc@1 62.500 (67.873)	Acc@5 84.375 (90.015)
 * Acc@1 69.151 Acc@5 90.563 Loss 1.12798
Epoch: [10][0/150], lr: 0.00100	Time 20.399 (20.399)	Data 18.930 (18.930)	Loss 0.8148 (0.8148)	Acc@1 75.000 (75.000)	Acc@5 96.875 (96.875)
Epoch: [10][20/150], lr: 0.00100	Time 14.748 (8.742)	Data 13.266 (7.400)	Loss 0.8614 (0.7080)	Acc@1 75.000 (79.315)	Acc@5 93.750 (95.536)
Epoch: [10][40/150], lr: 0.00100	Time 16.099 (8.535)	Data 14.565 (7.190)	Loss 0.7968 (0.6678)	Acc@1 76.562 (79.954)	Acc@5 93.750 (96.189)
Epoch: [10][60/150], lr: 0.00100	Time 16.218 (8.450)	Data 14.850 (7.109)	Loss 0.7193 (0.6736)	Acc@1 81.250 (79.816)	Acc@5 95.312 (96.414)
Epoch: [10][80/150], lr: 0.00100	Time 15.276 (8.411)	Data 13.815 (7.070)	Loss 0.5815 (0.6828)	Acc@1 84.375 (79.688)	Acc@5 95.312 (96.335)
Epoch: [10][100/150], lr: 0.00100	Time 15.899 (8.373)	Data 14.336 (7.032)	Loss 0.6294 (0.6864)	Acc@1 82.812 (79.641)	Acc@5 95.312 (96.318)
Epoch: [10][120/150], lr: 0.00100	Time 14.901 (8.332)	Data 13.396 (6.988)	Loss 0.4078 (0.6874)	Acc@1 90.625 (79.571)	Acc@5 96.875 (96.268)
Epoch: [10][140/150], lr: 0.00100	Time 15.384 (8.315)	Data 13.965 (6.972)	Loss 0.5893 (0.6842)	Acc@1 81.250 (79.566)	Acc@5 96.875 (96.354)
Epoch: [11][0/150], lr: 0.00100	Time 19.182 (19.182)	Data 17.851 (17.851)	Loss 0.8458 (0.8458)	Acc@1 73.438 (73.438)	Acc@5 96.875 (96.875)
Epoch: [11][20/150], lr: 0.00100	Time 13.723 (8.527)	Data 12.159 (7.140)	Loss 0.6538 (0.6246)	Acc@1 81.250 (81.994)	Acc@5 100.000 (97.098)
Epoch: [11][40/150], lr: 0.00100	Time 14.113 (8.262)	Data 12.798 (6.898)	Loss 0.4029 (0.6381)	Acc@1 92.188 (81.517)	Acc@5 95.312 (96.875)
Epoch: [11][60/150], lr: 0.00100	Time 14.297 (8.207)	Data 12.976 (6.845)	Loss 0.7224 (0.6181)	Acc@1 84.375 (82.505)	Acc@5 93.750 (96.773)
Epoch: [11][80/150], lr: 0.00100	Time 14.943 (8.168)	Data 13.167 (6.808)	Loss 0.6569 (0.6320)	Acc@1 79.688 (81.848)	Acc@5 95.312 (96.798)
Epoch: [11][100/150], lr: 0.00100	Time 14.295 (8.141)	Data 12.973 (6.786)	Loss 0.5364 (0.6252)	Acc@1 85.938 (81.962)	Acc@5 98.438 (96.921)
Epoch: [11][120/150], lr: 0.00100	Time 15.912 (8.126)	Data 14.101 (6.771)	Loss 0.4802 (0.6302)	Acc@1 81.250 (81.792)	Acc@5 98.438 (96.914)
Epoch: [11][140/150], lr: 0.00100	Time 14.290 (8.100)	Data 12.891 (6.746)	Loss 0.3307 (0.6251)	Acc@1 87.500 (81.804)	Acc@5 100.000 (97.030)
Epoch: [12][0/150], lr: 0.00100	Time 19.974 (19.974)	Data 18.566 (18.566)	Loss 0.5816 (0.5816)	Acc@1 87.500 (87.500)	Acc@5 95.312 (95.312)
Epoch: [12][20/150], lr: 0.00100	Time 13.576 (8.380)	Data 12.165 (7.028)	Loss 0.4872 (0.5657)	Acc@1 85.938 (82.812)	Acc@5 93.750 (96.801)
Epoch: [12][40/150], lr: 0.00100	Time 13.551 (8.215)	Data 12.263 (6.875)	Loss 0.6412 (0.5891)	Acc@1 79.688 (82.470)	Acc@5 98.438 (96.951)
Epoch: [12][60/150], lr: 0.00100	Time 14.471 (8.145)	Data 13.063 (6.797)	Loss 0.4663 (0.5803)	Acc@1 87.500 (82.480)	Acc@5 96.875 (97.080)
Epoch: [12][80/150], lr: 0.00100	Time 15.330 (8.119)	Data 13.655 (6.769)	Loss 0.6512 (0.5863)	Acc@1 75.000 (82.195)	Acc@5 96.875 (96.971)
Epoch: [12][100/150], lr: 0.00100	Time 15.798 (8.094)	Data 14.403 (6.747)	Loss 0.7377 (0.5867)	Acc@1 75.000 (82.271)	Acc@5 98.438 (96.921)
Epoch: [12][120/150], lr: 0.00100	Time 16.167 (8.074)	Data 14.589 (6.723)	Loss 0.4153 (0.5822)	Acc@1 85.938 (82.361)	Acc@5 96.875 (97.095)
Epoch: [12][140/150], lr: 0.00100	Time 14.836 (8.063)	Data 13.501 (6.716)	Loss 0.7163 (0.5814)	Acc@1 81.250 (82.425)	Acc@5 95.312 (97.130)
Epoch: [13][0/150], lr: 0.00100	Time 19.699 (19.699)	Data 18.294 (18.294)	Loss 0.5339 (0.5339)	Acc@1 82.812 (82.812)	Acc@5 96.875 (96.875)
Epoch: [13][20/150], lr: 0.00100	Time 14.719 (8.473)	Data 13.316 (7.100)	Loss 0.5819 (0.5519)	Acc@1 81.250 (82.589)	Acc@5 95.312 (97.545)
Epoch: [13][40/150], lr: 0.00100	Time 15.319 (8.212)	Data 13.422 (6.848)	Loss 0.6403 (0.5651)	Acc@1 81.250 (82.508)	Acc@5 96.875 (97.294)
Epoch: [13][60/150], lr: 0.00100	Time 14.679 (8.107)	Data 13.229 (6.745)	Loss 0.5386 (0.5640)	Acc@1 82.812 (82.633)	Acc@5 98.438 (97.234)
Epoch: [13][80/150], lr: 0.00100	Time 14.960 (8.040)	Data 13.603 (6.682)	Loss 0.7130 (0.5657)	Acc@1 84.375 (82.793)	Acc@5 95.312 (97.319)
Epoch: [13][100/150], lr: 0.00100	Time 14.985 (8.020)	Data 13.014 (6.661)	Loss 0.7414 (0.5783)	Acc@1 79.688 (82.611)	Acc@5 96.875 (97.215)
Epoch: [13][120/150], lr: 0.00100	Time 16.013 (8.007)	Data 14.161 (6.648)	Loss 0.5305 (0.5760)	Acc@1 82.812 (82.683)	Acc@5 100.000 (97.301)
Epoch: [13][140/150], lr: 0.00100	Time 14.998 (8.008)	Data 13.468 (6.646)	Loss 0.5169 (0.5652)	Acc@1 89.062 (83.067)	Acc@5 98.438 (97.429)
Epoch: [14][0/150], lr: 0.00100	Time 21.606 (21.606)	Data 19.865 (19.865)	Loss 0.6583 (0.6583)	Acc@1 81.250 (81.250)	Acc@5 100.000 (100.000)
Epoch: [14][20/150], lr: 0.00100	Time 15.358 (8.364)	Data 13.705 (6.967)	Loss 0.4597 (0.5440)	Acc@1 84.375 (84.003)	Acc@5 98.438 (97.024)
Epoch: [14][40/150], lr: 0.00100	Time 14.187 (8.048)	Data 12.799 (6.664)	Loss 0.5916 (0.5492)	Acc@1 89.062 (83.880)	Acc@5 96.875 (97.027)
Epoch: [14][60/150], lr: 0.00100	Time 13.743 (7.978)	Data 12.462 (6.588)	Loss 0.4182 (0.5235)	Acc@1 84.375 (84.068)	Acc@5 98.438 (97.490)
Epoch: [14][80/150], lr: 0.00100	Time 14.856 (7.959)	Data 13.469 (6.580)	Loss 0.5690 (0.5146)	Acc@1 85.938 (84.510)	Acc@5 93.750 (97.357)
Epoch: [14][100/150], lr: 0.00100	Time 13.809 (7.941)	Data 12.468 (6.568)	Loss 0.9241 (0.5183)	Acc@1 73.438 (84.483)	Acc@5 98.438 (97.401)
Epoch: [14][120/150], lr: 0.00100	Time 13.920 (7.934)	Data 12.646 (6.562)	Loss 0.3103 (0.5111)	Acc@1 90.625 (84.749)	Acc@5 100.000 (97.495)
Epoch: [14][140/150], lr: 0.00100	Time 14.149 (7.930)	Data 12.691 (6.561)	Loss 0.6319 (0.5071)	Acc@1 79.688 (84.741)	Acc@5 96.875 (97.551)
Test: [0/60]	Time 17.624 (17.624)	Loss 1.3022 (1.3022)	Acc@1 67.188 (67.188)	Acc@5 90.625 (90.625)
Test: [20/60]	Time 14.872 (8.170)	Loss 3.2648 (1.7221)	Acc@1 42.188 (59.003)	Acc@5 62.500 (84.747)
Test: [40/60]	Time 15.049 (7.981)	Loss 1.5885 (1.4942)	Acc@1 65.625 (64.291)	Acc@5 81.250 (87.233)
 * Acc@1 65.371 Acc@5 88.237 Loss 1.42722
Epoch: [15][0/150], lr: 0.00100	Time 19.676 (19.676)	Data 18.013 (18.013)	Loss 0.2913 (0.2913)	Acc@1 92.188 (92.188)	Acc@5 100.000 (100.000)
Epoch: [15][20/150], lr: 0.00100	Time 14.262 (8.533)	Data 12.930 (7.170)	Loss 0.2421 (0.4923)	Acc@1 89.062 (84.003)	Acc@5 100.000 (97.768)
Epoch: [15][40/150], lr: 0.00100	Time 14.135 (8.273)	Data 12.804 (6.908)	Loss 0.5356 (0.4907)	Acc@1 85.938 (84.756)	Acc@5 96.875 (97.752)
Epoch: [15][60/150], lr: 0.00100	Time 14.730 (8.206)	Data 13.334 (6.842)	Loss 0.5276 (0.4871)	Acc@1 85.938 (85.041)	Acc@5 96.875 (97.976)
Epoch: [15][80/150], lr: 0.00100	Time 15.706 (8.204)	Data 14.377 (6.837)	Loss 0.4934 (0.4930)	Acc@1 85.938 (84.915)	Acc@5 98.438 (97.975)
Epoch: [15][100/150], lr: 0.00100	Time 14.478 (8.175)	Data 13.154 (6.815)	Loss 0.3236 (0.4808)	Acc@1 87.500 (85.149)	Acc@5 100.000 (98.066)
Epoch: [15][120/150], lr: 0.00100	Time 15.095 (8.156)	Data 13.635 (6.796)	Loss 0.5020 (0.4795)	Acc@1 89.062 (85.305)	Acc@5 100.000 (98.166)
Epoch: [15][140/150], lr: 0.00100	Time 13.829 (8.132)	Data 12.455 (6.773)	Loss 0.2765 (0.4813)	Acc@1 90.625 (85.262)	Acc@5 100.000 (98.116)
Epoch: [16][0/150], lr: 0.00100	Time 18.414 (18.414)	Data 16.939 (16.939)	Loss 0.2170 (0.2170)	Acc@1 92.188 (92.188)	Acc@5 100.000 (100.000)
Epoch: [16][20/150], lr: 0.00100	Time 14.581 (8.290)	Data 12.903 (6.911)	Loss 0.4592 (0.5188)	Acc@1 81.250 (84.301)	Acc@5 98.438 (97.842)
Epoch: [16][40/150], lr: 0.00100	Time 14.238 (8.079)	Data 12.913 (6.706)	Loss 0.6797 (0.5352)	Acc@1 79.688 (83.765)	Acc@5 95.312 (97.752)
Epoch: [16][60/150], lr: 0.00100	Time 14.005 (7.988)	Data 12.460 (6.621)	Loss 0.5132 (0.5019)	Acc@1 78.125 (84.349)	Acc@5 100.000 (98.028)
Epoch: [16][80/150], lr: 0.00100	Time 13.625 (7.965)	Data 12.328 (6.599)	Loss 0.4780 (0.4870)	Acc@1 85.938 (84.819)	Acc@5 96.875 (98.090)
Epoch: [16][100/150], lr: 0.00100	Time 14.214 (7.944)	Data 12.930 (6.587)	Loss 0.5588 (0.4831)	Acc@1 81.250 (84.653)	Acc@5 95.312 (98.159)
Epoch: [16][120/150], lr: 0.00100	Time 15.383 (7.958)	Data 13.969 (6.603)	Loss 0.4008 (0.4793)	Acc@1 81.250 (84.749)	Acc@5 100.000 (98.218)
Epoch: [16][140/150], lr: 0.00100	Time 14.493 (7.966)	Data 13.169 (6.611)	Loss 0.4968 (0.4753)	Acc@1 89.062 (84.973)	Acc@5 95.312 (98.183)
Epoch: [17][0/150], lr: 0.00100	Time 20.227 (20.227)	Data 18.671 (18.671)	Loss 0.5987 (0.5987)	Acc@1 82.812 (82.812)	Acc@5 96.875 (96.875)
Epoch: [17][20/150], lr: 0.00100	Time 13.254 (8.444)	Data 11.983 (7.065)	Loss 0.5829 (0.5071)	Acc@1 79.688 (84.821)	Acc@5 100.000 (98.065)
Epoch: [17][40/150], lr: 0.00100	Time 15.457 (8.264)	Data 13.938 (6.894)	Loss 0.4087 (0.4580)	Acc@1 89.062 (86.242)	Acc@5 96.875 (98.285)
Epoch: [17][60/150], lr: 0.00100	Time 14.062 (8.209)	Data 12.748 (6.836)	Loss 0.3563 (0.4768)	Acc@1 85.938 (85.835)	Acc@5 98.438 (97.900)
Epoch: [17][80/150], lr: 0.00100	Time 15.030 (8.197)	Data 13.389 (6.820)	Loss 0.5877 (0.4699)	Acc@1 85.938 (86.092)	Acc@5 95.312 (97.936)
Epoch: [17][100/150], lr: 0.00100	Time 15.184 (8.197)	Data 13.764 (6.821)	Loss 0.4269 (0.4598)	Acc@1 85.938 (86.231)	Acc@5 98.438 (97.942)
Epoch: [17][120/150], lr: 0.00100	Time 14.722 (8.191)	Data 13.434 (6.816)	Loss 0.5168 (0.4593)	Acc@1 84.375 (86.338)	Acc@5 95.312 (97.908)
Epoch: [17][140/150], lr: 0.00100	Time 13.806 (8.209)	Data 12.343 (6.827)	Loss 0.5369 (0.4686)	Acc@1 84.375 (85.993)	Acc@5 96.875 (97.872)
Epoch: [18][0/150], lr: 0.00100	Time 19.283 (19.283)	Data 17.912 (17.912)	Loss 0.3444 (0.3444)	Acc@1 90.625 (90.625)	Acc@5 96.875 (96.875)
Epoch: [18][20/150], lr: 0.00100	Time 14.589 (8.612)	Data 13.192 (7.254)	Loss 0.5119 (0.4928)	Acc@1 85.938 (85.045)	Acc@5 98.438 (97.693)
Epoch: [18][40/150], lr: 0.00100	Time 15.749 (8.409)	Data 13.785 (7.031)	Loss 0.4356 (0.4776)	Acc@1 84.375 (85.823)	Acc@5 98.438 (97.828)
Epoch: [18][60/150], lr: 0.00100	Time 14.789 (8.306)	Data 13.295 (6.936)	Loss 0.5822 (0.4570)	Acc@1 84.375 (86.629)	Acc@5 98.438 (97.925)
Epoch: [18][80/150], lr: 0.00100	Time 15.618 (8.250)	Data 14.025 (6.879)	Loss 0.3503 (0.4456)	Acc@1 89.062 (86.902)	Acc@5 98.438 (97.878)
Epoch: [18][100/150], lr: 0.00100	Time 14.499 (8.226)	Data 13.175 (6.859)	Loss 0.5033 (0.4409)	Acc@1 81.250 (86.989)	Acc@5 98.438 (98.020)
Epoch: [18][120/150], lr: 0.00100	Time 14.123 (8.194)	Data 12.735 (6.827)	Loss 0.4940 (0.4440)	Acc@1 85.938 (86.880)	Acc@5 96.875 (98.076)
Epoch: [18][140/150], lr: 0.00100	Time 16.557 (8.196)	Data 14.914 (6.828)	Loss 0.4355 (0.4386)	Acc@1 87.500 (87.001)	Acc@5 100.000 (98.160)
Epoch: [19][0/150], lr: 0.00100	Time 20.338 (20.338)	Data 18.952 (18.952)	Loss 0.6171 (0.6171)	Acc@1 79.688 (79.688)	Acc@5 100.000 (100.000)
Epoch: [19][20/150], lr: 0.00100	Time 14.739 (8.426)	Data 13.001 (7.053)	Loss 0.4914 (0.5095)	Acc@1 85.938 (84.003)	Acc@5 96.875 (97.321)
Epoch: [19][40/150], lr: 0.00100	Time 15.196 (8.204)	Data 13.661 (6.848)	Loss 0.4092 (0.4656)	Acc@1 84.375 (85.556)	Acc@5 100.000 (98.056)
Epoch: [19][60/150], lr: 0.00100	Time 15.393 (8.130)	Data 13.863 (6.767)	Loss 0.4950 (0.4571)	Acc@1 82.812 (85.912)	Acc@5 96.875 (98.002)
Epoch: [19][80/150], lr: 0.00100	Time 14.582 (8.093)	Data 13.109 (6.733)	Loss 0.4978 (0.4608)	Acc@1 85.938 (86.092)	Acc@5 98.438 (98.071)
Epoch: [19][100/150], lr: 0.00100	Time 14.388 (8.087)	Data 12.997 (6.727)	Loss 0.2246 (0.4506)	Acc@1 92.188 (86.324)	Acc@5 100.000 (98.144)
Epoch: [19][120/150], lr: 0.00100	Time 13.962 (8.059)	Data 12.594 (6.695)	Loss 0.5525 (0.4401)	Acc@1 84.375 (86.622)	Acc@5 100.000 (98.218)
Epoch: [19][140/150], lr: 0.00100	Time 14.193 (8.050)	Data 12.908 (6.686)	Loss 0.4454 (0.4431)	Acc@1 82.812 (86.647)	Acc@5 98.438 (98.183)
Test: [0/60]	Time 19.535 (19.535)	Loss 0.5784 (0.5784)	Acc@1 85.938 (85.938)	Acc@5 96.875 (96.875)
Test: [20/60]	Time 14.357 (8.235)	Loss 2.7549 (1.3158)	Acc@1 43.750 (66.369)	Acc@5 70.312 (90.699)
Test: [40/60]	Time 14.803 (8.041)	Loss 0.7109 (1.1855)	Acc@1 78.125 (70.922)	Acc@5 95.312 (91.463)
 * Acc@1 71.478 Acc@5 91.515 Loss 1.16697
Epoch: [20][0/150], lr: 0.00100	Time 20.170 (20.170)	Data 18.500 (18.500)	Loss 0.5619 (0.5619)	Acc@1 87.500 (87.500)	Acc@5 98.438 (98.438)
Epoch: [20][20/150], lr: 0.00100	Time 15.958 (8.745)	Data 14.385 (7.384)	Loss 0.4234 (0.4056)	Acc@1 84.375 (87.798)	Acc@5 96.875 (98.810)
Epoch: [20][40/150], lr: 0.00100	Time 14.800 (8.430)	Data 13.355 (7.074)	Loss 0.4582 (0.3961)	Acc@1 82.812 (88.186)	Acc@5 98.438 (98.552)
Epoch: [20][60/150], lr: 0.00100	Time 15.260 (8.338)	Data 13.974 (6.971)	Loss 0.2174 (0.3982)	Acc@1 90.625 (88.115)	Acc@5 100.000 (98.514)
Epoch: [20][80/150], lr: 0.00100	Time 15.095 (8.298)	Data 13.721 (6.941)	Loss 0.3423 (0.3949)	Acc@1 89.062 (88.329)	Acc@5 98.438 (98.534)
Epoch: [20][100/150], lr: 0.00100	Time 14.576 (8.283)	Data 13.160 (6.921)	Loss 0.2494 (0.4036)	Acc@1 93.750 (88.165)	Acc@5 100.000 (98.484)
Epoch: [20][120/150], lr: 0.00100	Time 15.890 (8.252)	Data 14.223 (6.894)	Loss 0.4384 (0.4009)	Acc@1 92.188 (88.326)	Acc@5 96.875 (98.463)
Epoch: [20][140/150], lr: 0.00100	Time 14.289 (8.223)	Data 13.016 (6.859)	Loss 0.4508 (0.4063)	Acc@1 87.500 (88.121)	Acc@5 98.438 (98.415)
Epoch: [21][0/150], lr: 0.00100	Time 20.597 (20.597)	Data 19.259 (19.259)	Loss 0.5085 (0.5085)	Acc@1 81.250 (81.250)	Acc@5 96.875 (96.875)
Epoch: [21][20/150], lr: 0.00100	Time 13.581 (8.423)	Data 12.101 (7.024)	Loss 0.4810 (0.3919)	Acc@1 87.500 (88.095)	Acc@5 100.000 (98.140)
Epoch: [21][40/150], lr: 0.00100	Time 14.356 (8.199)	Data 12.931 (6.812)	Loss 0.5074 (0.4007)	Acc@1 89.062 (88.148)	Acc@5 96.875 (98.171)
Epoch: [21][60/150], lr: 0.00100	Time 14.456 (8.108)	Data 13.015 (6.730)	Loss 0.4803 (0.3910)	Acc@1 79.688 (88.422)	Acc@5 98.438 (98.335)
Epoch: [21][80/150], lr: 0.00100	Time 15.175 (8.081)	Data 13.595 (6.708)	Loss 0.3552 (0.3887)	Acc@1 92.188 (88.522)	Acc@5 98.438 (98.438)
Epoch: [21][100/150], lr: 0.00100	Time 14.607 (8.054)	Data 13.164 (6.689)	Loss 0.2325 (0.3803)	Acc@1 92.188 (88.691)	Acc@5 98.438 (98.577)
Epoch: [21][120/150], lr: 0.00100	Time 14.415 (8.048)	Data 12.937 (6.677)	Loss 0.3227 (0.3931)	Acc@1 87.500 (88.288)	Acc@5 100.000 (98.528)
Epoch: [21][140/150], lr: 0.00100	Time 14.013 (8.022)	Data 12.344 (6.655)	Loss 0.4291 (0.3870)	Acc@1 90.625 (88.420)	Acc@5 98.438 (98.593)
Epoch: [22][0/150], lr: 0.00100	Time 19.191 (19.191)	Data 17.901 (17.901)	Loss 0.5149 (0.5149)	Acc@1 82.812 (82.812)	Acc@5 96.875 (96.875)
Epoch: [22][20/150], lr: 0.00100	Time 14.052 (8.370)	Data 12.650 (6.999)	Loss 0.5013 (0.4391)	Acc@1 87.500 (86.533)	Acc@5 98.438 (98.289)
Epoch: [22][40/150], lr: 0.00100	Time 13.992 (8.136)	Data 12.631 (6.780)	Loss 0.5480 (0.4194)	Acc@1 82.812 (86.966)	Acc@5 98.438 (98.361)
Epoch: [22][60/150], lr: 0.00100	Time 13.578 (8.046)	Data 12.261 (6.681)	Loss 0.2464 (0.3923)	Acc@1 93.750 (87.833)	Acc@5 98.438 (98.540)
Epoch: [22][80/150], lr: 0.00100	Time 14.560 (8.018)	Data 13.011 (6.653)	Loss 0.5819 (0.3864)	Acc@1 75.000 (87.963)	Acc@5 100.000 (98.650)
Epoch: [22][100/150], lr: 0.00100	Time 14.768 (8.004)	Data 13.368 (6.636)	Loss 0.2501 (0.3809)	Acc@1 92.188 (88.227)	Acc@5 100.000 (98.530)
Epoch: [22][120/150], lr: 0.00100	Time 13.566 (7.993)	Data 12.264 (6.624)	Loss 0.4031 (0.3805)	Acc@1 87.500 (88.314)	Acc@5 100.000 (98.631)
Epoch: [22][140/150], lr: 0.00100	Time 14.873 (7.997)	Data 13.475 (6.631)	Loss 0.3503 (0.3762)	Acc@1 89.062 (88.342)	Acc@5 100.000 (98.703)
Epoch: [23][0/150], lr: 0.00100	Time 19.613 (19.613)	Data 17.704 (17.704)	Loss 0.1815 (0.1815)	Acc@1 95.312 (95.312)	Acc@5 98.438 (98.438)
Epoch: [23][20/150], lr: 0.00100	Time 14.769 (8.304)	Data 13.165 (6.916)	Loss 0.3235 (0.4045)	Acc@1 82.812 (87.872)	Acc@5 100.000 (98.214)
Epoch: [23][40/150], lr: 0.00100	Time 13.853 (8.069)	Data 12.495 (6.704)	Loss 0.6263 (0.3798)	Acc@1 87.500 (88.491)	Acc@5 98.438 (98.476)
Epoch: [23][60/150], lr: 0.00100	Time 14.310 (8.017)	Data 12.967 (6.648)	Loss 0.3192 (0.3916)	Acc@1 92.188 (87.859)	Acc@5 100.000 (98.591)
Epoch: [23][80/150], lr: 0.00100	Time 15.211 (7.994)	Data 13.293 (6.623)	Loss 0.4067 (0.3746)	Acc@1 89.062 (88.503)	Acc@5 98.438 (98.688)
Epoch: [23][100/150], lr: 0.00100	Time 13.835 (7.990)	Data 12.445 (6.620)	Loss 0.5569 (0.3736)	Acc@1 85.938 (88.614)	Acc@5 98.438 (98.608)
Epoch: [23][120/150], lr: 0.00100	Time 13.599 (7.964)	Data 12.321 (6.598)	Loss 0.4297 (0.3785)	Acc@1 87.500 (88.546)	Acc@5 98.438 (98.670)
Epoch: [23][140/150], lr: 0.00100	Time 14.438 (7.958)	Data 12.739 (6.592)	Loss 0.3943 (0.3749)	Acc@1 89.062 (88.708)	Acc@5 96.875 (98.703)
Epoch: [24][0/150], lr: 0.00100	Time 20.329 (20.329)	Data 18.416 (18.416)	Loss 0.3936 (0.3936)	Acc@1 92.188 (92.188)	Acc@5 96.875 (96.875)
Epoch: [24][20/150], lr: 0.00100	Time 14.368 (8.357)	Data 12.853 (6.971)	Loss 0.3499 (0.4745)	Acc@1 89.062 (86.310)	Acc@5 96.875 (97.991)
Epoch: [24][40/150], lr: 0.00100	Time 14.086 (8.079)	Data 12.575 (6.700)	Loss 0.3771 (0.3908)	Acc@1 89.062 (88.148)	Acc@5 96.875 (98.628)
Epoch: [24][60/150], lr: 0.00100	Time 15.440 (8.045)	Data 13.795 (6.661)	Loss 0.1837 (0.3727)	Acc@1 95.312 (88.806)	Acc@5 100.000 (98.642)
Epoch: [24][80/150], lr: 0.00100	Time 15.448 (8.013)	Data 13.968 (6.635)	Loss 0.3790 (0.3644)	Acc@1 89.062 (89.159)	Acc@5 96.875 (98.630)
Epoch: [24][100/150], lr: 0.00100	Time 14.478 (8.000)	Data 13.027 (6.617)	Loss 0.3594 (0.3716)	Acc@1 89.062 (89.062)	Acc@5 98.438 (98.530)
Epoch: [24][120/150], lr: 0.00100	Time 14.889 (8.012)	Data 12.955 (6.627)	Loss 0.5777 (0.3722)	Acc@1 79.688 (88.959)	Acc@5 98.438 (98.502)
Epoch: [24][140/150], lr: 0.00100	Time 14.663 (8.004)	Data 13.249 (6.623)	Loss 0.3431 (0.3672)	Acc@1 90.625 (89.040)	Acc@5 98.438 (98.582)
Test: [0/60]	Time 20.266 (20.266)	Loss 0.5872 (0.5872)	Acc@1 84.375 (84.375)	Acc@5 98.438 (98.438)
Test: [20/60]	Time 14.918 (8.350)	Loss 2.8030 (0.9673)	Acc@1 48.438 (75.446)	Acc@5 75.000 (93.750)
Test: [40/60]	Time 14.985 (8.144)	Loss 0.5323 (0.9598)	Acc@1 87.500 (76.601)	Acc@5 93.750 (94.017)
 * Acc@1 77.531 Acc@5 94.026 Loss 0.92599
Epoch: [25][0/150], lr: 0.00100	Time 21.491 (21.491)	Data 19.900 (19.900)	Loss 0.4431 (0.4431)	Acc@1 85.938 (85.938)	Acc@5 98.438 (98.438)
Epoch: [25][20/150], lr: 0.00100	Time 15.444 (8.888)	Data 13.911 (7.515)	Loss 0.2535 (0.3030)	Acc@1 92.188 (91.295)	Acc@5 100.000 (99.033)
Epoch: [25][40/150], lr: 0.00100	Time 14.952 (8.640)	Data 13.622 (7.249)	Loss 0.3057 (0.3052)	Acc@1 87.500 (90.968)	Acc@5 100.000 (98.933)
Epoch: [25][60/150], lr: 0.00100	Time 15.742 (8.559)	Data 14.330 (7.174)	Loss 0.4230 (0.3093)	Acc@1 89.062 (90.651)	Acc@5 96.875 (98.873)
Epoch: [25][80/150], lr: 0.00100	Time 14.158 (8.481)	Data 12.823 (7.096)	Loss 0.3022 (0.3023)	Acc@1 89.062 (90.837)	Acc@5 100.000 (98.900)
Epoch: [25][100/150], lr: 0.00100	Time 15.077 (8.435)	Data 13.621 (7.052)	Loss 0.1884 (0.2980)	Acc@1 92.188 (90.888)	Acc@5 98.438 (98.902)
Epoch: [25][120/150], lr: 0.00100	Time 11.018 (8.397)	Data 9.732 (7.021)	Loss 0.4956 (0.3048)	Acc@1 87.500 (90.806)	Acc@5 98.438 (98.928)
Epoch: [25][140/150], lr: 0.00100	Time 12.874 (8.375)	Data 11.509 (7.001)	Loss 0.3654 (0.3176)	Acc@1 89.062 (90.315)	Acc@5 98.438 (98.870)
Epoch: [26][0/150], lr: 0.00100	Time 20.226 (20.226)	Data 18.843 (18.843)	Loss 0.4265 (0.4265)	Acc@1 82.812 (82.812)	Acc@5 100.000 (100.000)
Epoch: [26][20/150], lr: 0.00100	Time 14.464 (8.534)	Data 13.182 (7.156)	Loss 0.1911 (0.3036)	Acc@1 90.625 (90.476)	Acc@5 100.000 (98.884)
Epoch: [26][40/150], lr: 0.00100	Time 14.532 (8.305)	Data 13.123 (6.940)	Loss 0.2359 (0.3179)	Acc@1 90.625 (90.663)	Acc@5 100.000 (98.819)
Epoch: [26][60/150], lr: 0.00100	Time 13.626 (8.232)	Data 12.284 (6.873)	Loss 0.2831 (0.3060)	Acc@1 87.500 (90.625)	Acc@5 100.000 (98.899)
Epoch: [26][80/150], lr: 0.00100	Time 14.278 (8.210)	Data 12.999 (6.851)	Loss 0.4114 (0.3223)	Acc@1 87.500 (90.220)	Acc@5 100.000 (98.958)
Epoch: [26][100/150], lr: 0.00100	Time 15.932 (8.188)	Data 14.226 (6.831)	Loss 0.3144 (0.3188)	Acc@1 89.062 (90.424)	Acc@5 98.438 (99.010)
Epoch: [26][120/150], lr: 0.00100	Time 14.457 (8.178)	Data 13.090 (6.816)	Loss 0.3026 (0.3214)	Acc@1 90.625 (90.302)	Acc@5 98.438 (99.019)
Epoch: [26][140/150], lr: 0.00100	Time 15.328 (8.175)	Data 13.887 (6.814)	Loss 0.4382 (0.3208)	Acc@1 87.500 (90.315)	Acc@5 96.875 (99.014)
Epoch: [27][0/150], lr: 0.00100	Time 19.082 (19.082)	Data 17.701 (17.701)	Loss 0.3440 (0.3440)	Acc@1 85.938 (85.938)	Acc@5 100.000 (100.000)
Epoch: [27][20/150], lr: 0.00100	Time 15.356 (8.491)	Data 13.716 (7.114)	Loss 0.1960 (0.2886)	Acc@1 95.312 (91.667)	Acc@5 100.000 (99.107)
Epoch: [27][40/150], lr: 0.00100	Time 15.334 (8.284)	Data 13.858 (6.918)	Loss 0.3414 (0.3008)	Acc@1 85.938 (90.816)	Acc@5 98.438 (99.162)
Epoch: [27][60/150], lr: 0.00100	Time 14.417 (8.197)	Data 13.096 (6.841)	Loss 0.2801 (0.3066)	Acc@1 90.625 (90.420)	Acc@5 98.438 (99.129)
Epoch: [27][80/150], lr: 0.00100	Time 14.996 (8.167)	Data 13.598 (6.808)	Loss 0.2780 (0.3203)	Acc@1 90.625 (90.162)	Acc@5 100.000 (98.978)
Epoch: [27][100/150], lr: 0.00100	Time 15.727 (8.147)	Data 13.975 (6.786)	Loss 0.2146 (0.3234)	Acc@1 92.188 (90.037)	Acc@5 98.438 (98.979)
Epoch: [27][120/150], lr: 0.00100	Time 15.174 (8.138)	Data 13.854 (6.780)	Loss 0.4052 (0.3280)	Acc@1 92.188 (89.850)	Acc@5 96.875 (98.889)
Epoch: [27][140/150], lr: 0.00100	Time 14.883 (8.133)	Data 13.177 (6.772)	Loss 0.3524 (0.3239)	Acc@1 93.750 (90.082)	Acc@5 98.438 (98.859)
Epoch: [28][0/150], lr: 0.00100	Time 19.504 (19.504)	Data 18.164 (18.164)	Loss 0.2757 (0.2757)	Acc@1 93.750 (93.750)	Acc@5 100.000 (100.000)
Epoch: [28][20/150], lr: 0.00100	Time 15.314 (8.400)	Data 13.659 (7.037)	Loss 0.2473 (0.3197)	Acc@1 93.750 (90.774)	Acc@5 98.438 (98.586)
Epoch: [28][40/150], lr: 0.00100	Time 22.641 (8.423)	Data 21.083 (7.051)	Loss 0.2431 (0.3007)	Acc@1 90.625 (91.197)	Acc@5 98.438 (98.857)
Epoch: [28][60/150], lr: 0.00100	Time 17.033 (8.455)	Data 15.422 (7.087)	Loss 0.3048 (0.3094)	Acc@1 89.062 (90.804)	Acc@5 100.000 (98.770)
Epoch: [28][80/150], lr: 0.00100	Time 14.540 (8.381)	Data 13.264 (7.017)	Loss 0.3435 (0.2990)	Acc@1 92.188 (90.992)	Acc@5 98.438 (98.862)
Epoch: [28][100/150], lr: 0.00100	Time 16.294 (8.370)	Data 14.709 (7.009)	Loss 0.4525 (0.2954)	Acc@1 85.938 (91.089)	Acc@5 98.438 (98.948)
Epoch: [28][120/150], lr: 0.00100	Time 15.210 (8.346)	Data 13.714 (6.986)	Loss 0.2775 (0.2916)	Acc@1 90.625 (91.129)	Acc@5 98.438 (98.980)
Epoch: [28][140/150], lr: 0.00100	Time 14.477 (8.321)	Data 13.162 (6.966)	Loss 0.1558 (0.2905)	Acc@1 95.312 (91.179)	Acc@5 98.438 (98.980)
Epoch: [29][0/150], lr: 0.00100	Time 21.548 (21.548)	Data 19.792 (19.792)	Loss 0.3231 (0.3231)	Acc@1 90.625 (90.625)	Acc@5 100.000 (100.000)
Epoch: [29][20/150], lr: 0.00100	Time 13.578 (8.540)	Data 12.252 (7.166)	Loss 0.2387 (0.2640)	Acc@1 92.188 (91.295)	Acc@5 98.438 (99.405)
Epoch: [29][40/150], lr: 0.00100	Time 15.504 (8.300)	Data 13.821 (6.929)	Loss 0.3684 (0.2679)	Acc@1 93.750 (91.463)	Acc@5 96.875 (99.428)
Epoch: [29][60/150], lr: 0.00100	Time 15.594 (8.218)	Data 14.272 (6.856)	Loss 0.2578 (0.2734)	Acc@1 92.188 (91.214)	Acc@5 96.875 (99.334)
Epoch: [29][80/150], lr: 0.00100	Time 16.423 (8.307)	Data 14.920 (6.945)	Loss 0.1732 (0.2747)	Acc@1 93.750 (91.358)	Acc@5 98.438 (99.267)
Epoch: [29][100/150], lr: 0.00100	Time 14.830 (8.353)	Data 13.465 (6.997)	Loss 0.2319 (0.2745)	Acc@1 90.625 (91.290)	Acc@5 100.000 (99.257)
Epoch: [29][120/150], lr: 0.00100	Time 15.399 (8.554)	Data 13.985 (7.196)	Loss 0.2739 (0.2767)	Acc@1 92.188 (91.284)	Acc@5 98.438 (99.277)
Epoch: [29][140/150], lr: 0.00100	Time 18.013 (8.619)	Data 16.651 (7.257)	Loss 0.1882 (0.2778)	Acc@1 95.312 (91.268)	Acc@5 100.000 (99.224)
Test: [0/60]	Time 19.030 (19.030)	Loss 0.2935 (0.2935)	Acc@1 92.188 (92.188)	Acc@5 100.000 (100.000)
Test: [20/60]	Time 15.396 (8.565)	Loss 2.2103 (1.0755)	Acc@1 62.500 (75.223)	Acc@5 75.000 (91.071)
Test: [40/60]	Time 18.219 (8.381)	Loss 0.5392 (1.0313)	Acc@1 87.500 (76.601)	Acc@5 95.312 (92.912)
 * Acc@1 76.817 Acc@5 93.180 Loss 0.99258
Epoch: [30][0/150], lr: 0.00100	Time 21.573 (21.573)	Data 20.097 (20.097)	Loss 0.2359 (0.2359)	Acc@1 95.312 (95.312)	Acc@5 100.000 (100.000)
Epoch: [30][20/150], lr: 0.00100	Time 16.767 (9.568)	Data 15.337 (8.175)	Loss 0.2101 (0.2710)	Acc@1 93.750 (92.188)	Acc@5 100.000 (99.330)
Epoch: [30][40/150], lr: 0.00100	Time 16.300 (9.235)	Data 14.913 (7.858)	Loss 0.3071 (0.2757)	Acc@1 89.062 (91.578)	Acc@5 100.000 (99.085)
Epoch: [30][60/150], lr: 0.00100	Time 15.026 (9.138)	Data 13.662 (7.771)	Loss 0.1776 (0.2787)	Acc@1 95.312 (91.368)	Acc@5 100.000 (99.129)
Epoch: [30][80/150], lr: 0.00100	Time 13.840 (9.059)	Data 12.550 (7.699)	Loss 0.2351 (0.2725)	Acc@1 95.312 (91.802)	Acc@5 98.438 (99.113)
Epoch: [30][100/150], lr: 0.00100	Time 13.351 (9.027)	Data 11.954 (7.670)	Loss 0.2720 (0.2750)	Acc@1 92.188 (91.631)	Acc@5 100.000 (99.118)
Epoch: [30][120/150], lr: 0.00100	Time 12.741 (9.006)	Data 11.345 (7.652)	Loss 0.4357 (0.2857)	Acc@1 87.500 (91.387)	Acc@5 98.438 (99.057)
Epoch: [30][140/150], lr: 0.00100	Time 12.362 (8.981)	Data 11.063 (7.628)	Loss 0.3028 (0.2823)	Acc@1 92.188 (91.489)	Acc@5 98.438 (99.080)
Epoch: [31][0/150], lr: 0.00100	Time 20.266 (20.266)	Data 18.893 (18.893)	Loss 0.4995 (0.4995)	Acc@1 90.625 (90.625)	Acc@5 98.438 (98.438)
Epoch: [31][20/150], lr: 0.00100	Time 16.093 (9.273)	Data 14.768 (7.913)	Loss 0.2591 (0.2782)	Acc@1 93.750 (92.411)	Acc@5 98.438 (99.033)
Epoch: [31][40/150], lr: 0.00100	Time 15.639 (8.999)	Data 14.222 (7.641)	Loss 0.2747 (0.2471)	Acc@1 93.750 (93.216)	Acc@5 100.000 (99.123)
Epoch: [31][60/150], lr: 0.00100	Time 16.379 (8.903)	Data 14.997 (7.547)	Loss 0.3696 (0.2504)	Acc@1 90.625 (92.930)	Acc@5 100.000 (99.078)
Epoch: [31][80/150], lr: 0.00100	Time 16.847 (8.917)	Data 15.525 (7.557)	Loss 0.3876 (0.2501)	Acc@1 87.500 (92.940)	Acc@5 100.000 (99.190)
Epoch: [31][100/150], lr: 0.00100	Time 17.400 (8.938)	Data 15.680 (7.580)	Loss 0.2060 (0.2519)	Acc@1 93.750 (92.744)	Acc@5 100.000 (99.211)
Epoch: [31][120/150], lr: 0.00100	Time 17.682 (9.051)	Data 16.322 (7.669)	Loss 0.2757 (0.2577)	Acc@1 93.750 (92.510)	Acc@5 98.438 (99.212)
Epoch: [31][140/150], lr: 0.00100	Time 19.381 (9.159)	Data 17.292 (7.770)	Loss 0.3264 (0.2598)	Acc@1 92.188 (92.354)	Acc@5 96.875 (99.235)
Epoch: [32][0/150], lr: 0.00100	Time 24.737 (24.737)	Data 22.214 (22.214)	Loss 0.2145 (0.2145)	Acc@1 93.750 (93.750)	Acc@5 100.000 (100.000)
Epoch: [32][20/150], lr: 0.00100	Time 17.591 (10.331)	Data 16.165 (8.891)	Loss 0.1192 (0.2094)	Acc@1 96.875 (93.006)	Acc@5 100.000 (99.554)
Epoch: [32][40/150], lr: 0.00100	Time 17.997 (9.997)	Data 16.591 (8.542)	Loss 0.4807 (0.2076)	Acc@1 84.375 (93.255)	Acc@5 100.000 (99.466)
Epoch: [32][60/150], lr: 0.00100	Time 20.189 (9.928)	Data 18.773 (8.475)	Loss 0.1603 (0.2381)	Acc@1 95.312 (92.444)	Acc@5 100.000 (99.334)
Epoch: [32][80/150], lr: 0.00100	Time 18.120 (9.968)	Data 16.791 (8.523)	Loss 0.3262 (0.2429)	Acc@1 93.750 (92.458)	Acc@5 98.438 (99.344)
Epoch: [32][100/150], lr: 0.00100	Time 29.104 (10.065)	Data 27.665 (8.630)	Loss 0.3715 (0.2440)	Acc@1 84.375 (92.466)	Acc@5 100.000 (99.257)
Epoch: [32][120/150], lr: 0.00100	Time 17.894 (10.140)	Data 16.567 (8.703)	Loss 0.3094 (0.2412)	Acc@1 90.625 (92.575)	Acc@5 98.438 (99.251)
Epoch: [32][140/150], lr: 0.00100	Time 18.341 (10.107)	Data 16.883 (8.664)	Loss 0.1883 (0.2551)	Acc@1 96.875 (92.243)	Acc@5 100.000 (99.158)
Epoch: [33][0/150], lr: 0.00100	Time 24.591 (24.591)	Data 23.103 (23.103)	Loss 0.2234 (0.2234)	Acc@1 92.188 (92.188)	Acc@5 100.000 (100.000)
Epoch: [33][20/150], lr: 0.00100	Time 19.109 (10.638)	Data 17.712 (9.190)	Loss 0.2512 (0.2433)	Acc@1 92.188 (92.262)	Acc@5 98.438 (99.554)
Epoch: [33][40/150], lr: 0.00100	Time 18.194 (10.445)	Data 16.781 (8.994)	Loss 0.1474 (0.2436)	Acc@1 95.312 (92.340)	Acc@5 98.438 (99.238)
Epoch: [33][60/150], lr: 0.00100	Time 19.975 (10.296)	Data 17.472 (8.842)	Loss 0.4458 (0.2513)	Acc@1 90.625 (92.367)	Acc@5 96.875 (99.103)
Epoch: [33][80/150], lr: 0.00100	Time 18.248 (10.195)	Data 15.640 (8.748)	Loss 0.2114 (0.2533)	Acc@1 93.750 (92.380)	Acc@5 98.438 (99.074)
Epoch: [33][100/150], lr: 0.00100	Time 18.660 (10.127)	Data 17.309 (8.689)	Loss 0.4182 (0.2577)	Acc@1 89.062 (92.218)	Acc@5 96.875 (99.134)
Epoch: [33][120/150], lr: 0.00100	Time 20.304 (10.322)	Data 17.912 (8.871)	Loss 0.3152 (0.2549)	Acc@1 92.188 (92.265)	Acc@5 96.875 (99.174)
Epoch: [33][140/150], lr: 0.00100	Time 19.334 (10.268)	Data 16.964 (8.824)	Loss 0.2859 (0.2569)	Acc@1 92.188 (92.188)	Acc@5 100.000 (99.202)
Epoch: [34][0/150], lr: 0.00100	Time 24.882 (24.882)	Data 23.487 (23.487)	Loss 0.2475 (0.2475)	Acc@1 95.312 (95.312)	Acc@5 100.000 (100.000)
Epoch: [34][20/150], lr: 0.00100	Time 20.123 (10.579)	Data 18.620 (9.155)	Loss 0.1967 (0.2314)	Acc@1 93.750 (93.006)	Acc@5 98.438 (99.479)
Epoch: [34][40/150], lr: 0.00100	Time 18.847 (10.379)	Data 17.144 (8.930)	Loss 0.3710 (0.2329)	Acc@1 92.188 (92.950)	Acc@5 96.875 (99.314)
Epoch: [34][60/150], lr: 0.00100	Time 16.668 (10.203)	Data 15.385 (8.747)	Loss 0.4898 (0.2363)	Acc@1 84.375 (92.905)	Acc@5 98.438 (99.385)
Epoch: [34][80/150], lr: 0.00100	Time 22.344 (10.178)	Data 18.781 (8.719)	Loss 0.4031 (0.2516)	Acc@1 90.625 (92.593)	Acc@5 98.438 (99.286)
Epoch: [34][100/150], lr: 0.00100	Time 16.984 (10.097)	Data 15.556 (8.651)	Loss 0.1560 (0.2442)	Acc@1 95.312 (92.621)	Acc@5 100.000 (99.335)
Epoch: [34][120/150], lr: 0.00100	Time 16.478 (10.099)	Data 15.109 (8.648)	Loss 0.3335 (0.2430)	Acc@1 92.188 (92.588)	Acc@5 95.312 (99.303)
Epoch: [34][140/150], lr: 0.00100	Time 14.673 (10.101)	Data 12.588 (8.655)	Loss 0.2821 (0.2476)	Acc@1 93.750 (92.465)	Acc@5 98.438 (99.246)
Test: [0/60]	Time 23.035 (23.035)	Loss 0.3994 (0.3994)	Acc@1 87.500 (87.500)	Acc@5 100.000 (100.000)
Test: [20/60]	Time 17.473 (9.751)	Loss 2.7295 (1.0046)	Acc@1 56.250 (75.298)	Acc@5 76.562 (94.717)
Test: [40/60]	Time 18.424 (9.455)	Loss 0.8957 (1.0189)	Acc@1 79.688 (75.991)	Acc@5 89.062 (93.598)
 * Acc@1 77.108 Acc@5 93.788 Loss 0.97253
Epoch: [35][0/150], lr: 0.00100	Time 28.414 (28.414)	Data 26.605 (26.605)	Loss 0.4318 (0.4318)	Acc@1 90.625 (90.625)	Acc@5 96.875 (96.875)
Epoch: [35][20/150], lr: 0.00100	Time 22.074 (10.953)	Data 19.386 (9.490)	Loss 0.3943 (0.3014)	Acc@1 92.188 (91.295)	Acc@5 98.438 (99.107)
Epoch: [35][40/150], lr: 0.00100	Time 20.889 (10.557)	Data 18.677 (9.110)	Loss 0.2461 (0.2869)	Acc@1 90.625 (91.311)	Acc@5 98.438 (99.085)
Epoch: [35][60/150], lr: 0.00100	Time 18.359 (10.481)	Data 16.971 (9.046)	Loss 0.2745 (0.2669)	Acc@1 90.625 (91.855)	Acc@5 100.000 (99.180)
Epoch: [35][80/150], lr: 0.00100	Time 18.454 (10.450)	Data 17.086 (9.008)	Loss 0.3129 (0.2655)	Acc@1 92.188 (91.937)	Acc@5 100.000 (99.190)
Epoch: [35][100/150], lr: 0.00100	Time 19.143 (10.368)	Data 17.664 (8.937)	Loss 0.1425 (0.2663)	Acc@1 96.875 (91.940)	Acc@5 100.000 (99.165)
Epoch: [35][120/150], lr: 0.00100	Time 17.936 (10.285)	Data 16.485 (8.853)	Loss 0.1647 (0.2723)	Acc@1 96.875 (91.916)	Acc@5 100.000 (99.174)
Epoch: [35][140/150], lr: 0.00100	Time 17.741 (10.230)	Data 16.410 (8.794)	Loss 0.2585 (0.2725)	Acc@1 93.750 (91.899)	Acc@5 100.000 (99.213)
Epoch: [36][0/150], lr: 0.00100	Time 24.429 (24.429)	Data 23.132 (23.132)	Loss 0.3150 (0.3150)	Acc@1 93.750 (93.750)	Acc@5 95.312 (95.312)
Epoch: [36][20/150], lr: 0.00100	Time 20.945 (10.889)	Data 19.510 (9.428)	Loss 0.2415 (0.2746)	Acc@1 92.188 (91.964)	Acc@5 100.000 (98.884)
Epoch: [36][40/150], lr: 0.00100	Time 17.316 (10.418)	Data 15.772 (8.964)	Loss 0.2141 (0.2701)	Acc@1 95.312 (92.035)	Acc@5 100.000 (98.933)
Epoch: [36][60/150], lr: 0.00100	Time 17.467 (10.477)	Data 16.175 (9.018)	Loss 0.2319 (0.2512)	Acc@1 92.188 (92.367)	Acc@5 100.000 (99.129)
Epoch: [36][80/150], lr: 0.00100	Time 20.205 (10.390)	Data 17.927 (8.931)	Loss 0.3161 (0.2519)	Acc@1 89.062 (92.380)	Acc@5 98.438 (99.055)
Epoch: [36][100/150], lr: 0.00100	Time 17.816 (10.147)	Data 15.479 (8.702)	Loss 0.2878 (0.2500)	Acc@1 87.500 (92.590)	Acc@5 100.000 (99.072)
Epoch: [36][120/150], lr: 0.00100	Time 16.606 (9.996)	Data 15.221 (8.563)	Loss 0.1581 (0.2521)	Acc@1 96.875 (92.562)	Acc@5 98.438 (99.122)
Epoch: [36][140/150], lr: 0.00100	Time 16.787 (9.875)	Data 15.202 (8.450)	Loss 0.1980 (0.2510)	Acc@1 95.312 (92.498)	Acc@5 98.438 (99.125)
Epoch: [37][0/150], lr: 0.00100	Time 24.183 (24.183)	Data 22.700 (22.700)	Loss 0.0927 (0.0927)	Acc@1 96.875 (96.875)	Acc@5 100.000 (100.000)
Epoch: [37][20/150], lr: 0.00100	Time 20.485 (10.561)	Data 17.576 (9.091)	Loss 0.3511 (0.2231)	Acc@1 90.625 (92.634)	Acc@5 100.000 (99.702)
Epoch: [37][40/150], lr: 0.00100	Time 17.807 (10.135)	Data 16.482 (8.703)	Loss 0.1983 (0.2354)	Acc@1 92.188 (92.378)	Acc@5 98.438 (99.505)
Epoch: [37][60/150], lr: 0.00100	Time 20.145 (10.043)	Data 18.215 (8.609)	Loss 0.1989 (0.2424)	Acc@1 95.312 (92.290)	Acc@5 98.438 (99.283)
Epoch: [37][80/150], lr: 0.00100	Time 18.193 (9.983)	Data 16.859 (8.553)	Loss 0.2115 (0.2499)	Acc@1 93.750 (92.284)	Acc@5 100.000 (99.209)
Epoch: [37][100/150], lr: 0.00100	Time 18.275 (9.952)	Data 16.836 (8.519)	Loss 0.2723 (0.2429)	Acc@1 93.750 (92.543)	Acc@5 100.000 (99.211)
Epoch: [37][120/150], lr: 0.00100	Time 18.410 (9.946)	Data 16.950 (8.511)	Loss 0.2918 (0.2389)	Acc@1 92.188 (92.807)	Acc@5 98.438 (99.277)
Epoch: [37][140/150], lr: 0.00100	Time 18.865 (9.928)	Data 17.161 (8.490)	Loss 0.1691 (0.2383)	Acc@1 93.750 (92.786)	Acc@5 100.000 (99.258)
Epoch: [38][0/150], lr: 0.00100	Time 23.391 (23.391)	Data 21.956 (21.956)	Loss 0.3797 (0.3797)	Acc@1 89.062 (89.062)	Acc@5 98.438 (98.438)
Epoch: [38][20/150], lr: 0.00100	Time 18.020 (10.365)	Data 16.674 (8.900)	Loss 0.1431 (0.2359)	Acc@1 95.312 (92.336)	Acc@5 98.438 (99.256)
Epoch: [38][40/150], lr: 0.00100	Time 19.863 (10.075)	Data 17.457 (8.645)	Loss 0.1772 (0.2218)	Acc@1 92.188 (93.102)	Acc@5 98.438 (99.238)
Epoch: [38][60/150], lr: 0.00100	Time 18.396 (10.090)	Data 16.941 (8.662)	Loss 0.1600 (0.2273)	Acc@1 95.312 (93.238)	Acc@5 100.000 (99.180)
Epoch: [38][80/150], lr: 0.00100	Time 18.835 (10.056)	Data 17.266 (8.616)	Loss 0.1996 (0.2214)	Acc@1 95.312 (93.248)	Acc@5 100.000 (99.209)
Epoch: [38][100/150], lr: 0.00100	Time 18.582 (10.062)	Data 17.081 (8.622)	Loss 0.1430 (0.2207)	Acc@1 95.312 (93.209)	Acc@5 100.000 (99.226)
Epoch: [38][120/150], lr: 0.00100	Time 17.636 (9.967)	Data 16.302 (8.526)	Loss 0.1721 (0.2164)	Acc@1 92.188 (93.388)	Acc@5 100.000 (99.264)
Epoch: [38][140/150], lr: 0.00100	Time 18.388 (9.966)	Data 17.049 (8.527)	Loss 0.2139 (0.2143)	Acc@1 93.750 (93.440)	Acc@5 98.438 (99.269)
Epoch: [39][0/150], lr: 0.00100	Time 23.690 (23.690)	Data 22.251 (22.251)	Loss 0.4697 (0.4697)	Acc@1 84.375 (84.375)	Acc@5 100.000 (100.000)
Epoch: [39][20/150], lr: 0.00100	Time 17.970 (10.555)	Data 16.529 (9.108)	Loss 0.3927 (0.2469)	Acc@1 84.375 (91.518)	Acc@5 98.438 (99.182)
Epoch: [39][40/150], lr: 0.00100	Time 18.499 (10.174)	Data 17.015 (8.738)	Loss 0.1170 (0.2354)	Acc@1 98.438 (92.188)	Acc@5 100.000 (99.428)
Epoch: [39][60/150], lr: 0.00100	Time 17.427 (9.966)	Data 15.413 (8.534)	Loss 0.1189 (0.2263)	Acc@1 98.438 (92.495)	Acc@5 100.000 (99.488)
Epoch: [39][80/150], lr: 0.00100	Time 16.589 (10.064)	Data 15.302 (8.638)	Loss 0.2365 (0.2313)	Acc@1 92.188 (92.573)	Acc@5 100.000 (99.402)
Epoch: [39][100/150], lr: 0.00100	Time 19.332 (10.049)	Data 17.793 (8.625)	Loss 0.3453 (0.2337)	Acc@1 87.500 (92.636)	Acc@5 98.438 (99.366)
Epoch: [39][120/150], lr: 0.00100	Time 18.396 (10.001)	Data 16.925 (8.586)	Loss 0.1111 (0.2297)	Acc@1 95.312 (92.756)	Acc@5 100.000 (99.354)
Epoch: [39][140/150], lr: 0.00100	Time 27.910 (10.163)	Data 26.011 (8.740)	Loss 0.3100 (0.2378)	Acc@1 84.375 (92.520)	Acc@5 100.000 (99.335)
Test: [0/60]	Time 34.798 (34.798)	Loss 0.4321 (0.4321)	Acc@1 84.375 (84.375)	Acc@5 100.000 (100.000)
Test: [20/60]	Time 26.519 (176.575)	Loss 3.5266 (1.1533)	Acc@1 53.125 (73.289)	Acc@5 70.312 (91.667)
Test: [40/60]	Time 44.364 (103.919)	Loss 0.7370 (1.0635)	Acc@1 82.812 (75.915)	Acc@5 93.750 (92.797)
 * Acc@1 76.606 Acc@5 92.916 Loss 1.04914
Epoch: [40][0/150], lr: 0.00100	Time 95.182 (95.182)	Data 91.750 (91.750)	Loss 0.1793 (0.1793)	Acc@1 95.312 (95.312)	Acc@5 98.438 (98.438)
Epoch: [40][20/150], lr: 0.00100	Time 99.939 (50.058)	Data 97.935 (47.862)	Loss 0.1259 (0.2215)	Acc@1 98.438 (93.304)	Acc@5 100.000 (99.033)
Epoch: [40][40/150], lr: 0.00100	Time 109.414 (53.264)	Data 107.498 (51.023)	Loss 0.0989 (0.2038)	Acc@1 96.875 (93.712)	Acc@5 100.000 (99.238)
Epoch: [40][60/150], lr: 0.00100	Time 127.544 (58.373)	Data 123.825 (56.097)	Loss 0.2308 (0.2119)	Acc@1 90.625 (93.340)	Acc@5 100.000 (99.360)
Epoch: [40][80/150], lr: 0.00100	Time 138.408 (61.659)	Data 134.712 (59.199)	Loss 0.1462 (0.2129)	Acc@1 96.875 (93.287)	Acc@5 98.438 (99.441)
Epoch: [40][100/150], lr: 0.00100	Time 152.759 (66.423)	Data 150.336 (63.989)	Loss 0.1800 (0.2155)	Acc@1 96.875 (93.270)	Acc@5 98.438 (99.381)
Epoch: [40][120/150], lr: 0.00100	Time 149.683 (71.204)	Data 147.282 (68.780)	Loss 0.2779 (0.2171)	Acc@1 92.188 (93.376)	Acc@5 98.438 (99.341)
Epoch: [40][140/150], lr: 0.00100	Time 152.229 (76.133)	Data 149.438 (73.653)	Loss 0.1649 (0.2112)	Acc@1 93.750 (93.462)	Acc@5 100.000 (99.368)
Epoch: [41][0/150], lr: 0.00100	Time 275.357 (275.357)	Data 271.734 (271.734)	Loss 0.2039 (0.2039)	Acc@1 95.312 (95.312)	Acc@5 98.438 (98.438)
Epoch: [41][20/150], lr: 0.00100	Time 230.862 (121.893)	Data 224.482 (118.237)	Loss 0.1425 (0.1650)	Acc@1 92.188 (94.345)	Acc@5 100.000 (99.479)
Epoch: [41][40/150], lr: 0.00100	Time 225.322 (124.182)	Data 218.457 (119.981)	Loss 0.2555 (0.1985)	Acc@1 93.750 (93.369)	Acc@5 98.438 (99.428)
Epoch: [41][60/150], lr: 0.00100	Time 243.869 (127.704)	Data 237.571 (123.167)	Loss 0.1757 (0.1934)	Acc@1 93.750 (93.596)	Acc@5 100.000 (99.436)
Epoch: [41][80/150], lr: 0.00100	Time 290.550 (131.729)	Data 283.194 (127.056)	Loss 0.0954 (0.1944)	Acc@1 98.438 (93.441)	Acc@5 100.000 (99.402)
Epoch: [41][100/150], lr: 0.00100	Time 282.266 (137.076)	Data 274.526 (132.221)	Loss 0.2694 (0.2050)	Acc@1 90.625 (93.162)	Acc@5 100.000 (99.428)
Epoch: [41][120/150], lr: 0.00100	Time 336.307 (141.955)	Data 332.084 (137.169)	Loss 0.1074 (0.2040)	Acc@1 96.875 (93.453)	Acc@5 100.000 (99.380)
Epoch: [41][140/150], lr: 0.00100	Time 331.764 (145.150)	Data 322.406 (140.344)	Loss 0.2769 (0.2077)	Acc@1 93.750 (93.495)	Acc@5 96.875 (99.313)
Epoch: [42][0/150], lr: 0.00100	Time 374.180 (374.180)	Data 364.748 (364.748)	Loss 0.2041 (0.2041)	Acc@1 96.875 (96.875)	Acc@5 100.000 (100.000)
Epoch: [42][20/150], lr: 0.00100	Time 354.346 (192.093)	Data 349.382 (185.749)	Loss 0.2284 (0.2122)	Acc@1 93.750 (93.750)	Acc@5 100.000 (99.330)
Epoch: [42][40/150], lr: 0.00100	Time 393.678 (188.228)	Data 389.285 (182.629)	Loss 0.1374 (0.2174)	Acc@1 95.312 (93.598)	Acc@5 100.000 (99.200)
Epoch: [42][60/150], lr: 0.00100	Time 383.295 (189.884)	Data 373.549 (184.308)	Loss 0.1516 (0.2092)	Acc@1 96.875 (93.801)	Acc@5 100.000 (99.308)
Epoch: [42][80/150], lr: 0.00100	Time 417.034 (195.325)	Data 406.004 (189.229)	Loss 0.2394 (0.2115)	Acc@1 93.750 (93.692)	Acc@5 100.000 (99.325)
Epoch: [42][100/150], lr: 0.00100	Time 466.457 (201.004)	Data 455.037 (194.431)	Loss 0.1888 (0.2050)	Acc@1 90.625 (93.843)	Acc@5 100.000 (99.304)
Epoch: [42][120/150], lr: 0.00100	Time 412.247 (204.073)	Data 407.506 (197.343)	Loss 0.1030 (0.2026)	Acc@1 98.438 (93.957)	Acc@5 100.000 (99.316)
Epoch: [42][140/150], lr: 0.00100	Time 443.149 (208.087)	Data 431.357 (201.148)	Loss 0.2433 (0.2042)	Acc@1 92.188 (93.894)	Acc@5 98.438 (99.313)
slurmstepd: error: *** JOB 223533 ON comp001 CANCELLED AT 2019-02-19T17:48:20 ***
