Start Training ...................................

Initializing TSN with base model: resnet101.
TSN Configurations:
    input_modality:     RGB
    num_segments:       3
    new_length:         1
    consensus_module:   avg
    dropout_ratio:      0.8
        
group: first_conv_weight has 1 params, lr_mult: 1, decay_mult: 1
group: first_conv_bias has 0 params, lr_mult: 2, decay_mult: 0
group: normal_weight has 104 params, lr_mult: 1, decay_mult: 1
group: normal_bias has 1 params, lr_mult: 2, decay_mult: 0
group: BN scale/shift has 2 params, lr_mult: 1, decay_mult: 0
Freezing BatchNorm2D except the first one.
/lfs01/workdirs/alex039/alex039u2/tsn_paper/server_scripts/faze_tsn_pytorch/models.py:75: UserWarning: nn.init.normal is now deprecated in favor of nn.init.normal_.
  normal(self.new_fc.weight, 0, std)
/lfs01/workdirs/alex039/alex039u2/tsn_paper/server_scripts/faze_tsn_pytorch/models.py:76: UserWarning: nn.init.constant is now deprecated in favor of nn.init.constant_.
  constant(self.new_fc.bias, 0)
/home/alex039u2/data/anaconda3/lib/python3.7/site-packages/torchvision/transforms/transforms.py:187: UserWarning: The use of the transforms.Scale transform is deprecated, please use transforms.Resize instead.
  warnings.warn("The use of the transforms.Scale transform is deprecated, " +
input:  torch.Size([48, 2048])
input:  torch.Size([48, 2048])
Epoch: [0][0/299], lr: 0.00100	Time 10.984 (10.984)	Data 1.663 (1.663)	Loss 4.6141 (4.6141)	Prec@1 0.000 (0.000)	Prec@5 0.000 (0.000)
input:  torch.Size([48, 2048])
input:  torch.Size([48, 2048])
input:  torch.Size([48, 2048])
input:  torch.Size([48, 2048])
input:  torch.Size([48, 2048])
input:  torch.Size([48, 2048])
input:  torch.Size([48, 2048])
input:  torch.Size([48, 2048])
input:  torch.Size([48, 2048])
input:  torch.Size([48, 2048])
input:  torch.Size([48, 2048])
input:  torch.Size([48, 2048])
input:  torch.Size([48, 2048])
input:  torch.Size([48, 2048])
input:  torch.Size([48, 2048])
input:  torch.Size([48, 2048])
input:  torch.Size([48, 2048])
input:  torch.Size([48, 2048])
input:  torch.Size([48, 2048])
input:  torch.Size([48, 2048])
input:  torch.Size([48, 2048])
input:  torch.Size([48, 2048])
input:  torch.Size([48, 2048])
input:  torch.Size([48, 2048])
input:  torch.Size([48, 2048])
input:  torch.Size([48, 2048])
input:  torch.Size([48, 2048])
input:  torch.Size([48, 2048])
input:  torch.Size([48, 2048])
input:  torch.Size([48, 2048])
input:  torch.Size([48, 2048])
input:  torch.Size([48, 2048])
input:  torch.Size([48, 2048])
input:  torch.Size([48, 2048])
input:  torch.Size([48, 2048])
input:  torch.Size([48, 2048])
input:  torch.Size([48, 2048])
input:  torch.Size([48, 2048])
input:  torch.Size([48, 2048])
input:  torch.Size([48, 2048])
Epoch: [0][20/299], lr: 0.00100	Time 1.703 (2.140)	Data 0.000 (0.079)	Loss 4.6066 (4.5838)	Prec@1 3.125 (2.976)	Prec@5 9.375 (9.970)
input:  torch.Size([48, 2048])
input:  torch.Size([48, 2048])
input:  torch.Size([48, 2048])
input:  torch.Size([48, 2048])
input:  torch.Size([48, 2048])
input:  torch.Size([48, 2048])
input:  torch.Size([48, 2048])
input:  torch.Size([48, 2048])
input:  torch.Size([48, 2048])
input:  torch.Size([48, 2048])
input:  torch.Size([48, 2048])
input:  torch.Size([48, 2048])
input:  torch.Size([48, 2048])
input:  torch.Size([48, 2048])
input:  torch.Size([48, 2048])
input:  torch.Size([48, 2048])
input:  torch.Size([48, 2048])
input:  torch.Size([48, 2048])
input:  torch.Size([48, 2048])
input:  torch.Size([48, 2048])
input:  torch.Size([48, 2048])
input:  torch.Size([48, 2048])
input:  torch.Size([48, 2048])
input:  torch.Size([48, 2048])
input:  torch.Size([48, 2048])
input:  torch.Size([48, 2048])
input:  torch.Size([48, 2048])
input:  torch.Size([48, 2048])
input:  torch.Size([48, 2048])
input:  torch.Size([48, 2048])
input:  torch.Size([48, 2048])
input:  torch.Size([48, 2048])
input:  torch.Size([48, 2048])
input:  torch.Size([48, 2048])
input:  torch.Size([48, 2048])
input:  torch.Size([48, 2048])
input:  torch.Size([48, 2048])
input:  torch.Size([48, 2048])
input:  torch.Size([48, 2048])
input:  torch.Size([48, 2048])
Epoch: [0][40/299], lr: 0.00100	Time 1.712 (1.930)	Data 0.000 (0.041)	Loss 4.0956 (4.4474)	Prec@1 12.500 (5.335)	Prec@5 34.375 (17.073)
input:  torch.Size([48, 2048])
input:  torch.Size([48, 2048])
clipping gradient: 20.62617981740551 with coef 0.9696415030340662
input:  torch.Size([48, 2048])
input:  torch.Size([48, 2048])
clipping gradient: 23.430142418830506 with coef 0.8536012988092746
input:  torch.Size([48, 2048])
input:  torch.Size([48, 2048])
clipping gradient: 25.748025628920576 with coef 0.776758586784056
input:  torch.Size([48, 2048])
input:  torch.Size([48, 2048])
clipping gradient: 26.167466345158555 with coef 0.7643078522082576
input:  torch.Size([48, 2048])
input:  torch.Size([48, 2048])
clipping gradient: 26.376300652400182 with coef 0.7582564463292182
input:  torch.Size([48, 2048])
input:  torch.Size([48, 2048])
clipping gradient: 27.639073404940152 with coef 0.7236132596407968
input:  torch.Size([48, 2048])
input:  torch.Size([48, 2048])
clipping gradient: 28.402940084992185 with coef 0.7041524553497822
input:  torch.Size([48, 2048])
input:  torch.Size([48, 2048])
clipping gradient: 33.40494175255189 with coef 0.5987138115117997
input:  torch.Size([48, 2048])
input:  torch.Size([48, 2048])
clipping gradient: 28.735587446009387 with coef 0.6960010835893828
input:  torch.Size([48, 2048])
input:  torch.Size([48, 2048])
clipping gradient: 31.267674292244138 with coef 0.6396382351008737
input:  torch.Size([48, 2048])
input:  torch.Size([48, 2048])
clipping gradient: 30.900172018212405 with coef 0.6472455877660519
input:  torch.Size([48, 2048])
input:  torch.Size([48, 2048])
clipping gradient: 33.14145430042716 with coef 0.6034738191842783
input:  torch.Size([48, 2048])
input:  torch.Size([48, 2048])
clipping gradient: 32.39349981826984 with coef 0.6174078167595852
input:  torch.Size([48, 2048])
input:  torch.Size([48, 2048])
clipping gradient: 32.1221754677038 with coef 0.6226228363676163
input:  torch.Size([48, 2048])
input:  torch.Size([48, 2048])
clipping gradient: 35.91415922566373 with coef 0.5568834251229886
input:  torch.Size([48, 2048])
input:  torch.Size([48, 2048])
clipping gradient: 38.76188446196503 with coef 0.5159707861888122
input:  torch.Size([48, 2048])
input:  torch.Size([48, 2048])
clipping gradient: 36.46453872236882 with coef 0.5484780748846054
input:  torch.Size([48, 2048])
input:  torch.Size([48, 2048])
clipping gradient: 37.65773465048675 with coef 0.5310993926115385
input:  torch.Size([48, 2048])
input:  torch.Size([48, 2048])
clipping gradient: 34.32082470515588 with coef 0.5827365796660323
input:  torch.Size([48, 2048])
input:  torch.Size([48, 2048])
clipping gradient: 35.29452542827939 with coef 0.5666601195882689
Epoch: [0][60/299], lr: 0.00100	Time 1.726 (1.861)	Data 0.000 (0.027)	Loss 2.7610 (4.0864)	Prec@1 40.625 (11.527)	Prec@5 62.500 (27.664)
input:  torch.Size([48, 2048])
input:  torch.Size([48, 2048])
clipping gradient: 33.325062768301926 with coef 0.6001489071169451
input:  torch.Size([48, 2048])
input:  torch.Size([48, 2048])
clipping gradient: 31.019404215934948 with coef 0.6447577091028015
input:  torch.Size([48, 2048])
input:  torch.Size([48, 2048])
clipping gradient: 31.238974342608167 with coef 0.6402258851604212
input:  torch.Size([48, 2048])
input:  torch.Size([48, 2048])
clipping gradient: 30.1733872720419 with coef 0.6628357572081948
input:  torch.Size([48, 2048])
input:  torch.Size([48, 2048])
clipping gradient: 35.15757968665928 with coef 0.5688673730742932
input:  torch.Size([48, 2048])
input:  torch.Size([48, 2048])
clipping gradient: 34.91377268935358 with coef 0.5728398411122925
input:  torch.Size([48, 2048])
input:  torch.Size([48, 2048])
clipping gradient: 36.91734062308214 with coef 0.5417508320600761
input:  torch.Size([48, 2048])
input:  torch.Size([48, 2048])
clipping gradient: 44.501448405094074 with coef 0.4494235742158586
input:  torch.Size([48, 2048])
input:  torch.Size([48, 2048])
clipping gradient: 37.62308247980423 with coef 0.5315885536687708
input:  torch.Size([48, 2048])
input:  torch.Size([48, 2048])
clipping gradient: 33.250532742382205 with coef 0.6014941220628129
input:  torch.Size([48, 2048])
input:  torch.Size([48, 2048])
clipping gradient: 33.21297897817831 with coef 0.6021742287296921
input:  torch.Size([48, 2048])
input:  torch.Size([48, 2048])
clipping gradient: 29.713564962591406 with coef 0.673093249671639
input:  torch.Size([48, 2048])
input:  torch.Size([48, 2048])
clipping gradient: 34.09862496398848 with coef 0.5865339151101248
input:  torch.Size([48, 2048])
input:  torch.Size([48, 2048])
clipping gradient: 29.116568759131 with coef 0.686894124285437
input:  torch.Size([48, 2048])
input:  torch.Size([48, 2048])
clipping gradient: 32.564128874144636 with coef 0.6141727321279477
input:  torch.Size([48, 2048])
input:  torch.Size([48, 2048])
clipping gradient: 36.58977279648216 with coef 0.5466008250787185
input:  torch.Size([48, 2048])
input:  torch.Size([48, 2048])
clipping gradient: 29.699766974912325 with coef 0.673405956918591
input:  torch.Size([48, 2048])
input:  torch.Size([48, 2048])
clipping gradient: 41.12777488884017 with coef 0.48628937631699853
input:  torch.Size([48, 2048])
input:  torch.Size([48, 2048])
clipping gradient: 33.888771056405744 with coef 0.5901659864475831
input:  torch.Size([48, 2048])
input:  torch.Size([48, 2048])
clipping gradient: 33.59808314022571 with coef 0.5952720551505142
Epoch: [0][80/299], lr: 0.00100	Time 1.717 (1.824)	Data 0.000 (0.021)	Loss 2.0774 (3.7190)	Prec@1 50.000 (17.978)	Prec@5 71.875 (36.381)
input:  torch.Size([48, 2048])
input:  torch.Size([48, 2048])
clipping gradient: 34.66819945671997 with coef 0.5768975693406906
input:  torch.Size([48, 2048])
input:  torch.Size([48, 2048])
clipping gradient: 30.477272777867636 with coef 0.6562266954057598
input:  torch.Size([48, 2048])
input:  torch.Size([48, 2048])
clipping gradient: 32.24432723716558 with coef 0.6202641429884611
input:  torch.Size([48, 2048])
input:  torch.Size([48, 2048])
clipping gradient: 29.51012126424881 with coef 0.6777335755725877
input:  torch.Size([48, 2048])
input:  torch.Size([48, 2048])
clipping gradient: 33.04944338840977 with coef 0.6051539133337983
input:  torch.Size([48, 2048])
input:  torch.Size([48, 2048])
clipping gradient: 30.03155074723279 with coef 0.6659662755458231
input:  torch.Size([48, 2048])
input:  torch.Size([48, 2048])
clipping gradient: 37.48753043151797 with coef 0.5335107372979904
input:  torch.Size([48, 2048])
input:  torch.Size([48, 2048])
clipping gradient: 33.49741260857528 with coef 0.597061039719827
input:  torch.Size([48, 2048])
input:  torch.Size([48, 2048])
clipping gradient: 29.558498421038223 with coef 0.6766243574052809
input:  torch.Size([48, 2048])
input:  torch.Size([48, 2048])
clipping gradient: 34.93236065107239 with coef 0.5725350256105871
input:  torch.Size([48, 2048])
input:  torch.Size([48, 2048])
clipping gradient: 37.10303574698587 with coef 0.5390394504747428
input:  torch.Size([48, 2048])
input:  torch.Size([48, 2048])
clipping gradient: 34.083204223178825 with coef 0.5867992888532083
input:  torch.Size([48, 2048])
input:  torch.Size([48, 2048])
clipping gradient: 29.7240379544237 with coef 0.6728560914457952
input:  torch.Size([48, 2048])
input:  torch.Size([48, 2048])
clipping gradient: 28.46534369166574 with coef 0.7026087658255018
input:  torch.Size([48, 2048])
input:  torch.Size([48, 2048])
clipping gradient: 35.10435005071986 with coef 0.5697299614179832
input:  torch.Size([48, 2048])
input:  torch.Size([48, 2048])
clipping gradient: 35.01659499694971 with coef 0.5711577611056184
input:  torch.Size([48, 2048])
input:  torch.Size([48, 2048])
clipping gradient: 28.207924829480415 with coef 0.7090206075385517
input:  torch.Size([48, 2048])
input:  torch.Size([48, 2048])
clipping gradient: 38.46720699649477 with coef 0.5199233727008684
input:  torch.Size([48, 2048])
input:  torch.Size([48, 2048])
clipping gradient: 33.8961205577989 with coef 0.5900380241419206
input:  torch.Size([48, 2048])
input:  torch.Size([48, 2048])
clipping gradient: 32.361624084712524 with coef 0.6180159545653923
Epoch: [0][100/299], lr: 0.00100	Time 1.712 (1.803)	Data 0.000 (0.017)	Loss 2.2637 (3.4143)	Prec@1 50.000 (23.329)	Prec@5 65.625 (43.038)
input:  torch.Size([48, 2048])
input:  torch.Size([48, 2048])
clipping gradient: 34.7611827741768 with coef 0.5753544155827025
input:  torch.Size([48, 2048])
input:  torch.Size([48, 2048])
clipping gradient: 35.027899522405974 with coef 0.570973431827015
input:  torch.Size([48, 2048])
input:  torch.Size([48, 2048])
clipping gradient: 29.612150178801052 with coef 0.6753984387907682
input:  torch.Size([48, 2048])
input:  torch.Size([48, 2048])
clipping gradient: 35.81680167382679 with coef 0.5583971506482961
input:  torch.Size([48, 2048])
input:  torch.Size([48, 2048])
clipping gradient: 32.124344210313744 with coef 0.6225808025546825
input:  torch.Size([48, 2048])
input:  torch.Size([48, 2048])
clipping gradient: 44.50503589032662 with coef 0.4493873468451038
input:  torch.Size([48, 2048])
input:  torch.Size([48, 2048])
clipping gradient: 33.20902767144264 with coef 0.6022458771714823
input:  torch.Size([48, 2048])
input:  torch.Size([48, 2048])
clipping gradient: 29.775301612999712 with coef 0.671697645919668
input:  torch.Size([48, 2048])
input:  torch.Size([48, 2048])
clipping gradient: 29.951533587842384 with coef 0.6677454408584338
input:  torch.Size([48, 2048])
input:  torch.Size([48, 2048])
clipping gradient: 30.60941214243532 with coef 0.6533937962262603
input:  torch.Size([48, 2048])
input:  torch.Size([48, 2048])
clipping gradient: 28.74661423331901 with coef 0.6957341075951416
input:  torch.Size([48, 2048])
input:  torch.Size([48, 2048])
clipping gradient: 28.720793742895257 with coef 0.696359584593565
input:  torch.Size([48, 2048])
input:  torch.Size([48, 2048])
clipping gradient: 30.711823553218768 with coef 0.6512149942950519
input:  torch.Size([48, 2048])
input:  torch.Size([48, 2048])
clipping gradient: 31.785365398236973 with coef 0.6292203896170825
input:  torch.Size([48, 2048])
input:  torch.Size([48, 2048])
clipping gradient: 30.03305999386435 with coef 0.6659328088475144
input:  torch.Size([48, 2048])
input:  torch.Size([48, 2048])
clipping gradient: 32.947116389840566 with coef 0.6070333975014309
input:  torch.Size([48, 2048])
input:  torch.Size([48, 2048])
clipping gradient: 32.642382248967664 with coef 0.6127003797534573
input:  torch.Size([48, 2048])
input:  torch.Size([48, 2048])
clipping gradient: 34.554710119619386 with coef 0.5787922957757486
input:  torch.Size([48, 2048])
input:  torch.Size([48, 2048])
clipping gradient: 28.816805718551983 with coef 0.6940394502893911
input:  torch.Size([48, 2048])
input:  torch.Size([48, 2048])
clipping gradient: 35.63706893489206 with coef 0.5612133825186197
Epoch: [0][120/299], lr: 0.00100	Time 1.716 (1.787)	Data 0.000 (0.014)	Loss 1.9690 (3.1941)	Prec@1 46.875 (27.092)	Prec@5 78.125 (48.580)
input:  torch.Size([48, 2048])
input:  torch.Size([48, 2048])
clipping gradient: 30.555101146393106 with coef 0.6545551888104586
input:  torch.Size([48, 2048])
input:  torch.Size([48, 2048])
clipping gradient: 42.297859251286916 with coef 0.4728371684529519
input:  torch.Size([48, 2048])
input:  torch.Size([48, 2048])
clipping gradient: 30.603535268930976 with coef 0.6535192690729494
input:  torch.Size([48, 2048])
input:  torch.Size([48, 2048])
clipping gradient: 41.996758032313366 with coef 0.4762272360312073
input:  torch.Size([48, 2048])
input:  torch.Size([48, 2048])
clipping gradient: 33.718248646251546 with coef 0.5931506173356189
input:  torch.Size([48, 2048])
input:  torch.Size([48, 2048])
clipping gradient: 29.227528235051018 with coef 0.684286397370239
input:  torch.Size([48, 2048])
input:  torch.Size([48, 2048])
clipping gradient: 26.377002724230568 with coef 0.7582362639568409
input:  torch.Size([48, 2048])
input:  torch.Size([48, 2048])
clipping gradient: 28.167188525419594 with coef 0.710046016198987
input:  torch.Size([48, 2048])
input:  torch.Size([48, 2048])
clipping gradient: 30.013399295051645 with coef 0.666369037488447
input:  torch.Size([48, 2048])
input:  torch.Size([48, 2048])
clipping gradient: 36.34931564244833 with coef 0.5502166862433091
input:  torch.Size([48, 2048])
input:  torch.Size([48, 2048])
clipping gradient: 30.872209545884832 with coef 0.6478318297974217
input:  torch.Size([48, 2048])
input:  torch.Size([48, 2048])
clipping gradient: 31.784232499369764 with coef 0.6292428171860551
input:  torch.Size([48, 2048])
input:  torch.Size([48, 2048])
clipping gradient: 25.817043530935695 with coef 0.7746820419632741
input:  torch.Size([48, 2048])
input:  torch.Size([48, 2048])
clipping gradient: 30.395768850572367 with coef 0.6579863170535787
input:  torch.Size([48, 2048])
input:  torch.Size([48, 2048])
clipping gradient: 26.52550918153709 with coef 0.7539911812106088
input:  torch.Size([48, 2048])
input:  torch.Size([48, 2048])
clipping gradient: 32.43884783059517 with coef 0.6165447091230135
input:  torch.Size([48, 2048])
input:  torch.Size([48, 2048])
clipping gradient: 28.619763487948642 with coef 0.6988177945083894
input:  torch.Size([48, 2048])
input:  torch.Size([48, 2048])
clipping gradient: 27.785067908012767 with coef 0.7198110894028918
input:  torch.Size([48, 2048])
input:  torch.Size([48, 2048])
clipping gradient: 39.9489144276863 with coef 0.5006393862392203
input:  torch.Size([48, 2048])
input:  torch.Size([48, 2048])
clipping gradient: 38.7745858138633 with coef 0.5158017701597031
Epoch: [0][140/299], lr: 0.00100	Time 1.714 (1.777)	Data 0.000 (0.012)	Loss 2.0516 (3.0144)	Prec@1 50.000 (30.253)	Prec@5 84.375 (52.992)
input:  torch.Size([48, 2048])
input:  torch.Size([48, 2048])
clipping gradient: 39.27023640225082 with coef 0.5092915610473299
input:  torch.Size([48, 2048])
input:  torch.Size([48, 2048])
clipping gradient: 42.77990158098498 with coef 0.46750925693783496
input:  torch.Size([48, 2048])
input:  torch.Size([48, 2048])
clipping gradient: 37.154198845641666 with coef 0.5382971675177456
input:  torch.Size([48, 2048])
input:  torch.Size([48, 2048])
clipping gradient: 33.238831172720595 with coef 0.6017058751576734
input:  torch.Size([48, 2048])
input:  torch.Size([48, 2048])
clipping gradient: 31.21650898601333 with coef 0.6406866318383351
input:  torch.Size([48, 2048])
input:  torch.Size([48, 2048])
clipping gradient: 28.900625465733242 with coef 0.6920265453671065
input:  torch.Size([48, 2048])
input:  torch.Size([48, 2048])
clipping gradient: 30.35323868723155 with coef 0.658908270253653
input:  torch.Size([48, 2048])
input:  torch.Size([48, 2048])
clipping gradient: 26.033339065576925 with coef 0.7682456695094245
input:  torch.Size([48, 2048])
input:  torch.Size([48, 2048])
clipping gradient: 34.24009101181361 with coef 0.5841105969344399
input:  torch.Size([48, 2048])
input:  torch.Size([48, 2048])
clipping gradient: 31.41174335061927 with coef 0.6367045527132676
input:  torch.Size([48, 2048])
input:  torch.Size([48, 2048])
clipping gradient: 28.832911598180615 with coef 0.6936517643005579
input:  torch.Size([48, 2048])
input:  torch.Size([48, 2048])
clipping gradient: 27.809035341253683 with coef 0.7191907146211122
input:  torch.Size([48, 2048])
input:  torch.Size([48, 2048])
clipping gradient: 31.9961740605187 with coef 0.6250747343157744
input:  torch.Size([48, 2048])
input:  torch.Size([48, 2048])
clipping gradient: 31.563301334648425 with coef 0.6336472787795844
input:  torch.Size([48, 2048])
input:  torch.Size([48, 2048])
clipping gradient: 27.04686740846261 with coef 0.7394571688454487
input:  torch.Size([48, 2048])
input:  torch.Size([48, 2048])
clipping gradient: 30.203963234234454 with coef 0.6621647578133438
input:  torch.Size([48, 2048])
input:  torch.Size([48, 2048])
clipping gradient: 25.61107856569386 with coef 0.780912055253701
input:  torch.Size([48, 2048])
input:  torch.Size([48, 2048])
clipping gradient: 32.81381167964436 with coef 0.6094994447843056
input:  torch.Size([48, 2048])
input:  torch.Size([48, 2048])
clipping gradient: 22.485858731040036 with coef 0.8894479076483526
input:  torch.Size([48, 2048])
input:  torch.Size([48, 2048])
clipping gradient: 25.14576931557006 with coef 0.7953624225613236
Epoch: [0][160/299], lr: 0.00100	Time 1.711 (1.769)	Data 0.000 (0.010)	Loss 1.6295 (2.8616)	Prec@1 50.000 (33.210)	Prec@5 84.375 (56.541)
input:  torch.Size([48, 2048])
input:  torch.Size([48, 2048])
clipping gradient: 28.923131792849087 with coef 0.6914880498848597
input:  torch.Size([48, 2048])
input:  torch.Size([48, 2048])
clipping gradient: 27.895232714561093 with coef 0.7169683868441132
input:  torch.Size([48, 2048])
input:  torch.Size([48, 2048])
clipping gradient: 32.64334573701238 with coef 0.6126822955320774
input:  torch.Size([48, 2048])
input:  torch.Size([48, 2048])
clipping gradient: 34.08165806399895 with coef 0.5868259097736312
input:  torch.Size([48, 2048])
input:  torch.Size([48, 2048])
clipping gradient: 29.45721249678809 with coef 0.6789508682188014
input:  torch.Size([48, 2048])
input:  torch.Size([48, 2048])
clipping gradient: 35.85546934130215 with coef 0.5577949575732334
input:  torch.Size([48, 2048])
input:  torch.Size([48, 2048])
clipping gradient: 26.959094289055574 with coef 0.7418646852731726
input:  torch.Size([48, 2048])
input:  torch.Size([48, 2048])
clipping gradient: 30.34722323719921 with coef 0.6590388795599683
input:  torch.Size([48, 2048])
input:  torch.Size([48, 2048])
clipping gradient: 21.959214520423636 with coef 0.9107793897363029
input:  torch.Size([48, 2048])
input:  torch.Size([48, 2048])
clipping gradient: 36.474318308681795 with coef 0.5483310155584046
input:  torch.Size([48, 2048])
input:  torch.Size([48, 2048])
clipping gradient: 39.592141908559405 with coef 0.5051507454734651
input:  torch.Size([48, 2048])
input:  torch.Size([48, 2048])
clipping gradient: 31.37821992256361 with coef 0.6373847863058126
input:  torch.Size([48, 2048])
input:  torch.Size([48, 2048])
clipping gradient: 27.262453812979796 with coef 0.7336096793487421
input:  torch.Size([48, 2048])
input:  torch.Size([48, 2048])
clipping gradient: 27.77666443869321 with coef 0.7200288589057429
input:  torch.Size([48, 2048])
input:  torch.Size([48, 2048])
clipping gradient: 23.444016377030163 with coef 0.8530961452319867
input:  torch.Size([48, 2048])
input:  torch.Size([48, 2048])
clipping gradient: 28.72064347907155 with coef 0.6963632278842847
input:  torch.Size([48, 2048])
input:  torch.Size([48, 2048])
clipping gradient: 28.806885502445464 with coef 0.6942784563885661
input:  torch.Size([48, 2048])
input:  torch.Size([48, 2048])
clipping gradient: 27.97593885871548 with coef 0.7149000468225324
input:  torch.Size([48, 2048])
input:  torch.Size([48, 2048])
clipping gradient: 40.504713752220226 with coef 0.49376969116103725
input:  torch.Size([48, 2048])
input:  torch.Size([48, 2048])
clipping gradient: 38.81885402454378 with coef 0.5152135605897771
Epoch: [0][180/299], lr: 0.00100	Time 1.709 (1.763)	Data 0.000 (0.009)	Loss 2.0413 (2.7324)	Prec@1 53.125 (35.860)	Prec@5 78.125 (59.599)
input:  torch.Size([48, 2048])
input:  torch.Size([48, 2048])
clipping gradient: 28.125234773323612 with coef 0.711105175163541
input:  torch.Size([48, 2048])
input:  torch.Size([48, 2048])
clipping gradient: 35.51141819866868 with coef 0.5631991346588855
input:  torch.Size([48, 2048])
input:  torch.Size([48, 2048])
clipping gradient: 32.12065366923247 with coef 0.6226523347237318
input:  torch.Size([48, 2048])
input:  torch.Size([48, 2048])
clipping gradient: 29.92707151919318 with coef 0.6682912488505053
input:  torch.Size([48, 2048])
input:  torch.Size([48, 2048])
clipping gradient: 32.1864279248711 with coef 0.6213799197190689
input:  torch.Size([48, 2048])
input:  torch.Size([48, 2048])
clipping gradient: 34.70403958504451 with coef 0.5763017861649419
input:  torch.Size([48, 2048])
input:  torch.Size([48, 2048])
clipping gradient: 29.89274728696658 with coef 0.6690586117094739
input:  torch.Size([48, 2048])
input:  torch.Size([48, 2048])
clipping gradient: 27.591130639523442 with coef 0.7248706209723286
input:  torch.Size([48, 2048])
input:  torch.Size([48, 2048])
clipping gradient: 26.4912834655034 with coef 0.7549653087229139
input:  torch.Size([48, 2048])
input:  torch.Size([48, 2048])
clipping gradient: 28.814426714997072 with coef 0.6940967522213649
input:  torch.Size([48, 2048])
input:  torch.Size([48, 2048])
clipping gradient: 21.08749573426386 with coef 0.9484293560521342
input:  torch.Size([48, 2048])
input:  torch.Size([48, 2048])
clipping gradient: 34.85289968974523 with coef 0.5738403455103221
input:  torch.Size([48, 2048])
input:  torch.Size([48, 2048])
clipping gradient: 26.31915892988547 with coef 0.7599027025628068
input:  torch.Size([48, 2048])
input:  torch.Size([48, 2048])
clipping gradient: 28.967558349881013 with coef 0.6904275382285422
input:  torch.Size([48, 2048])
input:  torch.Size([48, 2048])
clipping gradient: 32.39050866531251 with coef 0.617464832264839
input:  torch.Size([48, 2048])
input:  torch.Size([48, 2048])
clipping gradient: 39.640607211966966 with coef 0.5045331392896087
input:  torch.Size([48, 2048])
input:  torch.Size([48, 2048])
clipping gradient: 21.521991374841623 with coef 0.9292820376918851
input:  torch.Size([48, 2048])
input:  torch.Size([48, 2048])
clipping gradient: 33.0438863979962 with coef 0.6052556820681
input:  torch.Size([48, 2048])
input:  torch.Size([48, 2048])
clipping gradient: 32.69257156648415 with coef 0.6117597680967883
input:  torch.Size([48, 2048])
input:  torch.Size([48, 2048])
clipping gradient: 31.09756310942667 with coef 0.6431372107719063
Epoch: [0][200/299], lr: 0.00100	Time 1.710 (1.763)	Data 0.000 (0.008)	Loss 1.5528 (2.6098)	Prec@1 59.375 (38.029)	Prec@5 90.625 (62.220)
input:  torch.Size([48, 2048])
input:  torch.Size([48, 2048])
clipping gradient: 22.174419767907498 with coef 0.9019401729259909
input:  torch.Size([48, 2048])
input:  torch.Size([48, 2048])
clipping gradient: 29.850793480471378 with coef 0.6699989403324959
input:  torch.Size([48, 2048])
input:  torch.Size([48, 2048])
clipping gradient: 29.55773437588006 with coef 0.6766418476349988
input:  torch.Size([48, 2048])
input:  torch.Size([48, 2048])
clipping gradient: 23.854720049696727 with coef 0.8384084977033409
input:  torch.Size([48, 2048])
input:  torch.Size([48, 2048])
clipping gradient: 29.58340761216068 with coef 0.6760546405674617
input:  torch.Size([48, 2048])
input:  torch.Size([48, 2048])
clipping gradient: 36.42763219433689 with coef 0.5490337635260641
input:  torch.Size([48, 2048])
input:  torch.Size([48, 2048])
clipping gradient: 41.99237415568158 with coef 0.47627695271175785
input:  torch.Size([48, 2048])
input:  torch.Size([48, 2048])
clipping gradient: 26.018176539102573 with coef 0.7686933774910056
input:  torch.Size([48, 2048])
input:  torch.Size([48, 2048])
clipping gradient: 24.61234842232268 with coef 0.812600230454262
input:  torch.Size([48, 2048])
input:  torch.Size([48, 2048])
clipping gradient: 27.916154323675837 with coef 0.7164310588094828
input:  torch.Size([48, 2048])
input:  torch.Size([48, 2048])
clipping gradient: 28.371887427785765 with coef 0.7049231409403229
input:  torch.Size([48, 2048])
input:  torch.Size([48, 2048])
clipping gradient: 29.930608208461074 with coef 0.6682122815782342
input:  torch.Size([48, 2048])
input:  torch.Size([48, 2048])
clipping gradient: 26.858169439081244 with coef 0.7446523876231884
input:  torch.Size([48, 2048])
input:  torch.Size([48, 2048])
clipping gradient: 35.96217370883058 with coef 0.5561399086142826
input:  torch.Size([48, 2048])
input:  torch.Size([48, 2048])
clipping gradient: 30.91155832432672 with coef 0.6470071741501443
input:  torch.Size([48, 2048])
input:  torch.Size([48, 2048])
clipping gradient: 30.432969161878457 with coef 0.6571820151236769
input:  torch.Size([48, 2048])
input:  torch.Size([48, 2048])
clipping gradient: 22.020452091664843 with coef 0.9082465662714698
input:  torch.Size([48, 2048])
input:  torch.Size([48, 2048])
clipping gradient: 31.73306342273264 with coef 0.6302574615494759
input:  torch.Size([48, 2048])
input:  torch.Size([48, 2048])
clipping gradient: 25.80438731035625 with coef 0.7750619985452344
input:  torch.Size([48, 2048])
input:  torch.Size([48, 2048])
clipping gradient: 30.76912495982197 with coef 0.6500022352314474
Epoch: [0][220/299], lr: 0.00100	Time 1.712 (1.758)	Data 0.000 (0.008)	Loss 1.5443 (2.5049)	Prec@1 59.375 (40.158)	Prec@5 87.500 (64.253)
input:  torch.Size([48, 2048])
input:  torch.Size([48, 2048])
clipping gradient: 29.716240762841668 with coef 0.6730326409593763
input:  torch.Size([48, 2048])
input:  torch.Size([48, 2048])
clipping gradient: 28.975726704017926 with coef 0.6902329043994847
input:  torch.Size([48, 2048])
input:  torch.Size([48, 2048])
clipping gradient: 28.74984643134439 with coef 0.6956558897718177
input:  torch.Size([48, 2048])
input:  torch.Size([48, 2048])
clipping gradient: 25.860168277914866 with coef 0.7733901722936747
input:  torch.Size([48, 2048])
input:  torch.Size([48, 2048])
clipping gradient: 42.807150988893824 with coef 0.4672116582855265
input:  torch.Size([48, 2048])
input:  torch.Size([48, 2048])
clipping gradient: 29.470834736398487 with coef 0.6786370382410186
input:  torch.Size([48, 2048])
input:  torch.Size([48, 2048])
clipping gradient: 32.77173159507474 with coef 0.6102820640397836
input:  torch.Size([48, 2048])
input:  torch.Size([48, 2048])
clipping gradient: 28.119499340887586 with coef 0.7112502167106046
input:  torch.Size([48, 2048])
input:  torch.Size([48, 2048])
clipping gradient: 25.552327586006218 with coef 0.7827075608937105
input:  torch.Size([48, 2048])
input:  torch.Size([48, 2048])
clipping gradient: 24.699329475168536 with coef 0.8097385809645964
input:  torch.Size([48, 2048])
input:  torch.Size([48, 2048])
clipping gradient: 22.91824823295192 with coef 0.8726670466569056
input:  torch.Size([48, 2048])
input:  torch.Size([48, 2048])
clipping gradient: 26.074618875504765 with coef 0.7670294279464451
input:  torch.Size([48, 2048])
input:  torch.Size([48, 2048])
clipping gradient: 27.147251085754625 with coef 0.7367228430172399
input:  torch.Size([48, 2048])
input:  torch.Size([48, 2048])
clipping gradient: 28.580093881654665 with coef 0.6997877642675568
input:  torch.Size([48, 2048])
input:  torch.Size([48, 2048])
clipping gradient: 24.98722863437598 with coef 0.8004088925846365
input:  torch.Size([48, 2048])
input:  torch.Size([48, 2048])
clipping gradient: 36.348056834000886 with coef 0.5502357413860841
input:  torch.Size([48, 2048])
input:  torch.Size([48, 2048])
clipping gradient: 32.53409111839569 with coef 0.6147397794890737
input:  torch.Size([48, 2048])
input:  torch.Size([48, 2048])
clipping gradient: 31.511450081821312 with coef 0.6346899285202311
input:  torch.Size([48, 2048])
input:  torch.Size([48, 2048])
clipping gradient: 32.75762066679589 with coef 0.6105449539035844
input:  torch.Size([48, 2048])
input:  torch.Size([48, 2048])
clipping gradient: 25.78740694218039 with coef 0.7755723576567156
Epoch: [0][240/299], lr: 0.00100	Time 1.713 (1.755)	Data 0.000 (0.007)	Loss 1.0834 (2.4162)	Prec@1 71.875 (41.974)	Prec@5 90.625 (66.209)
input:  torch.Size([48, 2048])
input:  torch.Size([48, 2048])
clipping gradient: 24.483811408651132 with coef 0.8168662822216145
input:  torch.Size([48, 2048])
input:  torch.Size([48, 2048])
clipping gradient: 27.014064979914878 with coef 0.7403550711405382
input:  torch.Size([48, 2048])
input:  torch.Size([48, 2048])
clipping gradient: 34.40605936328254 with coef 0.5812929574069038
input:  torch.Size([48, 2048])
input:  torch.Size([48, 2048])
clipping gradient: 26.706892890854746 with coef 0.7488703415157894
input:  torch.Size([48, 2048])
input:  torch.Size([48, 2048])
clipping gradient: 24.52740615171838 with coef 0.815414393038002
input:  torch.Size([48, 2048])
input:  torch.Size([48, 2048])
clipping gradient: 30.821746755934434 with coef 0.6488924900451721
input:  torch.Size([48, 2048])
input:  torch.Size([48, 2048])
clipping gradient: 29.27595636293222 with coef 0.6831544545312623
input:  torch.Size([48, 2048])
input:  torch.Size([48, 2048])
clipping gradient: 31.984440085055272 with coef 0.6253040524334518
input:  torch.Size([48, 2048])
input:  torch.Size([48, 2048])
clipping gradient: 29.95132806545986 with coef 0.6677500228467057
input:  torch.Size([48, 2048])
input:  torch.Size([48, 2048])
clipping gradient: 32.161882133069795 with coef 0.6218541538474022
input:  torch.Size([48, 2048])
input:  torch.Size([48, 2048])
clipping gradient: 31.57419330505514 with coef 0.6334286930712472
input:  torch.Size([48, 2048])
input:  torch.Size([48, 2048])
clipping gradient: 35.09690540601225 with coef 0.5698508107376873
input:  torch.Size([48, 2048])
input:  torch.Size([48, 2048])
clipping gradient: 30.276805135605414 with coef 0.6605716788948802
input:  torch.Size([48, 2048])
input:  torch.Size([48, 2048])
clipping gradient: 34.84928944046255 with coef 0.5738997931125261
input:  torch.Size([48, 2048])
input:  torch.Size([48, 2048])
clipping gradient: 29.162782338234006 with coef 0.6858056192319792
input:  torch.Size([48, 2048])
input:  torch.Size([48, 2048])
clipping gradient: 29.374363063643514 with coef 0.6808658270025227
input:  torch.Size([48, 2048])
input:  torch.Size([48, 2048])
clipping gradient: 22.062098064973636 with coef 0.9065320959547598
input:  torch.Size([48, 2048])
input:  torch.Size([48, 2048])
clipping gradient: 26.68864913463415 with coef 0.7493822523241082
input:  torch.Size([48, 2048])
input:  torch.Size([48, 2048])
clipping gradient: 27.68405916001636 with coef 0.7224374100776983
input:  torch.Size([48, 2048])
input:  torch.Size([48, 2048])
clipping gradient: 28.75219460862006 with coef 0.69559907590511
Epoch: [0][260/299], lr: 0.00100	Time 1.716 (1.752)	Data 0.000 (0.007)	Loss 1.3110 (2.3319)	Prec@1 71.875 (43.534)	Prec@5 87.500 (67.888)
input:  torch.Size([48, 2048])
input:  torch.Size([48, 2048])
clipping gradient: 26.42453605902413 with coef 0.7568723233333697
input:  torch.Size([48, 2048])
input:  torch.Size([48, 2048])
clipping gradient: 23.891389253504784 with coef 0.8371216837909947
input:  torch.Size([48, 2048])
input:  torch.Size([48, 2048])
clipping gradient: 37.785119758902184 with coef 0.5293088953433314
input:  torch.Size([48, 2048])
input:  torch.Size([48, 2048])
clipping gradient: 24.470080018812684 with coef 0.8173246668839632
input:  torch.Size([48, 2048])
input:  torch.Size([48, 2048])
clipping gradient: 29.072123595279542 with coef 0.6879442409651634
input:  torch.Size([48, 2048])
input:  torch.Size([48, 2048])
clipping gradient: 24.547077894907567 with coef 0.8147609294118513
input:  torch.Size([48, 2048])
input:  torch.Size([48, 2048])
clipping gradient: 28.158616569401275 with coef 0.7102621661368519
input:  torch.Size([48, 2048])
input:  torch.Size([48, 2048])
clipping gradient: 28.336422907768043 with coef 0.7058053892369482
input:  torch.Size([48, 2048])
input:  torch.Size([48, 2048])
clipping gradient: 32.025729426305936 with coef 0.6244978758726413
input:  torch.Size([48, 2048])
input:  torch.Size([48, 2048])
clipping gradient: 28.00252226500545 with coef 0.7142213765862747
input:  torch.Size([48, 2048])
input:  torch.Size([48, 2048])
clipping gradient: 33.75082778462502 with coef 0.592578058459084
input:  torch.Size([48, 2048])
input:  torch.Size([48, 2048])
clipping gradient: 24.17675919515631 with coef 0.8272407330758746
input:  torch.Size([48, 2048])
input:  torch.Size([48, 2048])
clipping gradient: 30.13915106000275 with coef 0.6635886976439003
input:  torch.Size([48, 2048])
input:  torch.Size([48, 2048])
clipping gradient: 28.80074511426631 with coef 0.6944264782265337
input:  torch.Size([48, 2048])
input:  torch.Size([48, 2048])
clipping gradient: 27.99192517753316 with coef 0.7144917640767477
input:  torch.Size([48, 2048])
input:  torch.Size([48, 2048])
clipping gradient: 21.888055206108273 with coef 0.9137403854143525
input:  torch.Size([48, 2048])
input:  torch.Size([48, 2048])
clipping gradient: 31.487334872190534 with coef 0.6351760185859333
input:  torch.Size([48, 2048])
input:  torch.Size([48, 2048])
clipping gradient: 30.1045028397535 with coef 0.6643524427711082
input:  torch.Size([48, 2048])
input:  torch.Size([48, 2048])
clipping gradient: 21.024642134773682 with coef 0.9512647050919846
input:  torch.Size([48, 2048])
input:  torch.Size([48, 2048])
clipping gradient: 23.09048811517377 with coef 0.8661575234027697
Epoch: [0][280/299], lr: 0.00100	Time 1.714 (1.751)	Data 0.000 (0.006)	Loss 0.7236 (2.2576)	Prec@1 75.000 (44.940)	Prec@5 96.875 (69.373)
input:  torch.Size([48, 2048])
input:  torch.Size([48, 2048])
clipping gradient: 29.315154302674173 with coef 0.6822409936343254
input:  torch.Size([48, 2048])
input:  torch.Size([48, 2048])
clipping gradient: 26.23331028850731 with coef 0.7623894880228632
input:  torch.Size([48, 2048])
input:  torch.Size([48, 2048])
clipping gradient: 29.112187021207845 with coef 0.6869975101984013
input:  torch.Size([48, 2048])
input:  torch.Size([48, 2048])
clipping gradient: 30.233798951282672 with coef 0.6615113116359298
input:  torch.Size([48, 2048])
input:  torch.Size([48, 2048])
clipping gradient: 30.71564192945948 with coef 0.6511340393253487
input:  torch.Size([48, 2048])
input:  torch.Size([48, 2048])
clipping gradient: 38.634056464182834 with coef 0.5176779719867562
input:  torch.Size([48, 2048])
input:  torch.Size([48, 2048])
clipping gradient: 31.267250416279612 with coef 0.6396469063869715
input:  torch.Size([48, 2048])
input:  torch.Size([48, 2048])
clipping gradient: 33.94923006256227 with coef 0.5891149803145352
input:  torch.Size([48, 2048])
input:  torch.Size([48, 2048])
clipping gradient: 32.27345082200939 with coef 0.6197044161872113
input:  torch.Size([48, 2048])
input:  torch.Size([48, 2048])
clipping gradient: 42.33466080690389 with coef 0.47242613071175055
input:  torch.Size([48, 2048])
input:  torch.Size([48, 2048])
clipping gradient: 34.03600590835238 with coef 0.5876130135202507
input:  torch.Size([48, 2048])
input:  torch.Size([48, 2048])
clipping gradient: 34.47874121051139 with coef 0.5800675807126823
input:  torch.Size([48, 2048])
input:  torch.Size([48, 2048])
clipping gradient: 30.87574515885976 with coef 0.6477576459158273
input:  torch.Size([48, 2048])
input:  torch.Size([48, 2048])
clipping gradient: 30.098795959928296 with coef 0.6644784072634261
input:  torch.Size([48, 2048])
input:  torch.Size([48, 2048])
clipping gradient: 21.331645976429886 with coef 0.9375741572918812
input:  torch.Size([48, 2048])
input:  torch.Size([48, 2048])
clipping gradient: 26.663204020718958 with coef 0.7500973995645371
input:  torch.Size([48, 2048])
input:  torch.Size([48, 2048])
clipping gradient: 22.901069702189826 with coef 0.8733216509134322
input:  torch.Size([3, 2048])
Freezing BatchNorm2D except the first one.
main.py:182: UserWarning: torch.nn.utils.clip_grad_norm is now deprecated in favor of torch.nn.utils.clip_grad_norm_.
  total_norm = clip_grad_norm(model.parameters(), args.clip_gradient)
input:  torch.Size([48, 2048])
input:  torch.Size([48, 2048])
clipping gradient: 21.95595028164424 with coef 0.9109147972848406
Epoch: [1][0/299], lr: 0.00100	Time 5.483 (5.483)	Data 3.627 (3.627)	Loss 1.1578 (1.1578)	Prec@1 68.750 (68.750)	Prec@5 87.500 (87.500)
input:  torch.Size([48, 2048])
input:  torch.Size([48, 2048])
clipping gradient: 25.039333409443916 with coef 0.7987433080968815
input:  torch.Size([48, 2048])
input:  torch.Size([48, 2048])
clipping gradient: 30.325823047535327 with coef 0.6595039471360848
input:  torch.Size([48, 2048])
input:  torch.Size([48, 2048])
clipping gradient: 25.601766580077317 with coef 0.7811960919745093
input:  torch.Size([48, 2048])
input:  torch.Size([48, 2048])
clipping gradient: 25.001364343654977 with coef 0.7999563433855458
input:  torch.Size([48, 2048])
input:  torch.Size([48, 2048])
clipping gradient: 28.430231881525444 with coef 0.703476499359698
input:  torch.Size([48, 2048])
input:  torch.Size([48, 2048])
clipping gradient: 30.478960156440696 with coef 0.6561903653321873
input:  torch.Size([48, 2048])
input:  torch.Size([48, 2048])
input:  torch.Size([48, 2048])
input:  torch.Size([48, 2048])
clipping gradient: 26.00922880378258 with coef 0.768957824581533
input:  torch.Size([48, 2048])
input:  torch.Size([48, 2048])
clipping gradient: 24.480052259256883 with coef 0.8169917199599606
input:  torch.Size([48, 2048])
input:  torch.Size([48, 2048])
clipping gradient: 29.415422798154392 with coef 0.6799154354244011
input:  torch.Size([48, 2048])
input:  torch.Size([48, 2048])
clipping gradient: 20.543619472250036 with coef 0.9735382816555599
input:  torch.Size([48, 2048])
input:  torch.Size([48, 2048])
clipping gradient: 24.280953512537756 with coef 0.823690881401044
input:  torch.Size([48, 2048])
input:  torch.Size([48, 2048])
clipping gradient: 24.029148676855375 with coef 0.8323224542392461
input:  torch.Size([48, 2048])
input:  torch.Size([48, 2048])
clipping gradient: 24.220158330020524 with coef 0.8257584334289961
input:  torch.Size([48, 2048])
input:  torch.Size([48, 2048])
clipping gradient: 25.937107166087305 with coef 0.7710960159099757
input:  torch.Size([48, 2048])
input:  torch.Size([48, 2048])
clipping gradient: 27.78043021781509 with coef 0.7199312553185141
input:  torch.Size([48, 2048])
input:  torch.Size([48, 2048])
clipping gradient: 30.20520761680679 with coef 0.6621374782033147
input:  torch.Size([48, 2048])
input:  torch.Size([48, 2048])
clipping gradient: 34.143880700618794 with coef 0.5857564983712451
input:  torch.Size([48, 2048])
input:  torch.Size([48, 2048])
clipping gradient: 25.539125646742217 with coef 0.7831121658838469
input:  torch.Size([48, 2048])
input:  torch.Size([48, 2048])
clipping gradient: 30.530596718545826 with coef 0.6550805470451545
Epoch: [1][20/299], lr: 0.00100	Time 1.712 (1.890)	Data 0.000 (0.173)	Loss 1.1867 (1.1676)	Prec@1 71.875 (69.048)	Prec@5 96.875 (89.435)
input:  torch.Size([48, 2048])
input:  torch.Size([48, 2048])
clipping gradient: 32.61553685762222 with coef 0.6132046848502517
input:  torch.Size([48, 2048])
input:  torch.Size([48, 2048])
input:  torch.Size([48, 2048])
input:  torch.Size([48, 2048])
clipping gradient: 30.818037223389705 with coef 0.6489705965057622
input:  torch.Size([48, 2048])
input:  torch.Size([48, 2048])
clipping gradient: 27.505754638092995 with coef 0.7271205703370087
input:  torch.Size([48, 2048])
input:  torch.Size([48, 2048])
clipping gradient: 23.937297456466275 with coef 0.8355162079751539
input:  torch.Size([48, 2048])
input:  torch.Size([48, 2048])
clipping gradient: 29.021591626394297 with coef 0.6891420793686098
input:  torch.Size([48, 2048])
input:  torch.Size([48, 2048])
clipping gradient: 26.637685674011983 with coef 0.7508159772120225
input:  torch.Size([48, 2048])
input:  torch.Size([48, 2048])
clipping gradient: 25.804299340685358 with coef 0.7750646408161224
input:  torch.Size([48, 2048])
input:  torch.Size([48, 2048])
clipping gradient: 38.631308319556254 with coef 0.5177147984365685
input:  torch.Size([48, 2048])
input:  torch.Size([48, 2048])
clipping gradient: 32.68411844068397 with coef 0.6119179881292055
input:  torch.Size([48, 2048])
input:  torch.Size([48, 2048])
clipping gradient: 26.44722436173701 with coef 0.7562230246337439
input:  torch.Size([48, 2048])
input:  torch.Size([48, 2048])
clipping gradient: 23.182889319154995 with coef 0.8627052359463617
input:  torch.Size([48, 2048])
input:  torch.Size([48, 2048])
clipping gradient: 22.559319657934207 with coef 0.8865515584361126
input:  torch.Size([48, 2048])
input:  torch.Size([48, 2048])
clipping gradient: 23.295150029795998 with coef 0.8585478082098081
input:  torch.Size([48, 2048])
input:  torch.Size([48, 2048])
clipping gradient: 28.257435774862955 with coef 0.7077783051281481
input:  torch.Size([48, 2048])
input:  torch.Size([48, 2048])
clipping gradient: 30.386151238412953 with coef 0.6581945782826488
input:  torch.Size([48, 2048])
input:  torch.Size([48, 2048])
clipping gradient: 34.04759367528841 with coef 0.5874130251535488
input:  torch.Size([48, 2048])
input:  torch.Size([48, 2048])
clipping gradient: 27.665308507039946 with coef 0.7229270548315279
input:  torch.Size([48, 2048])
input:  torch.Size([48, 2048])
clipping gradient: 26.51186293375315 with coef 0.7543792773059838
input:  torch.Size([48, 2048])
input:  torch.Size([48, 2048])
clipping gradient: 24.77916080744956 with coef 0.8071298360510755
Epoch: [1][40/299], lr: 0.00100	Time 1.713 (1.803)	Data 0.000 (0.089)	Loss 0.9779 (1.1777)	Prec@1 71.875 (67.530)	Prec@5 90.625 (90.549)
input:  torch.Size([48, 2048])
input:  torch.Size([48, 2048])
clipping gradient: 28.587010727530338 with coef 0.6996184452660966
input:  torch.Size([48, 2048])
input:  torch.Size([48, 2048])
clipping gradient: 28.683211551199932 with coef 0.6972719900733473
input:  torch.Size([48, 2048])
input:  torch.Size([48, 2048])
clipping gradient: 30.356794062460743 with coef 0.6588310991881725
input:  torch.Size([48, 2048])
input:  torch.Size([48, 2048])
clipping gradient: 22.06285331573677 with coef 0.9065010637465736
input:  torch.Size([48, 2048])
input:  torch.Size([48, 2048])
input:  torch.Size([48, 2048])
input:  torch.Size([48, 2048])
clipping gradient: 22.60365922316213 with coef 0.8848124899841818
input:  torch.Size([48, 2048])
input:  torch.Size([48, 2048])
clipping gradient: 27.80129298851368 with coef 0.7193910012841185
input:  torch.Size([48, 2048])
input:  torch.Size([48, 2048])
clipping gradient: 23.952202479871143 with coef 0.8349962813151534
input:  torch.Size([48, 2048])
input:  torch.Size([48, 2048])
input:  torch.Size([48, 2048])
input:  torch.Size([48, 2048])
clipping gradient: 36.981331702261016 with coef 0.5408134071812566
input:  torch.Size([48, 2048])
input:  torch.Size([48, 2048])
clipping gradient: 35.04092577426733 with coef 0.5707611759129723
input:  torch.Size([48, 2048])
input:  torch.Size([48, 2048])
clipping gradient: 26.007096545329173 with coef 0.7690208695592343
input:  torch.Size([48, 2048])
input:  torch.Size([48, 2048])
clipping gradient: 41.30553700056152 with coef 0.4841965860346547
input:  torch.Size([48, 2048])
input:  torch.Size([48, 2048])
clipping gradient: 28.840078704892452 with coef 0.6934793834875072
input:  torch.Size([48, 2048])
input:  torch.Size([48, 2048])
clipping gradient: 30.635264958512987 with coef 0.6528424032592661
input:  torch.Size([48, 2048])
input:  torch.Size([48, 2048])
clipping gradient: 24.102065766977645 with coef 0.8298043907672883
input:  torch.Size([48, 2048])
input:  torch.Size([48, 2048])
clipping gradient: 25.074029322345634 with coef 0.7976380558100518
input:  torch.Size([48, 2048])
input:  torch.Size([48, 2048])
clipping gradient: 30.40557918540814 with coef 0.6577740183156303
input:  torch.Size([48, 2048])
input:  torch.Size([48, 2048])
clipping gradient: 26.233475948346467 with coef 0.7623846736658101
input:  torch.Size([48, 2048])
input:  torch.Size([48, 2048])
clipping gradient: 26.724102016318326 with coef 0.7483881025370865
Epoch: [1][60/299], lr: 0.00100	Time 1.711 (1.790)	Data 0.000 (0.060)	Loss 1.1034 (1.1470)	Prec@1 71.875 (68.904)	Prec@5 96.875 (90.984)
input:  torch.Size([48, 2048])
input:  torch.Size([48, 2048])
clipping gradient: 20.781354693381523 with coef 0.9624011665788866
input:  torch.Size([48, 2048])
input:  torch.Size([48, 2048])
input:  torch.Size([48, 2048])
input:  torch.Size([48, 2048])
clipping gradient: 25.6463396877467 with coef 0.7798383801940981
input:  torch.Size([48, 2048])
input:  torch.Size([48, 2048])
clipping gradient: 32.975354927609345 with coef 0.6065135627472673
input:  torch.Size([48, 2048])
input:  torch.Size([48, 2048])
clipping gradient: 31.388556472409707 with coef 0.6371748894403552
input:  torch.Size([48, 2048])
input:  torch.Size([48, 2048])
clipping gradient: 21.88526506386687 with coef 0.9138568777501584
input:  torch.Size([48, 2048])
input:  torch.Size([48, 2048])
clipping gradient: 25.052969783758126 with coef 0.7983085507477851
input:  torch.Size([48, 2048])
input:  torch.Size([48, 2048])
clipping gradient: 31.1869831896937 with coef 0.6412931920458841
input:  torch.Size([48, 2048])
input:  torch.Size([48, 2048])
clipping gradient: 24.808289696987085 with coef 0.8061821368697157
input:  torch.Size([48, 2048])
input:  torch.Size([48, 2048])
clipping gradient: 29.11060902804172 with coef 0.687034750139867
input:  torch.Size([48, 2048])
input:  torch.Size([48, 2048])
clipping gradient: 25.091999726127906 with coef 0.7970668028971128
input:  torch.Size([48, 2048])
input:  torch.Size([48, 2048])
clipping gradient: 21.69712520727142 with coef 0.9217811027470747
input:  torch.Size([48, 2048])
input:  torch.Size([48, 2048])
clipping gradient: 29.35096195469721 with coef 0.6814086717454002
input:  torch.Size([48, 2048])
input:  torch.Size([48, 2048])
clipping gradient: 26.355498882758567 with coef 0.7588549201428225
input:  torch.Size([48, 2048])
input:  torch.Size([48, 2048])
clipping gradient: 21.30238738542594 with coef 0.9388619049188369
input:  torch.Size([48, 2048])
input:  torch.Size([48, 2048])
clipping gradient: 27.729469751497547 with coef 0.7212543254246644
input:  torch.Size([48, 2048])
input:  torch.Size([48, 2048])
clipping gradient: 22.688690657168074 with coef 0.8814964381243996
input:  torch.Size([48, 2048])
input:  torch.Size([48, 2048])
clipping gradient: 27.078037988860473 with coef 0.7386059510008709
input:  torch.Size([48, 2048])
input:  torch.Size([48, 2048])
clipping gradient: 35.43949695788742 with coef 0.5643420961580211
input:  torch.Size([48, 2048])
input:  torch.Size([48, 2048])
clipping gradient: 31.71059897714263 with coef 0.6307039489987633
Epoch: [1][80/299], lr: 0.00100	Time 1.712 (1.770)	Data 0.000 (0.045)	Loss 1.1528 (1.1284)	Prec@1 75.000 (69.059)	Prec@5 93.750 (91.397)
input:  torch.Size([48, 2048])
input:  torch.Size([48, 2048])
clipping gradient: 33.12181444393716 with coef 0.6038316540252502
input:  torch.Size([48, 2048])
input:  torch.Size([48, 2048])
clipping gradient: 22.640178139567627 with coef 0.8833852753590548
input:  torch.Size([48, 2048])
input:  torch.Size([48, 2048])
input:  torch.Size([48, 2048])
input:  torch.Size([48, 2048])
clipping gradient: 21.84848030350709 with coef 0.9153954747502336
input:  torch.Size([48, 2048])
input:  torch.Size([48, 2048])
clipping gradient: 22.800797522030575 with coef 0.877162300164089
input:  torch.Size([48, 2048])
input:  torch.Size([48, 2048])
clipping gradient: 34.27592329591325 with coef 0.5834999637306523
input:  torch.Size([48, 2048])
input:  torch.Size([48, 2048])
clipping gradient: 21.543172610660786 with coef 0.9283683680881275
input:  torch.Size([48, 2048])
input:  torch.Size([48, 2048])
clipping gradient: 27.806436735313568 with coef 0.7192579254356757
input:  torch.Size([48, 2048])
input:  torch.Size([48, 2048])
clipping gradient: 23.662154046013573 with coef 0.8452315863174534
input:  torch.Size([48, 2048])
input:  torch.Size([48, 2048])
clipping gradient: 23.086490958862385 with coef 0.8663074884631806
input:  torch.Size([48, 2048])
input:  torch.Size([48, 2048])
clipping gradient: 24.988875005492762 with coef 0.8003561583146034
input:  torch.Size([48, 2048])
input:  torch.Size([48, 2048])
clipping gradient: 29.042293898742493 with coef 0.6886508369390885
input:  torch.Size([48, 2048])
input:  torch.Size([48, 2048])
clipping gradient: 27.506657282339795 with coef 0.7270967095242313
input:  torch.Size([48, 2048])
input:  torch.Size([48, 2048])
clipping gradient: 29.78539318706694 with coef 0.6714700683784883
input:  torch.Size([48, 2048])
input:  torch.Size([48, 2048])
clipping gradient: 26.025857585649117 with coef 0.7684665119749281
input:  torch.Size([48, 2048])
input:  torch.Size([48, 2048])
clipping gradient: 21.887388133396 with coef 0.9137682339302877
input:  torch.Size([48, 2048])
input:  torch.Size([48, 2048])
clipping gradient: 30.467894280975507 with coef 0.656428692300151
input:  torch.Size([48, 2048])
input:  torch.Size([48, 2048])
clipping gradient: 23.36072042153002 with coef 0.8561379802982161
input:  torch.Size([48, 2048])
input:  torch.Size([48, 2048])
clipping gradient: 30.18823240615528 with coef 0.662509806169442
input:  torch.Size([48, 2048])
input:  torch.Size([48, 2048])
clipping gradient: 21.8375758077494 with coef 0.9158525733842074
Epoch: [1][100/299], lr: 0.00100	Time 1.713 (1.759)	Data 0.000 (0.036)	Loss 0.7942 (1.1119)	Prec@1 84.375 (69.214)	Prec@5 96.875 (91.986)
input:  torch.Size([48, 2048])
input:  torch.Size([48, 2048])
clipping gradient: 35.29354888154159 with coef 0.566675798660189
input:  torch.Size([48, 2048])
input:  torch.Size([48, 2048])
clipping gradient: 28.263243357206534 with coef 0.7076328695623824
input:  torch.Size([48, 2048])
input:  torch.Size([48, 2048])
clipping gradient: 20.441587750892012 with coef 0.9783975806442559
input:  torch.Size([48, 2048])
input:  torch.Size([48, 2048])
clipping gradient: 20.685417400770962 with coef 0.9668647053384857
input:  torch.Size([48, 2048])
input:  torch.Size([48, 2048])
clipping gradient: 23.531367190271308 with coef 0.8499293661215189
input:  torch.Size([48, 2048])
input:  torch.Size([48, 2048])
input:  torch.Size([48, 2048])
input:  torch.Size([48, 2048])
clipping gradient: 20.586652126624543 with coef 0.9715032768312128
input:  torch.Size([48, 2048])
input:  torch.Size([48, 2048])
clipping gradient: 23.724047945473522 with coef 0.8430264534099435
input:  torch.Size([48, 2048])
input:  torch.Size([48, 2048])
clipping gradient: 25.68333032382108 with coef 0.7787152112999209
input:  torch.Size([48, 2048])
input:  torch.Size([48, 2048])
clipping gradient: 36.91771237760526 with coef 0.5417453767295789
input:  torch.Size([48, 2048])
input:  torch.Size([48, 2048])
clipping gradient: 25.09874236561601 with coef 0.7968526752718486
input:  torch.Size([48, 2048])
input:  torch.Size([48, 2048])
clipping gradient: 32.100175306658095 with coef 0.6230495568618181
input:  torch.Size([48, 2048])
input:  torch.Size([48, 2048])
clipping gradient: 32.559031627481474 with coef 0.614268883326339
input:  torch.Size([48, 2048])
input:  torch.Size([48, 2048])
clipping gradient: 36.89690075090492 with coef 0.5420509471790659
input:  torch.Size([48, 2048])
input:  torch.Size([48, 2048])
clipping gradient: 26.352891632748424 with coef 0.758929998222519
input:  torch.Size([48, 2048])
input:  torch.Size([48, 2048])
clipping gradient: 36.416607210558055 with coef 0.5491999813261439
input:  torch.Size([48, 2048])
input:  torch.Size([48, 2048])
clipping gradient: 22.2090732336108 with coef 0.9005328493281013
input:  torch.Size([48, 2048])
input:  torch.Size([48, 2048])
clipping gradient: 20.94894045070786 with coef 0.9547022221510112
input:  torch.Size([48, 2048])
input:  torch.Size([48, 2048])
clipping gradient: 20.047350575826098 with coef 0.997638063162162
input:  torch.Size([48, 2048])
input:  torch.Size([48, 2048])
clipping gradient: 29.29579184612465 with coef 0.6826919069144625
Epoch: [1][120/299], lr: 0.00100	Time 1.716 (1.754)	Data 0.000 (0.030)	Loss 1.2548 (1.1017)	Prec@1 68.750 (69.680)	Prec@5 96.875 (92.071)
input:  torch.Size([48, 2048])
input:  torch.Size([48, 2048])
clipping gradient: 23.960196820105036 with coef 0.8347176840892213
input:  torch.Size([48, 2048])
input:  torch.Size([48, 2048])
clipping gradient: 23.467207616814587 with coef 0.8522530812600693
input:  torch.Size([48, 2048])
input:  torch.Size([48, 2048])
clipping gradient: 24.987023885599264 with coef 0.8004154512985667
input:  torch.Size([48, 2048])
input:  torch.Size([48, 2048])
clipping gradient: 24.313068951796918 with coef 0.8226028577326866
input:  torch.Size([48, 2048])
input:  torch.Size([48, 2048])
clipping gradient: 31.263378747593737 with coef 0.6397261205025496
input:  torch.Size([48, 2048])
input:  torch.Size([48, 2048])
clipping gradient: 28.160373063908693 with coef 0.7102178637552459
input:  torch.Size([48, 2048])
input:  torch.Size([48, 2048])
clipping gradient: 27.518934444887922 with coef 0.7267723261616083
input:  torch.Size([48, 2048])
input:  torch.Size([48, 2048])
input:  torch.Size([48, 2048])
input:  torch.Size([48, 2048])
clipping gradient: 23.295639507429037 with coef 0.858529768784495
input:  torch.Size([48, 2048])
input:  torch.Size([48, 2048])
clipping gradient: 24.78827168828297 with coef 0.8068331770566195
input:  torch.Size([48, 2048])
input:  torch.Size([48, 2048])
input:  torch.Size([48, 2048])
input:  torch.Size([48, 2048])
clipping gradient: 30.41324870160763 with coef 0.6576081429585262
input:  torch.Size([48, 2048])
input:  torch.Size([48, 2048])
input:  torch.Size([48, 2048])
input:  torch.Size([48, 2048])
clipping gradient: 28.828215035616783 with coef 0.6937647709124665
input:  torch.Size([48, 2048])
input:  torch.Size([48, 2048])
clipping gradient: 25.126522931222166 with coef 0.7959716533300372
input:  torch.Size([48, 2048])
input:  torch.Size([48, 2048])
clipping gradient: 20.83182075721182 with coef 0.9600697045684857
input:  torch.Size([48, 2048])
input:  torch.Size([48, 2048])
clipping gradient: 20.660119858351333 with coef 0.96804859493182
input:  torch.Size([48, 2048])
input:  torch.Size([48, 2048])
clipping gradient: 27.012541442334452 with coef 0.7403968279954476
input:  torch.Size([48, 2048])
input:  torch.Size([48, 2048])
clipping gradient: 22.39697760949027 with coef 0.8929776306748372
input:  torch.Size([48, 2048])
input:  torch.Size([48, 2048])
clipping gradient: 25.56198497240961 with coef 0.7824118518803234
Epoch: [1][140/299], lr: 0.00100	Time 1.712 (1.748)	Data 0.000 (0.026)	Loss 1.0800 (1.0941)	Prec@1 62.500 (69.858)	Prec@5 93.750 (92.110)
input:  torch.Size([48, 2048])
input:  torch.Size([48, 2048])
clipping gradient: 34.0575205205005 with coef 0.587241810159411
input:  torch.Size([48, 2048])
input:  torch.Size([48, 2048])
clipping gradient: 25.721548454795894 with coef 0.7775581643208154
input:  torch.Size([48, 2048])
input:  torch.Size([48, 2048])
clipping gradient: 31.0122594755752 with coef 0.6449062512117735
input:  torch.Size([48, 2048])
input:  torch.Size([48, 2048])
clipping gradient: 20.697921561251423 with coef 0.9662805968615708
input:  torch.Size([48, 2048])
input:  torch.Size([48, 2048])
clipping gradient: 24.583216886281956 with coef 0.8135631757437122
input:  torch.Size([48, 2048])
input:  torch.Size([48, 2048])
clipping gradient: 21.914657847303648 with coef 0.9126311776964738
input:  torch.Size([48, 2048])
input:  torch.Size([48, 2048])
clipping gradient: 29.84136150122056 with coef 0.6702107073493268
input:  torch.Size([48, 2048])
input:  torch.Size([48, 2048])
clipping gradient: 23.082918833232053 with coef 0.8664415511961324
input:  torch.Size([48, 2048])
input:  torch.Size([48, 2048])
input:  torch.Size([48, 2048])
input:  torch.Size([48, 2048])
clipping gradient: 22.805389341855935 with coef 0.8769856852780383
input:  torch.Size([48, 2048])
input:  torch.Size([48, 2048])
clipping gradient: 21.511116040879873 with coef 0.9297518530415559
input:  torch.Size([48, 2048])
input:  torch.Size([48, 2048])
clipping gradient: 28.862697194478383 with coef 0.6929359326759706
input:  torch.Size([48, 2048])
input:  torch.Size([48, 2048])
clipping gradient: 24.299250581009183 with coef 0.8230706512253833
input:  torch.Size([48, 2048])
input:  torch.Size([48, 2048])
clipping gradient: 27.259012373269556 with coef 0.7337022972854361
input:  torch.Size([48, 2048])
input:  torch.Size([48, 2048])
clipping gradient: 25.842646689048557 with coef 0.773914539042763
input:  torch.Size([48, 2048])
input:  torch.Size([48, 2048])
clipping gradient: 23.550782378432256 with coef 0.8492286871248892
input:  torch.Size([48, 2048])
input:  torch.Size([48, 2048])
input:  torch.Size([48, 2048])
input:  torch.Size([48, 2048])
input:  torch.Size([48, 2048])
input:  torch.Size([48, 2048])
clipping gradient: 21.768248557119236 with coef 0.9187693694107082
input:  torch.Size([48, 2048])
input:  torch.Size([48, 2048])
clipping gradient: 32.790736777684025 with coef 0.6099283506679589
Epoch: [1][160/299], lr: 0.00100	Time 1.705 (1.745)	Data 0.000 (0.023)	Loss 1.0340 (1.0786)	Prec@1 62.500 (70.070)	Prec@5 100.000 (92.372)
input:  torch.Size([48, 2048])
input:  torch.Size([48, 2048])
clipping gradient: 33.34329609585437 with coef 0.5998207238571904
input:  torch.Size([48, 2048])
input:  torch.Size([48, 2048])
clipping gradient: 26.964529197774176 with coef 0.7417151567271172
input:  torch.Size([48, 2048])
input:  torch.Size([48, 2048])
clipping gradient: 25.67378633191098 with coef 0.7790046914560942
input:  torch.Size([48, 2048])
input:  torch.Size([48, 2048])
clipping gradient: 32.089715248356704 with coef 0.6232526479344247
input:  torch.Size([48, 2048])
input:  torch.Size([48, 2048])
clipping gradient: 40.123045579729244 with coef 0.4984666470609174
input:  torch.Size([48, 2048])
input:  torch.Size([48, 2048])
clipping gradient: 30.918783532560706 with coef 0.6468559792767369
input:  torch.Size([48, 2048])
input:  torch.Size([48, 2048])
clipping gradient: 37.02248381382221 with coef 0.5402122694029803
input:  torch.Size([48, 2048])
input:  torch.Size([48, 2048])
clipping gradient: 22.403046502768873 with coef 0.8927357267025325
input:  torch.Size([48, 2048])
input:  torch.Size([48, 2048])
clipping gradient: 27.380951837744096 with coef 0.7304347970997268
input:  torch.Size([48, 2048])
input:  torch.Size([48, 2048])
clipping gradient: 30.583495209993703 with coef 0.6539474923541323
input:  torch.Size([48, 2048])
input:  torch.Size([48, 2048])
clipping gradient: 26.44560147759473 with coef 0.7562694316839199
input:  torch.Size([48, 2048])
input:  torch.Size([48, 2048])
clipping gradient: 22.563696235634247 with coef 0.886379598056037
input:  torch.Size([48, 2048])
input:  torch.Size([48, 2048])
clipping gradient: 22.34834035357994 with coef 0.8949210403803537
input:  torch.Size([48, 2048])
input:  torch.Size([48, 2048])
clipping gradient: 29.162636394073093 with coef 0.6858090513402528
input:  torch.Size([48, 2048])
input:  torch.Size([48, 2048])
clipping gradient: 30.478754391207428 with coef 0.6561947953414278
input:  torch.Size([48, 2048])
input:  torch.Size([48, 2048])
clipping gradient: 20.43613442741087 with coef 0.9786586632144146
input:  torch.Size([48, 2048])
input:  torch.Size([48, 2048])
clipping gradient: 26.401868353231137 with coef 0.757522147009431
input:  torch.Size([48, 2048])
input:  torch.Size([48, 2048])
input:  torch.Size([48, 2048])
input:  torch.Size([48, 2048])
clipping gradient: 21.991910749079654 with coef 0.909425298610626
input:  torch.Size([48, 2048])
input:  torch.Size([48, 2048])
clipping gradient: 20.56750904948621 with coef 0.9724074972753988
Epoch: [1][180/299], lr: 0.00100	Time 1.717 (1.741)	Data 0.000 (0.020)	Loss 0.8783 (1.0725)	Prec@1 78.125 (70.321)	Prec@5 93.750 (92.507)
input:  torch.Size([48, 2048])
input:  torch.Size([48, 2048])
clipping gradient: 22.76836505914482 with coef 0.8784117765173957
input:  torch.Size([48, 2048])
input:  torch.Size([48, 2048])
clipping gradient: 24.698353466215753 with coef 0.8097705795391377
input:  torch.Size([48, 2048])
input:  torch.Size([48, 2048])
clipping gradient: 24.69095782664911 with coef 0.8100131287095663
input:  torch.Size([48, 2048])
input:  torch.Size([48, 2048])
clipping gradient: 27.617625196721548 with coef 0.7241752271435045
input:  torch.Size([48, 2048])
input:  torch.Size([48, 2048])
clipping gradient: 25.934374881718263 with coef 0.7711772537883094
input:  torch.Size([48, 2048])
input:  torch.Size([48, 2048])
clipping gradient: 30.956096085644305 with coef 0.6460762993068391
input:  torch.Size([48, 2048])
input:  torch.Size([48, 2048])
clipping gradient: 26.11887731294027 with coef 0.7657296965858196
input:  torch.Size([48, 2048])
input:  torch.Size([48, 2048])
clipping gradient: 29.11393357734833 with coef 0.6869562969519415
input:  torch.Size([48, 2048])
input:  torch.Size([48, 2048])
clipping gradient: 35.61492715816126 with coef 0.5615622885084841
input:  torch.Size([48, 2048])
input:  torch.Size([48, 2048])
clipping gradient: 26.732869311743126 with coef 0.7481426616339484
input:  torch.Size([48, 2048])
input:  torch.Size([48, 2048])
clipping gradient: 21.06604092655858 with coef 0.9493952883565042
input:  torch.Size([48, 2048])
input:  torch.Size([48, 2048])
input:  torch.Size([48, 2048])
input:  torch.Size([48, 2048])
clipping gradient: 25.831558207622116 with coef 0.7742467503992307
input:  torch.Size([48, 2048])
input:  torch.Size([48, 2048])
clipping gradient: 31.19996989502433 with coef 0.6410262595538444
input:  torch.Size([48, 2048])
input:  torch.Size([48, 2048])
clipping gradient: 22.325840237876143 with coef 0.8958229471726525
input:  torch.Size([48, 2048])
input:  torch.Size([48, 2048])
clipping gradient: 27.954589274285656 with coef 0.7154460329845456
input:  torch.Size([48, 2048])
input:  torch.Size([48, 2048])
clipping gradient: 27.446237530241923 with coef 0.7286973297510375
input:  torch.Size([48, 2048])
input:  torch.Size([48, 2048])
clipping gradient: 32.33622266549655 with coef 0.6185014312553097
input:  torch.Size([48, 2048])
input:  torch.Size([48, 2048])
input:  torch.Size([48, 2048])
input:  torch.Size([48, 2048])
clipping gradient: 22.06041327990123 with coef 0.9066013290975637
Epoch: [1][200/299], lr: 0.00100	Time 1.712 (1.738)	Data 0.000 (0.018)	Loss 0.6039 (1.0587)	Prec@1 84.375 (70.693)	Prec@5 96.875 (92.693)
input:  torch.Size([48, 2048])
input:  torch.Size([48, 2048])
clipping gradient: 43.14705066634063 with coef 0.46353110331135944
input:  torch.Size([48, 2048])
input:  torch.Size([48, 2048])
clipping gradient: 26.860265328322463 with coef 0.7445942828759498
input:  torch.Size([48, 2048])
input:  torch.Size([48, 2048])
clipping gradient: 23.439503169109475 with coef 0.8532604064047595
input:  torch.Size([48, 2048])
input:  torch.Size([48, 2048])
clipping gradient: 22.3057475982209 with coef 0.8966298893113627
input:  torch.Size([48, 2048])
input:  torch.Size([48, 2048])
clipping gradient: 29.4343172507755 with coef 0.6794789846696058
input:  torch.Size([48, 2048])
input:  torch.Size([48, 2048])
clipping gradient: 31.05238806752597 with coef 0.6440728473606717
input:  torch.Size([48, 2048])
input:  torch.Size([48, 2048])
clipping gradient: 22.251421797221195 with coef 0.8988189690646035
input:  torch.Size([48, 2048])
input:  torch.Size([48, 2048])
input:  torch.Size([48, 2048])
input:  torch.Size([48, 2048])
clipping gradient: 22.814515275566443 with coef 0.8766348860989963
input:  torch.Size([48, 2048])
input:  torch.Size([48, 2048])
input:  torch.Size([48, 2048])
input:  torch.Size([48, 2048])
input:  torch.Size([48, 2048])
input:  torch.Size([48, 2048])
clipping gradient: 20.302872179100845 with coef 0.9850822988772686
input:  torch.Size([48, 2048])
input:  torch.Size([48, 2048])
clipping gradient: 21.95855542624831 with coef 0.9108067271170699
input:  torch.Size([48, 2048])
input:  torch.Size([48, 2048])
clipping gradient: 23.631466700900972 with coef 0.846329186974987
input:  torch.Size([48, 2048])
input:  torch.Size([48, 2048])
clipping gradient: 28.047753695027808 with coef 0.7130695818804741
input:  torch.Size([48, 2048])
input:  torch.Size([48, 2048])
clipping gradient: 30.51410391694044 with coef 0.6554346165445366
input:  torch.Size([48, 2048])
input:  torch.Size([48, 2048])
clipping gradient: 20.27818212246087 with coef 0.9862817031240318
input:  torch.Size([48, 2048])
input:  torch.Size([48, 2048])
clipping gradient: 20.02027727257338 with coef 0.9989871632496738
input:  torch.Size([48, 2048])
input:  torch.Size([48, 2048])
clipping gradient: 41.147861982392705 with coef 0.48605198512034625
input:  torch.Size([48, 2048])
input:  torch.Size([48, 2048])
clipping gradient: 28.932522890150665 with coef 0.6912636024150002
Epoch: [1][220/299], lr: 0.00100	Time 1.710 (1.736)	Data 0.000 (0.017)	Loss 1.0142 (1.0488)	Prec@1 75.000 (70.998)	Prec@5 90.625 (92.774)
input:  torch.Size([48, 2048])
input:  torch.Size([48, 2048])
clipping gradient: 28.13055794040581 with coef 0.7109706121851446
input:  torch.Size([48, 2048])
input:  torch.Size([48, 2048])
clipping gradient: 35.70437428910052 with coef 0.5601554542885633
input:  torch.Size([48, 2048])
input:  torch.Size([48, 2048])
clipping gradient: 22.075003077467127 with coef 0.9060021387002583
input:  torch.Size([48, 2048])
input:  torch.Size([48, 2048])
clipping gradient: 24.793046794682432 with coef 0.8066777821066172
input:  torch.Size([48, 2048])
input:  torch.Size([48, 2048])
clipping gradient: 27.658655863992163 with coef 0.7231009380335542
input:  torch.Size([48, 2048])
input:  torch.Size([48, 2048])
clipping gradient: 28.444808625045745 with coef 0.7031159978481956
input:  torch.Size([48, 2048])
input:  torch.Size([48, 2048])
clipping gradient: 25.953102787249342 with coef 0.7706207679270596
input:  torch.Size([48, 2048])
input:  torch.Size([48, 2048])
input:  torch.Size([48, 2048])
input:  torch.Size([48, 2048])
clipping gradient: 29.947144571034787 with coef 0.6678433048119127
input:  torch.Size([48, 2048])
input:  torch.Size([48, 2048])
clipping gradient: 30.10269255313157 with coef 0.6643923949560256
input:  torch.Size([48, 2048])
input:  torch.Size([48, 2048])
input:  torch.Size([48, 2048])
input:  torch.Size([48, 2048])
clipping gradient: 20.628825690149817 with coef 0.9695171358954243
input:  torch.Size([48, 2048])
input:  torch.Size([48, 2048])
clipping gradient: 20.636658940005017 with coef 0.9691491271985492
input:  torch.Size([48, 2048])
input:  torch.Size([48, 2048])
clipping gradient: 28.431484920622278 with coef 0.703445495577804
input:  torch.Size([48, 2048])
input:  torch.Size([48, 2048])
clipping gradient: 20.60760799802153 with coef 0.9705153553930246
input:  torch.Size([48, 2048])
input:  torch.Size([48, 2048])
clipping gradient: 30.06476613844463 with coef 0.6652305196023282
input:  torch.Size([48, 2048])
input:  torch.Size([48, 2048])
clipping gradient: 23.569938617745468 with coef 0.8485384847350552
input:  torch.Size([48, 2048])
input:  torch.Size([48, 2048])
clipping gradient: 26.62953770526264 with coef 0.7510457080164602
input:  torch.Size([48, 2048])
input:  torch.Size([48, 2048])
clipping gradient: 24.3808652655768 with coef 0.8203154310621568
input:  torch.Size([48, 2048])
input:  torch.Size([48, 2048])
clipping gradient: 22.196565111780554 with coef 0.9010403140882931
Epoch: [1][240/299], lr: 0.00100	Time 1.711 (1.734)	Data 0.000 (0.015)	Loss 0.6557 (1.0486)	Prec@1 84.375 (71.058)	Prec@5 96.875 (92.777)
input:  torch.Size([48, 2048])
input:  torch.Size([48, 2048])
clipping gradient: 26.852720923651585 with coef 0.7448034803200974
input:  torch.Size([48, 2048])
input:  torch.Size([48, 2048])
clipping gradient: 21.82565663334917 with coef 0.9163527281667392
input:  torch.Size([48, 2048])
input:  torch.Size([48, 2048])
clipping gradient: 22.699056221771496 with coef 0.8810939012000537
input:  torch.Size([48, 2048])
input:  torch.Size([48, 2048])
clipping gradient: 27.170994678970136 with coef 0.736079051808863
input:  torch.Size([48, 2048])
input:  torch.Size([48, 2048])
clipping gradient: 22.00251108661913 with coef 0.9089871570233199
input:  torch.Size([48, 2048])
input:  torch.Size([48, 2048])
clipping gradient: 23.845406773161955 with coef 0.838735954066845
input:  torch.Size([48, 2048])
input:  torch.Size([48, 2048])
clipping gradient: 20.976003859748094 with coef 0.9534704576584773
input:  torch.Size([48, 2048])
input:  torch.Size([48, 2048])
clipping gradient: 22.44398692927973 with coef 0.8911072735436598
input:  torch.Size([48, 2048])
input:  torch.Size([48, 2048])
clipping gradient: 20.631803621883616 with coef 0.9693771987431347
input:  torch.Size([48, 2048])
input:  torch.Size([48, 2048])
clipping gradient: 25.21991981818436 with coef 0.7930239328350033
input:  torch.Size([48, 2048])
input:  torch.Size([48, 2048])
clipping gradient: 25.426065147494043 with coef 0.7865943819455355
input:  torch.Size([48, 2048])
input:  torch.Size([48, 2048])
clipping gradient: 25.74793231488626 with coef 0.7767614018635947
input:  torch.Size([48, 2048])
input:  torch.Size([48, 2048])
clipping gradient: 22.09805817549245 with coef 0.9050568987179483
input:  torch.Size([48, 2048])
input:  torch.Size([48, 2048])
input:  torch.Size([48, 2048])
input:  torch.Size([48, 2048])
input:  torch.Size([48, 2048])
input:  torch.Size([48, 2048])
clipping gradient: 20.129606264106393 with coef 0.9935614108688506
input:  torch.Size([48, 2048])
input:  torch.Size([48, 2048])
clipping gradient: 22.15398241256206 with coef 0.9027722252166871
input:  torch.Size([48, 2048])
input:  torch.Size([48, 2048])
clipping gradient: 23.977890870198664 with coef 0.8341017192991459
input:  torch.Size([48, 2048])
input:  torch.Size([48, 2048])
clipping gradient: 21.24706660555256 with coef 0.941306410494018
input:  torch.Size([48, 2048])
input:  torch.Size([48, 2048])
clipping gradient: 28.19177364024277 with coef 0.7094268085158963
Epoch: [1][260/299], lr: 0.00100	Time 1.709 (1.732)	Data 0.000 (0.014)	Loss 0.8806 (1.0424)	Prec@1 71.875 (71.264)	Prec@5 96.875 (92.720)
input:  torch.Size([48, 2048])
input:  torch.Size([48, 2048])
clipping gradient: 26.761410363811354 with coef 0.7473447672640376
input:  torch.Size([48, 2048])
input:  torch.Size([48, 2048])
input:  torch.Size([48, 2048])
input:  torch.Size([48, 2048])
clipping gradient: 29.489973297752904 with coef 0.6781966127288414
input:  torch.Size([48, 2048])
input:  torch.Size([48, 2048])
clipping gradient: 20.37595683969211 with coef 0.9815489970532452
input:  torch.Size([48, 2048])
input:  torch.Size([48, 2048])
clipping gradient: 23.260582598836166 with coef 0.8598236916473748
input:  torch.Size([48, 2048])
input:  torch.Size([48, 2048])
clipping gradient: 20.00432004250667 with coef 0.9997840445215088
input:  torch.Size([48, 2048])
input:  torch.Size([48, 2048])
clipping gradient: 25.00291686721352 with coef 0.7999066711382832
input:  torch.Size([48, 2048])
input:  torch.Size([48, 2048])
clipping gradient: 20.461523425747195 with coef 0.9774443272798324
input:  torch.Size([48, 2048])
input:  torch.Size([48, 2048])
input:  torch.Size([48, 2048])
input:  torch.Size([48, 2048])
clipping gradient: 24.274369029013563 with coef 0.8239143096199663
input:  torch.Size([48, 2048])
input:  torch.Size([48, 2048])
clipping gradient: 22.456023807025332 with coef 0.8906296222282696
input:  torch.Size([48, 2048])
input:  torch.Size([48, 2048])
clipping gradient: 22.204265607882547 with coef 0.9007278310028849
input:  torch.Size([48, 2048])
input:  torch.Size([48, 2048])
clipping gradient: 28.179288448560666 with coef 0.7097411290745901
input:  torch.Size([48, 2048])
input:  torch.Size([48, 2048])
clipping gradient: 26.933668162224603 with coef 0.7425650260312737
input:  torch.Size([48, 2048])
input:  torch.Size([48, 2048])
clipping gradient: 27.962287745610023 with coef 0.7152490590881616
input:  torch.Size([48, 2048])
input:  torch.Size([48, 2048])
clipping gradient: 25.82056268436909 with coef 0.7745764584792466
input:  torch.Size([48, 2048])
input:  torch.Size([48, 2048])
clipping gradient: 31.656417023065025 with coef 0.6317834385814383
input:  torch.Size([48, 2048])
input:  torch.Size([48, 2048])
input:  torch.Size([48, 2048])
input:  torch.Size([48, 2048])
clipping gradient: 30.48809926258289 with coef 0.6559936658480179
input:  torch.Size([48, 2048])
input:  torch.Size([48, 2048])
Epoch: [1][280/299], lr: 0.00100	Time 1.709 (1.731)	Data 0.000 (0.013)	Loss 0.7652 (1.0343)	Prec@1 84.375 (71.597)	Prec@5 90.625 (92.705)
input:  torch.Size([48, 2048])
input:  torch.Size([48, 2048])
clipping gradient: 27.266658119323388 with coef 0.7334965624491533
input:  torch.Size([48, 2048])
input:  torch.Size([48, 2048])
clipping gradient: 26.167193431738532 with coef 0.7643158236351683
input:  torch.Size([48, 2048])
input:  torch.Size([48, 2048])
clipping gradient: 21.397286803460428 with coef 0.9346979448238056
input:  torch.Size([48, 2048])
input:  torch.Size([48, 2048])
clipping gradient: 20.308190397517517 with coef 0.984824329913945
input:  torch.Size([48, 2048])
input:  torch.Size([48, 2048])
clipping gradient: 24.962389320035527 with coef 0.8012053551279015
input:  torch.Size([48, 2048])
input:  torch.Size([48, 2048])
clipping gradient: 27.72945748635774 with coef 0.7212546444458765
input:  torch.Size([48, 2048])
input:  torch.Size([48, 2048])
clipping gradient: 20.289081831858343 with coef 0.985751852436988
input:  torch.Size([48, 2048])
input:  torch.Size([48, 2048])
clipping gradient: 23.81721986136392 with coef 0.8397285710262019
input:  torch.Size([48, 2048])
input:  torch.Size([48, 2048])
clipping gradient: 20.516665972663887 with coef 0.9748172547453721
input:  torch.Size([48, 2048])
input:  torch.Size([48, 2048])
clipping gradient: 25.503904507168397 with coef 0.7841936513830103
input:  torch.Size([48, 2048])
input:  torch.Size([48, 2048])
clipping gradient: 24.642858185175097 with coef 0.8115941685705843
input:  torch.Size([48, 2048])
input:  torch.Size([48, 2048])
clipping gradient: 22.57406625276111 with coef 0.885972415251228
input:  torch.Size([48, 2048])
input:  torch.Size([48, 2048])
clipping gradient: 20.4191921034634 with coef 0.9794706812424622
input:  torch.Size([48, 2048])
input:  torch.Size([48, 2048])
clipping gradient: 22.76874775519329 with coef 0.8783970122132971
input:  torch.Size([48, 2048])
input:  torch.Size([48, 2048])
clipping gradient: 26.852972229082532 with coef 0.7447965100242956
input:  torch.Size([48, 2048])
input:  torch.Size([48, 2048])
input:  torch.Size([48, 2048])
input:  torch.Size([48, 2048])
clipping gradient: 22.544898814524124 with coef 0.8871186410965561
input:  torch.Size([3, 2048])
clipping gradient: 231.7259407963183 with coef 0.08630885230747443
Freezing BatchNorm2D except the first one.
slurmstepd: error: *** JOB 221945 ON comp008 CANCELLED AT 2019-01-29T21:19:21 ***
