Start Training ...................................

          Initializing TSN with base model: BNInception.
          TSN Configurations:
              input_modality:     RGBDiff
              num_segments:       3
              new_length:         5
              consensus_module:   avg
              dropout_ratio:      0.8
               
Load and modify the standard model FC output layer
Dropout Layer added and The modified linear layer is : Linear(in_features=1024, out_features=101, bias=True)
Done. Loading and Modifying 
 ---------------------------------------------------
Converting the ImageNet model to RGBDiff model
The modified 1st layer is Conv2d(15, 64, kernel_size=(7, 7), stride=(2, 2), padding=(3, 3))
Done. RGBDiff model is ready.
Loading checkpoint '/home/alex039u2/data/tsn_paper/server_scripts/real-time-action-recognition/_rgbdiff_checkpoint.pth.tar'
Loaded checkpoint 'False' epoch 95
---------------------------------------------------
group: first_conv_weight has 1 params, lr_mult: 1, decay_mult: 1
group: first_conv_bias has 1 params, lr_mult: 2, decay_mult: 0
group: normal_weight has 69 params, lr_mult: 1, decay_mult: 1
group: normal_bias has 69 params, lr_mult: 2, decay_mult: 0
group: BN scale/shift has 2 params, lr_mult: 1, decay_mult: 0
---------------------------------------------------
Epoch: [95][0/150], lr: 0.00010	Time 33.331 (33.331)	Data 22.195 (22.195)	Loss 0.0085 (0.0085)	Acc@1 100.000 (100.000)	Acc@5 100.000 (100.000)
Epoch: [95][20/150], lr: 0.00010	Time 14.666 (5.421)	Data 13.052 (3.636)	Loss 0.0360 (0.0318)	Acc@1 98.438 (98.810)	Acc@5 100.000 (100.000)
Epoch: [95][40/150], lr: 0.00010	Time 12.962 (5.121)	Data 11.357 (3.507)	Loss 0.0363 (0.0382)	Acc@1 98.438 (98.666)	Acc@5 100.000 (99.924)
Epoch: [95][60/150], lr: 0.00010	Time 15.037 (4.995)	Data 13.506 (3.467)	Loss 0.0029 (0.0385)	Acc@1 100.000 (98.668)	Acc@5 100.000 (99.949)
Epoch: [95][80/150], lr: 0.00010	Time 19.799 (5.012)	Data 18.383 (3.500)	Loss 0.0330 (0.0409)	Acc@1 100.000 (98.650)	Acc@5 100.000 (99.961)
Epoch: [95][100/150], lr: 0.00010	Time 12.302 (4.970)	Data 10.896 (3.475)	Loss 0.0018 (0.0418)	Acc@1 100.000 (98.654)	Acc@5 100.000 (99.954)
Epoch: [95][120/150], lr: 0.00010	Time 11.408 (4.950)	Data 10.117 (3.484)	Loss 0.0280 (0.0405)	Acc@1 98.438 (98.709)	Acc@5 100.000 (99.961)
Epoch: [95][140/150], lr: 0.00010	Time 9.567 (4.922)	Data 8.246 (3.458)	Loss 0.1635 (0.0409)	Acc@1 96.875 (98.737)	Acc@5 98.438 (99.956)
Epoch: [96][0/150], lr: 0.00010	Time 23.262 (23.262)	Data 20.939 (20.939)	Loss 0.0108 (0.0108)	Acc@1 100.000 (100.000)	Acc@5 100.000 (100.000)
Epoch: [96][20/150], lr: 0.00010	Time 14.350 (5.623)	Data 12.372 (4.172)	Loss 0.0247 (0.0383)	Acc@1 100.000 (98.884)	Acc@5 100.000 (100.000)
Epoch: [96][40/150], lr: 0.00010	Time 16.045 (5.294)	Data 14.042 (3.851)	Loss 0.0381 (0.0310)	Acc@1 98.438 (99.123)	Acc@5 100.000 (100.000)
Epoch: [96][60/150], lr: 0.00010	Time 14.810 (5.063)	Data 13.339 (3.652)	Loss 0.0027 (0.0351)	Acc@1 100.000 (98.847)	Acc@5 100.000 (99.974)
Epoch: [96][80/150], lr: 0.00010	Time 15.874 (5.004)	Data 14.574 (3.574)	Loss 0.0272 (0.0367)	Acc@1 98.438 (98.804)	Acc@5 100.000 (99.981)
Epoch: [96][100/150], lr: 0.00010	Time 15.621 (4.962)	Data 13.970 (3.528)	Loss 0.0101 (0.0375)	Acc@1 100.000 (98.762)	Acc@5 100.000 (99.969)
Epoch: [96][120/150], lr: 0.00010	Time 15.300 (4.928)	Data 14.002 (3.509)	Loss 0.0070 (0.0374)	Acc@1 100.000 (98.760)	Acc@5 100.000 (99.974)
Epoch: [96][140/150], lr: 0.00010	Time 15.146 (4.896)	Data 13.817 (3.469)	Loss 0.0469 (0.0401)	Acc@1 98.438 (98.703)	Acc@5 100.000 (99.945)
Epoch: [97][0/150], lr: 0.00010	Time 25.419 (25.419)	Data 23.908 (23.908)	Loss 0.0227 (0.0227)	Acc@1 100.000 (100.000)	Acc@5 100.000 (100.000)
Epoch: [97][20/150], lr: 0.00010	Time 14.988 (5.692)	Data 13.401 (4.241)	Loss 0.0595 (0.0398)	Acc@1 98.438 (98.810)	Acc@5 100.000 (99.926)
Epoch: [97][40/150], lr: 0.00010	Time 14.864 (5.232)	Data 13.167 (3.787)	Loss 0.0632 (0.0434)	Acc@1 98.438 (98.552)	Acc@5 98.438 (99.924)
Epoch: [97][60/150], lr: 0.00010	Time 14.329 (5.053)	Data 12.747 (3.629)	Loss 0.0568 (0.0410)	Acc@1 96.875 (98.642)	Acc@5 100.000 (99.949)
Epoch: [97][80/150], lr: 0.00010	Time 15.788 (4.996)	Data 14.385 (3.570)	Loss 0.0738 (0.0416)	Acc@1 96.875 (98.534)	Acc@5 100.000 (99.961)
Epoch: [97][100/150], lr: 0.00010	Time 14.359 (4.952)	Data 12.946 (3.524)	Loss 0.0111 (0.0430)	Acc@1 100.000 (98.499)	Acc@5 100.000 (99.969)
Epoch: [97][120/150], lr: 0.00010	Time 18.653 (4.945)	Data 15.932 (3.515)	Loss 0.0770 (0.0437)	Acc@1 96.875 (98.528)	Acc@5 100.000 (99.961)
Epoch: [97][140/150], lr: 0.00010	Time 16.493 (4.923)	Data 14.561 (3.497)	Loss 0.0125 (0.0424)	Acc@1 100.000 (98.582)	Acc@5 100.000 (99.967)
Epoch: [98][0/150], lr: 0.00010	Time 23.566 (23.566)	Data 21.905 (21.905)	Loss 0.0087 (0.0087)	Acc@1 100.000 (100.000)	Acc@5 100.000 (100.000)
Epoch: [98][20/150], lr: 0.00010	Time 16.510 (5.690)	Data 13.263 (4.199)	Loss 0.0070 (0.0456)	Acc@1 100.000 (98.512)	Acc@5 100.000 (99.926)
Epoch: [98][40/150], lr: 0.00010	Time 14.870 (5.231)	Data 13.499 (3.760)	Loss 0.1433 (0.0406)	Acc@1 98.438 (98.666)	Acc@5 98.438 (99.886)
Epoch: [98][60/150], lr: 0.00010	Time 14.220 (5.096)	Data 12.773 (3.631)	Loss 0.0038 (0.0417)	Acc@1 100.000 (98.617)	Acc@5 100.000 (99.923)
Epoch: [98][80/150], lr: 0.00010	Time 15.746 (5.013)	Data 13.949 (3.550)	Loss 0.1086 (0.0421)	Acc@1 96.875 (98.630)	Acc@5 100.000 (99.942)
Epoch: [98][100/150], lr: 0.00010	Time 13.672 (4.937)	Data 12.286 (3.478)	Loss 0.1850 (0.0457)	Acc@1 95.312 (98.577)	Acc@5 98.438 (99.923)
Epoch: [98][120/150], lr: 0.00010	Time 14.097 (4.902)	Data 12.457 (3.448)	Loss 0.1769 (0.0429)	Acc@1 95.312 (98.683)	Acc@5 98.438 (99.923)
Epoch: [98][140/150], lr: 0.00010	Time 15.314 (4.895)	Data 13.743 (3.442)	Loss 0.0503 (0.0427)	Acc@1 98.438 (98.692)	Acc@5 100.000 (99.922)
Epoch: [99][0/150], lr: 0.00010	Time 24.462 (24.462)	Data 22.811 (22.811)	Loss 0.0394 (0.0394)	Acc@1 96.875 (96.875)	Acc@5 100.000 (100.000)
Epoch: [99][20/150], lr: 0.00010	Time 14.921 (5.688)	Data 13.363 (4.229)	Loss 0.0402 (0.0415)	Acc@1 96.875 (98.438)	Acc@5 100.000 (100.000)
Epoch: [99][40/150], lr: 0.00010	Time 15.663 (5.226)	Data 12.406 (3.754)	Loss 0.0201 (0.0365)	Acc@1 98.438 (98.552)	Acc@5 100.000 (99.962)
Epoch: [99][60/150], lr: 0.00010	Time 17.192 (5.067)	Data 15.401 (3.622)	Loss 0.0333 (0.0375)	Acc@1 96.875 (98.566)	Acc@5 100.000 (99.974)
Epoch: [99][80/150], lr: 0.00010	Time 15.294 (4.978)	Data 13.618 (3.526)	Loss 0.1312 (0.0367)	Acc@1 93.750 (98.611)	Acc@5 100.000 (99.981)
Epoch: [99][100/150], lr: 0.00010	Time 15.240 (4.907)	Data 13.827 (3.462)	Loss 0.0047 (0.0395)	Acc@1 100.000 (98.546)	Acc@5 100.000 (99.954)
Epoch: [99][120/150], lr: 0.00010	Time 16.059 (4.924)	Data 14.585 (3.482)	Loss 0.0033 (0.0410)	Acc@1 100.000 (98.515)	Acc@5 100.000 (99.935)
Epoch: [99][140/150], lr: 0.00010	Time 13.165 (4.912)	Data 11.789 (3.468)	Loss 0.0050 (0.0402)	Acc@1 100.000 (98.570)	Acc@5 100.000 (99.934)
Test: [0/60]	Time 22.828 (22.828)	Loss 0.0636 (0.0636)	Acc@1 96.875 (96.875)	Acc@5 100.000 (100.000)
Test: [20/60]	Time 12.352 (5.156)	Loss 3.1117 (1.1577)	Acc@1 60.938 (79.018)	Acc@5 73.438 (94.420)
Test: [40/60]	Time 15.891 (4.814)	Loss 0.4381 (1.1582)	Acc@1 90.625 (79.421)	Acc@5 98.438 (94.436)
 * Acc@1 80.730 Acc@5 94.792 Loss 1.06679
Epoch: [100][0/150], lr: 0.00010	Time 24.739 (24.739)	Data 22.450 (22.450)	Loss 0.0321 (0.0321)	Acc@1 98.438 (98.438)	Acc@5 100.000 (100.000)
Epoch: [100][20/150], lr: 0.00010	Time 14.060 (5.775)	Data 12.614 (4.265)	Loss 0.0405 (0.0261)	Acc@1 98.438 (99.033)	Acc@5 100.000 (100.000)
Epoch: [100][40/150], lr: 0.00010	Time 14.482 (5.329)	Data 13.194 (3.898)	Loss 0.0825 (0.0345)	Acc@1 96.875 (98.742)	Acc@5 100.000 (99.962)
Epoch: [100][60/150], lr: 0.00010	Time 15.419 (5.169)	Data 14.055 (3.726)	Loss 0.0189 (0.0450)	Acc@1 100.000 (98.566)	Acc@5 100.000 (99.949)
Epoch: [100][80/150], lr: 0.00010	Time 15.703 (5.075)	Data 13.892 (3.649)	Loss 0.0359 (0.0435)	Acc@1 98.438 (98.688)	Acc@5 100.000 (99.942)
Epoch: [100][100/150], lr: 0.00010	Time 14.425 (4.989)	Data 13.010 (3.559)	Loss 0.0794 (0.0437)	Acc@1 98.438 (98.747)	Acc@5 100.000 (99.938)
Epoch: [100][120/150], lr: 0.00010	Time 19.396 (4.990)	Data 16.751 (3.555)	Loss 0.0749 (0.0429)	Acc@1 96.875 (98.683)	Acc@5 100.000 (99.948)
Epoch: [100][140/150], lr: 0.00010	Time 29.186 (5.277)	Data 27.007 (3.824)	Loss 0.0063 (0.0418)	Acc@1 100.000 (98.759)	Acc@5 100.000 (99.956)
Epoch: [101][0/150], lr: 0.00010	Time 57.156 (57.156)	Data 53.956 (53.956)	Loss 0.0475 (0.0475)	Acc@1 98.438 (98.438)	Acc@5 100.000 (100.000)
Epoch: [101][20/150], lr: 0.00010	Time 58.096 (16.684)	Data 54.279 (14.807)	Loss 0.0004 (0.0400)	Acc@1 100.000 (98.958)	Acc@5 100.000 (99.926)
Epoch: [101][40/150], lr: 0.00010	Time 69.294 (16.996)	Data 66.041 (15.028)	Loss 0.1511 (0.0446)	Acc@1 96.875 (98.819)	Acc@5 98.438 (99.848)
Epoch: [101][60/150], lr: 0.00010	Time 86.969 (19.390)	Data 83.330 (17.298)	Loss 0.0218 (0.0473)	Acc@1 100.000 (98.668)	Acc@5 100.000 (99.872)
Epoch: [101][80/150], lr: 0.00010	Time 104.388 (21.779)	Data 100.780 (19.635)	Loss 0.0349 (0.0454)	Acc@1 98.438 (98.650)	Acc@5 100.000 (99.904)
Epoch: [101][100/150], lr: 0.00010	Time 117.333 (24.096)	Data 112.675 (21.854)	Loss 0.0522 (0.0460)	Acc@1 98.438 (98.654)	Acc@5 100.000 (99.923)
Epoch: [101][120/150], lr: 0.00010	Time 126.180 (26.635)	Data 120.887 (24.314)	Loss 0.0079 (0.0452)	Acc@1 100.000 (98.605)	Acc@5 100.000 (99.923)
Epoch: [101][140/150], lr: 0.00010	Time 160.731 (29.121)	Data 155.014 (26.707)	Loss 0.0020 (0.0418)	Acc@1 100.000 (98.681)	Acc@5 100.000 (99.922)
Epoch: [102][0/150], lr: 0.00010	Time 203.687 (203.687)	Data 198.144 (198.144)	Loss 0.0384 (0.0384)	Acc@1 98.438 (98.438)	Acc@5 100.000 (100.000)
Epoch: [102][20/150], lr: 0.00010	Time 155.280 (55.981)	Data 149.666 (52.446)	Loss 0.0625 (0.0520)	Acc@1 98.438 (98.214)	Acc@5 100.000 (99.851)
Epoch: [102][40/150], lr: 0.00010	Time 194.438 (56.599)	Data 188.261 (52.916)	Loss 0.0039 (0.0401)	Acc@1 100.000 (98.628)	Acc@5 100.000 (99.924)
Epoch: [102][60/150], lr: 0.00010	Time 193.505 (57.293)	Data 186.921 (53.540)	Loss 0.0165 (0.0386)	Acc@1 100.000 (98.694)	Acc@5 100.000 (99.949)
Epoch: [102][80/150], lr: 0.00010	Time 220.127 (58.965)	Data 211.512 (55.083)	Loss 0.0151 (0.0387)	Acc@1 98.438 (98.688)	Acc@5 100.000 (99.942)
Epoch: [102][100/150], lr: 0.00010	Time 205.130 (60.689)	Data 198.026 (56.551)	Loss 0.0086 (0.0361)	Acc@1 100.000 (98.793)	Acc@5 100.000 (99.954)
Epoch: [102][120/150], lr: 0.00010	Time 217.367 (62.414)	Data 209.974 (58.003)	Loss 0.1755 (0.0387)	Acc@1 95.312 (98.709)	Acc@5 100.000 (99.935)
Epoch: [102][140/150], lr: 0.00010	Time 239.667 (64.787)	Data 230.888 (60.020)	Loss 0.1221 (0.0390)	Acc@1 96.875 (98.726)	Acc@5 100.000 (99.911)
Epoch: [103][0/150], lr: 0.00010	Time 445.778 (445.778)	Data 439.303 (439.303)	Loss 0.0825 (0.0825)	Acc@1 95.312 (95.312)	Acc@5 100.000 (100.000)
Epoch: [103][20/150], lr: 0.00010	Time 333.776 (103.291)	Data 325.491 (98.669)	Loss 0.0615 (0.0354)	Acc@1 96.875 (98.438)	Acc@5 100.000 (100.000)
Epoch: [103][40/150], lr: 0.00010	Time 352.270 (96.830)	Data 345.303 (92.238)	Loss 0.0025 (0.0337)	Acc@1 100.000 (98.704)	Acc@5 100.000 (99.962)
Epoch: [103][60/150], lr: 0.00010	Time 347.160 (94.547)	Data 336.867 (89.686)	Loss 0.0168 (0.0373)	Acc@1 100.000 (98.642)	Acc@5 100.000 (99.949)
Epoch: [103][80/150], lr: 0.00010	Time 391.243 (96.144)	Data 374.186 (90.910)	Loss 0.0078 (0.0400)	Acc@1 100.000 (98.708)	Acc@5 100.000 (99.923)
Epoch: [103][100/150], lr: 0.00010	Time 360.691 (96.519)	Data 348.962 (91.030)	Loss 0.0019 (0.0371)	Acc@1 100.000 (98.809)	Acc@5 100.000 (99.923)
Epoch: [103][120/150], lr: 0.00010	Time 389.740 (98.226)	Data 373.965 (92.527)	Loss 0.0043 (0.0380)	Acc@1 100.000 (98.773)	Acc@5 100.000 (99.935)
Epoch: [103][140/150], lr: 0.00010	Time 356.277 (100.196)	Data 346.639 (94.291)	Loss 0.0297 (0.0376)	Acc@1 98.438 (98.803)	Acc@5 100.000 (99.922)
slurmstepd: error: *** JOB 223898 ON comp001 CANCELLED AT 2019-02-24T14:18:37 DUE TO TIME LIMIT ***
