Start Training ...................................

          Initializing TSN with base model: BNInception.
          TSN Configurations:
              input_modality:     RGBDiff
              num_segments:       3
              new_length:         5
              consensus_module:   avg
              dropout_ratio:      0.8
               
Load and modify the standard model FC output layer
Dropout Layer added and The modified linear layer is : Linear(in_features=1024, out_features=101, bias=True)
Done. Loading and Modifying 
 ---------------------------------------------------
Converting the ImageNet model to RGBDiff model
The modified 1st layer is Conv2d(15, 64, kernel_size=(7, 7), stride=(2, 2), padding=(3, 3))
Done. RGBDiff model is ready.
Loading checkpoint '/home/alex039u2/data/tsn_paper/server_scripts/real-time-action-recognition/_rgbdiff_checkpoint.pth.tar'
Loaded checkpoint 'False' epoch 100
---------------------------------------------------
group: first_conv_weight has 1 params, lr_mult: 1, decay_mult: 1
group: first_conv_bias has 1 params, lr_mult: 2, decay_mult: 0
group: normal_weight has 69 params, lr_mult: 1, decay_mult: 1
group: normal_bias has 69 params, lr_mult: 2, decay_mult: 0
group: BN scale/shift has 2 params, lr_mult: 1, decay_mult: 0
---------------------------------------------------
Epoch: [100][0/150], lr: 0.00010	Time 58.758 (58.758)	Data 34.087 (34.087)	Loss 0.0288 (0.0288)	Acc@1 98.438 (98.438)	Acc@5 100.000 (100.000)
Epoch: [100][20/150], lr: 0.00010	Time 1.301 (4.128)	Data 0.000 (1.625)	Loss 0.0663 (0.0537)	Acc@1 98.438 (98.438)	Acc@5 98.438 (99.851)
Epoch: [100][40/150], lr: 0.00010	Time 1.303 (2.876)	Data 0.000 (0.833)	Loss 0.1365 (0.0547)	Acc@1 95.312 (98.628)	Acc@5 100.000 (99.924)
Epoch: [100][60/150], lr: 0.00010	Time 2.558 (2.469)	Data 0.000 (0.588)	Loss 0.0081 (0.0485)	Acc@1 100.000 (98.694)	Acc@5 100.000 (99.923)
Epoch: [100][80/150], lr: 0.00010	Time 1.315 (2.322)	Data 0.000 (0.532)	Loss 0.0589 (0.0488)	Acc@1 96.875 (98.688)	Acc@5 100.000 (99.865)
Epoch: [100][100/150], lr: 0.00010	Time 1.801 (2.295)	Data 0.000 (0.558)	Loss 0.0283 (0.0452)	Acc@1 98.438 (98.670)	Acc@5 100.000 (99.892)
Epoch: [100][120/150], lr: 0.00010	Time 1.378 (2.202)	Data 0.000 (0.503)	Loss 0.0127 (0.0448)	Acc@1 100.000 (98.709)	Acc@5 100.000 (99.897)
Epoch: [100][140/150], lr: 0.00010	Time 1.381 (2.176)	Data 0.000 (0.510)	Loss 0.0706 (0.0428)	Acc@1 96.875 (98.759)	Acc@5 100.000 (99.900)
Epoch: [101][0/150], lr: 0.00010	Time 31.265 (31.265)	Data 27.269 (27.269)	Loss 0.0145 (0.0145)	Acc@1 100.000 (100.000)	Acc@5 100.000 (100.000)
Epoch: [101][20/150], lr: 0.00010	Time 1.382 (2.969)	Data 0.000 (1.411)	Loss 0.0097 (0.0504)	Acc@1 100.000 (98.363)	Acc@5 100.000 (99.851)
Epoch: [101][40/150], lr: 0.00010	Time 1.311 (2.469)	Data 0.000 (0.926)	Loss 0.0101 (0.0392)	Acc@1 100.000 (98.819)	Acc@5 100.000 (99.886)
Epoch: [101][60/150], lr: 0.00010	Time 5.482 (2.289)	Data 3.841 (0.773)	Loss 0.0287 (0.0438)	Acc@1 98.438 (98.719)	Acc@5 100.000 (99.923)
Epoch: [101][80/150], lr: 0.00010	Time 1.455 (2.143)	Data 0.000 (0.633)	Loss 0.0721 (0.0417)	Acc@1 96.875 (98.765)	Acc@5 100.000 (99.923)
Epoch: [101][100/150], lr: 0.00010	Time 1.317 (2.108)	Data 0.000 (0.576)	Loss 0.0550 (0.0414)	Acc@1 98.438 (98.716)	Acc@5 100.000 (99.938)
Epoch: [101][120/150], lr: 0.00010	Time 11.470 (2.126)	Data 9.824 (0.594)	Loss 0.0542 (0.0401)	Acc@1 98.438 (98.747)	Acc@5 100.000 (99.935)
Epoch: [101][140/150], lr: 0.00010	Time 1.316 (2.067)	Data 0.000 (0.538)	Loss 0.0153 (0.0385)	Acc@1 98.438 (98.803)	Acc@5 100.000 (99.934)
Epoch: [102][0/150], lr: 0.00010	Time 36.410 (36.410)	Data 31.537 (31.537)	Loss 0.0063 (0.0063)	Acc@1 100.000 (100.000)	Acc@5 100.000 (100.000)
Epoch: [102][20/150], lr: 0.00010	Time 1.375 (3.125)	Data 0.000 (1.506)	Loss 0.0086 (0.0241)	Acc@1 100.000 (99.107)	Acc@5 100.000 (100.000)
Epoch: [102][40/150], lr: 0.00010	Time 1.522 (2.751)	Data 0.005 (1.133)	Loss 0.0125 (0.0310)	Acc@1 100.000 (99.047)	Acc@5 100.000 (99.962)
Epoch: [102][60/150], lr: 0.00010	Time 7.753 (2.469)	Data 5.582 (0.911)	Loss 0.0307 (0.0298)	Acc@1 98.438 (99.078)	Acc@5 100.000 (99.974)
Epoch: [102][80/150], lr: 0.00010	Time 1.380 (2.316)	Data 0.001 (0.760)	Loss 0.0344 (0.0335)	Acc@1 100.000 (98.881)	Acc@5 100.000 (99.961)
Epoch: [102][100/150], lr: 0.00010	Time 1.370 (2.199)	Data 0.000 (0.650)	Loss 0.0642 (0.0331)	Acc@1 98.438 (98.963)	Acc@5 100.000 (99.969)
Epoch: [102][120/150], lr: 0.00010	Time 3.524 (2.152)	Data 1.792 (0.602)	Loss 0.1418 (0.0355)	Acc@1 96.875 (98.889)	Acc@5 100.000 (99.948)
Epoch: [102][140/150], lr: 0.00010	Time 1.440 (2.090)	Data 0.000 (0.550)	Loss 0.1590 (0.0368)	Acc@1 95.312 (98.859)	Acc@5 100.000 (99.956)
Epoch: [103][0/150], lr: 0.00010	Time 35.119 (35.119)	Data 32.289 (32.289)	Loss 0.0566 (0.0566)	Acc@1 98.438 (98.438)	Acc@5 100.000 (100.000)
Epoch: [103][20/150], lr: 0.00010	Time 1.311 (3.148)	Data 0.000 (1.632)	Loss 0.0472 (0.0455)	Acc@1 98.438 (98.661)	Acc@5 100.000 (100.000)
Epoch: [103][40/150], lr: 0.00010	Time 1.310 (2.454)	Data 0.000 (0.904)	Loss 0.0322 (0.0412)	Acc@1 98.438 (98.780)	Acc@5 100.000 (100.000)
Epoch: [103][60/150], lr: 0.00010	Time 6.511 (2.296)	Data 4.598 (0.769)	Loss 0.0082 (0.0364)	Acc@1 100.000 (98.924)	Acc@5 100.000 (100.000)
Epoch: [103][80/150], lr: 0.00010	Time 1.327 (2.142)	Data 0.000 (0.622)	Loss 0.0038 (0.0397)	Acc@1 100.000 (98.804)	Acc@5 100.000 (99.981)
Epoch: [103][100/150], lr: 0.00010	Time 1.345 (2.088)	Data 0.000 (0.569)	Loss 0.0314 (0.0400)	Acc@1 98.438 (98.762)	Acc@5 100.000 (99.969)
Epoch: [103][120/150], lr: 0.00010	Time 5.255 (2.056)	Data 3.389 (0.544)	Loss 0.0692 (0.0376)	Acc@1 98.438 (98.851)	Acc@5 100.000 (99.961)
Epoch: [103][140/150], lr: 0.00010	Time 1.324 (2.012)	Data 0.000 (0.503)	Loss 0.0197 (0.0360)	Acc@1 100.000 (98.914)	Acc@5 100.000 (99.967)
Epoch: [104][0/150], lr: 0.00010	Time 31.251 (31.251)	Data 27.084 (27.084)	Loss 0.0154 (0.0154)	Acc@1 100.000 (100.000)	Acc@5 100.000 (100.000)
Epoch: [104][20/150], lr: 0.00010	Time 1.453 (3.036)	Data 0.000 (1.490)	Loss 0.0787 (0.0308)	Acc@1 98.438 (98.958)	Acc@5 100.000 (100.000)
Epoch: [104][40/150], lr: 0.00010	Time 1.411 (2.379)	Data 0.000 (0.851)	Loss 0.0337 (0.0294)	Acc@1 98.438 (99.085)	Acc@5 100.000 (99.962)
Epoch: [104][60/150], lr: 0.00010	Time 1.597 (2.186)	Data 0.000 (0.664)	Loss 0.0695 (0.0292)	Acc@1 95.312 (99.052)	Acc@5 100.000 (99.974)
Epoch: [104][80/150], lr: 0.00010	Time 1.321 (2.072)	Data 0.000 (0.560)	Loss 0.0682 (0.0309)	Acc@1 96.875 (99.035)	Acc@5 100.000 (99.961)
Epoch: [104][100/150], lr: 0.00010	Time 1.361 (2.037)	Data 0.000 (0.511)	Loss 0.0352 (0.0346)	Acc@1 98.438 (98.917)	Acc@5 100.000 (99.954)
Epoch: [104][120/150], lr: 0.00010	Time 3.397 (2.005)	Data 1.840 (0.474)	Loss 0.0657 (0.0358)	Acc@1 96.875 (98.889)	Acc@5 100.000 (99.961)
Epoch: [104][140/150], lr: 0.00010	Time 1.348 (1.960)	Data 0.000 (0.447)	Loss 0.0207 (0.0352)	Acc@1 98.438 (98.892)	Acc@5 100.000 (99.967)
Test: [0/60]	Time 31.331 (31.331)	Loss 0.0355 (0.0355)	Acc@1 98.438 (98.438)	Acc@5 100.000 (100.000)
Test: [20/60]	Time 0.567 (2.631)	Loss 2.7240 (1.0150)	Acc@1 56.250 (79.688)	Acc@5 82.812 (94.792)
Test: [40/60]	Time 1.915 (2.275)	Loss 0.7511 (1.0384)	Acc@1 90.625 (79.611)	Acc@5 92.188 (94.398)
 * Acc@1 80.439 Acc@5 94.713 Loss 0.99354
