Start Training ...................................
/bin/sh: warning: setlocale: LC_ALL: cannot change locale (en_US.UTF-8)

          Initializing TSN with base model: BNInception.
          TSN Configurations:
              input_modality:     RGBDiff
              num_segments:       3
              new_length:         5
              consensus_module:   avg
              dropout_ratio:      0.8
               
Load and modify the standard model FC output layer
Dropout Layer added and The modified linear layer is : Linear(in_features=1024, out_features=101, bias=True)
Done. Loading and Modifying 
 ---------------------------------------------------
Converting the ImageNet model to RGBDiff model
The modified 1st layer is Conv2d(15, 64, kernel_size=(7, 7), stride=(2, 2), padding=(3, 3))
Done. RGBDiff model is ready.
Loading checkpoint '/lfs01/workdirs/alex039/alex039u2/tsn_paper/server_scripts/real-time-action-recognition/_rgbdiff_checkpoint.pth.tar'
Loaded checkpoint 'False' epoch 135
---------------------------------------------------
group: first_conv_weight has 1 params, lr_mult: 1, decay_mult: 1
group: first_conv_bias has 1 params, lr_mult: 2, decay_mult: 0
group: normal_weight has 69 params, lr_mult: 1, decay_mult: 1
group: normal_bias has 69 params, lr_mult: 2, decay_mult: 0
group: BN scale/shift has 2 params, lr_mult: 1, decay_mult: 0
---------------------------------------------------
Epoch: [135][0/150], lr: 0.00010	Time 30.260 (30.260)	Data 19.257 (19.257)	Loss 0.0326 (0.0326)	Acc@1 98.438 (98.438)	Acc@5 100.000 (100.000)
Epoch: [135][20/150], lr: 0.00010	Time 15.304 (9.046)	Data 13.900 (7.236)	Loss 0.0361 (0.0346)	Acc@1 98.438 (98.810)	Acc@5 100.000 (100.000)
Epoch: [135][40/150], lr: 0.00010	Time 15.900 (8.984)	Data 14.478 (7.379)	Loss 0.0920 (0.0308)	Acc@1 98.438 (99.085)	Acc@5 100.000 (100.000)
Epoch: [135][60/150], lr: 0.00010	Time 15.631 (8.882)	Data 14.337 (7.354)	Loss 0.0436 (0.0319)	Acc@1 96.875 (99.001)	Acc@5 100.000 (99.974)
Epoch: [135][80/150], lr: 0.00010	Time 17.501 (8.832)	Data 15.774 (7.334)	Loss 0.0324 (0.0336)	Acc@1 98.438 (98.997)	Acc@5 100.000 (99.961)
Epoch: [135][100/150], lr: 0.00010	Time 16.457 (8.784)	Data 14.978 (7.317)	Loss 0.0272 (0.0349)	Acc@1 98.438 (98.933)	Acc@5 100.000 (99.954)
Epoch: [135][120/150], lr: 0.00010	Time 15.691 (8.759)	Data 14.313 (7.305)	Loss 0.0038 (0.0358)	Acc@1 100.000 (98.902)	Acc@5 100.000 (99.961)
Epoch: [135][140/150], lr: 0.00010	Time 16.742 (8.755)	Data 14.635 (7.309)	Loss 0.0418 (0.0352)	Acc@1 98.438 (98.914)	Acc@5 100.000 (99.956)
Epoch: [136][0/150], lr: 0.00010	Time 20.645 (20.645)	Data 19.243 (19.243)	Loss 0.0649 (0.0649)	Acc@1 96.875 (96.875)	Acc@5 100.000 (100.000)
Epoch: [136][20/150], lr: 0.00010	Time 15.691 (9.015)	Data 14.246 (7.650)	Loss 0.0021 (0.0475)	Acc@1 100.000 (98.810)	Acc@5 100.000 (99.926)
Epoch: [136][40/150], lr: 0.00010	Time 16.745 (8.807)	Data 15.204 (7.418)	Loss 0.0010 (0.0403)	Acc@1 100.000 (98.895)	Acc@5 100.000 (99.924)
Epoch: [136][60/150], lr: 0.00010	Time 14.640 (8.696)	Data 13.282 (7.307)	Loss 0.0147 (0.0382)	Acc@1 98.438 (98.847)	Acc@5 100.000 (99.923)
Epoch: [136][80/150], lr: 0.00010	Time 15.936 (8.657)	Data 14.634 (7.280)	Loss 0.0036 (0.0345)	Acc@1 100.000 (98.997)	Acc@5 100.000 (99.942)
Epoch: [136][100/150], lr: 0.00010	Time 15.468 (8.643)	Data 14.013 (7.262)	Loss 0.0182 (0.0342)	Acc@1 100.000 (98.994)	Acc@5 100.000 (99.938)
Epoch: [136][120/150], lr: 0.00010	Time 14.484 (8.635)	Data 13.126 (7.249)	Loss 0.0015 (0.0340)	Acc@1 100.000 (98.954)	Acc@5 100.000 (99.948)
Epoch: [136][140/150], lr: 0.00010	Time 16.240 (8.621)	Data 14.692 (7.241)	Loss 0.0023 (0.0344)	Acc@1 100.000 (98.925)	Acc@5 100.000 (99.945)
Epoch: [137][0/150], lr: 0.00010	Time 19.579 (19.579)	Data 18.142 (18.142)	Loss 0.0099 (0.0099)	Acc@1 100.000 (100.000)	Acc@5 100.000 (100.000)
Epoch: [137][20/150], lr: 0.00010	Time 16.296 (8.827)	Data 14.972 (7.478)	Loss 0.0111 (0.0260)	Acc@1 100.000 (99.182)	Acc@5 100.000 (100.000)
Epoch: [137][40/150], lr: 0.00010	Time 15.981 (8.585)	Data 14.639 (7.229)	Loss 0.0004 (0.0239)	Acc@1 100.000 (99.238)	Acc@5 100.000 (100.000)
Epoch: [137][60/150], lr: 0.00010	Time 16.409 (8.506)	Data 14.611 (7.148)	Loss 0.0263 (0.0253)	Acc@1 98.438 (99.180)	Acc@5 100.000 (100.000)
Epoch: [137][80/150], lr: 0.00010	Time 15.233 (8.450)	Data 13.816 (7.088)	Loss 0.0443 (0.0243)	Acc@1 98.438 (99.209)	Acc@5 100.000 (100.000)
Epoch: [137][100/150], lr: 0.00010	Time 15.325 (8.426)	Data 14.035 (7.062)	Loss 0.0135 (0.0304)	Acc@1 100.000 (99.072)	Acc@5 100.000 (99.954)
Epoch: [137][120/150], lr: 0.00010	Time 14.554 (8.401)	Data 13.222 (7.033)	Loss 0.1245 (0.0312)	Acc@1 96.875 (99.019)	Acc@5 100.000 (99.961)
Epoch: [137][140/150], lr: 0.00010	Time 15.475 (8.397)	Data 14.078 (7.026)	Loss 0.0578 (0.0313)	Acc@1 96.875 (98.992)	Acc@5 100.000 (99.956)
Epoch: [138][0/150], lr: 0.00010	Time 19.900 (19.900)	Data 17.851 (17.851)	Loss 0.0080 (0.0080)	Acc@1 100.000 (100.000)	Acc@5 100.000 (100.000)
Epoch: [138][20/150], lr: 0.00010	Time 15.615 (8.772)	Data 14.210 (7.375)	Loss 0.0080 (0.0229)	Acc@1 100.000 (99.033)	Acc@5 100.000 (100.000)
Epoch: [138][40/150], lr: 0.00010	Time 15.995 (8.552)	Data 14.251 (7.169)	Loss 0.0303 (0.0269)	Acc@1 98.438 (98.895)	Acc@5 100.000 (100.000)
Epoch: [138][60/150], lr: 0.00010	Time 15.100 (8.447)	Data 13.810 (7.079)	Loss 0.0827 (0.0289)	Acc@1 96.875 (98.873)	Acc@5 100.000 (99.974)
Epoch: [138][80/150], lr: 0.00010	Time 15.048 (8.385)	Data 13.626 (7.018)	Loss 0.0945 (0.0263)	Acc@1 96.875 (99.055)	Acc@5 100.000 (99.981)
Epoch: [138][100/150], lr: 0.00010	Time 14.377 (8.347)	Data 13.056 (6.987)	Loss 0.0200 (0.0294)	Acc@1 100.000 (99.025)	Acc@5 100.000 (99.954)
Epoch: [138][120/150], lr: 0.00010	Time 14.729 (8.323)	Data 13.362 (6.961)	Loss 0.0527 (0.0298)	Acc@1 96.875 (98.980)	Acc@5 100.000 (99.961)
Epoch: [138][140/150], lr: 0.00010	Time 14.399 (8.308)	Data 13.052 (6.950)	Loss 0.0035 (0.0290)	Acc@1 100.000 (98.992)	Acc@5 100.000 (99.967)
Epoch: [139][0/150], lr: 0.00010	Time 20.387 (20.387)	Data 18.902 (18.902)	Loss 0.0052 (0.0052)	Acc@1 100.000 (100.000)	Acc@5 100.000 (100.000)
Epoch: [139][20/150], lr: 0.00010	Time 14.478 (8.610)	Data 13.082 (7.224)	Loss 0.0039 (0.0309)	Acc@1 100.000 (99.033)	Acc@5 100.000 (100.000)
Epoch: [139][40/150], lr: 0.00010	Time 14.554 (8.301)	Data 13.108 (6.910)	Loss 0.2146 (0.0355)	Acc@1 98.438 (99.047)	Acc@5 100.000 (100.000)
Epoch: [139][60/150], lr: 0.00010	Time 15.492 (8.240)	Data 13.313 (6.854)	Loss 0.0779 (0.0318)	Acc@1 96.875 (99.129)	Acc@5 100.000 (99.974)
Epoch: [139][80/150], lr: 0.00010	Time 14.935 (8.194)	Data 13.449 (6.811)	Loss 0.0793 (0.0337)	Acc@1 98.438 (99.016)	Acc@5 100.000 (99.961)
Epoch: [139][100/150], lr: 0.00010	Time 16.104 (8.169)	Data 14.712 (6.784)	Loss 0.0042 (0.0318)	Acc@1 100.000 (99.087)	Acc@5 100.000 (99.969)
Epoch: [139][120/150], lr: 0.00010	Time 14.397 (8.165)	Data 13.108 (6.784)	Loss 0.0046 (0.0301)	Acc@1 100.000 (99.135)	Acc@5 100.000 (99.974)
Epoch: [139][140/150], lr: 0.00010	Time 15.171 (8.149)	Data 13.689 (6.765)	Loss 0.0030 (0.0290)	Acc@1 100.000 (99.125)	Acc@5 100.000 (99.978)
Test: [0/60]	Time 19.946 (19.946)	Loss 1.2507 (1.2507)	Acc@1 68.750 (68.750)	Acc@5 92.188 (92.188)
Test: [20/60]	Time 14.339 (8.303)	Loss 4.9254 (2.1832)	Acc@1 46.875 (66.890)	Acc@5 65.625 (87.054)
Test: [40/60]	Time 15.407 (8.134)	Loss 1.0325 (1.9076)	Acc@1 82.812 (70.541)	Acc@5 95.312 (88.948)
 * Acc@1 72.297 Acc@5 90.431 Loss 1.74835
Epoch: [140][0/150], lr: 0.00010	Time 19.857 (19.857)	Data 18.334 (18.334)	Loss 0.0125 (0.0125)	Acc@1 100.000 (100.000)	Acc@5 100.000 (100.000)
Epoch: [140][20/150], lr: 0.00010	Time 15.658 (8.711)	Data 14.229 (7.340)	Loss 0.0170 (0.0392)	Acc@1 98.438 (98.958)	Acc@5 100.000 (99.926)
Epoch: [140][40/150], lr: 0.00010	Time 14.622 (8.476)	Data 13.219 (7.098)	Loss 0.0309 (0.0379)	Acc@1 100.000 (98.933)	Acc@5 100.000 (99.924)
Epoch: [140][60/150], lr: 0.00010	Time 14.765 (8.389)	Data 13.453 (7.016)	Loss 0.0720 (0.0333)	Acc@1 96.875 (99.052)	Acc@5 100.000 (99.949)
Epoch: [140][80/150], lr: 0.00010	Time 11.369 (8.342)	Data 10.075 (6.972)	Loss 0.0108 (0.0318)	Acc@1 100.000 (99.035)	Acc@5 100.000 (99.942)
Epoch: [140][100/150], lr: 0.00010	Time 11.661 (8.324)	Data 10.154 (6.957)	Loss 0.0242 (0.0319)	Acc@1 98.438 (99.010)	Acc@5 100.000 (99.938)
Epoch: [140][120/150], lr: 0.00010	Time 11.323 (8.290)	Data 9.935 (6.922)	Loss 0.0063 (0.0327)	Acc@1 100.000 (98.967)	Acc@5 100.000 (99.948)
Epoch: [140][140/150], lr: 0.00010	Time 12.003 (8.278)	Data 10.722 (6.911)	Loss 0.0037 (0.0320)	Acc@1 100.000 (98.980)	Acc@5 100.000 (99.956)
Epoch: [141][0/150], lr: 0.00010	Time 20.400 (20.400)	Data 18.989 (18.989)	Loss 0.0122 (0.0122)	Acc@1 100.000 (100.000)	Acc@5 100.000 (100.000)
Epoch: [141][20/150], lr: 0.00010	Time 16.337 (8.707)	Data 14.227 (7.315)	Loss 0.0083 (0.0303)	Acc@1 100.000 (98.735)	Acc@5 100.000 (100.000)
Epoch: [141][40/150], lr: 0.00010	Time 14.628 (8.369)	Data 13.237 (7.004)	Loss 0.0074 (0.0309)	Acc@1 100.000 (98.780)	Acc@5 100.000 (100.000)
Epoch: [141][60/150], lr: 0.00010	Time 14.271 (8.257)	Data 12.911 (6.893)	Loss 0.0689 (0.0311)	Acc@1 98.438 (98.822)	Acc@5 100.000 (100.000)
Epoch: [141][80/150], lr: 0.00010	Time 13.968 (8.210)	Data 12.685 (6.847)	Loss 0.0167 (0.0297)	Acc@1 100.000 (98.939)	Acc@5 100.000 (99.981)
Epoch: [141][100/150], lr: 0.00010	Time 15.036 (8.185)	Data 13.613 (6.824)	Loss 0.0004 (0.0304)	Acc@1 100.000 (98.979)	Acc@5 100.000 (99.969)
Epoch: [141][120/150], lr: 0.00010	Time 15.752 (8.183)	Data 13.637 (6.816)	Loss 0.0031 (0.0288)	Acc@1 100.000 (99.032)	Acc@5 100.000 (99.974)
Epoch: [141][140/150], lr: 0.00010	Time 14.639 (8.168)	Data 13.341 (6.806)	Loss 0.0919 (0.0302)	Acc@1 96.875 (99.003)	Acc@5 100.000 (99.967)
Epoch: [142][0/150], lr: 0.00010	Time 19.996 (19.996)	Data 18.651 (18.651)	Loss 0.0047 (0.0047)	Acc@1 100.000 (100.000)	Acc@5 100.000 (100.000)
Epoch: [142][20/150], lr: 0.00010	Time 14.715 (8.506)	Data 13.170 (7.090)	Loss 0.0022 (0.0285)	Acc@1 100.000 (98.884)	Acc@5 100.000 (100.000)
Epoch: [142][40/150], lr: 0.00010	Time 14.840 (8.257)	Data 13.441 (6.841)	Loss 0.0436 (0.0291)	Acc@1 98.438 (98.971)	Acc@5 100.000 (100.000)
Epoch: [142][60/150], lr: 0.00010	Time 13.988 (8.181)	Data 12.617 (6.782)	Loss 0.0195 (0.0255)	Acc@1 100.000 (99.155)	Acc@5 100.000 (99.974)
Epoch: [142][80/150], lr: 0.00010	Time 14.500 (8.130)	Data 13.102 (6.730)	Loss 0.0411 (0.0290)	Acc@1 98.438 (99.016)	Acc@5 100.000 (99.942)
Epoch: [142][100/150], lr: 0.00010	Time 13.680 (8.102)	Data 12.390 (6.701)	Loss 0.0479 (0.0304)	Acc@1 98.438 (98.994)	Acc@5 100.000 (99.938)
Epoch: [142][120/150], lr: 0.00010	Time 14.746 (8.089)	Data 13.256 (6.692)	Loss 0.0091 (0.0307)	Acc@1 100.000 (99.019)	Acc@5 100.000 (99.948)
Epoch: [142][140/150], lr: 0.00010	Time 16.530 (8.103)	Data 15.091 (6.702)	Loss 0.0279 (0.0299)	Acc@1 98.438 (99.014)	Acc@5 100.000 (99.945)
Epoch: [143][0/150], lr: 0.00010	Time 19.960 (19.960)	Data 18.496 (18.496)	Loss 0.0382 (0.0382)	Acc@1 96.875 (96.875)	Acc@5 100.000 (100.000)
Epoch: [143][20/150], lr: 0.00010	Time 13.650 (8.522)	Data 12.353 (7.145)	Loss 0.0409 (0.0335)	Acc@1 96.875 (98.661)	Acc@5 100.000 (100.000)
Epoch: [143][40/150], lr: 0.00010	Time 14.906 (8.251)	Data 13.266 (6.890)	Loss 0.0505 (0.0353)	Acc@1 96.875 (98.704)	Acc@5 100.000 (99.962)
Epoch: [143][60/150], lr: 0.00010	Time 15.160 (8.167)	Data 13.647 (6.789)	Loss 0.0031 (0.0321)	Acc@1 100.000 (98.822)	Acc@5 100.000 (99.974)
Epoch: [143][80/150], lr: 0.00010	Time 13.384 (8.134)	Data 12.090 (6.756)	Loss 0.0063 (0.0307)	Acc@1 100.000 (98.939)	Acc@5 100.000 (99.961)
Epoch: [143][100/150], lr: 0.00010	Time 14.120 (8.118)	Data 12.684 (6.746)	Loss 0.0083 (0.0315)	Acc@1 100.000 (98.963)	Acc@5 100.000 (99.954)
Epoch: [143][120/150], lr: 0.00010	Time 15.970 (8.118)	Data 14.398 (6.745)	Loss 0.0838 (0.0308)	Acc@1 95.312 (98.993)	Acc@5 100.000 (99.961)
Epoch: [143][140/150], lr: 0.00010	Time 13.445 (8.109)	Data 12.144 (6.739)	Loss 0.0754 (0.0303)	Acc@1 98.438 (98.980)	Acc@5 100.000 (99.967)
Epoch: [144][0/150], lr: 0.00010	Time 20.005 (20.005)	Data 18.586 (18.586)	Loss 0.0029 (0.0029)	Acc@1 100.000 (100.000)	Acc@5 100.000 (100.000)
Epoch: [144][20/150], lr: 0.00010	Time 15.609 (8.443)	Data 14.299 (7.063)	Loss 0.0638 (0.0288)	Acc@1 96.875 (99.182)	Acc@5 100.000 (100.000)
Epoch: [144][40/150], lr: 0.00010	Time 14.384 (8.229)	Data 13.031 (6.850)	Loss 0.0285 (0.0295)	Acc@1 98.438 (99.085)	Acc@5 100.000 (100.000)
Epoch: [144][60/150], lr: 0.00010	Time 15.987 (8.172)	Data 14.555 (6.783)	Loss 0.1121 (0.0396)	Acc@1 98.438 (98.899)	Acc@5 98.438 (99.923)
Epoch: [144][80/150], lr: 0.00010	Time 14.201 (8.139)	Data 12.909 (6.759)	Loss 0.0931 (0.0361)	Acc@1 96.875 (98.958)	Acc@5 100.000 (99.942)
Epoch: [144][100/150], lr: 0.00010	Time 12.596 (8.124)	Data 11.231 (6.737)	Loss 0.0399 (0.0371)	Acc@1 98.438 (98.948)	Acc@5 100.000 (99.923)
Epoch: [144][120/150], lr: 0.00010	Time 13.043 (8.124)	Data 11.623 (6.745)	Loss 0.0036 (0.0352)	Acc@1 100.000 (98.980)	Acc@5 100.000 (99.935)
Epoch: [144][140/150], lr: 0.00010	Time 12.761 (8.116)	Data 11.446 (6.734)	Loss 0.0315 (0.0350)	Acc@1 98.438 (99.003)	Acc@5 100.000 (99.945)
Test: [0/60]	Time 19.089 (19.089)	Loss 0.2999 (0.2999)	Acc@1 90.625 (90.625)	Acc@5 100.000 (100.000)
Test: [20/60]	Time 13.297 (8.199)	Loss 3.3881 (1.2338)	Acc@1 59.375 (78.274)	Acc@5 71.875 (93.601)
Test: [40/60]	Time 15.754 (8.000)	Loss 0.6098 (1.1290)	Acc@1 90.625 (79.611)	Acc@5 95.312 (94.360)
 * Acc@1 80.862 Acc@5 94.845 Loss 1.04759
Epoch: [145][0/150], lr: 0.00010	Time 20.533 (20.533)	Data 18.243 (18.243)	Loss 0.0024 (0.0024)	Acc@1 100.000 (100.000)	Acc@5 100.000 (100.000)
Epoch: [145][20/150], lr: 0.00010	Time 14.664 (8.792)	Data 13.384 (7.401)	Loss 0.0273 (0.0289)	Acc@1 100.000 (99.033)	Acc@5 100.000 (99.851)
Epoch: [145][40/150], lr: 0.00010	Time 15.351 (8.540)	Data 13.762 (7.166)	Loss 0.0265 (0.0292)	Acc@1 98.438 (99.047)	Acc@5 100.000 (99.924)
Epoch: [145][60/150], lr: 0.00010	Time 15.267 (8.432)	Data 13.865 (7.063)	Loss 0.1449 (0.0340)	Acc@1 95.312 (98.899)	Acc@5 100.000 (99.949)
Epoch: [145][80/150], lr: 0.00010	Time 17.723 (8.406)	Data 15.576 (7.038)	Loss 0.0031 (0.0349)	Acc@1 100.000 (98.862)	Acc@5 100.000 (99.961)
Epoch: [145][100/150], lr: 0.00010	Time 14.952 (8.345)	Data 13.651 (6.979)	Loss 0.0097 (0.0347)	Acc@1 100.000 (98.902)	Acc@5 100.000 (99.954)
Epoch: [145][120/150], lr: 0.00010	Time 14.530 (8.313)	Data 13.169 (6.935)	Loss 0.0141 (0.0340)	Acc@1 100.000 (98.889)	Acc@5 100.000 (99.961)
Epoch: [145][140/150], lr: 0.00010	Time 14.381 (8.291)	Data 12.974 (6.920)	Loss 0.0439 (0.0333)	Acc@1 98.438 (98.903)	Acc@5 100.000 (99.967)
Epoch: [146][0/150], lr: 0.00010	Time 22.035 (22.035)	Data 19.577 (19.577)	Loss 0.0181 (0.0181)	Acc@1 98.438 (98.438)	Acc@5 100.000 (100.000)
Epoch: [146][20/150], lr: 0.00010	Time 14.905 (8.611)	Data 13.615 (7.221)	Loss 0.0075 (0.0213)	Acc@1 100.000 (99.256)	Acc@5 100.000 (100.000)
Epoch: [146][40/150], lr: 0.00010	Time 15.191 (8.391)	Data 13.787 (7.002)	Loss 0.0503 (0.0364)	Acc@1 98.438 (99.009)	Acc@5 100.000 (99.924)
Epoch: [146][60/150], lr: 0.00010	Time 16.263 (8.333)	Data 14.157 (6.951)	Loss 0.0116 (0.0361)	Acc@1 100.000 (98.899)	Acc@5 100.000 (99.898)
Epoch: [146][80/150], lr: 0.00010	Time 14.446 (8.276)	Data 13.149 (6.906)	Loss 0.0383 (0.0356)	Acc@1 98.438 (98.881)	Acc@5 100.000 (99.923)
Epoch: [146][100/150], lr: 0.00010	Time 14.499 (8.260)	Data 13.102 (6.889)	Loss 0.0566 (0.0337)	Acc@1 96.875 (98.948)	Acc@5 100.000 (99.938)
Epoch: [146][120/150], lr: 0.00010	Time 15.005 (8.245)	Data 13.716 (6.884)	Loss 0.0436 (0.0314)	Acc@1 98.438 (99.006)	Acc@5 100.000 (99.948)
Epoch: [146][140/150], lr: 0.00010	Time 14.267 (8.226)	Data 12.985 (6.861)	Loss 0.0090 (0.0339)	Acc@1 100.000 (98.958)	Acc@5 100.000 (99.945)
Epoch: [147][0/150], lr: 0.00010	Time 20.973 (20.973)	Data 19.273 (19.273)	Loss 0.0185 (0.0185)	Acc@1 100.000 (100.000)	Acc@5 100.000 (100.000)
Epoch: [147][20/150], lr: 0.00010	Time 14.484 (8.369)	Data 13.027 (7.003)	Loss 0.0225 (0.0397)	Acc@1 98.438 (98.810)	Acc@5 100.000 (99.851)
Epoch: [147][40/150], lr: 0.00010	Time 15.764 (8.184)	Data 14.453 (6.821)	Loss 0.0464 (0.0396)	Acc@1 98.438 (98.895)	Acc@5 100.000 (99.809)
Epoch: [147][60/150], lr: 0.00010	Time 13.931 (8.110)	Data 12.645 (6.752)	Loss 0.0021 (0.0359)	Acc@1 100.000 (99.027)	Acc@5 100.000 (99.846)
Epoch: [147][80/150], lr: 0.00010	Time 13.804 (8.080)	Data 12.397 (6.715)	Loss 0.0057 (0.0354)	Acc@1 100.000 (99.035)	Acc@5 100.000 (99.865)
Epoch: [147][100/150], lr: 0.00010	Time 14.105 (8.055)	Data 12.820 (6.691)	Loss 0.0128 (0.0338)	Acc@1 100.000 (99.056)	Acc@5 100.000 (99.876)
Epoch: [147][120/150], lr: 0.00010	Time 12.580 (8.041)	Data 11.288 (6.681)	Loss 0.0046 (0.0330)	Acc@1 100.000 (99.070)	Acc@5 100.000 (99.897)
Epoch: [147][140/150], lr: 0.00010	Time 14.100 (8.040)	Data 12.630 (6.683)	Loss 0.0053 (0.0346)	Acc@1 100.000 (99.036)	Acc@5 100.000 (99.911)
Epoch: [148][0/150], lr: 0.00010	Time 19.043 (19.043)	Data 17.719 (17.719)	Loss 0.0203 (0.0203)	Acc@1 100.000 (100.000)	Acc@5 100.000 (100.000)
Epoch: [148][20/150], lr: 0.00010	Time 13.611 (8.416)	Data 12.176 (7.053)	Loss 0.0471 (0.0201)	Acc@1 98.438 (99.479)	Acc@5 100.000 (99.926)
Epoch: [148][40/150], lr: 0.00010	Time 13.383 (8.147)	Data 12.041 (6.777)	Loss 0.0026 (0.0225)	Acc@1 100.000 (99.505)	Acc@5 100.000 (99.886)
Epoch: [148][60/150], lr: 0.00010	Time 13.613 (8.091)	Data 12.280 (6.730)	Loss 0.0315 (0.0219)	Acc@1 100.000 (99.411)	Acc@5 100.000 (99.923)
Epoch: [148][80/150], lr: 0.00010	Time 13.247 (8.039)	Data 11.766 (6.675)	Loss 0.0155 (0.0257)	Acc@1 100.000 (99.267)	Acc@5 100.000 (99.904)
Epoch: [148][100/150], lr: 0.00010	Time 12.527 (8.019)	Data 11.243 (6.658)	Loss 0.0003 (0.0251)	Acc@1 100.000 (99.288)	Acc@5 100.000 (99.892)
Epoch: [148][120/150], lr: 0.00010	Time 14.379 (8.015)	Data 13.080 (6.659)	Loss 0.0290 (0.0269)	Acc@1 98.438 (99.225)	Acc@5 100.000 (99.910)
Epoch: [148][140/150], lr: 0.00010	Time 14.535 (8.024)	Data 13.131 (6.664)	Loss 0.0416 (0.0274)	Acc@1 98.438 (99.202)	Acc@5 100.000 (99.922)
Epoch: [149][0/150], lr: 0.00010	Time 19.811 (19.811)	Data 18.360 (18.360)	Loss 0.0038 (0.0038)	Acc@1 100.000 (100.000)	Acc@5 100.000 (100.000)
Epoch: [149][20/150], lr: 0.00010	Time 13.640 (8.377)	Data 12.190 (6.992)	Loss 0.0506 (0.0418)	Acc@1 98.438 (98.810)	Acc@5 100.000 (100.000)
Epoch: [149][40/150], lr: 0.00010	Time 14.157 (8.118)	Data 12.876 (6.749)	Loss 0.0388 (0.0306)	Acc@1 98.438 (99.085)	Acc@5 100.000 (100.000)
Epoch: [149][60/150], lr: 0.00010	Time 14.432 (8.019)	Data 12.927 (6.661)	Loss 0.0585 (0.0291)	Acc@1 98.438 (99.103)	Acc@5 100.000 (99.974)
Epoch: [149][80/150], lr: 0.00010	Time 15.560 (8.006)	Data 14.052 (6.645)	Loss 0.0100 (0.0282)	Acc@1 100.000 (99.151)	Acc@5 100.000 (99.981)
Epoch: [149][100/150], lr: 0.00010	Time 15.288 (7.991)	Data 13.790 (6.625)	Loss 0.0572 (0.0287)	Acc@1 98.438 (99.087)	Acc@5 100.000 (99.969)
Epoch: [149][120/150], lr: 0.00010	Time 14.031 (7.980)	Data 12.713 (6.619)	Loss 0.0254 (0.0279)	Acc@1 98.438 (99.070)	Acc@5 100.000 (99.974)
Epoch: [149][140/150], lr: 0.00010	Time 15.219 (7.972)	Data 13.651 (6.607)	Loss 0.0149 (0.0295)	Acc@1 98.438 (99.080)	Acc@5 100.000 (99.978)
Test: [0/60]	Time 19.006 (19.006)	Loss 0.3590 (0.3590)	Acc@1 89.062 (89.062)	Acc@5 100.000 (100.000)
Test: [20/60]	Time 14.524 (8.241)	Loss 3.8672 (1.1882)	Acc@1 56.250 (78.125)	Acc@5 67.188 (93.229)
Test: [40/60]	Time 14.686 (7.985)	Loss 0.6780 (1.1303)	Acc@1 87.500 (79.459)	Acc@5 95.312 (93.864)
 * Acc@1 80.703 Acc@5 94.422 Loss 1.07763
Epoch: [150][0/150], lr: 0.00010	Time 19.783 (19.783)	Data 18.253 (18.253)	Loss 0.0387 (0.0387)	Acc@1 98.438 (98.438)	Acc@5 100.000 (100.000)
Epoch: [150][20/150], lr: 0.00010	Time 14.592 (8.616)	Data 13.299 (7.269)	Loss 0.0114 (0.0462)	Acc@1 100.000 (98.661)	Acc@5 100.000 (99.926)
Epoch: [150][40/150], lr: 0.00010	Time 14.915 (8.357)	Data 13.617 (7.010)	Loss 0.0469 (0.0437)	Acc@1 98.438 (98.666)	Acc@5 100.000 (99.886)
Epoch: [150][60/150], lr: 0.00010	Time 14.743 (8.287)	Data 13.347 (6.942)	Loss 0.0336 (0.0388)	Acc@1 98.438 (98.770)	Acc@5 100.000 (99.923)
Epoch: [150][80/150], lr: 0.00010	Time 14.460 (8.231)	Data 13.172 (6.883)	Loss 0.0124 (0.0340)	Acc@1 100.000 (98.939)	Acc@5 100.000 (99.942)
Epoch: [150][100/150], lr: 0.00010	Time 14.921 (8.234)	Data 13.416 (6.878)	Loss 0.0116 (0.0321)	Acc@1 100.000 (98.979)	Acc@5 100.000 (99.938)
Epoch: [150][120/150], lr: 0.00010	Time 14.720 (8.217)	Data 13.134 (6.857)	Loss 0.0004 (0.0310)	Acc@1 100.000 (99.032)	Acc@5 100.000 (99.948)
Epoch: [150][140/150], lr: 0.00010	Time 16.291 (8.228)	Data 14.831 (6.867)	Loss 0.0011 (0.0296)	Acc@1 100.000 (99.113)	Acc@5 100.000 (99.945)
Epoch: [151][0/150], lr: 0.00010	Time 20.254 (20.254)	Data 18.826 (18.826)	Loss 0.0080 (0.0080)	Acc@1 100.000 (100.000)	Acc@5 100.000 (100.000)
Epoch: [151][20/150], lr: 0.00010	Time 16.557 (8.765)	Data 14.041 (7.357)	Loss 0.0365 (0.0282)	Acc@1 100.000 (99.330)	Acc@5 100.000 (99.926)
Epoch: [151][40/150], lr: 0.00010	Time 14.947 (8.535)	Data 13.608 (7.150)	Loss 0.0396 (0.0308)	Acc@1 98.438 (99.162)	Acc@5 100.000 (99.962)
Epoch: [151][60/150], lr: 0.00010	Time 15.904 (8.432)	Data 14.174 (7.043)	Loss 0.0109 (0.0288)	Acc@1 100.000 (99.155)	Acc@5 100.000 (99.974)
Epoch: [151][80/150], lr: 0.00010	Time 15.129 (8.360)	Data 13.552 (6.978)	Loss 0.0397 (0.0279)	Acc@1 98.438 (99.113)	Acc@5 100.000 (99.981)
Epoch: [151][100/150], lr: 0.00010	Time 14.602 (8.338)	Data 13.312 (6.964)	Loss 0.0601 (0.0319)	Acc@1 98.438 (98.963)	Acc@5 98.438 (99.923)
Epoch: [151][120/150], lr: 0.00010	Time 14.337 (8.308)	Data 13.051 (6.937)	Loss 0.0065 (0.0303)	Acc@1 100.000 (99.032)	Acc@5 100.000 (99.923)
Epoch: [151][140/150], lr: 0.00010	Time 14.739 (8.279)	Data 13.323 (6.913)	Loss 0.0264 (0.0310)	Acc@1 98.438 (98.992)	Acc@5 100.000 (99.911)
Epoch: [152][0/150], lr: 0.00010	Time 19.684 (19.684)	Data 18.052 (18.052)	Loss 0.0115 (0.0115)	Acc@1 100.000 (100.000)	Acc@5 100.000 (100.000)
Epoch: [152][20/150], lr: 0.00010	Time 14.840 (8.532)	Data 13.385 (7.121)	Loss 0.0991 (0.0300)	Acc@1 96.875 (99.107)	Acc@5 98.438 (99.926)
Epoch: [152][40/150], lr: 0.00010	Time 14.246 (8.273)	Data 12.963 (6.900)	Loss 0.0248 (0.0245)	Acc@1 98.438 (99.200)	Acc@5 100.000 (99.962)
Epoch: [152][60/150], lr: 0.00010	Time 15.613 (8.200)	Data 13.643 (6.828)	Loss 0.0215 (0.0257)	Acc@1 100.000 (99.129)	Acc@5 100.000 (99.949)
Epoch: [152][80/150], lr: 0.00010	Time 14.176 (8.149)	Data 12.759 (6.776)	Loss 0.0401 (0.0317)	Acc@1 98.438 (98.939)	Acc@5 100.000 (99.904)
Epoch: [152][100/150], lr: 0.00010	Time 15.865 (8.130)	Data 13.601 (6.759)	Loss 0.0902 (0.0321)	Acc@1 98.438 (98.948)	Acc@5 100.000 (99.923)
Epoch: [152][120/150], lr: 0.00010	Time 14.649 (8.121)	Data 13.258 (6.750)	Loss 0.0086 (0.0312)	Acc@1 100.000 (98.980)	Acc@5 100.000 (99.923)
Epoch: [152][140/150], lr: 0.00010	Time 13.867 (8.112)	Data 12.477 (6.737)	Loss 0.0137 (0.0297)	Acc@1 100.000 (99.047)	Acc@5 100.000 (99.934)
Epoch: [153][0/150], lr: 0.00010	Time 19.487 (19.487)	Data 18.198 (18.198)	Loss 0.0017 (0.0017)	Acc@1 100.000 (100.000)	Acc@5 100.000 (100.000)
Epoch: [153][20/150], lr: 0.00010	Time 14.625 (8.468)	Data 13.193 (7.134)	Loss 0.0032 (0.0338)	Acc@1 100.000 (98.884)	Acc@5 100.000 (99.851)
Epoch: [153][40/150], lr: 0.00010	Time 14.766 (8.241)	Data 13.361 (6.859)	Loss 0.0035 (0.0323)	Acc@1 100.000 (98.895)	Acc@5 100.000 (99.924)
Epoch: [153][60/150], lr: 0.00010	Time 13.929 (8.166)	Data 12.649 (6.794)	Loss 0.0110 (0.0295)	Acc@1 100.000 (99.027)	Acc@5 100.000 (99.923)
Epoch: [153][80/150], lr: 0.00010	Time 15.305 (8.114)	Data 13.867 (6.745)	Loss 0.0054 (0.0302)	Acc@1 100.000 (99.035)	Acc@5 100.000 (99.923)
Epoch: [153][100/150], lr: 0.00010	Time 13.587 (8.072)	Data 12.298 (6.707)	Loss 0.0459 (0.0314)	Acc@1 98.438 (98.994)	Acc@5 100.000 (99.923)
Epoch: [153][120/150], lr: 0.00010	Time 14.116 (8.046)	Data 12.836 (6.688)	Loss 0.0336 (0.0314)	Acc@1 98.438 (98.980)	Acc@5 100.000 (99.935)
Epoch: [153][140/150], lr: 0.00010	Time 14.585 (8.070)	Data 13.291 (6.712)	Loss 0.0069 (0.0316)	Acc@1 100.000 (99.003)	Acc@5 100.000 (99.922)
Epoch: [154][0/150], lr: 0.00010	Time 19.752 (19.752)	Data 18.269 (18.269)	Loss 0.0208 (0.0208)	Acc@1 98.438 (98.438)	Acc@5 100.000 (100.000)
Epoch: [154][20/150], lr: 0.00010	Time 14.202 (8.542)	Data 12.918 (7.175)	Loss 0.0027 (0.0144)	Acc@1 100.000 (99.405)	Acc@5 100.000 (100.000)
Epoch: [154][40/150], lr: 0.00010	Time 13.660 (8.300)	Data 12.326 (6.946)	Loss 0.0102 (0.0208)	Acc@1 100.000 (99.352)	Acc@5 100.000 (99.962)
Epoch: [154][60/150], lr: 0.00010	Time 16.058 (8.328)	Data 14.740 (6.969)	Loss 0.0235 (0.0266)	Acc@1 98.438 (99.180)	Acc@5 100.000 (99.974)
Epoch: [154][80/150], lr: 0.00010	Time 15.404 (8.350)	Data 13.900 (6.988)	Loss 0.0624 (0.0322)	Acc@1 96.875 (98.997)	Acc@5 100.000 (99.961)
Epoch: [154][100/150], lr: 0.00010	Time 14.599 (8.380)	Data 13.313 (7.018)	Loss 0.0130 (0.0326)	Acc@1 100.000 (98.994)	Acc@5 100.000 (99.907)
Epoch: [154][120/150], lr: 0.00010	Time 15.906 (8.382)	Data 14.469 (7.023)	Loss 0.0071 (0.0337)	Acc@1 100.000 (98.993)	Acc@5 100.000 (99.897)
Epoch: [154][140/150], lr: 0.00010	Time 15.796 (8.392)	Data 13.479 (7.031)	Loss 0.0024 (0.0346)	Acc@1 100.000 (98.936)	Acc@5 100.000 (99.900)
Test: [0/60]	Time 19.349 (19.349)	Loss 0.3270 (0.3270)	Acc@1 89.062 (89.062)	Acc@5 98.438 (98.438)
Test: [20/60]	Time 15.729 (8.428)	Loss 3.6953 (1.2901)	Acc@1 56.250 (75.372)	Acc@5 70.312 (93.080)
Test: [40/60]	Time 14.989 (8.114)	Loss 0.5904 (1.1937)	Acc@1 90.625 (78.125)	Acc@5 98.438 (93.826)
 * Acc@1 79.857 Acc@5 94.317 Loss 1.10512
Epoch: [155][0/150], lr: 0.00010	Time 20.513 (20.513)	Data 18.820 (18.820)	Loss 0.0145 (0.0145)	Acc@1 100.000 (100.000)	Acc@5 100.000 (100.000)
Epoch: [155][20/150], lr: 0.00010	Time 16.830 (8.977)	Data 14.879 (7.605)	Loss 0.0148 (0.0274)	Acc@1 100.000 (99.182)	Acc@5 100.000 (99.926)
Epoch: [155][40/150], lr: 0.00010	Time 14.864 (8.608)	Data 13.534 (7.255)	Loss 0.0042 (0.0227)	Acc@1 100.000 (99.390)	Acc@5 100.000 (99.924)
Epoch: [155][60/150], lr: 0.00010	Time 16.220 (8.539)	Data 14.627 (7.189)	Loss 0.0705 (0.0228)	Acc@1 98.438 (99.385)	Acc@5 100.000 (99.949)
Epoch: [155][80/150], lr: 0.00010	Time 15.335 (8.471)	Data 14.034 (7.117)	Loss 0.0518 (0.0253)	Acc@1 98.438 (99.248)	Acc@5 100.000 (99.961)
Epoch: [155][100/150], lr: 0.00010	Time 15.487 (8.437)	Data 14.110 (7.089)	Loss 0.0085 (0.0252)	Acc@1 100.000 (99.242)	Acc@5 100.000 (99.954)
Epoch: [155][120/150], lr: 0.00010	Time 15.062 (8.398)	Data 13.780 (7.045)	Loss 0.0014 (0.0247)	Acc@1 100.000 (99.303)	Acc@5 100.000 (99.961)
Epoch: [155][140/150], lr: 0.00010	Time 16.440 (8.376)	Data 14.129 (7.018)	Loss 0.0006 (0.0240)	Acc@1 100.000 (99.302)	Acc@5 100.000 (99.956)
Epoch: [156][0/150], lr: 0.00010	Time 19.899 (19.899)	Data 18.498 (18.498)	Loss 0.0461 (0.0461)	Acc@1 98.438 (98.438)	Acc@5 100.000 (100.000)
Epoch: [156][20/150], lr: 0.00010	Time 14.819 (8.630)	Data 13.422 (7.262)	Loss 0.0079 (0.0311)	Acc@1 100.000 (98.958)	Acc@5 100.000 (100.000)
Epoch: [156][40/150], lr: 0.00010	Time 15.757 (8.412)	Data 14.326 (7.026)	Loss 0.0138 (0.0294)	Acc@1 100.000 (99.123)	Acc@5 100.000 (100.000)
Epoch: [156][60/150], lr: 0.00010	Time 16.630 (8.348)	Data 14.772 (6.964)	Loss 0.0494 (0.0270)	Acc@1 95.312 (99.129)	Acc@5 100.000 (100.000)
Epoch: [156][80/150], lr: 0.00010	Time 15.052 (8.282)	Data 13.657 (6.898)	Loss 0.0709 (0.0280)	Acc@1 98.438 (99.035)	Acc@5 100.000 (100.000)
Epoch: [156][100/150], lr: 0.00010	Time 14.518 (8.243)	Data 12.826 (6.860)	Loss 0.0278 (0.0269)	Acc@1 98.438 (99.087)	Acc@5 100.000 (100.000)
Epoch: [156][120/150], lr: 0.00010	Time 13.841 (8.234)	Data 12.429 (6.855)	Loss 0.0313 (0.0292)	Acc@1 98.438 (98.967)	Acc@5 100.000 (99.987)
Epoch: [156][140/150], lr: 0.00010	Time 14.436 (8.228)	Data 13.078 (6.849)	Loss 0.0021 (0.0289)	Acc@1 100.000 (98.958)	Acc@5 100.000 (99.978)
Epoch: [157][0/150], lr: 0.00010	Time 19.479 (19.479)	Data 17.834 (17.834)	Loss 0.0663 (0.0663)	Acc@1 96.875 (96.875)	Acc@5 100.000 (100.000)
Epoch: [157][20/150], lr: 0.00010	Time 14.125 (8.560)	Data 12.766 (7.137)	Loss 0.0298 (0.0256)	Acc@1 98.438 (99.182)	Acc@5 100.000 (99.926)
Epoch: [157][40/150], lr: 0.00010	Time 14.320 (8.292)	Data 12.918 (6.909)	Loss 0.0136 (0.0292)	Acc@1 100.000 (98.933)	Acc@5 100.000 (99.962)
Epoch: [157][60/150], lr: 0.00010	Time 15.126 (8.239)	Data 13.439 (6.863)	Loss 0.0378 (0.0269)	Acc@1 98.438 (99.052)	Acc@5 100.000 (99.923)
Epoch: [157][80/150], lr: 0.00010	Time 15.078 (8.186)	Data 13.679 (6.805)	Loss 0.0013 (0.0279)	Acc@1 100.000 (99.074)	Acc@5 100.000 (99.942)
Epoch: [157][100/150], lr: 0.00010	Time 14.142 (8.177)	Data 12.703 (6.797)	Loss 0.0092 (0.0289)	Acc@1 100.000 (99.056)	Acc@5 100.000 (99.954)
Epoch: [157][120/150], lr: 0.00010	Time 15.483 (8.164)	Data 13.994 (6.783)	Loss 0.0448 (0.0284)	Acc@1 96.875 (99.083)	Acc@5 100.000 (99.948)
Epoch: [157][140/150], lr: 0.00010	Time 14.688 (8.157)	Data 13.391 (6.779)	Loss 0.0094 (0.0279)	Acc@1 100.000 (99.080)	Acc@5 100.000 (99.956)
Epoch: [158][0/150], lr: 0.00010	Time 20.132 (20.132)	Data 18.766 (18.766)	Loss 0.0143 (0.0143)	Acc@1 100.000 (100.000)	Acc@5 100.000 (100.000)
Epoch: [158][20/150], lr: 0.00010	Time 14.813 (8.520)	Data 13.299 (7.131)	Loss 0.0207 (0.0283)	Acc@1 100.000 (98.810)	Acc@5 100.000 (100.000)
Epoch: [158][40/150], lr: 0.00010	Time 14.606 (8.251)	Data 13.232 (6.878)	Loss 0.0136 (0.0337)	Acc@1 98.438 (98.857)	Acc@5 100.000 (100.000)
Epoch: [158][60/150], lr: 0.00010	Time 14.355 (8.148)	Data 13.022 (6.778)	Loss 0.0157 (0.0299)	Acc@1 100.000 (99.001)	Acc@5 100.000 (100.000)
Epoch: [158][80/150], lr: 0.00010	Time 15.237 (8.112)	Data 13.698 (6.736)	Loss 0.0918 (0.0316)	Acc@1 98.438 (99.016)	Acc@5 100.000 (100.000)
Epoch: [158][100/150], lr: 0.00010	Time 15.156 (8.079)	Data 13.493 (6.704)	Loss 0.0554 (0.0299)	Acc@1 98.438 (99.025)	Acc@5 100.000 (99.985)
Epoch: [158][120/150], lr: 0.00010	Time 13.991 (8.061)	Data 12.695 (6.688)	Loss 0.0054 (0.0286)	Acc@1 100.000 (99.096)	Acc@5 100.000 (99.987)
Epoch: [158][140/150], lr: 0.00010	Time 14.531 (8.056)	Data 13.076 (6.683)	Loss 0.0032 (0.0270)	Acc@1 100.000 (99.169)	Acc@5 100.000 (99.989)
Epoch: [159][0/150], lr: 0.00010	Time 20.747 (20.747)	Data 18.781 (18.781)	Loss 0.0349 (0.0349)	Acc@1 98.438 (98.438)	Acc@5 100.000 (100.000)
Epoch: [159][20/150], lr: 0.00010	Time 14.544 (8.473)	Data 12.800 (7.087)	Loss 0.0039 (0.0341)	Acc@1 100.000 (98.958)	Acc@5 100.000 (100.000)
Epoch: [159][40/150], lr: 0.00010	Time 14.965 (8.229)	Data 13.663 (6.855)	Loss 0.0355 (0.0338)	Acc@1 98.438 (99.085)	Acc@5 100.000 (99.962)
Epoch: [159][60/150], lr: 0.00010	Time 16.452 (8.142)	Data 13.936 (6.757)	Loss 0.0011 (0.0318)	Acc@1 100.000 (99.052)	Acc@5 100.000 (99.974)
Epoch: [159][80/150], lr: 0.00010	Time 14.396 (8.080)	Data 12.998 (6.696)	Loss 0.0024 (0.0306)	Acc@1 100.000 (99.016)	Acc@5 100.000 (99.981)
Epoch: [159][100/150], lr: 0.00010	Time 14.730 (8.045)	Data 13.417 (6.660)	Loss 0.0060 (0.0297)	Acc@1 100.000 (99.056)	Acc@5 100.000 (99.969)
Epoch: [159][120/150], lr: 0.00010	Time 15.013 (8.044)	Data 13.478 (6.661)	Loss 0.0084 (0.0291)	Acc@1 100.000 (99.083)	Acc@5 100.000 (99.974)
Epoch: [159][140/150], lr: 0.00010	Time 14.132 (8.044)	Data 12.786 (6.663)	Loss 0.0289 (0.0294)	Acc@1 98.438 (99.080)	Acc@5 100.000 (99.956)
Test: [0/60]	Time 18.917 (18.917)	Loss 0.1316 (0.1316)	Acc@1 95.312 (95.312)	Acc@5 100.000 (100.000)
Test: [20/60]	Time 14.362 (8.166)	Loss 4.2853 (1.2581)	Acc@1 59.375 (77.827)	Acc@5 68.750 (94.196)
Test: [40/60]	Time 15.072 (8.022)	Loss 0.6947 (1.2107)	Acc@1 85.938 (78.697)	Acc@5 96.875 (94.436)
 * Acc@1 80.201 Acc@5 94.819 Loss 1.11344
Epoch: [160][0/150], lr: 0.00001	Time 19.448 (19.448)	Data 17.832 (17.832)	Loss 0.0572 (0.0572)	Acc@1 98.438 (98.438)	Acc@5 100.000 (100.000)
Epoch: [160][20/150], lr: 0.00001	Time 14.989 (8.640)	Data 13.524 (7.245)	Loss 0.0088 (0.0209)	Acc@1 100.000 (99.330)	Acc@5 100.000 (100.000)
Epoch: [160][40/150], lr: 0.00001	Time 15.441 (8.404)	Data 14.041 (7.018)	Loss 0.0073 (0.0243)	Acc@1 100.000 (99.200)	Acc@5 100.000 (100.000)
Epoch: [160][60/150], lr: 0.00001	Time 14.492 (8.330)	Data 13.195 (6.960)	Loss 0.0676 (0.0254)	Acc@1 98.438 (99.232)	Acc@5 100.000 (100.000)
Epoch: [160][80/150], lr: 0.00001	Time 14.583 (8.283)	Data 13.221 (6.907)	Loss 0.0104 (0.0239)	Acc@1 100.000 (99.248)	Acc@5 100.000 (100.000)
Epoch: [160][100/150], lr: 0.00001	Time 14.136 (8.279)	Data 12.858 (6.904)	Loss 0.0212 (0.0234)	Acc@1 98.438 (99.288)	Acc@5 100.000 (100.000)
Epoch: [160][120/150], lr: 0.00001	Time 16.571 (8.273)	Data 15.140 (6.902)	Loss 0.0181 (0.0234)	Acc@1 100.000 (99.225)	Acc@5 100.000 (100.000)
Epoch: [160][140/150], lr: 0.00001	Time 15.631 (8.265)	Data 14.027 (6.891)	Loss 0.0078 (0.0245)	Acc@1 100.000 (99.180)	Acc@5 100.000 (100.000)
Epoch: [161][0/150], lr: 0.00001	Time 20.539 (20.539)	Data 19.142 (19.142)	Loss 0.0040 (0.0040)	Acc@1 100.000 (100.000)	Acc@5 100.000 (100.000)
Epoch: [161][20/150], lr: 0.00001	Time 14.458 (8.717)	Data 13.108 (7.303)	Loss 0.0116 (0.0269)	Acc@1 100.000 (99.107)	Acc@5 100.000 (100.000)
Epoch: [161][40/150], lr: 0.00001	Time 15.275 (8.498)	Data 13.917 (7.121)	Loss 0.0019 (0.0250)	Acc@1 100.000 (99.200)	Acc@5 100.000 (100.000)
Epoch: [161][60/150], lr: 0.00001	Time 15.267 (8.390)	Data 13.805 (7.007)	Loss 0.0122 (0.0269)	Acc@1 100.000 (99.078)	Acc@5 100.000 (99.974)
Epoch: [161][80/150], lr: 0.00001	Time 14.203 (8.320)	Data 12.913 (6.941)	Loss 0.0746 (0.0257)	Acc@1 96.875 (99.113)	Acc@5 100.000 (99.981)
Epoch: [161][100/150], lr: 0.00001	Time 15.568 (8.302)	Data 14.096 (6.929)	Loss 0.0788 (0.0283)	Acc@1 98.438 (99.072)	Acc@5 100.000 (99.969)
Epoch: [161][120/150], lr: 0.00001	Time 14.054 (8.268)	Data 12.601 (6.891)	Loss 0.1134 (0.0272)	Acc@1 95.312 (99.109)	Acc@5 100.000 (99.974)
Epoch: [161][140/150], lr: 0.00001	Time 14.916 (8.253)	Data 13.582 (6.879)	Loss 0.0005 (0.0270)	Acc@1 100.000 (99.169)	Acc@5 100.000 (99.978)
Epoch: [162][0/150], lr: 0.00001	Time 20.609 (20.609)	Data 19.186 (19.186)	Loss 0.0171 (0.0171)	Acc@1 100.000 (100.000)	Acc@5 100.000 (100.000)
Epoch: [162][20/150], lr: 0.00001	Time 14.950 (8.614)	Data 13.478 (7.231)	Loss 0.0040 (0.0399)	Acc@1 100.000 (98.884)	Acc@5 100.000 (99.777)
Epoch: [162][40/150], lr: 0.00001	Time 14.821 (8.316)	Data 13.500 (6.934)	Loss 0.0024 (0.0363)	Acc@1 100.000 (98.971)	Acc@5 100.000 (99.886)
Epoch: [162][60/150], lr: 0.00001	Time 15.456 (8.223)	Data 13.577 (6.831)	Loss 0.0030 (0.0374)	Acc@1 100.000 (98.975)	Acc@5 100.000 (99.872)
Epoch: [162][80/150], lr: 0.00001	Time 14.205 (8.173)	Data 12.851 (6.794)	Loss 0.0071 (0.0330)	Acc@1 100.000 (99.093)	Acc@5 100.000 (99.904)
Epoch: [162][100/150], lr: 0.00001	Time 13.749 (8.132)	Data 12.412 (6.749)	Loss 0.0402 (0.0324)	Acc@1 98.438 (99.134)	Acc@5 100.000 (99.923)
Epoch: [162][120/150], lr: 0.00001	Time 15.162 (8.115)	Data 13.453 (6.730)	Loss 0.0178 (0.0312)	Acc@1 100.000 (99.161)	Acc@5 100.000 (99.935)
Epoch: [162][140/150], lr: 0.00001	Time 14.369 (8.115)	Data 12.905 (6.732)	Loss 0.0063 (0.0311)	Acc@1 100.000 (99.147)	Acc@5 100.000 (99.945)
Epoch: [163][0/150], lr: 0.00001	Time 19.517 (19.517)	Data 18.216 (18.216)	Loss 0.0049 (0.0049)	Acc@1 100.000 (100.000)	Acc@5 100.000 (100.000)
Epoch: [163][20/150], lr: 0.00001	Time 14.460 (8.475)	Data 13.109 (7.089)	Loss 0.1301 (0.0442)	Acc@1 95.312 (98.586)	Acc@5 98.438 (99.851)
Epoch: [163][40/150], lr: 0.00001	Time 14.094 (8.207)	Data 12.710 (6.807)	Loss 0.0301 (0.0435)	Acc@1 98.438 (98.780)	Acc@5 100.000 (99.848)
Epoch: [163][60/150], lr: 0.00001	Time 14.043 (8.141)	Data 12.755 (6.759)	Loss 0.0253 (0.0398)	Acc@1 98.438 (98.822)	Acc@5 100.000 (99.898)
Epoch: [163][80/150], lr: 0.00001	Time 15.055 (8.094)	Data 13.671 (6.711)	Loss 0.0011 (0.0353)	Acc@1 100.000 (98.920)	Acc@5 100.000 (99.923)
Epoch: [163][100/150], lr: 0.00001	Time 15.188 (8.088)	Data 13.774 (6.702)	Loss 0.0358 (0.0360)	Acc@1 98.438 (98.917)	Acc@5 100.000 (99.938)
Epoch: [163][120/150], lr: 0.00001	Time 14.284 (8.081)	Data 12.987 (6.704)	Loss 0.0085 (0.0376)	Acc@1 100.000 (98.915)	Acc@5 100.000 (99.948)
Epoch: [163][140/150], lr: 0.00001	Time 14.663 (8.062)	Data 13.253 (6.687)	Loss 0.0157 (0.0359)	Acc@1 100.000 (98.936)	Acc@5 100.000 (99.956)
Epoch: [164][0/150], lr: 0.00001	Time 20.065 (20.065)	Data 18.651 (18.651)	Loss 0.0691 (0.0691)	Acc@1 96.875 (96.875)	Acc@5 100.000 (100.000)
Epoch: [164][20/150], lr: 0.00001	Time 14.327 (8.356)	Data 13.025 (6.956)	Loss 0.0126 (0.0293)	Acc@1 100.000 (99.107)	Acc@5 100.000 (100.000)
Epoch: [164][40/150], lr: 0.00001	Time 16.095 (8.174)	Data 13.931 (6.779)	Loss 0.0662 (0.0289)	Acc@1 96.875 (99.085)	Acc@5 100.000 (100.000)
Epoch: [164][60/150], lr: 0.00001	Time 14.189 (8.071)	Data 12.771 (6.687)	Loss 0.0110 (0.0282)	Acc@1 100.000 (99.155)	Acc@5 100.000 (99.974)
Epoch: [164][80/150], lr: 0.00001	Time 14.212 (8.032)	Data 12.925 (6.655)	Loss 0.0159 (0.0269)	Acc@1 100.000 (99.248)	Acc@5 100.000 (99.961)
Epoch: [164][100/150], lr: 0.00001	Time 13.273 (8.008)	Data 11.991 (6.627)	Loss 0.0015 (0.0266)	Acc@1 100.000 (99.257)	Acc@5 100.000 (99.969)
Epoch: [164][120/150], lr: 0.00001	Time 13.921 (7.989)	Data 12.492 (6.615)	Loss 0.0097 (0.0268)	Acc@1 100.000 (99.238)	Acc@5 100.000 (99.961)
Epoch: [164][140/150], lr: 0.00001	Time 14.698 (7.996)	Data 13.301 (6.622)	Loss 0.0052 (0.0265)	Acc@1 100.000 (99.246)	Acc@5 100.000 (99.956)
Test: [0/60]	Time 18.275 (18.275)	Loss 0.0538 (0.0538)	Acc@1 98.438 (98.438)	Acc@5 100.000 (100.000)
Test: [20/60]	Time 14.805 (8.241)	Loss 3.6522 (0.9705)	Acc@1 59.375 (82.068)	Acc@5 70.312 (95.089)
Test: [40/60]	Time 15.635 (8.035)	Loss 0.4662 (1.0063)	Acc@1 92.188 (82.431)	Acc@5 96.875 (95.084)
 * Acc@1 83.347 Acc@5 95.480 Loss 0.94514
Epoch: [165][0/150], lr: 0.00001	Time 19.659 (19.659)	Data 18.139 (18.139)	Loss 0.0713 (0.0713)	Acc@1 98.438 (98.438)	Acc@5 100.000 (100.000)
Epoch: [165][20/150], lr: 0.00001	Time 15.108 (8.563)	Data 13.804 (7.160)	Loss 0.0267 (0.0373)	Acc@1 98.438 (98.884)	Acc@5 100.000 (100.000)
Epoch: [165][40/150], lr: 0.00001	Time 14.156 (8.347)	Data 12.742 (6.957)	Loss 0.0472 (0.0301)	Acc@1 98.438 (99.085)	Acc@5 100.000 (100.000)
Epoch: [165][60/150], lr: 0.00001	Time 14.336 (8.270)	Data 12.910 (6.875)	Loss 0.1137 (0.0306)	Acc@1 98.438 (99.078)	Acc@5 100.000 (100.000)
Epoch: [165][80/150], lr: 0.00001	Time 16.894 (8.246)	Data 15.384 (6.854)	Loss 0.0059 (0.0300)	Acc@1 100.000 (99.113)	Acc@5 100.000 (100.000)
Epoch: [165][100/150], lr: 0.00001	Time 14.218 (8.204)	Data 12.853 (6.818)	Loss 0.0061 (0.0319)	Acc@1 100.000 (98.979)	Acc@5 100.000 (100.000)
Epoch: [165][120/150], lr: 0.00001	Time 14.212 (8.171)	Data 12.825 (6.791)	Loss 0.0800 (0.0316)	Acc@1 96.875 (98.993)	Acc@5 100.000 (99.974)
Epoch: [165][140/150], lr: 0.00001	Time 13.956 (8.174)	Data 12.670 (6.793)	Loss 0.0045 (0.0325)	Acc@1 100.000 (98.958)	Acc@5 100.000 (99.967)
Epoch: [166][0/150], lr: 0.00001	Time 20.940 (20.940)	Data 19.542 (19.542)	Loss 0.0144 (0.0144)	Acc@1 100.000 (100.000)	Acc@5 100.000 (100.000)
Epoch: [166][20/150], lr: 0.00001	Time 14.318 (8.605)	Data 12.888 (7.239)	Loss 0.0327 (0.0395)	Acc@1 98.438 (98.810)	Acc@5 100.000 (99.777)
Epoch: [166][40/150], lr: 0.00001	Time 14.240 (8.359)	Data 12.921 (6.988)	Loss 0.0212 (0.0325)	Acc@1 100.000 (98.971)	Acc@5 100.000 (99.886)
Epoch: [166][60/150], lr: 0.00001	Time 13.823 (8.295)	Data 12.490 (6.935)	Loss 0.0082 (0.0342)	Acc@1 100.000 (98.950)	Acc@5 100.000 (99.898)
Epoch: [166][80/150], lr: 0.00001	Time 14.009 (8.251)	Data 12.523 (6.887)	Loss 0.0055 (0.0324)	Acc@1 100.000 (98.997)	Acc@5 100.000 (99.923)
Epoch: [166][100/150], lr: 0.00001	Time 15.512 (8.234)	Data 14.131 (6.876)	Loss 0.0285 (0.0333)	Acc@1 98.438 (98.979)	Acc@5 100.000 (99.923)
Epoch: [166][120/150], lr: 0.00001	Time 15.136 (8.210)	Data 13.657 (6.847)	Loss 0.0596 (0.0320)	Acc@1 98.438 (99.044)	Acc@5 100.000 (99.935)
Epoch: [166][140/150], lr: 0.00001	Time 14.732 (8.212)	Data 13.330 (6.847)	Loss 0.0072 (0.0312)	Acc@1 100.000 (99.091)	Acc@5 100.000 (99.945)
Epoch: [167][0/150], lr: 0.00001	Time 20.403 (20.403)	Data 19.130 (19.130)	Loss 0.0038 (0.0038)	Acc@1 100.000 (100.000)	Acc@5 100.000 (100.000)
Epoch: [167][20/150], lr: 0.00001	Time 15.539 (8.677)	Data 14.134 (7.296)	Loss 0.0056 (0.0277)	Acc@1 100.000 (98.958)	Acc@5 100.000 (100.000)
Epoch: [167][40/150], lr: 0.00001	Time 15.770 (8.418)	Data 14.441 (7.062)	Loss 0.0418 (0.0292)	Acc@1 98.438 (99.047)	Acc@5 100.000 (100.000)
Epoch: [167][60/150], lr: 0.00001	Time 14.880 (8.309)	Data 13.461 (6.957)	Loss 0.0017 (0.0261)	Acc@1 100.000 (99.129)	Acc@5 100.000 (100.000)
Epoch: [167][80/150], lr: 0.00001	Time 14.155 (8.247)	Data 12.819 (6.890)	Loss 0.2799 (0.0264)	Acc@1 96.875 (99.228)	Acc@5 98.438 (99.981)
Epoch: [167][100/150], lr: 0.00001	Time 15.247 (8.216)	Data 13.910 (6.862)	Loss 0.0112 (0.0240)	Acc@1 100.000 (99.288)	Acc@5 100.000 (99.985)
Epoch: [167][120/150], lr: 0.00001	Time 14.990 (8.197)	Data 13.545 (6.839)	Loss 0.0044 (0.0248)	Acc@1 100.000 (99.251)	Acc@5 100.000 (99.987)
Epoch: [167][140/150], lr: 0.00001	Time 13.995 (8.180)	Data 12.644 (6.824)	Loss 0.0038 (0.0267)	Acc@1 100.000 (99.191)	Acc@5 100.000 (99.989)
Epoch: [168][0/150], lr: 0.00001	Time 19.624 (19.624)	Data 18.213 (18.213)	Loss 0.1981 (0.1981)	Acc@1 96.875 (96.875)	Acc@5 100.000 (100.000)
Epoch: [168][20/150], lr: 0.00001	Time 14.268 (8.595)	Data 12.858 (7.228)	Loss 0.0394 (0.0382)	Acc@1 98.438 (99.182)	Acc@5 100.000 (99.926)
Epoch: [168][40/150], lr: 0.00001	Time 14.793 (8.274)	Data 13.247 (6.926)	Loss 0.0057 (0.0327)	Acc@1 100.000 (99.085)	Acc@5 100.000 (99.962)
Epoch: [168][60/150], lr: 0.00001	Time 14.549 (8.158)	Data 13.268 (6.805)	Loss 0.0056 (0.0325)	Acc@1 100.000 (99.078)	Acc@5 100.000 (99.974)
Epoch: [168][80/150], lr: 0.00001	Time 14.210 (8.114)	Data 12.887 (6.761)	Loss 0.0499 (0.0336)	Acc@1 96.875 (99.055)	Acc@5 100.000 (99.942)
Epoch: [168][100/150], lr: 0.00001	Time 14.715 (8.095)	Data 13.346 (6.745)	Loss 0.0201 (0.0322)	Acc@1 100.000 (99.087)	Acc@5 100.000 (99.954)
Epoch: [168][120/150], lr: 0.00001	Time 13.971 (8.064)	Data 12.681 (6.709)	Loss 0.0091 (0.0315)	Acc@1 100.000 (99.083)	Acc@5 100.000 (99.961)
Epoch: [168][140/150], lr: 0.00001	Time 14.041 (8.043)	Data 12.695 (6.692)	Loss 0.0276 (0.0297)	Acc@1 98.438 (99.102)	Acc@5 100.000 (99.967)
Epoch: [169][0/150], lr: 0.00001	Time 20.311 (20.311)	Data 18.927 (18.927)	Loss 0.0080 (0.0080)	Acc@1 100.000 (100.000)	Acc@5 100.000 (100.000)
Epoch: [169][20/150], lr: 0.00001	Time 14.516 (8.325)	Data 12.851 (6.980)	Loss 0.0676 (0.0232)	Acc@1 96.875 (99.256)	Acc@5 100.000 (100.000)
Epoch: [169][40/150], lr: 0.00001	Time 13.801 (8.080)	Data 12.409 (6.724)	Loss 0.0197 (0.0215)	Acc@1 100.000 (99.428)	Acc@5 100.000 (100.000)
Epoch: [169][60/150], lr: 0.00001	Time 15.315 (8.045)	Data 13.966 (6.675)	Loss 0.0038 (0.0255)	Acc@1 100.000 (99.283)	Acc@5 100.000 (100.000)
Epoch: [169][80/150], lr: 0.00001	Time 13.457 (8.003)	Data 12.189 (6.634)	Loss 0.0117 (0.0241)	Acc@1 100.000 (99.286)	Acc@5 100.000 (99.981)
Epoch: [169][100/150], lr: 0.00001	Time 15.774 (7.986)	Data 14.377 (6.622)	Loss 0.0020 (0.0233)	Acc@1 100.000 (99.350)	Acc@5 100.000 (99.954)
Epoch: [169][120/150], lr: 0.00001	Time 14.426 (7.988)	Data 13.069 (6.627)	Loss 0.0257 (0.0246)	Acc@1 98.438 (99.316)	Acc@5 100.000 (99.923)
Epoch: [169][140/150], lr: 0.00001	Time 14.131 (7.975)	Data 12.843 (6.617)	Loss 0.0154 (0.0281)	Acc@1 98.438 (99.202)	Acc@5 100.000 (99.900)
Test: [0/60]	Time 19.025 (19.025)	Loss 0.0844 (0.0844)	Acc@1 98.438 (98.438)	Acc@5 100.000 (100.000)
Test: [20/60]	Time 14.669 (8.268)	Loss 3.7547 (1.0324)	Acc@1 59.375 (81.548)	Acc@5 68.750 (94.420)
Test: [40/60]	Time 16.046 (8.053)	Loss 0.4681 (1.0485)	Acc@1 92.188 (81.898)	Acc@5 96.875 (94.817)
 * Acc@1 82.924 Acc@5 95.136 Loss 0.97546
Epoch: [170][0/150], lr: 0.00001	Time 20.439 (20.439)	Data 17.909 (17.909)	Loss 0.0019 (0.0019)	Acc@1 100.000 (100.000)	Acc@5 100.000 (100.000)
Epoch: [170][20/150], lr: 0.00001	Time 14.500 (8.501)	Data 13.040 (7.078)	Loss 0.0172 (0.0231)	Acc@1 100.000 (99.330)	Acc@5 100.000 (99.926)
Epoch: [170][40/150], lr: 0.00001	Time 14.644 (8.268)	Data 13.250 (6.855)	Loss 0.0702 (0.0214)	Acc@1 98.438 (99.428)	Acc@5 100.000 (99.962)
Epoch: [170][60/150], lr: 0.00001	Time 13.499 (8.193)	Data 12.096 (6.787)	Loss 0.0430 (0.0286)	Acc@1 98.438 (99.232)	Acc@5 100.000 (99.974)
Epoch: [170][80/150], lr: 0.00001	Time 14.912 (8.158)	Data 13.548 (6.767)	Loss 0.0166 (0.0285)	Acc@1 100.000 (99.171)	Acc@5 100.000 (99.961)
Epoch: [170][100/150], lr: 0.00001	Time 14.798 (8.137)	Data 13.527 (6.754)	Loss 0.0046 (0.0286)	Acc@1 100.000 (99.118)	Acc@5 100.000 (99.969)
Epoch: [170][120/150], lr: 0.00001	Time 14.437 (8.108)	Data 13.039 (6.734)	Loss 0.0007 (0.0275)	Acc@1 100.000 (99.161)	Acc@5 100.000 (99.974)
Epoch: [170][140/150], lr: 0.00001	Time 15.810 (8.102)	Data 13.715 (6.728)	Loss 0.0047 (0.0275)	Acc@1 100.000 (99.147)	Acc@5 100.000 (99.978)
slurmstepd: error: *** JOB 224105 ON comp001 CANCELLED AT 2019-02-27T12:19:37 ***
