Start Training ...................................

          Initializing TSN with base model: BNInception.
          TSN Configurations:
              input_modality:     RGBDiff
              num_segments:       3
              new_length:         5
              consensus_module:   avg
              dropout_ratio:      0.8
               
Load and modify the standard model FC output layer
Dropout Layer added and The modified linear layer is : Linear(in_features=1024, out_features=101, bias=True)
Done. Loading and Modifying 
 ---------------------------------------------------
Converting the ImageNet model to RGBDiff model
The modified 1st layer is Conv2d(15, 64, kernel_size=(7, 7), stride=(2, 2), padding=(3, 3))
Done. RGBDiff model is ready.
Loading checkpoint '/lfs01/workdirs/alex039/alex039u2/tsn_paper/server_scripts/real-time-action-recognition/_rgbdiff_checkpoint.pth.tar'
Loaded checkpoint 'False' epoch 170
---------------------------------------------------
group: first_conv_weight has 1 params, lr_mult: 1, decay_mult: 1
group: first_conv_bias has 1 params, lr_mult: 2, decay_mult: 0
group: normal_weight has 69 params, lr_mult: 1, decay_mult: 1
group: normal_bias has 69 params, lr_mult: 2, decay_mult: 0
group: BN scale/shift has 2 params, lr_mult: 1, decay_mult: 0
---------------------------------------------------
Epoch: [170][0/150], lr: 0.00001	Time 30.780 (30.780)	Data 19.798 (19.798)	Loss 0.0659 (0.0659)	Acc@1 96.875 (96.875)	Acc@5 100.000 (100.000)
Epoch: [170][20/150], lr: 0.00001	Time 16.651 (9.340)	Data 15.215 (7.506)	Loss 0.0278 (0.0297)	Acc@1 98.438 (98.958)	Acc@5 100.000 (100.000)
Epoch: [170][40/150], lr: 0.00001	Time 16.208 (9.100)	Data 14.880 (7.481)	Loss 0.0580 (0.0276)	Acc@1 98.438 (99.085)	Acc@5 100.000 (100.000)
Epoch: [170][60/150], lr: 0.00001	Time 15.831 (9.001)	Data 14.496 (7.453)	Loss 0.0157 (0.0275)	Acc@1 100.000 (99.103)	Acc@5 100.000 (99.949)
Epoch: [170][80/150], lr: 0.00001	Time 15.854 (8.974)	Data 14.493 (7.459)	Loss 0.0016 (0.0266)	Acc@1 100.000 (99.132)	Acc@5 100.000 (99.942)
Epoch: [170][100/150], lr: 0.00001	Time 16.992 (8.954)	Data 15.181 (7.459)	Loss 0.0101 (0.0268)	Acc@1 100.000 (99.103)	Acc@5 100.000 (99.954)
Epoch: [170][120/150], lr: 0.00001	Time 15.959 (8.932)	Data 14.616 (7.454)	Loss 0.0040 (0.0266)	Acc@1 100.000 (99.109)	Acc@5 100.000 (99.961)
Epoch: [170][140/150], lr: 0.00001	Time 16.276 (8.934)	Data 14.883 (7.457)	Loss 0.0714 (0.0270)	Acc@1 98.438 (99.136)	Acc@5 98.438 (99.945)
Epoch: [171][0/150], lr: 0.00001	Time 20.338 (20.338)	Data 18.877 (18.877)	Loss 0.0027 (0.0027)	Acc@1 100.000 (100.000)	Acc@5 100.000 (100.000)
Epoch: [171][20/150], lr: 0.00001	Time 17.221 (9.183)	Data 15.000 (7.758)	Loss 0.0094 (0.0285)	Acc@1 100.000 (99.182)	Acc@5 100.000 (99.851)
Epoch: [171][40/150], lr: 0.00001	Time 16.433 (8.929)	Data 15.030 (7.530)	Loss 0.0018 (0.0222)	Acc@1 100.000 (99.428)	Acc@5 100.000 (99.924)
Epoch: [171][60/150], lr: 0.00001	Time 15.861 (8.814)	Data 14.507 (7.410)	Loss 0.0022 (0.0248)	Acc@1 100.000 (99.232)	Acc@5 100.000 (99.949)
Epoch: [171][80/150], lr: 0.00001	Time 16.172 (8.770)	Data 14.731 (7.369)	Loss 0.0040 (0.0230)	Acc@1 100.000 (99.286)	Acc@5 100.000 (99.961)
Epoch: [171][100/150], lr: 0.00001	Time 16.087 (8.731)	Data 14.647 (7.328)	Loss 0.0423 (0.0253)	Acc@1 96.875 (99.196)	Acc@5 100.000 (99.969)
Epoch: [171][120/150], lr: 0.00001	Time 17.016 (8.720)	Data 15.658 (7.315)	Loss 0.0070 (0.0260)	Acc@1 100.000 (99.135)	Acc@5 100.000 (99.974)
Epoch: [171][140/150], lr: 0.00001	Time 15.309 (8.691)	Data 13.896 (7.285)	Loss 0.0625 (0.0255)	Acc@1 96.875 (99.169)	Acc@5 100.000 (99.978)
Epoch: [172][0/150], lr: 0.00001	Time 19.786 (19.786)	Data 18.252 (18.252)	Loss 0.0361 (0.0361)	Acc@1 96.875 (96.875)	Acc@5 100.000 (100.000)
Epoch: [172][20/150], lr: 0.00001	Time 14.978 (8.972)	Data 13.648 (7.559)	Loss 0.0188 (0.0200)	Acc@1 100.000 (99.256)	Acc@5 100.000 (100.000)
Epoch: [172][40/150], lr: 0.00001	Time 16.635 (8.731)	Data 14.578 (7.325)	Loss 0.1114 (0.0241)	Acc@1 96.875 (99.123)	Acc@5 100.000 (100.000)
Epoch: [172][60/150], lr: 0.00001	Time 15.321 (8.583)	Data 13.972 (7.186)	Loss 0.0512 (0.0245)	Acc@1 98.438 (99.180)	Acc@5 100.000 (100.000)
Epoch: [172][80/150], lr: 0.00001	Time 15.651 (8.554)	Data 14.303 (7.155)	Loss 0.0234 (0.0231)	Acc@1 98.438 (99.190)	Acc@5 100.000 (100.000)
Epoch: [172][100/150], lr: 0.00001	Time 15.544 (8.538)	Data 14.119 (7.141)	Loss 0.0009 (0.0233)	Acc@1 100.000 (99.180)	Acc@5 100.000 (100.000)
Epoch: [172][120/150], lr: 0.00001	Time 15.639 (8.516)	Data 14.028 (7.115)	Loss 0.0297 (0.0234)	Acc@1 98.438 (99.174)	Acc@5 100.000 (100.000)
Epoch: [172][140/150], lr: 0.00001	Time 14.901 (8.487)	Data 13.567 (7.091)	Loss 0.0088 (0.0225)	Acc@1 100.000 (99.202)	Acc@5 100.000 (100.000)
Epoch: [173][0/150], lr: 0.00001	Time 20.372 (20.372)	Data 18.924 (18.924)	Loss 0.0212 (0.0212)	Acc@1 100.000 (100.000)	Acc@5 100.000 (100.000)
Epoch: [173][20/150], lr: 0.00001	Time 14.387 (8.760)	Data 12.888 (7.355)	Loss 0.0146 (0.0233)	Acc@1 100.000 (99.479)	Acc@5 100.000 (100.000)
Epoch: [173][40/150], lr: 0.00001	Time 13.388 (8.505)	Data 11.990 (7.097)	Loss 0.0175 (0.0214)	Acc@1 100.000 (99.466)	Acc@5 100.000 (100.000)
Epoch: [173][60/150], lr: 0.00001	Time 11.738 (8.415)	Data 10.401 (7.019)	Loss 0.1012 (0.0276)	Acc@1 96.875 (99.308)	Acc@5 100.000 (99.974)
Epoch: [173][80/150], lr: 0.00001	Time 9.618 (8.353)	Data 8.288 (6.954)	Loss 0.0931 (0.0275)	Acc@1 98.438 (99.344)	Acc@5 98.438 (99.961)
Epoch: [173][100/150], lr: 0.00001	Time 7.114 (8.335)	Data 5.772 (6.934)	Loss 0.0072 (0.0298)	Acc@1 100.000 (99.211)	Acc@5 100.000 (99.969)
Epoch: [173][120/150], lr: 0.00001	Time 6.063 (8.314)	Data 4.722 (6.917)	Loss 0.0311 (0.0281)	Acc@1 98.438 (99.225)	Acc@5 100.000 (99.961)
Epoch: [173][140/150], lr: 0.00001	Time 4.966 (8.301)	Data 3.622 (6.906)	Loss 0.0053 (0.0277)	Acc@1 100.000 (99.235)	Acc@5 100.000 (99.967)
Epoch: [174][0/150], lr: 0.00001	Time 19.060 (19.060)	Data 17.636 (17.636)	Loss 0.0033 (0.0033)	Acc@1 100.000 (100.000)	Acc@5 100.000 (100.000)
Epoch: [174][20/150], lr: 0.00001	Time 15.441 (8.660)	Data 13.927 (7.225)	Loss 0.0186 (0.0375)	Acc@1 100.000 (99.182)	Acc@5 100.000 (99.926)
Epoch: [174][40/150], lr: 0.00001	Time 14.175 (8.419)	Data 12.831 (6.981)	Loss 0.0001 (0.0357)	Acc@1 100.000 (99.123)	Acc@5 100.000 (99.924)
Epoch: [174][60/150], lr: 0.00001	Time 14.914 (8.306)	Data 13.503 (6.885)	Loss 0.0325 (0.0338)	Acc@1 98.438 (99.052)	Acc@5 100.000 (99.923)
Epoch: [174][80/150], lr: 0.00001	Time 16.248 (8.277)	Data 14.824 (6.862)	Loss 0.0195 (0.0322)	Acc@1 100.000 (99.113)	Acc@5 100.000 (99.923)
Epoch: [174][100/150], lr: 0.00001	Time 14.514 (8.239)	Data 13.176 (6.829)	Loss 0.0131 (0.0298)	Acc@1 100.000 (99.180)	Acc@5 100.000 (99.907)
Epoch: [174][120/150], lr: 0.00001	Time 15.834 (8.222)	Data 13.842 (6.808)	Loss 0.0233 (0.0277)	Acc@1 100.000 (99.238)	Acc@5 100.000 (99.923)
Epoch: [174][140/150], lr: 0.00001	Time 13.553 (8.196)	Data 12.145 (6.783)	Loss 0.0031 (0.0271)	Acc@1 100.000 (99.224)	Acc@5 100.000 (99.934)
Test: [0/60]	Time 19.275 (19.275)	Loss 0.0397 (0.0397)	Acc@1 98.438 (98.438)	Acc@5 100.000 (100.000)
Test: [20/60]	Time 14.848 (8.407)	Loss 2.9448 (0.9858)	Acc@1 60.938 (81.027)	Acc@5 79.688 (95.164)
Test: [40/60]	Time 16.552 (8.220)	Loss 0.6177 (0.9975)	Acc@1 90.625 (81.136)	Acc@5 92.188 (95.084)
 * Acc@1 82.210 Acc@5 95.374 Loss 0.96019
Epoch: [175][0/150], lr: 0.00001	Time 20.654 (20.654)	Data 19.016 (19.016)	Loss 0.0361 (0.0361)	Acc@1 98.438 (98.438)	Acc@5 100.000 (100.000)
Epoch: [175][20/150], lr: 0.00001	Time 15.423 (8.651)	Data 13.936 (7.226)	Loss 0.0310 (0.0347)	Acc@1 98.438 (98.810)	Acc@5 100.000 (99.926)
Epoch: [175][40/150], lr: 0.00001	Time 13.880 (8.358)	Data 12.469 (6.931)	Loss 0.0202 (0.0286)	Acc@1 100.000 (99.162)	Acc@5 100.000 (99.886)
Epoch: [175][60/150], lr: 0.00001	Time 14.625 (8.281)	Data 13.287 (6.859)	Loss 0.0167 (0.0283)	Acc@1 100.000 (99.078)	Acc@5 100.000 (99.923)
Epoch: [175][80/150], lr: 0.00001	Time 15.609 (8.271)	Data 14.022 (6.850)	Loss 0.0249 (0.0284)	Acc@1 98.438 (99.093)	Acc@5 100.000 (99.923)
Epoch: [175][100/150], lr: 0.00001	Time 14.370 (8.239)	Data 12.963 (6.828)	Loss 0.1243 (0.0311)	Acc@1 98.438 (99.072)	Acc@5 100.000 (99.938)
Epoch: [175][120/150], lr: 0.00001	Time 14.083 (8.230)	Data 12.682 (6.820)	Loss 0.0101 (0.0289)	Acc@1 100.000 (99.148)	Acc@5 100.000 (99.948)
Epoch: [175][140/150], lr: 0.00001	Time 16.053 (8.224)	Data 14.063 (6.816)	Loss 0.0067 (0.0287)	Acc@1 100.000 (99.158)	Acc@5 100.000 (99.945)
Epoch: [176][0/150], lr: 0.00001	Time 19.627 (19.627)	Data 18.011 (18.011)	Loss 0.0037 (0.0037)	Acc@1 100.000 (100.000)	Acc@5 100.000 (100.000)
Epoch: [176][20/150], lr: 0.00001	Time 13.901 (8.505)	Data 12.506 (7.109)	Loss 0.0690 (0.0256)	Acc@1 96.875 (99.107)	Acc@5 100.000 (100.000)
Epoch: [176][40/150], lr: 0.00001	Time 13.919 (8.273)	Data 12.525 (6.857)	Loss 0.0763 (0.0265)	Acc@1 96.875 (99.162)	Acc@5 100.000 (99.962)
Epoch: [176][60/150], lr: 0.00001	Time 14.536 (8.177)	Data 13.070 (6.773)	Loss 0.0029 (0.0260)	Acc@1 100.000 (99.283)	Acc@5 100.000 (99.949)
Epoch: [176][80/150], lr: 0.00001	Time 14.607 (8.140)	Data 13.160 (6.738)	Loss 0.0504 (0.0262)	Acc@1 98.438 (99.228)	Acc@5 100.000 (99.942)
Epoch: [176][100/150], lr: 0.00001	Time 14.025 (8.118)	Data 12.625 (6.712)	Loss 0.0115 (0.0267)	Acc@1 100.000 (99.226)	Acc@5 100.000 (99.938)
Epoch: [176][120/150], lr: 0.00001	Time 14.353 (8.087)	Data 13.026 (6.683)	Loss 0.0042 (0.0258)	Acc@1 100.000 (99.251)	Acc@5 100.000 (99.948)
Epoch: [176][140/150], lr: 0.00001	Time 14.976 (8.100)	Data 12.899 (6.689)	Loss 0.0770 (0.0272)	Acc@1 96.875 (99.136)	Acc@5 100.000 (99.956)
Epoch: [177][0/150], lr: 0.00001	Time 19.555 (19.555)	Data 17.954 (17.954)	Loss 0.0031 (0.0031)	Acc@1 100.000 (100.000)	Acc@5 100.000 (100.000)
Epoch: [177][20/150], lr: 0.00001	Time 14.837 (8.384)	Data 13.338 (6.972)	Loss 0.0172 (0.0140)	Acc@1 100.000 (99.702)	Acc@5 100.000 (100.000)
Epoch: [177][40/150], lr: 0.00001	Time 13.490 (8.123)	Data 12.095 (6.713)	Loss 0.0040 (0.0246)	Acc@1 100.000 (99.276)	Acc@5 100.000 (99.962)
Epoch: [177][60/150], lr: 0.00001	Time 14.239 (8.063)	Data 12.897 (6.664)	Loss 0.0131 (0.0236)	Acc@1 100.000 (99.334)	Acc@5 100.000 (99.974)
Epoch: [177][80/150], lr: 0.00001	Time 14.832 (8.051)	Data 13.318 (6.639)	Loss 0.0388 (0.0265)	Acc@1 98.438 (99.248)	Acc@5 100.000 (99.981)
Epoch: [177][100/150], lr: 0.00001	Time 13.359 (8.024)	Data 11.953 (6.614)	Loss 0.0087 (0.0265)	Acc@1 100.000 (99.304)	Acc@5 100.000 (99.985)
Epoch: [177][120/150], lr: 0.00001	Time 11.982 (8.019)	Data 10.608 (6.611)	Loss 0.0423 (0.0270)	Acc@1 98.438 (99.251)	Acc@5 100.000 (99.987)
Epoch: [177][140/150], lr: 0.00001	Time 12.882 (8.025)	Data 11.476 (6.620)	Loss 0.0265 (0.0275)	Acc@1 98.438 (99.202)	Acc@5 100.000 (99.967)
Epoch: [178][0/150], lr: 0.00001	Time 18.813 (18.813)	Data 17.445 (17.445)	Loss 0.0440 (0.0440)	Acc@1 98.438 (98.438)	Acc@5 100.000 (100.000)
Epoch: [178][20/150], lr: 0.00001	Time 14.604 (8.371)	Data 13.148 (6.949)	Loss 0.0024 (0.0292)	Acc@1 100.000 (98.884)	Acc@5 100.000 (99.851)
Epoch: [178][40/150], lr: 0.00001	Time 16.149 (8.157)	Data 14.420 (6.732)	Loss 0.0007 (0.0314)	Acc@1 100.000 (99.009)	Acc@5 100.000 (99.886)
Epoch: [178][60/150], lr: 0.00001	Time 14.244 (8.080)	Data 12.897 (6.666)	Loss 0.0037 (0.0279)	Acc@1 100.000 (99.155)	Acc@5 100.000 (99.923)
Epoch: [178][80/150], lr: 0.00001	Time 13.810 (8.034)	Data 12.263 (6.617)	Loss 0.0015 (0.0233)	Acc@1 100.000 (99.306)	Acc@5 100.000 (99.942)
Epoch: [178][100/150], lr: 0.00001	Time 15.353 (8.038)	Data 13.921 (6.616)	Loss 0.0243 (0.0248)	Acc@1 100.000 (99.288)	Acc@5 100.000 (99.938)
Epoch: [178][120/150], lr: 0.00001	Time 28.125 (8.533)	Data 25.695 (7.095)	Loss 0.0346 (0.0240)	Acc@1 98.438 (99.303)	Acc@5 100.000 (99.948)
Epoch: [178][140/150], lr: 0.00001	Time 46.840 (10.137)	Data 44.543 (8.649)	Loss 0.0857 (0.0255)	Acc@1 98.438 (99.224)	Acc@5 100.000 (99.934)
Epoch: [179][0/150], lr: 0.00001	Time 68.360 (68.360)	Data 66.658 (66.658)	Loss 0.0472 (0.0472)	Acc@1 98.438 (98.438)	Acc@5 100.000 (100.000)
Epoch: [179][20/150], lr: 0.00001	Time 69.968 (33.545)	Data 68.381 (31.879)	Loss 0.0169 (0.0300)	Acc@1 98.438 (98.958)	Acc@5 100.000 (100.000)
Epoch: [179][40/150], lr: 0.00001	Time 92.343 (37.535)	Data 90.589 (35.809)	Loss 0.0517 (0.0312)	Acc@1 96.875 (98.857)	Acc@5 100.000 (99.962)
Epoch: [179][60/150], lr: 0.00001	Time 108.779 (41.982)	Data 107.043 (40.200)	Loss 0.0024 (0.0287)	Acc@1 100.000 (99.001)	Acc@5 100.000 (99.974)
Epoch: [179][80/150], lr: 0.00001	Time 130.695 (46.770)	Data 128.898 (44.942)	Loss 0.0880 (0.0308)	Acc@1 96.875 (98.978)	Acc@5 100.000 (99.961)
Epoch: [179][100/150], lr: 0.00001	Time 126.928 (51.208)	Data 125.245 (49.338)	Loss 0.0104 (0.0295)	Acc@1 100.000 (98.979)	Acc@5 100.000 (99.969)
Epoch: [179][120/150], lr: 0.00001	Time 142.933 (55.121)	Data 139.051 (53.044)	Loss 0.0611 (0.0282)	Acc@1 96.875 (99.019)	Acc@5 100.000 (99.974)
Epoch: [179][140/150], lr: 0.00001	Time 159.536 (59.652)	Data 157.396 (57.550)	Loss 0.0111 (0.0297)	Acc@1 100.000 (99.003)	Acc@5 100.000 (99.967)
Test: [0/60]	Time 194.474 (194.474)	Loss 0.0821 (0.0821)	Acc@1 96.875 (96.875)	Acc@5 100.000 (100.000)
Test: [20/60]	Time 161.326 (95.167)	Loss 2.8204 (0.9826)	Acc@1 59.375 (80.952)	Acc@5 79.688 (95.536)
Test: [40/60]	Time 216.415 (98.057)	Loss 0.5360 (0.9930)	Acc@1 90.625 (81.555)	Acc@5 95.312 (95.503)
 * Acc@1 82.395 Acc@5 95.691 Loss 0.95246
/var/spool/slurmd/job224172/slurm_script: line 25: --gpus: command not found
End of Training .................................
