Start Training ...................................

          Initializing TSN with base model: BNInception.
          TSN Configurations:
              input_modality:     RGB
              num_segments:       3
              new_length:         1
              consensus_module:   avg
              dropout_ratio:      0.8
               
Load and modify the standard model FC output layer
Dropout Layer added and The modified linear layer is : Linear(in_features=1024, out_features=101, bias=True)
Done. Loading and Modifying 
 ---------------------------------------------------
---------------------------------------------------
group: first_conv_weight has 1 params, lr_mult: 1, decay_mult: 1
group: first_conv_bias has 1 params, lr_mult: 2, decay_mult: 0
group: normal_weight has 69 params, lr_mult: 1, decay_mult: 1
group: normal_bias has 69 params, lr_mult: 2, decay_mult: 0
group: BN scale/shift has 2 params, lr_mult: 1, decay_mult: 0
---------------------------------------------------
Sun Feb 10 20:00:14 2019       
+-----------------------------------------------------------------------------+
| NVIDIA-SMI 367.55                 Driver Version: 367.55                    |
|-------------------------------+----------------------+----------------------+
| GPU  Name        Persistence-M| Bus-Id        Disp.A | Volatile Uncorr. ECC |
| Fan  Temp  Perf  Pwr:Usage/Cap|         Memory-Usage | GPU-Util  Compute M. |
|===============================+======================+======================|
|   0  Tesla K80           Off  | 0000:06:00.0     Off |                    0 |
| N/A   80C    P0    76W / 149W |   1595MiB / 11439MiB |     24%   E. Process |
+-------------------------------+----------------------+----------------------+
|   1  Tesla K80           Off  | 0000:07:00.0     Off |                    0 |
| N/A   53C    P0    78W / 149W |   1050MiB / 11439MiB |      0%   E. Process |
+-------------------------------+----------------------+----------------------+
                                                                               
+-----------------------------------------------------------------------------+
| Processes:                                                       GPU Memory |
|  GPU       PID  Type  Process name                               Usage      |
|=============================================================================|
|    0     10791    C   python3                                       1589MiB |
|    1     10791    C   python3                                       1044MiB |
+-----------------------------------------------------------------------------+
Epoch: [0][0/75], lr: 0.00100	Time 25.123 (25.123)	Data 8.105 (8.105)	Loss 4.6222 (4.6222)	Acc@1 0.000 (0.000)	Acc@5 6.250 (6.250)
Epoch: [0][20/75], lr: 0.00100	Time 2.063 (4.194)	Data 0.000 (1.429)	Loss 4.0552 (4.4245)	Acc@1 17.969 (8.036)	Acc@5 36.719 (21.540)
Epoch: [0][40/75], lr: 0.00100	Time 2.120 (3.930)	Data 0.000 (1.500)	Loss 2.5039 (3.8194)	Acc@1 38.281 (17.188)	Acc@5 66.406 (37.290)
Epoch: [0][60/75], lr: 0.00100	Time 2.065 (3.859)	Data 0.000 (1.544)	Loss 1.9827 (3.2486)	Acc@1 47.656 (26.793)	Acc@5 78.906 (50.090)
Sun Feb 10 20:04:51 2019       
+-----------------------------------------------------------------------------+
| NVIDIA-SMI 367.55                 Driver Version: 367.55                    |
|-------------------------------+----------------------+----------------------+
| GPU  Name        Persistence-M| Bus-Id        Disp.A | Volatile Uncorr. ECC |
| Fan  Temp  Perf  Pwr:Usage/Cap|         Memory-Usage | GPU-Util  Compute M. |
|===============================+======================+======================|
|   0  Tesla K80           Off  | 0000:06:00.0     Off |                    0 |
| N/A   82C    P0    83W / 149W |  11157MiB / 11439MiB |      0%   E. Process |
+-------------------------------+----------------------+----------------------+
|   1  Tesla K80           Off  | 0000:07:00.0     Off |                    0 |
| N/A   54C    P0    84W / 149W |  11109MiB / 11439MiB |      0%   E. Process |
+-------------------------------+----------------------+----------------------+
                                                                               
+-----------------------------------------------------------------------------+
| Processes:                                                       GPU Memory |
|  GPU       PID  Type  Process name                               Usage      |
|=============================================================================|
|    0     10791    C   python3                                      11151MiB |
|    1     10791    C   python3                                      11103MiB |
+-----------------------------------------------------------------------------+
Epoch: [1][0/75], lr: 0.00100	Time 10.165 (10.165)	Data 8.020 (8.020)	Loss 1.4020 (1.4020)	Acc@1 62.500 (62.500)	Acc@5 89.062 (89.062)
Epoch: [1][20/75], lr: 0.00100	Time 4.659 (3.931)	Data 2.588 (1.784)	Loss 1.2641 (1.4391)	Acc@1 64.062 (60.417)	Acc@5 94.531 (88.318)
Epoch: [1][40/75], lr: 0.00100	Time 5.326 (3.816)	Data 3.261 (1.692)	Loss 1.4232 (1.3903)	Acc@1 60.156 (61.795)	Acc@5 87.500 (88.796)
Epoch: [1][60/75], lr: 0.00100	Time 5.765 (3.761)	Data 3.634 (1.648)	Loss 1.0226 (1.3214)	Acc@1 71.094 (63.768)	Acc@5 91.406 (89.408)
Sun Feb 10 20:09:26 2019       
+-----------------------------------------------------------------------------+
| NVIDIA-SMI 367.55                 Driver Version: 367.55                    |
|-------------------------------+----------------------+----------------------+
| GPU  Name        Persistence-M| Bus-Id        Disp.A | Volatile Uncorr. ECC |
| Fan  Temp  Perf  Pwr:Usage/Cap|         Memory-Usage | GPU-Util  Compute M. |
|===============================+======================+======================|
|   0  Tesla K80           Off  | 0000:06:00.0     Off |                    0 |
| N/A   81C    P0    77W / 149W |  11157MiB / 11439MiB |      0%   E. Process |
+-------------------------------+----------------------+----------------------+
|   1  Tesla K80           Off  | 0000:07:00.0     Off |                    0 |
| N/A   54C    P0    84W / 149W |  11109MiB / 11439MiB |      0%   E. Process |
+-------------------------------+----------------------+----------------------+
                                                                               
+-----------------------------------------------------------------------------+
| Processes:                                                       GPU Memory |
|  GPU       PID  Type  Process name                               Usage      |
|=============================================================================|
|    0     10791    C   python3                                      11151MiB |
|    1     10791    C   python3                                      11103MiB |
+-----------------------------------------------------------------------------+
Epoch: [2][0/75], lr: 0.00100	Time 12.156 (12.156)	Data 9.758 (9.758)	Loss 0.9973 (0.9973)	Acc@1 71.875 (71.875)	Acc@5 94.531 (94.531)
Epoch: [2][20/75], lr: 0.00100	Time 4.883 (3.992)	Data 2.823 (1.898)	Loss 0.9079 (1.0230)	Acc@1 75.000 (71.131)	Acc@5 96.094 (93.266)
Epoch: [2][40/75], lr: 0.00100	Time 5.036 (3.795)	Data 2.971 (1.698)	Loss 1.0221 (0.9763)	Acc@1 68.750 (72.046)	Acc@5 92.969 (93.788)
Epoch: [2][60/75], lr: 0.00100	Time 6.119 (3.744)	Data 3.953 (1.647)	Loss 0.9103 (0.9513)	Acc@1 76.562 (72.976)	Acc@5 91.406 (93.788)
Sun Feb 10 20:14:05 2019       
+-----------------------------------------------------------------------------+
| NVIDIA-SMI 367.55                 Driver Version: 367.55                    |
|-------------------------------+----------------------+----------------------+
| GPU  Name        Persistence-M| Bus-Id        Disp.A | Volatile Uncorr. ECC |
| Fan  Temp  Perf  Pwr:Usage/Cap|         Memory-Usage | GPU-Util  Compute M. |
|===============================+======================+======================|
|   0  Tesla K80           Off  | 0000:06:00.0     Off |                    0 |
| N/A   81C    P0    80W / 149W |  11157MiB / 11439MiB |      4%   E. Process |
+-------------------------------+----------------------+----------------------+
|   1  Tesla K80           Off  | 0000:07:00.0     Off |                    0 |
| N/A   54C    P0    82W / 149W |  11109MiB / 11439MiB |      0%   E. Process |
+-------------------------------+----------------------+----------------------+
                                                                               
+-----------------------------------------------------------------------------+
| Processes:                                                       GPU Memory |
|  GPU       PID  Type  Process name                               Usage      |
|=============================================================================|
|    0     10791    C   python3                                      11151MiB |
|    1     10791    C   python3                                      11103MiB |
+-----------------------------------------------------------------------------+
Epoch: [3][0/75], lr: 0.00100	Time 10.132 (10.132)	Data 7.979 (7.979)	Loss 0.6892 (0.6892)	Acc@1 78.906 (78.906)	Acc@5 95.312 (95.312)
Epoch: [3][20/75], lr: 0.00100	Time 7.791 (4.050)	Data 5.722 (1.966)	Loss 1.0289 (0.8036)	Acc@1 70.312 (76.525)	Acc@5 94.531 (95.424)
Epoch: [3][40/75], lr: 0.00100	Time 5.917 (3.897)	Data 3.447 (1.804)	Loss 0.7425 (0.7826)	Acc@1 79.688 (77.039)	Acc@5 96.094 (95.732)
Epoch: [3][60/75], lr: 0.00100	Time 4.936 (3.807)	Data 2.879 (1.713)	Loss 0.7534 (0.7742)	Acc@1 78.906 (77.561)	Acc@5 98.438 (95.697)
Sun Feb 10 20:18:37 2019       
+-----------------------------------------------------------------------------+
| NVIDIA-SMI 367.55                 Driver Version: 367.55                    |
|-------------------------------+----------------------+----------------------+
| GPU  Name        Persistence-M| Bus-Id        Disp.A | Volatile Uncorr. ECC |
| Fan  Temp  Perf  Pwr:Usage/Cap|         Memory-Usage | GPU-Util  Compute M. |
|===============================+======================+======================|
|   0  Tesla K80           Off  | 0000:06:00.0     Off |                    0 |
| N/A   79C    P0    77W / 149W |  11157MiB / 11439MiB |      0%   E. Process |
+-------------------------------+----------------------+----------------------+
|   1  Tesla K80           Off  | 0000:07:00.0     Off |                    0 |
| N/A   53C    P0    80W / 149W |  11109MiB / 11439MiB |      0%   E. Process |
+-------------------------------+----------------------+----------------------+
                                                                               
+-----------------------------------------------------------------------------+
| Processes:                                                       GPU Memory |
|  GPU       PID  Type  Process name                               Usage      |
|=============================================================================|
|    0     10791    C   python3                                      11151MiB |
|    1     10791    C   python3                                      11103MiB |
+-----------------------------------------------------------------------------+
Epoch: [4][0/75], lr: 0.00100	Time 10.580 (10.580)	Data 8.498 (8.498)	Loss 0.5596 (0.5596)	Acc@1 81.250 (81.250)	Acc@5 97.656 (97.656)
Epoch: [4][20/75], lr: 0.00100	Time 5.252 (3.925)	Data 3.182 (1.833)	Loss 0.7098 (0.6713)	Acc@1 82.031 (79.427)	Acc@5 96.875 (96.503)
Epoch: [4][40/75], lr: 0.00100	Time 5.901 (3.759)	Data 3.821 (1.670)	Loss 0.5928 (0.6463)	Acc@1 83.594 (80.716)	Acc@5 97.656 (96.570)
Epoch: [4][60/75], lr: 0.00100	Time 4.575 (3.687)	Data 2.516 (1.602)	Loss 0.8219 (0.6323)	Acc@1 78.125 (81.224)	Acc@5 96.094 (96.644)
Test: [0/30]	Time 8.831 (8.831)	Loss 0.6124 (0.6124)	Acc@1 76.562 (76.562)	Acc@5 97.656 (97.656)
Test: [20/30]	Time 6.201 (3.558)	Loss 0.5534 (0.7487)	Acc@1 85.156 (77.009)	Acc@5 96.875 (95.164)
 * Acc@1 77.505 Acc@5 95.189 Loss 0.74354
Sun Feb 10 20:24:54 2019       
+-----------------------------------------------------------------------------+
| NVIDIA-SMI 367.55                 Driver Version: 367.55                    |
|-------------------------------+----------------------+----------------------+
| GPU  Name        Persistence-M| Bus-Id        Disp.A | Volatile Uncorr. ECC |
| Fan  Temp  Perf  Pwr:Usage/Cap|         Memory-Usage | GPU-Util  Compute M. |
|===============================+======================+======================|
|   0  Tesla K80           Off  | 0000:06:00.0     Off |                    0 |
| N/A   81C    P0    76W / 149W |  11234MiB / 11439MiB |      0%   E. Process |
+-------------------------------+----------------------+----------------------+
|   1  Tesla K80           Off  | 0000:07:00.0     Off |                    0 |
| N/A   54C    P0    81W / 149W |  11156MiB / 11439MiB |      0%   E. Process |
+-------------------------------+----------------------+----------------------+
                                                                               
+-----------------------------------------------------------------------------+
| Processes:                                                       GPU Memory |
|  GPU       PID  Type  Process name                               Usage      |
|=============================================================================|
|    0     10791    C   python3                                      11228MiB |
|    1     10791    C   python3                                      11150MiB |
+-----------------------------------------------------------------------------+
Epoch: [5][0/75], lr: 0.00100	Time 9.304 (9.304)	Data 7.112 (7.112)	Loss 0.3195 (0.3195)	Acc@1 90.625 (90.625)	Acc@5 99.219 (99.219)
Epoch: [5][20/75], lr: 0.00100	Time 4.671 (3.854)	Data 2.590 (1.765)	Loss 0.5454 (0.5690)	Acc@1 85.156 (84.115)	Acc@5 95.312 (96.801)
Epoch: [5][40/75], lr: 0.00100	Time 4.274 (3.701)	Data 2.216 (1.598)	Loss 0.4516 (0.5657)	Acc@1 86.719 (83.937)	Acc@5 98.438 (96.989)
Epoch: [5][60/75], lr: 0.00100	Time 4.607 (3.658)	Data 2.551 (1.562)	Loss 0.3915 (0.5665)	Acc@1 89.062 (83.811)	Acc@5 97.656 (96.913)
Sun Feb 10 20:29:24 2019       
+-----------------------------------------------------------------------------+
| NVIDIA-SMI 367.55                 Driver Version: 367.55                    |
|-------------------------------+----------------------+----------------------+
| GPU  Name        Persistence-M| Bus-Id        Disp.A | Volatile Uncorr. ECC |
| Fan  Temp  Perf  Pwr:Usage/Cap|         Memory-Usage | GPU-Util  Compute M. |
|===============================+======================+======================|
|   0  Tesla K80           Off  | 0000:06:00.0     Off |                    0 |
| N/A   81C    P0    84W / 149W |  11234MiB / 11439MiB |      0%   E. Process |
+-------------------------------+----------------------+----------------------+
|   1  Tesla K80           Off  | 0000:07:00.0     Off |                    0 |
| N/A   54C    P0    83W / 149W |  11156MiB / 11439MiB |      4%   E. Process |
+-------------------------------+----------------------+----------------------+
                                                                               
+-----------------------------------------------------------------------------+
| Processes:                                                       GPU Memory |
|  GPU       PID  Type  Process name                               Usage      |
|=============================================================================|
|    0     10791    C   python3                                      11228MiB |
|    1     10791    C   python3                                      11150MiB |
+-----------------------------------------------------------------------------+
Epoch: [6][0/75], lr: 0.00100	Time 12.014 (12.014)	Data 9.953 (9.953)	Loss 0.2907 (0.2907)	Acc@1 89.844 (89.844)	Acc@5 100.000 (100.000)
Epoch: [6][20/75], lr: 0.00100	Time 5.563 (3.925)	Data 3.501 (1.838)	Loss 0.4671 (0.4899)	Acc@1 87.500 (85.119)	Acc@5 97.656 (97.768)
Epoch: [6][40/75], lr: 0.00100	Time 4.684 (3.734)	Data 2.629 (1.650)	Loss 0.5117 (0.5116)	Acc@1 86.719 (84.851)	Acc@5 96.875 (97.504)
Epoch: [6][60/75], lr: 0.00100	Time 5.231 (3.666)	Data 3.085 (1.574)	Loss 0.5427 (0.5011)	Acc@1 82.812 (85.348)	Acc@5 96.094 (97.528)
Sun Feb 10 20:33:51 2019       
+-----------------------------------------------------------------------------+
| NVIDIA-SMI 367.55                 Driver Version: 367.55                    |
|-------------------------------+----------------------+----------------------+
| GPU  Name        Persistence-M| Bus-Id        Disp.A | Volatile Uncorr. ECC |
| Fan  Temp  Perf  Pwr:Usage/Cap|         Memory-Usage | GPU-Util  Compute M. |
|===============================+======================+======================|
|   0  Tesla K80           Off  | 0000:06:00.0     Off |                    0 |
| N/A   81C    P0    78W / 149W |  11234MiB / 11439MiB |      4%   E. Process |
+-------------------------------+----------------------+----------------------+
|   1  Tesla K80           Off  | 0000:07:00.0     Off |                    0 |
| N/A   54C    P0    84W / 149W |  11156MiB / 11439MiB |      0%   E. Process |
+-------------------------------+----------------------+----------------------+
                                                                               
+-----------------------------------------------------------------------------+
| Processes:                                                       GPU Memory |
|  GPU       PID  Type  Process name                               Usage      |
|=============================================================================|
|    0     10791    C   python3                                      11228MiB |
|    1     10791    C   python3                                      11150MiB |
+-----------------------------------------------------------------------------+
Epoch: [7][0/75], lr: 0.00100	Time 9.878 (9.878)	Data 7.698 (7.698)	Loss 0.4630 (0.4630)	Acc@1 86.719 (86.719)	Acc@5 96.094 (96.094)
Epoch: [7][20/75], lr: 0.00100	Time 4.627 (3.779)	Data 2.566 (1.683)	Loss 0.4137 (0.4424)	Acc@1 87.500 (86.161)	Acc@5 98.438 (98.214)
Epoch: [7][40/75], lr: 0.00100	Time 4.515 (3.683)	Data 2.448 (1.570)	Loss 0.4823 (0.4545)	Acc@1 87.500 (85.575)	Acc@5 98.438 (98.209)
Epoch: [7][60/75], lr: 0.00100	Time 4.851 (3.626)	Data 2.800 (1.521)	Loss 0.4583 (0.4476)	Acc@1 87.500 (86.066)	Acc@5 99.219 (98.258)
Sun Feb 10 20:38:13 2019       
+-----------------------------------------------------------------------------+
| NVIDIA-SMI 367.55                 Driver Version: 367.55                    |
|-------------------------------+----------------------+----------------------+
| GPU  Name        Persistence-M| Bus-Id        Disp.A | Volatile Uncorr. ECC |
| Fan  Temp  Perf  Pwr:Usage/Cap|         Memory-Usage | GPU-Util  Compute M. |
|===============================+======================+======================|
|   0  Tesla K80           Off  | 0000:06:00.0     Off |                    0 |
| N/A   81C    P0    79W / 149W |  11234MiB / 11439MiB |      0%   E. Process |
+-------------------------------+----------------------+----------------------+
|   1  Tesla K80           Off  | 0000:07:00.0     Off |                    0 |
| N/A   54C    P0    80W / 149W |  11156MiB / 11439MiB |      0%   E. Process |
+-------------------------------+----------------------+----------------------+
                                                                               
+-----------------------------------------------------------------------------+
| Processes:                                                       GPU Memory |
|  GPU       PID  Type  Process name                               Usage      |
|=============================================================================|
|    0     10791    C   python3                                      11228MiB |
|    1     10791    C   python3                                      11150MiB |
+-----------------------------------------------------------------------------+
Epoch: [8][0/75], lr: 0.00100	Time 10.695 (10.695)	Data 8.594 (8.594)	Loss 0.5150 (0.5150)	Acc@1 85.938 (85.938)	Acc@5 94.531 (94.531)
Epoch: [8][20/75], lr: 0.00100	Time 5.546 (3.838)	Data 3.489 (1.759)	Loss 0.3256 (0.4362)	Acc@1 89.844 (86.905)	Acc@5 99.219 (98.177)
Epoch: [8][40/75], lr: 0.00100	Time 4.974 (3.611)	Data 2.915 (1.532)	Loss 0.3279 (0.4091)	Acc@1 89.844 (87.824)	Acc@5 98.438 (98.285)
Epoch: [8][60/75], lr: 0.00100	Time 4.450 (3.560)	Data 2.390 (1.481)	Loss 0.4652 (0.4092)	Acc@1 88.281 (87.782)	Acc@5 96.875 (98.297)
Sun Feb 10 20:42:33 2019       
+-----------------------------------------------------------------------------+
| NVIDIA-SMI 367.55                 Driver Version: 367.55                    |
|-------------------------------+----------------------+----------------------+
| GPU  Name        Persistence-M| Bus-Id        Disp.A | Volatile Uncorr. ECC |
| Fan  Temp  Perf  Pwr:Usage/Cap|         Memory-Usage | GPU-Util  Compute M. |
|===============================+======================+======================|
|   0  Tesla K80           Off  | 0000:06:00.0     Off |                    0 |
| N/A   80C    P0    80W / 149W |  11234MiB / 11439MiB |      0%   E. Process |
+-------------------------------+----------------------+----------------------+
|   1  Tesla K80           Off  | 0000:07:00.0     Off |                    0 |
| N/A   53C    P0    80W / 149W |  11156MiB / 11439MiB |      0%   E. Process |
+-------------------------------+----------------------+----------------------+
                                                                               
+-----------------------------------------------------------------------------+
| Processes:                                                       GPU Memory |
|  GPU       PID  Type  Process name                               Usage      |
|=============================================================================|
|    0     10791    C   python3                                      11228MiB |
|    1     10791    C   python3                                      11150MiB |
+-----------------------------------------------------------------------------+
Epoch: [9][0/75], lr: 0.00100	Time 11.004 (11.004)	Data 8.895 (8.895)	Loss 0.4285 (0.4285)	Acc@1 91.406 (91.406)	Acc@5 98.438 (98.438)
Epoch: [9][20/75], lr: 0.00100	Time 4.895 (3.712)	Data 2.838 (1.635)	Loss 0.2975 (0.3906)	Acc@1 89.062 (88.207)	Acc@5 100.000 (98.251)
Epoch: [9][40/75], lr: 0.00100	Time 4.663 (3.581)	Data 2.612 (1.507)	Loss 0.4663 (0.3840)	Acc@1 84.375 (88.472)	Acc@5 99.219 (98.418)
Epoch: [9][60/75], lr: 0.00100	Time 4.411 (3.523)	Data 2.344 (1.436)	Loss 0.4318 (0.3762)	Acc@1 87.500 (88.665)	Acc@5 99.219 (98.502)
Test: [0/30]	Time 7.321 (7.321)	Loss 0.9021 (0.9021)	Acc@1 77.344 (77.344)	Acc@5 96.094 (96.094)
Test: [20/30]	Time 3.772 (2.486)	Loss 0.5304 (0.8226)	Acc@1 85.938 (79.018)	Acc@5 96.875 (95.015)
 * Acc@1 80.465 Acc@5 95.691 Loss 0.74227
Sun Feb 10 20:48:08 2019       
+-----------------------------------------------------------------------------+
| NVIDIA-SMI 367.55                 Driver Version: 367.55                    |
|-------------------------------+----------------------+----------------------+
| GPU  Name        Persistence-M| Bus-Id        Disp.A | Volatile Uncorr. ECC |
| Fan  Temp  Perf  Pwr:Usage/Cap|         Memory-Usage | GPU-Util  Compute M. |
|===============================+======================+======================|
|   0  Tesla K80           Off  | 0000:06:00.0     Off |                    0 |
| N/A   81C    P0    78W / 149W |  11234MiB / 11439MiB |      0%   E. Process |
+-------------------------------+----------------------+----------------------+
|   1  Tesla K80           Off  | 0000:07:00.0     Off |                    0 |
| N/A   54C    P0    85W / 149W |  11156MiB / 11439MiB |      0%   E. Process |
+-------------------------------+----------------------+----------------------+
                                                                               
+-----------------------------------------------------------------------------+
| Processes:                                                       GPU Memory |
|  GPU       PID  Type  Process name                               Usage      |
|=============================================================================|
|    0     10791    C   python3                                      11228MiB |
|    1     10791    C   python3                                      11150MiB |
+-----------------------------------------------------------------------------+
Epoch: [10][0/75], lr: 0.00100	Time 10.058 (10.058)	Data 7.947 (7.947)	Loss 0.2458 (0.2458)	Acc@1 89.844 (89.844)	Acc@5 100.000 (100.000)
Epoch: [10][20/75], lr: 0.00100	Time 7.044 (3.825)	Data 4.082 (1.714)	Loss 0.2873 (0.3372)	Acc@1 90.625 (89.397)	Acc@5 99.219 (98.958)
Epoch: [10][40/75], lr: 0.00100	Time 4.467 (3.635)	Data 2.373 (1.533)	Loss 0.4231 (0.3333)	Acc@1 87.500 (89.653)	Acc@5 97.656 (98.800)
Epoch: [10][60/75], lr: 0.00100	Time 5.981 (3.600)	Data 3.913 (1.507)	Loss 0.2912 (0.3253)	Acc@1 91.406 (90.126)	Acc@5 98.438 (98.719)
Sun Feb 10 20:52:27 2019       
+-----------------------------------------------------------------------------+
| NVIDIA-SMI 367.55                 Driver Version: 367.55                    |
|-------------------------------+----------------------+----------------------+
| GPU  Name        Persistence-M| Bus-Id        Disp.A | Volatile Uncorr. ECC |
| Fan  Temp  Perf  Pwr:Usage/Cap|         Memory-Usage | GPU-Util  Compute M. |
|===============================+======================+======================|
|   0  Tesla K80           Off  | 0000:06:00.0     Off |                    0 |
| N/A   81C    P0    91W / 149W |  11234MiB / 11439MiB |     63%   E. Process |
+-------------------------------+----------------------+----------------------+
|   1  Tesla K80           Off  | 0000:07:00.0     Off |                    0 |
| N/A   54C    P0    97W / 149W |  11156MiB / 11439MiB |     79%   E. Process |
+-------------------------------+----------------------+----------------------+
                                                                               
+-----------------------------------------------------------------------------+
| Processes:                                                       GPU Memory |
|  GPU       PID  Type  Process name                               Usage      |
|=============================================================================|
|    0     10791    C   python3                                      11228MiB |
|    1     10791    C   python3                                      11150MiB |
+-----------------------------------------------------------------------------+
Epoch: [11][0/75], lr: 0.00100	Time 10.759 (10.759)	Data 8.707 (8.707)	Loss 0.3358 (0.3358)	Acc@1 89.062 (89.062)	Acc@5 98.438 (98.438)
Epoch: [11][20/75], lr: 0.00100	Time 4.605 (3.726)	Data 2.538 (1.649)	Loss 0.3565 (0.3273)	Acc@1 90.625 (90.067)	Acc@5 100.000 (98.884)
Epoch: [11][40/75], lr: 0.00100	Time 4.582 (3.546)	Data 2.518 (1.472)	Loss 0.2451 (0.3174)	Acc@1 92.969 (90.396)	Acc@5 100.000 (98.838)
Epoch: [11][60/75], lr: 0.00100	Time 4.732 (3.518)	Data 2.587 (1.426)	Loss 0.3478 (0.3187)	Acc@1 89.844 (90.484)	Acc@5 99.219 (98.899)
Sun Feb 10 20:56:40 2019       
+-----------------------------------------------------------------------------+
| NVIDIA-SMI 367.55                 Driver Version: 367.55                    |
|-------------------------------+----------------------+----------------------+
| GPU  Name        Persistence-M| Bus-Id        Disp.A | Volatile Uncorr. ECC |
| Fan  Temp  Perf  Pwr:Usage/Cap|         Memory-Usage | GPU-Util  Compute M. |
|===============================+======================+======================|
|   0  Tesla K80           Off  | 0000:06:00.0     Off |                    0 |
| N/A   81C    P0    79W / 149W |  11234MiB / 11439MiB |      3%   E. Process |
+-------------------------------+----------------------+----------------------+
|   1  Tesla K80           Off  | 0000:07:00.0     Off |                    0 |
| N/A   54C    P0    85W / 149W |  11156MiB / 11439MiB |      0%   E. Process |
+-------------------------------+----------------------+----------------------+
                                                                               
+-----------------------------------------------------------------------------+
| Processes:                                                       GPU Memory |
|  GPU       PID  Type  Process name                               Usage      |
|=============================================================================|
|    0     10791    C   python3                                      11228MiB |
|    1     10791    C   python3                                      11150MiB |
+-----------------------------------------------------------------------------+
Epoch: [12][0/75], lr: 0.00100	Time 9.547 (9.547)	Data 7.424 (7.424)	Loss 0.2691 (0.2691)	Acc@1 92.969 (92.969)	Acc@5 98.438 (98.438)
Epoch: [12][20/75], lr: 0.00100	Time 4.589 (3.668)	Data 2.534 (1.588)	Loss 0.1814 (0.3129)	Acc@1 92.188 (90.476)	Acc@5 100.000 (99.033)
Epoch: [12][40/75], lr: 0.00100	Time 4.132 (3.517)	Data 2.060 (1.425)	Loss 0.2553 (0.2889)	Acc@1 89.844 (91.330)	Acc@5 99.219 (98.990)
Epoch: [12][60/75], lr: 0.00100	Time 4.237 (3.442)	Data 2.180 (1.356)	Loss 0.3254 (0.2913)	Acc@1 90.625 (91.304)	Acc@5 99.219 (99.001)
Sun Feb 10 21:00:56 2019       
+-----------------------------------------------------------------------------+
| NVIDIA-SMI 367.55                 Driver Version: 367.55                    |
|-------------------------------+----------------------+----------------------+
| GPU  Name        Persistence-M| Bus-Id        Disp.A | Volatile Uncorr. ECC |
| Fan  Temp  Perf  Pwr:Usage/Cap|         Memory-Usage | GPU-Util  Compute M. |
|===============================+======================+======================|
|   0  Tesla K80           Off  | 0000:06:00.0     Off |                    0 |
| N/A   82C    P0    76W / 149W |  11234MiB / 11439MiB |      0%   E. Process |
+-------------------------------+----------------------+----------------------+
|   1  Tesla K80           Off  | 0000:07:00.0     Off |                    0 |
| N/A   54C    P0    83W / 149W |  11156MiB / 11439MiB |      0%   E. Process |
+-------------------------------+----------------------+----------------------+
                                                                               
+-----------------------------------------------------------------------------+
| Processes:                                                       GPU Memory |
|  GPU       PID  Type  Process name                               Usage      |
|=============================================================================|
|    0     10791    C   python3                                      11228MiB |
|    1     10791    C   python3                                      11150MiB |
+-----------------------------------------------------------------------------+
Epoch: [13][0/75], lr: 0.00100	Time 9.912 (9.912)	Data 7.819 (7.819)	Loss 0.2486 (0.2486)	Acc@1 92.969 (92.969)	Acc@5 99.219 (99.219)
Epoch: [13][20/75], lr: 0.00100	Time 4.308 (3.586)	Data 2.248 (1.499)	Loss 0.4194 (0.2878)	Acc@1 86.719 (91.443)	Acc@5 98.438 (99.219)
Epoch: [13][40/75], lr: 0.00100	Time 5.664 (3.484)	Data 3.051 (1.381)	Loss 0.2092 (0.2890)	Acc@1 92.188 (91.235)	Acc@5 99.219 (99.276)
Epoch: [13][60/75], lr: 0.00100	Time 5.566 (3.466)	Data 3.505 (1.373)	Loss 0.2053 (0.2859)	Acc@1 92.188 (91.227)	Acc@5 100.000 (99.219)
Sun Feb 10 21:05:12 2019       
+-----------------------------------------------------------------------------+
| NVIDIA-SMI 367.55                 Driver Version: 367.55                    |
|-------------------------------+----------------------+----------------------+
| GPU  Name        Persistence-M| Bus-Id        Disp.A | Volatile Uncorr. ECC |
| Fan  Temp  Perf  Pwr:Usage/Cap|         Memory-Usage | GPU-Util  Compute M. |
|===============================+======================+======================|
|   0  Tesla K80           Off  | 0000:06:00.0     Off |                    0 |
| N/A   80C    P0    91W / 149W |  11234MiB / 11439MiB |      7%   E. Process |
+-------------------------------+----------------------+----------------------+
|   1  Tesla K80           Off  | 0000:07:00.0     Off |                    0 |
| N/A   54C    P0    94W / 149W |  11156MiB / 11439MiB |     17%   E. Process |
+-------------------------------+----------------------+----------------------+
                                                                               
+-----------------------------------------------------------------------------+
| Processes:                                                       GPU Memory |
|  GPU       PID  Type  Process name                               Usage      |
|=============================================================================|
|    0     10791    C   python3                                      11228MiB |
|    1     10791    C   python3                                      11150MiB |
+-----------------------------------------------------------------------------+
Epoch: [14][0/75], lr: 0.00100	Time 10.005 (10.005)	Data 7.951 (7.951)	Loss 0.1852 (0.1852)	Acc@1 92.969 (92.969)	Acc@5 100.000 (100.000)
Epoch: [14][20/75], lr: 0.00100	Time 6.800 (3.766)	Data 4.740 (1.694)	Loss 0.2680 (0.2261)	Acc@1 92.969 (92.708)	Acc@5 100.000 (99.479)
Epoch: [14][40/75], lr: 0.00100	Time 4.602 (3.514)	Data 2.546 (1.429)	Loss 0.3150 (0.2485)	Acc@1 90.625 (92.073)	Acc@5 98.438 (99.238)
Epoch: [14][60/75], lr: 0.00100	Time 4.471 (3.492)	Data 2.413 (1.399)	Loss 0.1393 (0.2428)	Acc@1 96.875 (92.559)	Acc@5 99.219 (99.257)
Test: [0/30]	Time 6.036 (6.036)	Loss 0.3555 (0.3555)	Acc@1 87.500 (87.500)	Acc@5 100.000 (100.000)
Test: [20/30]	Time 3.794 (2.432)	Loss 0.4940 (0.7885)	Acc@1 85.156 (81.845)	Acc@5 97.656 (95.759)
 * Acc@1 81.998 Acc@5 95.982 Loss 0.75319
Sun Feb 10 21:10:38 2019       
+-----------------------------------------------------------------------------+
| NVIDIA-SMI 367.55                 Driver Version: 367.55                    |
|-------------------------------+----------------------+----------------------+
| GPU  Name        Persistence-M| Bus-Id        Disp.A | Volatile Uncorr. ECC |
| Fan  Temp  Perf  Pwr:Usage/Cap|         Memory-Usage | GPU-Util  Compute M. |
|===============================+======================+======================|
|   0  Tesla K80           Off  | 0000:06:00.0     Off |                    0 |
| N/A   81C    P0    81W / 149W |  11234MiB / 11439MiB |      0%   E. Process |
+-------------------------------+----------------------+----------------------+
|   1  Tesla K80           Off  | 0000:07:00.0     Off |                    0 |
| N/A   54C    P0    85W / 149W |  11156MiB / 11439MiB |      0%   E. Process |
+-------------------------------+----------------------+----------------------+
                                                                               
+-----------------------------------------------------------------------------+
| Processes:                                                       GPU Memory |
|  GPU       PID  Type  Process name                               Usage      |
|=============================================================================|
|    0     10791    C   python3                                      11228MiB |
|    1     10791    C   python3                                      11150MiB |
+-----------------------------------------------------------------------------+
Epoch: [15][0/75], lr: 0.00100	Time 10.767 (10.767)	Data 8.606 (8.606)	Loss 0.2587 (0.2587)	Acc@1 92.969 (92.969)	Acc@5 98.438 (98.438)
Epoch: [15][20/75], lr: 0.00100	Time 5.922 (3.724)	Data 3.494 (1.628)	Loss 0.1818 (0.2540)	Acc@1 93.750 (92.708)	Acc@5 100.000 (99.144)
Epoch: [15][40/75], lr: 0.00100	Time 4.547 (3.552)	Data 2.477 (1.464)	Loss 0.1783 (0.2521)	Acc@1 93.750 (92.473)	Acc@5 100.000 (99.238)
Epoch: [15][60/75], lr: 0.00100	Time 4.373 (3.471)	Data 2.316 (1.368)	Loss 0.2590 (0.2513)	Acc@1 89.844 (92.290)	Acc@5 100.000 (99.257)
Sun Feb 10 21:14:50 2019       
+-----------------------------------------------------------------------------+
| NVIDIA-SMI 367.55                 Driver Version: 367.55                    |
|-------------------------------+----------------------+----------------------+
| GPU  Name        Persistence-M| Bus-Id        Disp.A | Volatile Uncorr. ECC |
| Fan  Temp  Perf  Pwr:Usage/Cap|         Memory-Usage | GPU-Util  Compute M. |
|===============================+======================+======================|
|   0  Tesla K80           Off  | 0000:06:00.0     Off |                    0 |
| N/A   81C    P0    86W / 149W |  11234MiB / 11439MiB |     48%   E. Process |
+-------------------------------+----------------------+----------------------+
|   1  Tesla K80           Off  | 0000:07:00.0     Off |                    0 |
| N/A   54C    P0    86W / 149W |  11156MiB / 11439MiB |     50%   E. Process |
+-------------------------------+----------------------+----------------------+
                                                                               
+-----------------------------------------------------------------------------+
| Processes:                                                       GPU Memory |
|  GPU       PID  Type  Process name                               Usage      |
|=============================================================================|
|    0     10791    C   python3                                      11228MiB |
|    1     10791    C   python3                                      11150MiB |
+-----------------------------------------------------------------------------+
Epoch: [16][0/75], lr: 0.00100	Time 9.792 (9.792)	Data 7.738 (7.738)	Loss 0.2699 (0.2699)	Acc@1 89.062 (89.062)	Acc@5 99.219 (99.219)
Epoch: [16][20/75], lr: 0.00100	Time 4.400 (3.684)	Data 2.353 (1.598)	Loss 0.2589 (0.2451)	Acc@1 92.188 (92.634)	Acc@5 99.219 (98.996)
Epoch: [16][40/75], lr: 0.00100	Time 4.441 (3.519)	Data 2.376 (1.426)	Loss 0.1255 (0.2428)	Acc@1 96.094 (92.416)	Acc@5 100.000 (99.200)
Epoch: [16][60/75], lr: 0.00100	Time 4.569 (3.448)	Data 2.508 (1.358)	Loss 0.3591 (0.2446)	Acc@1 89.062 (92.200)	Acc@5 98.438 (99.219)
Sun Feb 10 21:19:04 2019       
+-----------------------------------------------------------------------------+
| NVIDIA-SMI 367.55                 Driver Version: 367.55                    |
|-------------------------------+----------------------+----------------------+
| GPU  Name        Persistence-M| Bus-Id        Disp.A | Volatile Uncorr. ECC |
| Fan  Temp  Perf  Pwr:Usage/Cap|         Memory-Usage | GPU-Util  Compute M. |
|===============================+======================+======================|
|   0  Tesla K80           Off  | 0000:06:00.0     Off |                    0 |
| N/A   79C    P0    78W / 149W |  11234MiB / 11439MiB |      0%   E. Process |
+-------------------------------+----------------------+----------------------+
|   1  Tesla K80           Off  | 0000:07:00.0     Off |                    0 |
| N/A   53C    P0    80W / 149W |  11156MiB / 11439MiB |      0%   E. Process |
+-------------------------------+----------------------+----------------------+
                                                                               
+-----------------------------------------------------------------------------+
| Processes:                                                       GPU Memory |
|  GPU       PID  Type  Process name                               Usage      |
|=============================================================================|
|    0     10791    C   python3                                      11228MiB |
|    1     10791    C   python3                                      11150MiB |
+-----------------------------------------------------------------------------+
Epoch: [17][0/75], lr: 0.00100	Time 10.007 (10.007)	Data 7.832 (7.832)	Loss 0.1814 (0.1814)	Acc@1 94.531 (94.531)	Acc@5 100.000 (100.000)
Epoch: [17][20/75], lr: 0.00100	Time 4.429 (3.607)	Data 2.371 (1.528)	Loss 0.2488 (0.2671)	Acc@1 93.750 (91.741)	Acc@5 99.219 (99.107)
Epoch: [17][40/75], lr: 0.00100	Time 4.178 (3.475)	Data 2.114 (1.390)	Loss 0.2056 (0.2428)	Acc@1 92.969 (92.435)	Acc@5 99.219 (99.257)
Epoch: [17][60/75], lr: 0.00100	Time 5.251 (3.440)	Data 3.096 (1.353)	Loss 0.1762 (0.2308)	Acc@1 93.750 (92.802)	Acc@5 100.000 (99.308)
Sun Feb 10 21:23:15 2019       
+-----------------------------------------------------------------------------+
| NVIDIA-SMI 367.55                 Driver Version: 367.55                    |
|-------------------------------+----------------------+----------------------+
| GPU  Name        Persistence-M| Bus-Id        Disp.A | Volatile Uncorr. ECC |
| Fan  Temp  Perf  Pwr:Usage/Cap|         Memory-Usage | GPU-Util  Compute M. |
|===============================+======================+======================|
|   0  Tesla K80           Off  | 0000:06:00.0     Off |                    0 |
| N/A   81C    P0    95W / 149W |  11234MiB / 11439MiB |     57%   E. Process |
+-------------------------------+----------------------+----------------------+
|   1  Tesla K80           Off  | 0000:07:00.0     Off |                    0 |
| N/A   54C    P0    91W / 149W |  11156MiB / 11439MiB |     45%   E. Process |
+-------------------------------+----------------------+----------------------+
                                                                               
+-----------------------------------------------------------------------------+
| Processes:                                                       GPU Memory |
|  GPU       PID  Type  Process name                               Usage      |
|=============================================================================|
|    0     10791    C   python3                                      11228MiB |
|    1     10791    C   python3                                      11150MiB |
+-----------------------------------------------------------------------------+
Epoch: [18][0/75], lr: 0.00100	Time 10.082 (10.082)	Data 7.906 (7.906)	Loss 0.2286 (0.2286)	Acc@1 92.969 (92.969)	Acc@5 98.438 (98.438)
Epoch: [18][20/75], lr: 0.00100	Time 4.646 (3.581)	Data 2.573 (1.485)	Loss 0.2240 (0.2041)	Acc@1 92.969 (93.973)	Acc@5 99.219 (99.479)
Epoch: [18][40/75], lr: 0.00100	Time 4.894 (3.444)	Data 2.833 (1.347)	Loss 0.1047 (0.1930)	Acc@1 97.656 (94.074)	Acc@5 100.000 (99.486)
Epoch: [18][60/75], lr: 0.00100	Time 4.267 (3.399)	Data 2.208 (1.303)	Loss 0.2444 (0.1960)	Acc@1 92.188 (93.981)	Acc@5 100.000 (99.449)
Sun Feb 10 21:27:22 2019       
+-----------------------------------------------------------------------------+
| NVIDIA-SMI 367.55                 Driver Version: 367.55                    |
|-------------------------------+----------------------+----------------------+
| GPU  Name        Persistence-M| Bus-Id        Disp.A | Volatile Uncorr. ECC |
| Fan  Temp  Perf  Pwr:Usage/Cap|         Memory-Usage | GPU-Util  Compute M. |
|===============================+======================+======================|
|   0  Tesla K80           Off  | 0000:06:00.0     Off |                    0 |
| N/A   81C    P0    82W / 149W |  11234MiB / 11439MiB |      0%   E. Process |
+-------------------------------+----------------------+----------------------+
|   1  Tesla K80           Off  | 0000:07:00.0     Off |                    0 |
| N/A   54C    P0    84W / 149W |  11156MiB / 11439MiB |      0%   E. Process |
+-------------------------------+----------------------+----------------------+
                                                                               
+-----------------------------------------------------------------------------+
| Processes:                                                       GPU Memory |
|  GPU       PID  Type  Process name                               Usage      |
|=============================================================================|
|    0     10791    C   python3                                      11228MiB |
|    1     10791    C   python3                                      11150MiB |
+-----------------------------------------------------------------------------+
Epoch: [19][0/75], lr: 0.00100	Time 9.763 (9.763)	Data 7.709 (7.709)	Loss 0.2654 (0.2654)	Acc@1 92.188 (92.188)	Acc@5 98.438 (98.438)
Epoch: [19][20/75], lr: 0.00100	Time 4.127 (3.473)	Data 2.070 (1.393)	Loss 0.2449 (0.1935)	Acc@1 91.406 (94.271)	Acc@5 98.438 (99.554)
Epoch: [19][40/75], lr: 0.00100	Time 4.027 (3.361)	Data 1.929 (1.259)	Loss 0.1852 (0.1942)	Acc@1 94.531 (94.131)	Acc@5 100.000 (99.524)
Epoch: [19][60/75], lr: 0.00100	Time 4.147 (3.344)	Data 2.093 (1.246)	Loss 0.2259 (0.1915)	Acc@1 94.531 (94.275)	Acc@5 99.219 (99.526)
Test: [0/30]	Time 6.933 (6.933)	Loss 0.3987 (0.3987)	Acc@1 85.156 (85.156)	Acc@5 98.438 (98.438)
Test: [20/30]	Time 4.164 (2.553)	Loss 0.4364 (0.8133)	Acc@1 87.500 (80.915)	Acc@5 96.094 (95.796)
 * Acc@1 81.575 Acc@5 96.008 Loss 0.78470
Sun Feb 10 21:32:43 2019       
+-----------------------------------------------------------------------------+
| NVIDIA-SMI 367.55                 Driver Version: 367.55                    |
|-------------------------------+----------------------+----------------------+
| GPU  Name        Persistence-M| Bus-Id        Disp.A | Volatile Uncorr. ECC |
| Fan  Temp  Perf  Pwr:Usage/Cap|         Memory-Usage | GPU-Util  Compute M. |
|===============================+======================+======================|
|   0  Tesla K80           Off  | 0000:06:00.0     Off |                    0 |
| N/A   80C    P0    74W / 149W |  11234MiB / 11439MiB |      0%   E. Process |
+-------------------------------+----------------------+----------------------+
|   1  Tesla K80           Off  | 0000:07:00.0     Off |                    0 |
| N/A   54C    P0    81W / 149W |  11156MiB / 11439MiB |      0%   E. Process |
+-------------------------------+----------------------+----------------------+
                                                                               
+-----------------------------------------------------------------------------+
| Processes:                                                       GPU Memory |
|  GPU       PID  Type  Process name                               Usage      |
|=============================================================================|
|    0     10791    C   python3                                      11228MiB |
|    1     10791    C   python3                                      11150MiB |
+-----------------------------------------------------------------------------+
Epoch: [20][0/75], lr: 0.00100	Time 8.990 (8.990)	Data 6.831 (6.831)	Loss 0.1022 (0.1022)	Acc@1 96.094 (96.094)	Acc@5 100.000 (100.000)
Epoch: [20][20/75], lr: 0.00100	Time 4.704 (3.552)	Data 2.327 (1.455)	Loss 0.1548 (0.2117)	Acc@1 94.531 (93.862)	Acc@5 100.000 (99.554)
Epoch: [20][40/75], lr: 0.00100	Time 4.592 (3.386)	Data 2.409 (1.281)	Loss 0.1070 (0.1840)	Acc@1 96.875 (94.627)	Acc@5 100.000 (99.524)
Epoch: [20][60/75], lr: 0.00100	Time 4.376 (3.379)	Data 2.312 (1.281)	Loss 0.1894 (0.1843)	Acc@1 92.188 (94.557)	Acc@5 100.000 (99.501)
Sun Feb 10 21:39:02 2019       
+-----------------------------------------------------------------------------+
| NVIDIA-SMI 367.55                 Driver Version: 367.55                    |
|-------------------------------+----------------------+----------------------+
| GPU  Name        Persistence-M| Bus-Id        Disp.A | Volatile Uncorr. ECC |
| Fan  Temp  Perf  Pwr:Usage/Cap|         Memory-Usage | GPU-Util  Compute M. |
|===============================+======================+======================|
|   0  Tesla K80           Off  | 0000:06:00.0     Off |                    0 |
| N/A   71C    P0    69W / 149W |  11234MiB / 11439MiB |      0%   E. Process |
+-------------------------------+----------------------+----------------------+
|   1  Tesla K80           Off  | 0000:07:00.0     Off |                    0 |
| N/A   46C    P0    79W / 149W |  11156MiB / 11439MiB |      0%   E. Process |
+-------------------------------+----------------------+----------------------+
                                                                               
+-----------------------------------------------------------------------------+
| Processes:                                                       GPU Memory |
|  GPU       PID  Type  Process name                               Usage      |
|=============================================================================|
|    0     10791    C   python3                                      11228MiB |
|    1     10791    C   python3                                      11150MiB |
+-----------------------------------------------------------------------------+
Epoch: [21][0/75], lr: 0.00100	Time 10.306 (10.306)	Data 8.110 (8.110)	Loss 0.2631 (0.2631)	Acc@1 91.406 (91.406)	Acc@5 99.219 (99.219)
Epoch: [21][20/75], lr: 0.00100	Time 4.879 (3.580)	Data 2.732 (1.502)	Loss 0.2580 (0.1926)	Acc@1 90.625 (93.973)	Acc@5 99.219 (99.293)
Epoch: [21][40/75], lr: 0.00100	Time 6.097 (3.702)	Data 3.960 (1.589)	Loss 0.3180 (0.1822)	Acc@1 92.188 (94.341)	Acc@5 99.219 (99.390)
Epoch: [21][60/75], lr: 0.00100	Time 13.096 (4.400)	Data 10.816 (2.254)	Loss 0.2034 (0.1833)	Acc@1 92.188 (94.288)	Acc@5 100.000 (99.501)
Sun Feb 10 21:58:34 2019       
+-----------------------------------------------------------------------------+
| NVIDIA-SMI 367.55                 Driver Version: 367.55                    |
|-------------------------------+----------------------+----------------------+
| GPU  Name        Persistence-M| Bus-Id        Disp.A | Volatile Uncorr. ECC |
| Fan  Temp  Perf  Pwr:Usage/Cap|         Memory-Usage | GPU-Util  Compute M. |
|===============================+======================+======================|
|   0  Tesla K80           Off  | 0000:06:00.0     Off |                    0 |
| N/A   66C    P0    69W / 149W |  11234MiB / 11439MiB |      0%   E. Process |
+-------------------------------+----------------------+----------------------+
|   1  Tesla K80           Off  | 0000:07:00.0     Off |                    0 |
| N/A   44C    P0    77W / 149W |  11156MiB / 11439MiB |      0%   E. Process |
+-------------------------------+----------------------+----------------------+
                                                                               
+-----------------------------------------------------------------------------+
| Processes:                                                       GPU Memory |
|  GPU       PID  Type  Process name                               Usage      |
|=============================================================================|
|    0     10791    C   python3                                      11228MiB |
|    1     10791    C   python3                                      11150MiB |
+-----------------------------------------------------------------------------+
Epoch: [22][0/75], lr: 0.00100	Time 27.125 (27.125)	Data 24.645 (24.645)	Loss 0.2936 (0.2936)	Acc@1 91.406 (91.406)	Acc@5 99.219 (99.219)
Epoch: [22][20/75], lr: 0.00100	Time 22.071 (12.112)	Data 19.684 (9.714)	Loss 0.1578 (0.2097)	Acc@1 95.312 (93.676)	Acc@5 100.000 (99.702)
Epoch: [22][40/75], lr: 0.00100	Time 29.232 (13.277)	Data 26.584 (10.826)	Loss 0.1595 (0.1947)	Acc@1 95.312 (94.112)	Acc@5 98.438 (99.543)
Epoch: [22][60/75], lr: 0.00100	Time 34.235 (14.675)	Data 31.660 (12.173)	Loss 0.1470 (0.1880)	Acc@1 96.875 (94.467)	Acc@5 99.219 (99.539)
Sun Feb 10 22:35:15 2019       
+-----------------------------------------------------------------------------+
| NVIDIA-SMI 367.55                 Driver Version: 367.55                    |
|-------------------------------+----------------------+----------------------+
| GPU  Name        Persistence-M| Bus-Id        Disp.A | Volatile Uncorr. ECC |
| Fan  Temp  Perf  Pwr:Usage/Cap|         Memory-Usage | GPU-Util  Compute M. |
|===============================+======================+======================|
|   0  Tesla K80           Off  | 0000:06:00.0     Off |                    0 |
| N/A   61C    P0    70W / 149W |  11234MiB / 11439MiB |      0%   E. Process |
+-------------------------------+----------------------+----------------------+
|   1  Tesla K80           Off  | 0000:07:00.0     Off |                    0 |
| N/A   42C    P0    78W / 149W |  11156MiB / 11439MiB |      0%   E. Process |
+-------------------------------+----------------------+----------------------+
                                                                               
+-----------------------------------------------------------------------------+
| Processes:                                                       GPU Memory |
|  GPU       PID  Type  Process name                               Usage      |
|=============================================================================|
|    0     10791    C   python3                                      11228MiB |
|    1     10791    C   python3                                      11150MiB |
+-----------------------------------------------------------------------------+
Epoch: [23][0/75], lr: 0.00100	Time 56.626 (56.626)	Data 53.255 (53.255)	Loss 0.1525 (0.1525)	Acc@1 96.875 (96.875)	Acc@5 99.219 (99.219)
Epoch: [23][20/75], lr: 0.00100	Time 45.798 (26.641)	Data 42.440 (23.576)	Loss 0.1522 (0.1678)	Acc@1 93.750 (94.903)	Acc@5 100.000 (99.516)
Epoch: [23][40/75], lr: 0.00100	Time 58.546 (27.577)	Data 55.642 (24.523)	Loss 0.0997 (0.1675)	Acc@1 96.875 (94.931)	Acc@5 100.000 (99.543)
Epoch: [23][60/75], lr: 0.00100	Time 53.830 (28.850)	Data 50.028 (25.787)	Loss 0.1861 (0.1704)	Acc@1 94.531 (94.903)	Acc@5 99.219 (99.565)
