Start Training ...................................

          Initializing TSN with base model: resnet18.
          TSN Configurations:
              input_modality:     RGB
              num_segments:       3
              new_length:         1
              consensus_module:   avg
              dropout_ratio:      0.8
               
Load and modify the standard model FC output layer
Dropout Layer added and The modified linear layer is : Linear(in_features=512, out_features=101, bias=True)
Done. Loading and Modifying 
 ---------------------------------------------------
---------------------------------------------------
group: first_conv_weight has 1 params, lr_mult: 1, decay_mult: 1
group: first_conv_bias has 0 params, lr_mult: 2, decay_mult: 0
group: normal_weight has 20 params, lr_mult: 1, decay_mult: 1
group: normal_bias has 1 params, lr_mult: 2, decay_mult: 0
group: BN scale/shift has 2 params, lr_mult: 1, decay_mult: 0
---------------------------------------------------
Epoch: [0][0/299], lr: 0.00100	Time 7.976 (7.976)	Data 2.461 (2.461)	Loss 4.6082 (4.6082)	Acc@1 0.000 (0.000)	Acc@5 12.500 (12.500)
Epoch: [0][20/299], lr: 0.00100	Time 0.305 (0.666)	Data 0.000 (0.117)	Loss 4.5674 (4.5897)	Acc@1 3.125 (2.530)	Acc@5 9.375 (10.268)
Epoch: [0][40/299], lr: 0.00100	Time 0.300 (0.489)	Data 0.000 (0.060)	Loss 4.3437 (4.5414)	Acc@1 3.125 (4.040)	Acc@5 21.875 (13.643)
Epoch: [0][60/299], lr: 0.00100	Time 0.300 (0.428)	Data 0.000 (0.040)	Loss 4.1715 (4.4580)	Acc@1 15.625 (5.686)	Acc@5 25.000 (17.982)
Epoch: [0][80/299], lr: 0.00100	Time 0.301 (0.397)	Data 0.000 (0.031)	Loss 3.6133 (4.3085)	Acc@1 12.500 (7.562)	Acc@5 43.750 (22.724)
Epoch: [0][100/299], lr: 0.00100	Time 0.302 (0.378)	Data 0.000 (0.025)	Loss 3.2496 (4.1341)	Acc@1 18.750 (10.118)	Acc@5 53.125 (27.351)
Epoch: [0][120/299], lr: 0.00100	Time 0.315 (0.366)	Data 0.000 (0.020)	Loss 3.2879 (3.9427)	Acc@1 15.625 (12.784)	Acc@5 50.000 (31.792)
Epoch: [0][140/299], lr: 0.00100	Time 0.302 (0.361)	Data 0.000 (0.022)	Loss 2.5715 (3.7880)	Acc@1 31.250 (15.115)	Acc@5 62.500 (35.572)
Epoch: [0][160/299], lr: 0.00100	Time 0.303 (0.357)	Data 0.000 (0.019)	Loss 2.9596 (3.6402)	Acc@1 28.125 (17.255)	Acc@5 59.375 (39.266)
Epoch: [0][180/299], lr: 0.00100	Time 0.304 (0.353)	Data 0.000 (0.019)	Loss 2.4118 (3.5175)	Acc@1 31.250 (19.251)	Acc@5 62.500 (42.386)
Epoch: [0][200/299], lr: 0.00100	Time 0.316 (0.349)	Data 0.000 (0.017)	Loss 3.0107 (3.4104)	Acc@1 18.750 (21.035)	Acc@5 53.125 (44.807)
Epoch: [0][220/299], lr: 0.00100	Time 0.304 (0.357)	Data 0.000 (0.016)	Loss 2.2892 (3.3143)	Acc@1 40.625 (22.766)	Acc@5 75.000 (47.172)
Epoch: [0][240/299], lr: 0.00100	Time 0.307 (0.353)	Data 0.000 (0.015)	Loss 1.9962 (3.2302)	Acc@1 50.000 (24.261)	Acc@5 75.000 (49.287)
Epoch: [0][260/299], lr: 0.00100	Time 0.308 (0.352)	Data 0.000 (0.014)	Loss 2.0836 (3.1520)	Acc@1 43.750 (25.575)	Acc@5 75.000 (51.102)
Epoch: [0][280/299], lr: 0.00100	Time 0.305 (0.349)	Data 0.000 (0.013)	Loss 2.6864 (3.0793)	Acc@1 21.875 (26.679)	Acc@5 68.750 (52.880)
Epoch: [1][0/299], lr: 0.00100	Time 5.508 (5.508)	Data 5.113 (5.113)	Loss 1.7652 (1.7652)	Acc@1 53.125 (53.125)	Acc@5 75.000 (75.000)
Epoch: [1][20/299], lr: 0.00100	Time 0.306 (0.577)	Data 0.000 (0.256)	Loss 1.6641 (1.9162)	Acc@1 46.875 (47.917)	Acc@5 90.625 (80.208)
Epoch: [1][40/299], lr: 0.00100	Time 0.305 (0.447)	Data 0.000 (0.132)	Loss 1.6036 (1.8922)	Acc@1 68.750 (49.543)	Acc@5 84.375 (80.107)
Epoch: [1][60/299], lr: 0.00100	Time 0.308 (0.417)	Data 0.000 (0.105)	Loss 1.6544 (1.8621)	Acc@1 53.125 (50.359)	Acc@5 87.500 (80.225)
Epoch: [1][80/299], lr: 0.00100	Time 0.308 (0.391)	Data 0.000 (0.080)	Loss 2.4861 (1.8730)	Acc@1 31.250 (49.769)	Acc@5 75.000 (80.093)
Epoch: [1][100/299], lr: 0.00100	Time 0.304 (0.392)	Data 0.000 (0.064)	Loss 1.7931 (1.8505)	Acc@1 53.125 (50.217)	Acc@5 81.250 (80.198)
Epoch: [1][120/299], lr: 0.00100	Time 0.306 (0.378)	Data 0.000 (0.054)	Loss 1.4001 (1.8259)	Acc@1 65.625 (50.646)	Acc@5 87.500 (80.682)
Epoch: [1][140/299], lr: 0.00100	Time 0.313 (0.380)	Data 0.000 (0.046)	Loss 1.4041 (1.8185)	Acc@1 59.375 (51.197)	Acc@5 90.625 (80.962)
Epoch: [1][160/299], lr: 0.00100	Time 0.311 (0.371)	Data 0.000 (0.040)	Loss 1.7826 (1.8147)	Acc@1 53.125 (51.106)	Acc@5 71.875 (80.901)
Epoch: [1][180/299], lr: 0.00100	Time 0.306 (0.364)	Data 0.000 (0.036)	Loss 1.8768 (1.7886)	Acc@1 56.250 (51.657)	Acc@5 71.875 (81.388)
Epoch: [1][200/299], lr: 0.00100	Time 0.308 (0.359)	Data 0.000 (0.032)	Loss 2.0787 (1.7654)	Acc@1 37.500 (52.114)	Acc@5 68.750 (81.701)
Epoch: [1][220/299], lr: 0.00100	Time 0.307 (0.354)	Data 0.000 (0.030)	Loss 1.8031 (1.7423)	Acc@1 46.875 (52.757)	Acc@5 84.375 (82.042)
Epoch: [1][240/299], lr: 0.00100	Time 0.311 (0.350)	Data 0.000 (0.027)	Loss 1.9758 (1.7269)	Acc@1 43.750 (53.138)	Acc@5 81.250 (82.417)
Epoch: [1][260/299], lr: 0.00100	Time 0.302 (0.347)	Data 0.000 (0.025)	Loss 1.6771 (1.7184)	Acc@1 43.750 (53.352)	Acc@5 84.375 (82.435)
Epoch: [1][280/299], lr: 0.00100	Time 0.318 (0.346)	Data 0.000 (0.023)	Loss 1.3442 (1.7163)	Acc@1 50.000 (53.392)	Acc@5 84.375 (82.496)
Epoch: [2][0/299], lr: 0.00100	Time 4.944 (4.944)	Data 4.544 (4.544)	Loss 1.3311 (1.3311)	Acc@1 59.375 (59.375)	Acc@5 87.500 (87.500)
Epoch: [2][20/299], lr: 0.00100	Time 0.306 (0.562)	Data 0.000 (0.217)	Loss 1.5135 (1.4876)	Acc@1 53.125 (57.887)	Acc@5 87.500 (86.012)
Epoch: [2][40/299], lr: 0.00100	Time 0.307 (0.437)	Data 0.000 (0.111)	Loss 1.0028 (1.3809)	Acc@1 56.250 (60.137)	Acc@5 100.000 (87.652)
Epoch: [2][60/299], lr: 0.00100	Time 0.308 (0.394)	Data 0.000 (0.075)	Loss 1.3942 (1.3940)	Acc@1 68.750 (59.990)	Acc@5 87.500 (87.756)
Epoch: [2][80/299], lr: 0.00100	Time 0.305 (0.375)	Data 0.000 (0.056)	Loss 1.4922 (1.3947)	Acc@1 53.125 (60.340)	Acc@5 90.625 (88.079)
Epoch: [2][100/299], lr: 0.00100	Time 0.308 (0.361)	Data 0.000 (0.045)	Loss 0.6711 (1.3915)	Acc@1 81.250 (60.427)	Acc@5 96.875 (88.274)
Epoch: [2][120/299], lr: 0.00100	Time 0.309 (0.353)	Data 0.000 (0.038)	Loss 1.7049 (1.3918)	Acc@1 59.375 (60.899)	Acc@5 84.375 (88.068)
Epoch: [2][140/299], lr: 0.00100	Time 0.309 (0.350)	Data 0.000 (0.032)	Loss 1.6792 (1.4015)	Acc@1 59.375 (60.705)	Acc@5 90.625 (88.121)
Epoch: [2][160/299], lr: 0.00100	Time 0.308 (0.345)	Data 0.000 (0.028)	Loss 1.8204 (1.3923)	Acc@1 43.750 (60.850)	Acc@5 87.500 (88.179)
Epoch: [2][180/299], lr: 0.00100	Time 0.302 (0.349)	Data 0.000 (0.025)	Loss 1.1089 (1.3806)	Acc@1 65.625 (61.153)	Acc@5 90.625 (88.208)
Epoch: [2][200/299], lr: 0.00100	Time 0.305 (0.345)	Data 0.000 (0.023)	Loss 1.6231 (1.3786)	Acc@1 59.375 (61.210)	Acc@5 81.250 (88.184)
Epoch: [2][220/299], lr: 0.00100	Time 0.304 (0.342)	Data 0.000 (0.021)	Loss 1.3859 (1.3658)	Acc@1 65.625 (61.510)	Acc@5 81.250 (88.504)
Epoch: [2][240/299], lr: 0.00100	Time 0.307 (0.339)	Data 0.000 (0.019)	Loss 1.0538 (1.3616)	Acc@1 71.875 (61.722)	Acc@5 100.000 (88.667)
Epoch: [2][260/299], lr: 0.00100	Time 0.307 (0.337)	Data 0.000 (0.018)	Loss 1.4889 (1.3580)	Acc@1 59.375 (61.841)	Acc@5 90.625 (88.757)
Epoch: [2][280/299], lr: 0.00100	Time 0.307 (0.336)	Data 0.000 (0.017)	Loss 0.7210 (1.3467)	Acc@1 81.250 (62.066)	Acc@5 93.750 (88.890)
Epoch: [3][0/299], lr: 0.00100	Time 4.716 (4.716)	Data 4.324 (4.324)	Loss 0.7606 (0.7606)	Acc@1 81.250 (81.250)	Acc@5 93.750 (93.750)
Epoch: [3][20/299], lr: 0.00100	Time 0.345 (0.521)	Data 0.002 (0.206)	Loss 1.4176 (1.0950)	Acc@1 59.375 (69.494)	Acc@5 84.375 (91.667)
Epoch: [3][40/299], lr: 0.00100	Time 0.306 (0.421)	Data 0.000 (0.106)	Loss 0.9046 (1.1489)	Acc@1 75.000 (67.149)	Acc@5 93.750 (91.082)
Epoch: [3][60/299], lr: 0.00100	Time 0.307 (0.383)	Data 0.000 (0.071)	Loss 1.2039 (1.1559)	Acc@1 71.875 (67.469)	Acc@5 93.750 (90.881)
Epoch: [3][80/299], lr: 0.00100	Time 0.361 (0.375)	Data 0.000 (0.054)	Loss 0.9793 (1.1309)	Acc@1 68.750 (67.785)	Acc@5 93.750 (91.628)
Epoch: [3][100/299], lr: 0.00100	Time 0.304 (0.361)	Data 0.000 (0.043)	Loss 0.8213 (1.1212)	Acc@1 75.000 (67.946)	Acc@5 90.625 (91.801)
Epoch: [3][120/299], lr: 0.00100	Time 0.306 (0.352)	Data 0.000 (0.036)	Loss 1.6013 (1.1078)	Acc@1 65.625 (68.595)	Acc@5 90.625 (91.710)
Epoch: [3][140/299], lr: 0.00100	Time 0.315 (0.346)	Data 0.000 (0.031)	Loss 0.8230 (1.1108)	Acc@1 81.250 (68.617)	Acc@5 96.875 (91.556)
Epoch: [3][160/299], lr: 0.00100	Time 0.306 (0.341)	Data 0.000 (0.027)	Loss 0.8149 (1.0999)	Acc@1 78.125 (68.828)	Acc@5 96.875 (91.693)
Epoch: [3][180/299], lr: 0.00100	Time 0.304 (0.344)	Data 0.000 (0.024)	Loss 1.5212 (1.0972)	Acc@1 46.875 (68.905)	Acc@5 87.500 (91.851)
Epoch: [3][200/299], lr: 0.00100	Time 0.306 (0.340)	Data 0.000 (0.022)	Loss 1.0826 (1.1038)	Acc@1 71.875 (68.719)	Acc@5 90.625 (91.760)
Epoch: [3][220/299], lr: 0.00100	Time 0.309 (0.337)	Data 0.000 (0.020)	Loss 1.0446 (1.0989)	Acc@1 65.625 (68.863)	Acc@5 96.875 (91.813)
Epoch: [3][240/299], lr: 0.00100	Time 0.308 (0.335)	Data 0.000 (0.018)	Loss 0.9468 (1.0902)	Acc@1 68.750 (69.022)	Acc@5 96.875 (92.012)
Epoch: [3][260/299], lr: 0.00100	Time 0.309 (0.333)	Data 0.000 (0.017)	Loss 0.9958 (1.0815)	Acc@1 71.875 (69.109)	Acc@5 93.750 (92.134)
Epoch: [3][280/299], lr: 0.00100	Time 0.307 (0.331)	Data 0.000 (0.016)	Loss 0.4362 (1.0769)	Acc@1 90.625 (69.195)	Acc@5 100.000 (92.160)
Epoch: [4][0/299], lr: 0.00100	Time 5.332 (5.332)	Data 4.682 (4.682)	Loss 1.7009 (1.7009)	Acc@1 53.125 (53.125)	Acc@5 81.250 (81.250)
Epoch: [4][20/299], lr: 0.00100	Time 0.308 (0.549)	Data 0.000 (0.224)	Loss 0.6165 (0.9323)	Acc@1 81.250 (73.512)	Acc@5 96.875 (94.345)
Epoch: [4][40/299], lr: 0.00100	Time 0.302 (0.468)	Data 0.000 (0.115)	Loss 1.0391 (0.9769)	Acc@1 62.500 (72.104)	Acc@5 90.625 (93.140)
Epoch: [4][60/299], lr: 0.00100	Time 0.307 (0.414)	Data 0.000 (0.077)	Loss 1.2873 (0.9747)	Acc@1 65.625 (72.695)	Acc@5 84.375 (92.982)
Epoch: [4][80/299], lr: 0.00100	Time 0.304 (0.388)	Data 0.000 (0.058)	Loss 1.1522 (0.9997)	Acc@1 59.375 (71.875)	Acc@5 93.750 (92.785)
Epoch: [4][100/299], lr: 0.00100	Time 0.307 (0.372)	Data 0.000 (0.047)	Loss 0.6839 (0.9933)	Acc@1 78.125 (71.813)	Acc@5 96.875 (93.100)
Epoch: [4][120/299], lr: 0.00100	Time 0.307 (0.361)	Data 0.000 (0.039)	Loss 1.4408 (0.9963)	Acc@1 65.625 (71.488)	Acc@5 84.375 (93.311)
Epoch: [4][140/299], lr: 0.00100	Time 0.306 (0.354)	Data 0.000 (0.034)	Loss 1.3408 (0.9797)	Acc@1 62.500 (71.698)	Acc@5 90.625 (93.639)
Epoch: [4][160/299], lr: 0.00100	Time 0.313 (0.348)	Data 0.000 (0.029)	Loss 1.2713 (0.9789)	Acc@1 62.500 (71.564)	Acc@5 90.625 (93.692)
Epoch: [4][180/299], lr: 0.00100	Time 0.307 (0.343)	Data 0.000 (0.026)	Loss 1.0413 (0.9748)	Acc@1 71.875 (71.754)	Acc@5 90.625 (93.733)
Epoch: [4][200/299], lr: 0.00100	Time 0.310 (0.340)	Data 0.000 (0.024)	Loss 1.0193 (0.9709)	Acc@1 62.500 (71.735)	Acc@5 100.000 (93.812)
Epoch: [4][220/299], lr: 0.00100	Time 0.305 (0.337)	Data 0.000 (0.021)	Loss 0.9550 (0.9645)	Acc@1 75.000 (71.847)	Acc@5 93.750 (93.906)
Epoch: [4][240/299], lr: 0.00100	Time 0.305 (0.337)	Data 0.000 (0.020)	Loss 1.1129 (0.9631)	Acc@1 75.000 (71.992)	Acc@5 90.625 (93.867)
Epoch: [4][260/299], lr: 0.00100	Time 0.307 (0.334)	Data 0.000 (0.018)	Loss 1.0741 (0.9572)	Acc@1 68.750 (72.114)	Acc@5 93.750 (93.846)
Epoch: [4][280/299], lr: 0.00100	Time 0.306 (0.332)	Data 0.000 (0.017)	Loss 0.8178 (0.9467)	Acc@1 75.000 (72.398)	Acc@5 93.750 (93.939)
Test: [0/119]	Time 3.601 (3.601)	Loss 0.4851 (0.4851)	Acc@1 84.375 (84.375)	Acc@5 100.000 (100.000)
Test: [20/119]	Time 0.108 (0.401)	Loss 1.2746 (0.7324)	Acc@1 68.750 (79.762)	Acc@5 84.375 (95.387)
Test: [40/119]	Time 0.766 (0.320)	Loss 1.1865 (0.8431)	Acc@1 65.625 (75.686)	Acc@5 90.625 (95.198)
Test: [60/119]	Time 0.106 (0.308)	Loss 1.3154 (1.0119)	Acc@1 53.125 (70.338)	Acc@5 100.000 (93.340)
Test: [80/119]	Time 0.812 (0.275)	Loss 0.6040 (1.0137)	Acc@1 78.125 (71.451)	Acc@5 96.875 (92.785)
Test: [100/119]	Time 0.105 (0.262)	Loss 0.6770 (0.9974)	Acc@1 84.375 (71.504)	Acc@5 100.000 (93.131)
 * Acc@1 70.764 Acc@5 92.281
Epoch: [5][0/299], lr: 0.00100	Time 3.149 (3.149)	Data 2.583 (2.583)	Loss 1.0833 (1.0833)	Acc@1 65.625 (65.625)	Acc@5 93.750 (93.750)
Epoch: [5][20/299], lr: 0.00100	Time 0.306 (0.442)	Data 0.000 (0.123)	Loss 0.9145 (0.9034)	Acc@1 75.000 (74.702)	Acc@5 100.000 (95.982)
Epoch: [5][40/299], lr: 0.00100	Time 0.304 (0.377)	Data 0.000 (0.063)	Loss 0.7795 (0.8700)	Acc@1 78.125 (75.152)	Acc@5 100.000 (96.113)
Epoch: [5][60/299], lr: 0.00100	Time 0.305 (0.354)	Data 0.000 (0.043)	Loss 0.9428 (0.8582)	Acc@1 68.750 (75.205)	Acc@5 87.500 (95.748)
Epoch: [5][80/299], lr: 0.00100	Time 0.304 (0.342)	Data 0.000 (0.032)	Loss 1.0689 (0.8440)	Acc@1 75.000 (75.540)	Acc@5 90.625 (95.756)
Epoch: [5][100/299], lr: 0.00100	Time 0.306 (0.343)	Data 0.000 (0.026)	Loss 0.6870 (0.8343)	Acc@1 81.250 (75.990)	Acc@5 90.625 (95.390)
Epoch: [5][120/299], lr: 0.00100	Time 0.309 (0.337)	Data 0.000 (0.022)	Loss 0.6028 (0.8182)	Acc@1 84.375 (76.420)	Acc@5 96.875 (95.403)
Epoch: [5][140/299], lr: 0.00100	Time 0.304 (0.342)	Data 0.000 (0.019)	Loss 0.9854 (0.8218)	Acc@1 62.500 (76.219)	Acc@5 96.875 (95.346)
Epoch: [5][160/299], lr: 0.00100	Time 0.306 (0.337)	Data 0.000 (0.017)	Loss 0.8867 (0.8334)	Acc@1 75.000 (75.990)	Acc@5 90.625 (95.012)
Epoch: [5][180/299], lr: 0.00100	Time 0.305 (0.334)	Data 0.000 (0.015)	Loss 0.5660 (0.8364)	Acc@1 84.375 (75.932)	Acc@5 93.750 (94.907)
Epoch: [5][200/299], lr: 0.00100	Time 0.312 (0.331)	Data 0.000 (0.013)	Loss 1.4092 (0.8335)	Acc@1 53.125 (76.182)	Acc@5 90.625 (94.900)
Epoch: [5][220/299], lr: 0.00100	Time 0.307 (0.329)	Data 0.000 (0.012)	Loss 0.9379 (0.8359)	Acc@1 78.125 (76.174)	Acc@5 96.875 (94.881)
Epoch: [5][240/299], lr: 0.00100	Time 0.307 (0.328)	Data 0.000 (0.011)	Loss 1.0795 (0.8352)	Acc@1 68.750 (76.024)	Acc@5 87.500 (94.956)
Epoch: [5][260/299], lr: 0.00100	Time 0.304 (0.326)	Data 0.000 (0.010)	Loss 0.5514 (0.8310)	Acc@1 90.625 (76.030)	Acc@5 93.750 (94.995)
Epoch: [5][280/299], lr: 0.00100	Time 0.306 (0.325)	Data 0.000 (0.010)	Loss 0.7501 (0.8282)	Acc@1 81.250 (76.246)	Acc@5 93.750 (94.984)
Epoch: [6][0/299], lr: 0.00100	Time 4.823 (4.823)	Data 4.415 (4.415)	Loss 0.9493 (0.9493)	Acc@1 68.750 (68.750)	Acc@5 96.875 (96.875)
Epoch: [6][20/299], lr: 0.00100	Time 0.312 (0.526)	Data 0.000 (0.211)	Loss 1.0384 (0.8156)	Acc@1 68.750 (77.381)	Acc@5 90.625 (95.238)
Epoch: [6][40/299], lr: 0.00100	Time 0.305 (0.474)	Data 0.000 (0.108)	Loss 0.5947 (0.7601)	Acc@1 87.500 (77.820)	Acc@5 96.875 (95.655)
Epoch: [6][60/299], lr: 0.00100	Time 0.307 (0.419)	Data 0.000 (0.073)	Loss 0.6140 (0.7693)	Acc@1 84.375 (77.561)	Acc@5 96.875 (95.338)
Epoch: [6][80/299], lr: 0.00100	Time 0.306 (0.392)	Data 0.000 (0.055)	Loss 0.4430 (0.7562)	Acc@1 84.375 (77.353)	Acc@5 100.000 (95.679)
Epoch: [6][100/299], lr: 0.00100	Time 0.309 (0.375)	Data 0.000 (0.044)	Loss 0.7985 (0.7600)	Acc@1 71.875 (77.042)	Acc@5 96.875 (95.606)
Epoch: [6][120/299], lr: 0.00100	Time 0.304 (0.363)	Data 0.000 (0.037)	Loss 0.6951 (0.7566)	Acc@1 78.125 (77.634)	Acc@5 96.875 (95.894)
Epoch: [6][140/299], lr: 0.00100	Time 0.304 (0.364)	Data 0.000 (0.032)	Loss 1.0313 (0.7599)	Acc@1 65.625 (77.527)	Acc@5 87.500 (95.656)
Epoch: [6][160/299], lr: 0.00100	Time 0.305 (0.357)	Data 0.000 (0.028)	Loss 0.5910 (0.7511)	Acc@1 75.000 (77.659)	Acc@5 100.000 (95.672)
Epoch: [6][180/299], lr: 0.00100	Time 0.313 (0.352)	Data 0.000 (0.025)	Loss 1.4302 (0.7566)	Acc@1 56.250 (77.607)	Acc@5 96.875 (95.718)
Epoch: [6][200/299], lr: 0.00100	Time 0.303 (0.348)	Data 0.000 (0.022)	Loss 0.6280 (0.7537)	Acc@1 87.500 (77.799)	Acc@5 100.000 (95.756)
Epoch: [6][220/299], lr: 0.00100	Time 0.305 (0.344)	Data 0.000 (0.020)	Loss 0.7682 (0.7516)	Acc@1 84.375 (77.814)	Acc@5 90.625 (95.701)
Epoch: [6][240/299], lr: 0.00100	Time 0.305 (0.342)	Data 0.000 (0.019)	Loss 0.5869 (0.7411)	Acc@1 81.250 (78.034)	Acc@5 93.750 (95.799)
Epoch: [6][260/299], lr: 0.00100	Time 0.308 (0.339)	Data 0.000 (0.017)	Loss 0.7117 (0.7389)	Acc@1 78.125 (78.161)	Acc@5 90.625 (95.666)
Epoch: [6][280/299], lr: 0.00100	Time 0.354 (0.341)	Data 0.000 (0.016)	Loss 0.3906 (0.7394)	Acc@1 90.625 (78.192)	Acc@5 100.000 (95.685)
Epoch: [7][0/299], lr: 0.00100	Time 4.124 (4.124)	Data 3.729 (3.729)	Loss 0.6693 (0.6693)	Acc@1 75.000 (75.000)	Acc@5 100.000 (100.000)
Epoch: [7][20/299], lr: 0.00100	Time 0.304 (0.496)	Data 0.000 (0.183)	Loss 0.2929 (0.7544)	Acc@1 93.750 (77.381)	Acc@5 96.875 (96.131)
Epoch: [7][40/299], lr: 0.00100	Time 0.305 (0.410)	Data 0.000 (0.094)	Loss 0.6520 (0.7296)	Acc@1 81.250 (77.820)	Acc@5 93.750 (96.418)
Epoch: [7][60/299], lr: 0.00100	Time 0.305 (0.376)	Data 0.000 (0.063)	Loss 0.6383 (0.7106)	Acc@1 78.125 (78.227)	Acc@5 96.875 (96.465)
Epoch: [7][80/299], lr: 0.00100	Time 0.306 (0.359)	Data 0.000 (0.048)	Loss 0.6801 (0.7044)	Acc@1 84.375 (78.781)	Acc@5 96.875 (96.296)
Epoch: [7][100/299], lr: 0.00100	Time 0.309 (0.351)	Data 0.000 (0.038)	Loss 0.9130 (0.7126)	Acc@1 68.750 (78.403)	Acc@5 93.750 (96.194)
Epoch: [7][120/299], lr: 0.00100	Time 0.308 (0.344)	Data 0.000 (0.032)	Loss 0.5006 (0.6865)	Acc@1 81.250 (79.313)	Acc@5 100.000 (96.384)
Epoch: [7][140/299], lr: 0.00100	Time 0.306 (0.338)	Data 0.000 (0.028)	Loss 0.7577 (0.6783)	Acc@1 78.125 (79.787)	Acc@5 96.875 (96.232)
Epoch: [7][160/299], lr: 0.00100	Time 0.307 (0.334)	Data 0.000 (0.024)	Loss 0.5193 (0.6827)	Acc@1 87.500 (79.658)	Acc@5 100.000 (96.351)
Epoch: [7][180/299], lr: 0.00100	Time 0.303 (0.338)	Data 0.000 (0.022)	Loss 0.5172 (0.6786)	Acc@1 84.375 (79.644)	Acc@5 96.875 (96.288)
Epoch: [7][200/299], lr: 0.00100	Time 0.306 (0.335)	Data 0.000 (0.020)	Loss 1.1374 (0.6824)	Acc@1 68.750 (79.695)	Acc@5 90.625 (96.238)
Epoch: [7][220/299], lr: 0.00100	Time 0.351 (0.336)	Data 0.000 (0.018)	Loss 0.6262 (0.6739)	Acc@1 81.250 (79.850)	Acc@5 100.000 (96.281)
Epoch: [7][240/299], lr: 0.00100	Time 0.311 (0.333)	Data 0.000 (0.016)	Loss 0.6425 (0.6701)	Acc@1 84.375 (80.109)	Acc@5 100.000 (96.279)
Epoch: [7][260/299], lr: 0.00100	Time 0.391 (0.332)	Data 0.000 (0.015)	Loss 0.5810 (0.6634)	Acc@1 87.500 (80.316)	Acc@5 96.875 (96.384)
Epoch: [7][280/299], lr: 0.00100	Time 0.307 (0.330)	Data 0.000 (0.014)	Loss 0.5035 (0.6623)	Acc@1 84.375 (80.282)	Acc@5 96.875 (96.363)
Epoch: [8][0/299], lr: 0.00100	Time 4.243 (4.243)	Data 3.841 (3.841)	Loss 0.3090 (0.3090)	Acc@1 90.625 (90.625)	Acc@5 100.000 (100.000)
Epoch: [8][20/299], lr: 0.00100	Time 0.311 (0.498)	Data 0.000 (0.183)	Loss 0.6183 (0.5970)	Acc@1 81.250 (82.738)	Acc@5 96.875 (96.429)
Epoch: [8][40/299], lr: 0.00100	Time 0.304 (0.409)	Data 0.000 (0.094)	Loss 0.4974 (0.6132)	Acc@1 87.500 (83.460)	Acc@5 96.875 (96.341)
Epoch: [8][60/299], lr: 0.00100	Time 0.344 (0.376)	Data 0.000 (0.063)	Loss 0.9043 (0.6101)	Acc@1 68.750 (82.736)	Acc@5 96.875 (96.465)
Epoch: [8][80/299], lr: 0.00100	Time 0.308 (0.361)	Data 0.000 (0.048)	Loss 0.6284 (0.6212)	Acc@1 84.375 (82.060)	Acc@5 96.875 (96.605)
Epoch: [8][100/299], lr: 0.00100	Time 0.307 (0.350)	Data 0.000 (0.039)	Loss 0.7564 (0.6325)	Acc@1 81.250 (81.621)	Acc@5 93.750 (96.627)
Epoch: [8][120/299], lr: 0.00100	Time 0.308 (0.350)	Data 0.000 (0.032)	Loss 0.3195 (0.6178)	Acc@1 93.750 (81.999)	Acc@5 100.000 (96.643)
Epoch: [8][140/299], lr: 0.00100	Time 0.310 (0.344)	Data 0.000 (0.028)	Loss 0.6852 (0.6141)	Acc@1 81.250 (82.137)	Acc@5 96.875 (96.653)
Epoch: [8][160/299], lr: 0.00100	Time 0.306 (0.340)	Data 0.000 (0.024)	Loss 0.5158 (0.6106)	Acc@1 87.500 (82.259)	Acc@5 96.875 (96.720)
Epoch: [8][180/299], lr: 0.00100	Time 0.303 (0.336)	Data 0.000 (0.022)	Loss 0.6350 (0.6078)	Acc@1 78.125 (82.079)	Acc@5 100.000 (96.823)
Epoch: [8][200/299], lr: 0.00100	Time 0.310 (0.334)	Data 0.000 (0.020)	Loss 0.6610 (0.6058)	Acc@1 81.250 (82.229)	Acc@5 93.750 (96.844)
Epoch: [8][220/299], lr: 0.00100	Time 0.312 (0.336)	Data 0.000 (0.018)	Loss 1.0153 (0.6047)	Acc@1 65.625 (82.296)	Acc@5 93.750 (96.804)
Epoch: [8][240/299], lr: 0.00100	Time 0.307 (0.334)	Data 0.000 (0.016)	Loss 0.5582 (0.6048)	Acc@1 87.500 (82.365)	Acc@5 96.875 (96.797)
Epoch: [8][260/299], lr: 0.00100	Time 0.305 (0.332)	Data 0.000 (0.015)	Loss 0.3215 (0.6083)	Acc@1 93.750 (82.232)	Acc@5 96.875 (96.779)
Epoch: [8][280/299], lr: 0.00100	Time 0.306 (0.332)	Data 0.000 (0.014)	Loss 0.9046 (0.6030)	Acc@1 75.000 (82.373)	Acc@5 96.875 (96.831)
Epoch: [9][0/299], lr: 0.00100	Time 4.191 (4.191)	Data 3.797 (3.797)	Loss 0.2583 (0.2583)	Acc@1 84.375 (84.375)	Acc@5 100.000 (100.000)
Epoch: [9][20/299], lr: 0.00100	Time 0.302 (0.509)	Data 0.000 (0.181)	Loss 0.3283 (0.5553)	Acc@1 93.750 (84.375)	Acc@5 100.000 (96.726)
Epoch: [9][40/299], lr: 0.00100	Time 0.307 (0.411)	Data 0.000 (0.093)	Loss 0.4899 (0.5420)	Acc@1 87.500 (84.146)	Acc@5 100.000 (97.409)
Epoch: [9][60/299], lr: 0.00100	Time 0.304 (0.377)	Data 0.000 (0.063)	Loss 0.5695 (0.5407)	Acc@1 81.250 (84.119)	Acc@5 100.000 (97.490)
Epoch: [9][80/299], lr: 0.00100	Time 0.305 (0.360)	Data 0.000 (0.047)	Loss 0.5533 (0.5394)	Acc@1 78.125 (84.221)	Acc@5 100.000 (97.454)
Epoch: [9][100/299], lr: 0.00100	Time 0.307 (0.354)	Data 0.000 (0.038)	Loss 0.5770 (0.5508)	Acc@1 87.500 (83.942)	Acc@5 93.750 (97.246)
Epoch: [9][120/299], lr: 0.00100	Time 0.303 (0.347)	Data 0.000 (0.032)	Loss 0.4997 (0.5578)	Acc@1 84.375 (83.807)	Acc@5 93.750 (97.107)
Epoch: [9][140/299], lr: 0.00100	Time 0.305 (0.341)	Data 0.000 (0.027)	Loss 0.5256 (0.5515)	Acc@1 84.375 (83.932)	Acc@5 100.000 (97.230)
Epoch: [9][160/299], lr: 0.00100	Time 0.306 (0.344)	Data 0.000 (0.024)	Loss 0.1338 (0.5370)	Acc@1 96.875 (84.297)	Acc@5 100.000 (97.341)
Epoch: [9][180/299], lr: 0.00100	Time 0.306 (0.340)	Data 0.000 (0.021)	Loss 0.4230 (0.5320)	Acc@1 87.500 (84.289)	Acc@5 100.000 (97.427)
Epoch: [9][200/299], lr: 0.00100	Time 0.307 (0.341)	Data 0.000 (0.019)	Loss 0.5547 (0.5297)	Acc@1 84.375 (84.251)	Acc@5 100.000 (97.435)
Epoch: [9][220/299], lr: 0.00100	Time 0.308 (0.338)	Data 0.000 (0.018)	Loss 0.7138 (0.5326)	Acc@1 84.375 (84.120)	Acc@5 93.750 (97.398)
Epoch: [9][240/299], lr: 0.00100	Time 0.304 (0.337)	Data 0.000 (0.016)	Loss 0.5696 (0.5325)	Acc@1 84.375 (84.103)	Acc@5 96.875 (97.407)
Epoch: [9][260/299], lr: 0.00100	Time 0.307 (0.335)	Data 0.000 (0.015)	Loss 0.3986 (0.5344)	Acc@1 87.500 (83.992)	Acc@5 96.875 (97.426)
Epoch: [9][280/299], lr: 0.00100	Time 0.305 (0.333)	Data 0.000 (0.014)	Loss 0.4587 (0.5312)	Acc@1 87.500 (84.030)	Acc@5 96.875 (97.398)
Test: [0/119]	Time 2.519 (2.519)	Loss 0.0969 (0.0969)	Acc@1 100.000 (100.000)	Acc@5 100.000 (100.000)
Test: [20/119]	Time 0.106 (0.343)	Loss 0.7951 (0.8139)	Acc@1 78.125 (78.571)	Acc@5 96.875 (95.238)
Test: [40/119]	Time 0.829 (0.286)	Loss 1.3982 (0.9103)	Acc@1 59.375 (77.515)	Acc@5 90.625 (95.427)
Test: [60/119]	Time 0.108 (0.260)	Loss 2.7846 (0.9892)	Acc@1 34.375 (74.488)	Acc@5 75.000 (94.006)
Test: [80/119]	Time 0.858 (0.253)	Loss 0.2794 (0.9874)	Acc@1 93.750 (75.039)	Acc@5 96.875 (93.519)
Test: [100/119]	Time 0.107 (0.245)	Loss 0.3768 (0.9864)	Acc@1 84.375 (75.031)	Acc@5 100.000 (93.441)
 * Acc@1 75.311 Acc@5 93.312
Epoch: [10][0/299], lr: 0.00100	Time 3.039 (3.039)	Data 2.655 (2.655)	Loss 0.5341 (0.5341)	Acc@1 81.250 (81.250)	Acc@5 96.875 (96.875)
Epoch: [10][20/299], lr: 0.00100	Time 0.306 (0.436)	Data 0.000 (0.127)	Loss 0.2494 (0.4858)	Acc@1 87.500 (84.077)	Acc@5 100.000 (97.917)
Epoch: [10][40/299], lr: 0.00100	Time 0.301 (0.374)	Data 0.000 (0.065)	Loss 0.4895 (0.5126)	Acc@1 90.625 (84.985)	Acc@5 96.875 (97.409)
Epoch: [10][60/299], lr: 0.00100	Time 0.306 (0.374)	Data 0.000 (0.044)	Loss 0.4674 (0.5133)	Acc@1 87.500 (84.887)	Acc@5 96.875 (97.336)
Epoch: [10][80/299], lr: 0.00100	Time 0.305 (0.357)	Data 0.000 (0.033)	Loss 0.6724 (0.5304)	Acc@1 84.375 (84.182)	Acc@5 93.750 (97.261)
Epoch: [10][100/299], lr: 0.00100	Time 1.332 (0.362)	Data 0.000 (0.026)	Loss 0.9311 (0.5318)	Acc@1 71.875 (84.158)	Acc@5 93.750 (97.246)
Epoch: [10][120/299], lr: 0.00100	Time 0.306 (0.354)	Data 0.000 (0.023)	Loss 0.3392 (0.5060)	Acc@1 93.750 (85.098)	Acc@5 100.000 (97.443)
Epoch: [10][140/299], lr: 0.00100	Time 0.306 (0.347)	Data 0.000 (0.019)	Loss 0.7293 (0.5102)	Acc@1 71.875 (84.973)	Acc@5 96.875 (97.407)
Epoch: [10][160/299], lr: 0.00100	Time 0.308 (0.345)	Data 0.000 (0.017)	Loss 0.2626 (0.5195)	Acc@1 93.750 (84.705)	Acc@5 100.000 (97.438)
Epoch: [10][180/299], lr: 0.00100	Time 0.304 (0.341)	Data 0.000 (0.015)	Loss 0.2579 (0.5156)	Acc@1 93.750 (84.876)	Acc@5 100.000 (97.514)
Epoch: [10][200/299], lr: 0.00100	Time 0.307 (0.337)	Data 0.000 (0.014)	Loss 0.5942 (0.5135)	Acc@1 78.125 (85.028)	Acc@5 96.875 (97.497)
Epoch: [10][220/299], lr: 0.00100	Time 0.303 (0.334)	Data 0.000 (0.013)	Loss 0.8891 (0.5164)	Acc@1 84.375 (84.997)	Acc@5 93.750 (97.426)
Epoch: [10][240/299], lr: 0.00100	Time 0.308 (0.332)	Data 0.000 (0.012)	Loss 0.4495 (0.5145)	Acc@1 87.500 (84.959)	Acc@5 100.000 (97.394)
Epoch: [10][260/299], lr: 0.00100	Time 0.310 (0.330)	Data 0.000 (0.011)	Loss 0.3210 (0.5141)	Acc@1 93.750 (84.938)	Acc@5 100.000 (97.390)
Epoch: [10][280/299], lr: 0.00100	Time 0.306 (0.332)	Data 0.000 (0.010)	Loss 0.6158 (0.5113)	Acc@1 81.250 (84.920)	Acc@5 100.000 (97.498)
Epoch: [11][0/299], lr: 0.00100	Time 4.856 (4.856)	Data 4.454 (4.454)	Loss 0.1350 (0.1350)	Acc@1 96.875 (96.875)	Acc@5 100.000 (100.000)
Epoch: [11][20/299], lr: 0.00100	Time 0.384 (0.554)	Data 0.000 (0.212)	Loss 0.4272 (0.4676)	Acc@1 90.625 (86.012)	Acc@5 100.000 (98.214)
Epoch: [11][40/299], lr: 0.00100	Time 0.307 (0.440)	Data 0.000 (0.109)	Loss 0.4508 (0.4761)	Acc@1 78.125 (84.832)	Acc@5 96.875 (97.942)
Epoch: [11][60/299], lr: 0.00100	Time 0.306 (0.396)	Data 0.000 (0.073)	Loss 0.4736 (0.4670)	Acc@1 87.500 (85.348)	Acc@5 96.875 (97.900)
Epoch: [11][80/299], lr: 0.00100	Time 0.310 (0.375)	Data 0.000 (0.055)	Loss 0.1249 (0.4573)	Acc@1 100.000 (85.764)	Acc@5 100.000 (97.955)
Epoch: [11][100/299], lr: 0.00100	Time 0.307 (0.375)	Data 0.000 (0.045)	Loss 0.4941 (0.4563)	Acc@1 84.375 (85.613)	Acc@5 100.000 (98.144)
Epoch: [11][120/299], lr: 0.00100	Time 0.305 (0.364)	Data 0.000 (0.038)	Loss 0.5295 (0.4666)	Acc@1 81.250 (85.460)	Acc@5 100.000 (98.037)
Epoch: [11][140/299], lr: 0.00100	Time 0.309 (0.357)	Data 0.000 (0.032)	Loss 0.3186 (0.4622)	Acc@1 90.625 (85.461)	Acc@5 100.000 (98.160)
Epoch: [11][160/299], lr: 0.00100	Time 0.305 (0.351)	Data 0.000 (0.028)	Loss 0.3971 (0.4623)	Acc@1 87.500 (85.423)	Acc@5 96.875 (98.156)
Epoch: [11][180/299], lr: 0.00100	Time 0.310 (0.346)	Data 0.000 (0.025)	Loss 0.4291 (0.4599)	Acc@1 87.500 (85.584)	Acc@5 96.875 (98.187)
Epoch: [11][200/299], lr: 0.00100	Time 0.307 (0.342)	Data 0.000 (0.023)	Loss 0.3523 (0.4722)	Acc@1 87.500 (85.448)	Acc@5 100.000 (98.057)
Epoch: [11][220/299], lr: 0.00100	Time 0.306 (0.340)	Data 0.000 (0.021)	Loss 0.5164 (0.4669)	Acc@1 81.250 (85.718)	Acc@5 100.000 (98.077)
Epoch: [11][240/299], lr: 0.00100	Time 0.306 (0.337)	Data 0.000 (0.019)	Loss 0.4235 (0.4648)	Acc@1 93.750 (85.814)	Acc@5 96.875 (98.120)
Epoch: [11][260/299], lr: 0.00100	Time 0.305 (0.341)	Data 0.000 (0.018)	Loss 0.4849 (0.4629)	Acc@1 81.250 (86.003)	Acc@5 96.875 (98.084)
Epoch: [11][280/299], lr: 0.00100	Time 0.304 (0.338)	Data 0.000 (0.016)	Loss 0.2676 (0.4642)	Acc@1 90.625 (85.899)	Acc@5 100.000 (98.109)
Epoch: [12][0/299], lr: 0.00100	Time 4.703 (4.703)	Data 4.314 (4.314)	Loss 0.2781 (0.2781)	Acc@1 87.500 (87.500)	Acc@5 100.000 (100.000)
Epoch: [12][20/299], lr: 0.00100	Time 0.304 (0.554)	Data 0.000 (0.206)	Loss 0.6026 (0.5134)	Acc@1 81.250 (84.524)	Acc@5 90.625 (97.321)
Epoch: [12][40/299], lr: 0.00100	Time 0.305 (0.433)	Data 0.000 (0.106)	Loss 0.4521 (0.4806)	Acc@1 90.625 (86.966)	Acc@5 96.875 (97.637)
Epoch: [12][60/299], lr: 0.00100	Time 0.304 (0.393)	Data 0.000 (0.071)	Loss 0.5556 (0.4710)	Acc@1 81.250 (87.039)	Acc@5 96.875 (97.848)
Epoch: [12][80/299], lr: 0.00100	Time 0.307 (0.371)	Data 0.000 (0.054)	Loss 0.5713 (0.4468)	Acc@1 84.375 (87.654)	Acc@5 96.875 (98.148)
Epoch: [12][100/299], lr: 0.00100	Time 0.306 (0.364)	Data 0.000 (0.043)	Loss 0.3802 (0.4388)	Acc@1 90.625 (87.593)	Acc@5 96.875 (98.236)
Epoch: [12][120/299], lr: 0.00100	Time 0.301 (0.355)	Data 0.000 (0.036)	Loss 0.2254 (0.4245)	Acc@1 90.625 (87.991)	Acc@5 100.000 (98.347)
Epoch: [12][140/299], lr: 0.00100	Time 0.306 (0.348)	Data 0.000 (0.031)	Loss 0.5652 (0.4422)	Acc@1 81.250 (87.544)	Acc@5 90.625 (98.227)
Epoch: [12][160/299], lr: 0.00100	Time 0.305 (0.350)	Data 0.000 (0.027)	Loss 0.7171 (0.4537)	Acc@1 87.500 (87.189)	Acc@5 90.625 (98.001)
Epoch: [12][180/299], lr: 0.00100	Time 0.304 (0.345)	Data 0.000 (0.024)	Loss 0.4045 (0.4487)	Acc@1 90.625 (87.189)	Acc@5 96.875 (98.049)
Epoch: [12][200/299], lr: 0.00100	Time 0.306 (0.348)	Data 0.000 (0.022)	Loss 0.2273 (0.4402)	Acc@1 90.625 (87.391)	Acc@5 100.000 (98.119)
Epoch: [12][220/299], lr: 0.00100	Time 0.305 (0.344)	Data 0.000 (0.020)	Loss 0.5804 (0.4431)	Acc@1 81.250 (87.076)	Acc@5 100.000 (98.091)
Epoch: [12][240/299], lr: 0.00100	Time 0.306 (0.341)	Data 0.000 (0.018)	Loss 0.1971 (0.4447)	Acc@1 96.875 (87.059)	Acc@5 100.000 (98.055)
Epoch: [12][260/299], lr: 0.00100	Time 0.307 (0.340)	Data 0.000 (0.017)	Loss 0.5137 (0.4472)	Acc@1 84.375 (86.949)	Acc@5 96.875 (98.036)
Epoch: [12][280/299], lr: 0.00100	Time 0.307 (0.337)	Data 0.000 (0.016)	Loss 0.2519 (0.4462)	Acc@1 87.500 (86.877)	Acc@5 100.000 (98.043)
Epoch: [13][0/299], lr: 0.00100	Time 5.470 (5.470)	Data 5.067 (5.067)	Loss 0.4425 (0.4425)	Acc@1 87.500 (87.500)	Acc@5 100.000 (100.000)
Epoch: [13][20/299], lr: 0.00100	Time 0.304 (0.591)	Data 0.000 (0.242)	Loss 0.2359 (0.4309)	Acc@1 90.625 (85.863)	Acc@5 100.000 (98.363)
Epoch: [13][40/299], lr: 0.00100	Time 0.306 (0.452)	Data 0.000 (0.124)	Loss 0.4340 (0.4215)	Acc@1 81.250 (86.814)	Acc@5 96.875 (97.790)
Epoch: [13][60/299], lr: 0.00100	Time 0.306 (0.427)	Data 0.000 (0.083)	Loss 0.4966 (0.3863)	Acc@1 87.500 (88.422)	Acc@5 96.875 (98.207)
Epoch: [13][80/299], lr: 0.00100	Time 0.306 (0.397)	Data 0.000 (0.063)	Loss 0.6108 (0.3930)	Acc@1 75.000 (88.465)	Acc@5 96.875 (98.071)
Epoch: [13][100/299], lr: 0.00100	Time 0.305 (0.379)	Data 0.000 (0.050)	Loss 0.2131 (0.3988)	Acc@1 90.625 (88.119)	Acc@5 100.000 (97.989)
Epoch: [13][120/299], lr: 0.00100	Time 0.305 (0.367)	Data 0.000 (0.042)	Loss 0.2578 (0.4031)	Acc@1 90.625 (88.042)	Acc@5 100.000 (98.037)
Epoch: [13][140/299], lr: 0.00100	Time 0.310 (0.359)	Data 0.000 (0.036)	Loss 0.2730 (0.4105)	Acc@1 90.625 (87.832)	Acc@5 100.000 (98.027)
Epoch: [13][160/299], lr: 0.00100	Time 0.302 (0.359)	Data 0.000 (0.032)	Loss 0.2074 (0.4150)	Acc@1 93.750 (87.655)	Acc@5 100.000 (98.001)
Epoch: [13][180/299], lr: 0.00100	Time 0.304 (0.353)	Data 0.000 (0.028)	Loss 0.7147 (0.4206)	Acc@1 81.250 (87.431)	Acc@5 93.750 (97.894)
Epoch: [13][200/299], lr: 0.00100	Time 0.303 (0.348)	Data 0.000 (0.025)	Loss 0.3495 (0.4268)	Acc@1 84.375 (87.267)	Acc@5 100.000 (97.823)
Epoch: [13][220/299], lr: 0.00100	Time 0.304 (0.347)	Data 0.000 (0.023)	Loss 0.3814 (0.4297)	Acc@1 93.750 (87.274)	Acc@5 100.000 (97.851)
Epoch: [13][240/299], lr: 0.00100	Time 0.305 (0.344)	Data 0.000 (0.021)	Loss 0.9328 (0.4335)	Acc@1 78.125 (87.293)	Acc@5 90.625 (97.783)
Epoch: [13][260/299], lr: 0.00100	Time 0.297 (0.347)	Data 0.000 (0.020)	Loss 0.5921 (0.4309)	Acc@1 90.625 (87.476)	Acc@5 93.750 (97.833)
Epoch: [13][280/299], lr: 0.00100	Time 0.305 (0.345)	Data 0.000 (0.018)	Loss 0.5854 (0.4286)	Acc@1 78.125 (87.500)	Acc@5 96.875 (97.887)
Epoch: [14][0/299], lr: 0.00100	Time 4.578 (4.578)	Data 4.182 (4.182)	Loss 0.2544 (0.2544)	Acc@1 93.750 (93.750)	Acc@5 100.000 (100.000)
Epoch: [14][20/299], lr: 0.00100	Time 0.305 (0.543)	Data 0.000 (0.204)	Loss 0.3729 (0.4511)	Acc@1 90.625 (86.756)	Acc@5 100.000 (98.363)
Epoch: [14][40/299], lr: 0.00100	Time 0.306 (0.427)	Data 0.000 (0.104)	Loss 0.8029 (0.4652)	Acc@1 81.250 (86.357)	Acc@5 96.875 (98.095)
Epoch: [14][60/299], lr: 0.00100	Time 0.306 (0.389)	Data 0.000 (0.070)	Loss 0.1226 (0.4396)	Acc@1 96.875 (87.295)	Acc@5 100.000 (97.848)
Epoch: [14][80/299], lr: 0.00100	Time 0.305 (0.368)	Data 0.000 (0.053)	Loss 0.5651 (0.4268)	Acc@1 90.625 (87.577)	Acc@5 93.750 (98.032)
Epoch: [14][100/299], lr: 0.00100	Time 0.307 (0.356)	Data 0.000 (0.043)	Loss 0.1873 (0.4048)	Acc@1 90.625 (88.181)	Acc@5 100.000 (98.175)
Epoch: [14][120/299], lr: 0.00100	Time 0.305 (0.351)	Data 0.000 (0.036)	Loss 0.4551 (0.3923)	Acc@1 81.250 (88.249)	Acc@5 100.000 (98.399)
Epoch: [14][140/299], lr: 0.00100	Time 0.312 (0.345)	Data 0.000 (0.031)	Loss 0.3923 (0.3904)	Acc@1 90.625 (88.409)	Acc@5 100.000 (98.316)
Epoch: [14][160/299], lr: 0.00100	Time 0.320 (0.342)	Data 0.000 (0.027)	Loss 0.4848 (0.3979)	Acc@1 84.375 (88.199)	Acc@5 100.000 (98.350)
Epoch: [14][180/299], lr: 0.00100	Time 0.306 (0.338)	Data 0.000 (0.024)	Loss 0.3384 (0.3954)	Acc@1 87.500 (87.966)	Acc@5 100.000 (98.343)
Epoch: [14][200/299], lr: 0.00100	Time 0.307 (0.335)	Data 0.000 (0.022)	Loss 0.3930 (0.3935)	Acc@1 90.625 (88.137)	Acc@5 100.000 (98.352)
Epoch: [14][220/299], lr: 0.00100	Time 0.306 (0.338)	Data 0.000 (0.020)	Loss 0.6722 (0.3933)	Acc@1 87.500 (88.235)	Acc@5 93.750 (98.388)
Epoch: [14][240/299], lr: 0.00100	Time 0.305 (0.335)	Data 0.000 (0.018)	Loss 0.2693 (0.3930)	Acc@1 90.625 (88.291)	Acc@5 100.000 (98.392)
Epoch: [14][260/299], lr: 0.00100	Time 0.306 (0.333)	Data 0.000 (0.017)	Loss 0.1655 (0.3896)	Acc@1 100.000 (88.386)	Acc@5 100.000 (98.455)
Epoch: [14][280/299], lr: 0.00100	Time 0.303 (0.335)	Data 0.000 (0.016)	Loss 0.4364 (0.3888)	Acc@1 93.750 (88.423)	Acc@5 96.875 (98.465)
Test: [0/119]	Time 4.886 (4.886)	Loss 0.8820 (0.8820)	Acc@1 65.625 (65.625)	Acc@5 100.000 (100.000)
Test: [20/119]	Time 0.109 (0.397)	Loss 0.8689 (0.7229)	Acc@1 65.625 (79.018)	Acc@5 90.625 (95.685)
Test: [40/119]	Time 0.985 (0.330)	Loss 2.0557 (0.7865)	Acc@1 46.875 (77.896)	Acc@5 78.125 (95.579)
Test: [60/119]	Time 0.106 (0.285)	Loss 2.2748 (0.9350)	Acc@1 40.625 (74.693)	Acc@5 78.125 (93.801)
Test: [80/119]	Time 1.757 (0.283)	Loss 0.2574 (0.9344)	Acc@1 96.875 (75.231)	Acc@5 96.875 (93.171)
Test: [100/119]	Time 0.157 (0.259)	Loss 0.4804 (0.9428)	Acc@1 84.375 (74.876)	Acc@5 100.000 (93.224)
 * Acc@1 75.231 Acc@5 93.577
Epoch: [15][0/299], lr: 0.00100	Time 2.704 (2.704)	Data 2.371 (2.371)	Loss 0.1368 (0.1368)	Acc@1 96.875 (96.875)	Acc@5 100.000 (100.000)
Epoch: [15][20/299], lr: 0.00100	Time 0.305 (0.506)	Data 0.000 (0.113)	Loss 0.4114 (0.3779)	Acc@1 93.750 (88.988)	Acc@5 96.875 (98.661)
Epoch: [15][40/299], lr: 0.00100	Time 0.304 (0.408)	Data 0.000 (0.058)	Loss 0.2505 (0.3439)	Acc@1 90.625 (89.177)	Acc@5 100.000 (99.009)
Epoch: [15][60/299], lr: 0.00100	Time 0.305 (0.386)	Data 0.000 (0.039)	Loss 0.5972 (0.3701)	Acc@1 81.250 (88.525)	Acc@5 96.875 (98.770)
Epoch: [15][80/299], lr: 0.00100	Time 0.302 (0.366)	Data 0.000 (0.029)	Loss 0.4128 (0.3715)	Acc@1 84.375 (88.503)	Acc@5 100.000 (98.804)
Epoch: [15][100/299], lr: 0.00100	Time 0.301 (0.354)	Data 0.000 (0.024)	Loss 0.2915 (0.3791)	Acc@1 96.875 (88.335)	Acc@5 96.875 (98.670)
Epoch: [15][120/299], lr: 0.00100	Time 0.304 (0.351)	Data 0.000 (0.020)	Loss 0.3519 (0.3823)	Acc@1 93.750 (88.301)	Acc@5 96.875 (98.554)
Epoch: [15][140/299], lr: 0.00100	Time 0.309 (0.345)	Data 0.000 (0.017)	Loss 0.1216 (0.3812)	Acc@1 96.875 (88.276)	Acc@5 100.000 (98.582)
Epoch: [15][160/299], lr: 0.00100	Time 0.305 (0.340)	Data 0.000 (0.015)	Loss 0.4043 (0.3756)	Acc@1 93.750 (88.509)	Acc@5 100.000 (98.564)
Epoch: [15][180/299], lr: 0.00100	Time 0.310 (0.341)	Data 0.000 (0.013)	Loss 0.3184 (0.3787)	Acc@1 93.750 (88.519)	Acc@5 96.875 (98.567)
Epoch: [15][200/299], lr: 0.00100	Time 0.311 (0.338)	Data 0.000 (0.012)	Loss 0.2490 (0.3801)	Acc@1 93.750 (88.604)	Acc@5 100.000 (98.570)
Epoch: [15][220/299], lr: 0.00100	Time 0.306 (0.336)	Data 0.000 (0.011)	Loss 0.4722 (0.3834)	Acc@1 81.250 (88.447)	Acc@5 100.000 (98.544)
Epoch: [15][240/299], lr: 0.00100	Time 0.303 (0.334)	Data 0.000 (0.010)	Loss 0.5585 (0.3798)	Acc@1 84.375 (88.563)	Acc@5 96.875 (98.574)
Epoch: [15][260/299], lr: 0.00100	Time 0.303 (0.332)	Data 0.000 (0.009)	Loss 0.1162 (0.3739)	Acc@1 93.750 (88.733)	Acc@5 100.000 (98.575)
Epoch: [15][280/299], lr: 0.00100	Time 0.300 (0.336)	Data 0.000 (0.009)	Loss 0.1120 (0.3691)	Acc@1 96.875 (88.857)	Acc@5 100.000 (98.588)
Epoch: [16][0/299], lr: 0.00100	Time 4.796 (4.796)	Data 4.394 (4.394)	Loss 0.2032 (0.2032)	Acc@1 93.750 (93.750)	Acc@5 100.000 (100.000)
Epoch: [16][20/299], lr: 0.00100	Time 0.317 (0.524)	Data 0.000 (0.209)	Loss 0.2207 (0.4033)	Acc@1 93.750 (89.286)	Acc@5 100.000 (98.810)
Epoch: [16][40/299], lr: 0.00100	Time 0.305 (0.423)	Data 0.000 (0.107)	Loss 0.2350 (0.3204)	Acc@1 90.625 (90.777)	Acc@5 100.000 (99.009)
Epoch: [16][60/299], lr: 0.00100	Time 0.310 (0.385)	Data 0.000 (0.072)	Loss 0.5133 (0.3527)	Acc@1 87.500 (89.805)	Acc@5 96.875 (98.566)
Epoch: [16][80/299], lr: 0.00100	Time 0.308 (0.370)	Data 0.000 (0.054)	Loss 0.4876 (0.3506)	Acc@1 84.375 (89.660)	Acc@5 93.750 (98.534)
Epoch: [16][100/299], lr: 0.00100	Time 0.304 (0.357)	Data 0.000 (0.044)	Loss 0.0986 (0.3425)	Acc@1 96.875 (89.944)	Acc@5 100.000 (98.546)
Epoch: [16][120/299], lr: 0.00100	Time 0.308 (0.349)	Data 0.000 (0.036)	Loss 0.3800 (0.3430)	Acc@1 87.500 (89.721)	Acc@5 100.000 (98.580)
Epoch: [16][140/299], lr: 0.00100	Time 0.310 (0.347)	Data 0.000 (0.032)	Loss 0.1565 (0.3458)	Acc@1 96.875 (89.761)	Acc@5 100.000 (98.493)
Epoch: [16][160/299], lr: 0.00100	Time 0.305 (0.342)	Data 0.000 (0.028)	Loss 0.1612 (0.3505)	Acc@1 90.625 (89.674)	Acc@5 100.000 (98.486)
Epoch: [16][180/299], lr: 0.00100	Time 0.927 (0.342)	Data 0.000 (0.025)	Loss 0.2765 (0.3532)	Acc@1 87.500 (89.658)	Acc@5 100.000 (98.532)
Epoch: [16][200/299], lr: 0.00100	Time 0.306 (0.338)	Data 0.000 (0.022)	Loss 0.1701 (0.3525)	Acc@1 96.875 (89.646)	Acc@5 100.000 (98.507)
Epoch: [16][220/299], lr: 0.00100	Time 0.306 (0.336)	Data 0.000 (0.020)	Loss 0.3019 (0.3501)	Acc@1 93.750 (89.720)	Acc@5 96.875 (98.529)
Epoch: [16][240/299], lr: 0.00100	Time 0.305 (0.334)	Data 0.000 (0.019)	Loss 0.2932 (0.3456)	Acc@1 87.500 (89.808)	Acc@5 100.000 (98.587)
Epoch: [16][260/299], lr: 0.00100	Time 0.312 (0.332)	Data 0.000 (0.017)	Loss 0.6118 (0.3436)	Acc@1 84.375 (89.859)	Acc@5 93.750 (98.575)
Epoch: [16][280/299], lr: 0.00100	Time 0.312 (0.334)	Data 0.000 (0.016)	Loss 0.1144 (0.3412)	Acc@1 93.750 (89.913)	Acc@5 100.000 (98.565)
Epoch: [17][0/299], lr: 0.00100	Time 4.090 (4.090)	Data 3.688 (3.688)	Loss 0.5587 (0.5587)	Acc@1 84.375 (84.375)	Acc@5 93.750 (93.750)
Epoch: [17][20/299], lr: 0.00100	Time 0.307 (0.490)	Data 0.000 (0.176)	Loss 0.2888 (0.3114)	Acc@1 93.750 (89.881)	Acc@5 100.000 (98.661)
Epoch: [17][40/299], lr: 0.00100	Time 0.305 (0.423)	Data 0.000 (0.091)	Loss 0.3111 (0.3208)	Acc@1 87.500 (89.482)	Acc@5 100.000 (98.780)
Epoch: [17][60/299], lr: 0.00100	Time 0.306 (0.385)	Data 0.000 (0.061)	Loss 0.4260 (0.3354)	Acc@1 93.750 (89.754)	Acc@5 96.875 (98.668)
Epoch: [17][80/299], lr: 0.00100	Time 0.307 (0.365)	Data 0.000 (0.046)	Loss 0.2647 (0.3328)	Acc@1 93.750 (89.699)	Acc@5 96.875 (98.727)
Epoch: [17][100/299], lr: 0.00100	Time 0.311 (0.354)	Data 0.000 (0.037)	Loss 0.2968 (0.3501)	Acc@1 87.500 (89.047)	Acc@5 100.000 (98.670)
Epoch: [17][120/299], lr: 0.00100	Time 0.312 (0.346)	Data 0.000 (0.031)	Loss 0.3002 (0.3393)	Acc@1 90.625 (89.721)	Acc@5 100.000 (98.683)
Epoch: [17][140/299], lr: 0.00100	Time 0.309 (0.348)	Data 0.000 (0.027)	Loss 0.6386 (0.3392)	Acc@1 78.125 (89.605)	Acc@5 93.750 (98.670)
Epoch: [17][160/299], lr: 0.00100	Time 0.304 (0.343)	Data 0.000 (0.024)	Loss 0.3435 (0.3423)	Acc@1 87.500 (89.480)	Acc@5 96.875 (98.661)
Epoch: [17][180/299], lr: 0.00100	Time 0.310 (0.339)	Data 0.000 (0.021)	Loss 0.1024 (0.3420)	Acc@1 100.000 (89.503)	Acc@5 100.000 (98.636)
Epoch: [17][200/299], lr: 0.00100	Time 0.305 (0.336)	Data 0.000 (0.019)	Loss 0.1160 (0.3407)	Acc@1 96.875 (89.583)	Acc@5 100.000 (98.678)
Epoch: [17][220/299], lr: 0.00100	Time 0.321 (0.334)	Data 0.000 (0.017)	Loss 0.3837 (0.3385)	Acc@1 90.625 (89.678)	Acc@5 96.875 (98.727)
Epoch: [17][240/299], lr: 0.00100	Time 0.306 (0.334)	Data 0.000 (0.016)	Loss 0.5773 (0.3374)	Acc@1 87.500 (89.821)	Acc@5 100.000 (98.742)
Epoch: [17][260/299], lr: 0.00100	Time 0.306 (0.332)	Data 0.000 (0.015)	Loss 0.4353 (0.3425)	Acc@1 90.625 (89.763)	Acc@5 93.750 (98.683)
Epoch: [17][280/299], lr: 0.00100	Time 0.305 (0.334)	Data 0.000 (0.014)	Loss 0.2678 (0.3427)	Acc@1 93.750 (89.813)	Acc@5 100.000 (98.677)
Epoch: [18][0/299], lr: 0.00100	Time 3.728 (3.728)	Data 3.328 (3.328)	Loss 0.3406 (0.3406)	Acc@1 90.625 (90.625)	Acc@5 96.875 (96.875)
Epoch: [18][20/299], lr: 0.00100	Time 0.626 (0.497)	Data 0.099 (0.163)	Loss 0.1533 (0.2510)	Acc@1 96.875 (94.048)	Acc@5 100.000 (98.512)
Epoch: [18][40/299], lr: 0.00100	Time 0.310 (0.406)	Data 0.000 (0.084)	Loss 0.1741 (0.2579)	Acc@1 93.750 (92.912)	Acc@5 100.000 (98.933)
Epoch: [18][60/299], lr: 0.00100	Time 0.305 (0.373)	Data 0.000 (0.057)	Loss 0.4919 (0.2864)	Acc@1 87.500 (91.650)	Acc@5 96.875 (98.668)
Epoch: [18][80/299], lr: 0.00100	Time 0.315 (0.374)	Data 0.000 (0.044)	Loss 0.4676 (0.2879)	Acc@1 84.375 (91.667)	Acc@5 100.000 (98.804)
Epoch: [18][100/299], lr: 0.00100	Time 0.304 (0.361)	Data 0.000 (0.035)	Loss 0.1830 (0.2869)	Acc@1 93.750 (91.677)	Acc@5 100.000 (98.855)
Epoch: [18][120/299], lr: 0.00100	Time 0.319 (0.352)	Data 0.000 (0.029)	Loss 0.4477 (0.2919)	Acc@1 84.375 (91.555)	Acc@5 96.875 (98.889)
Epoch: [18][140/299], lr: 0.00100	Time 0.303 (0.346)	Data 0.000 (0.025)	Loss 0.1650 (0.2875)	Acc@1 96.875 (91.556)	Acc@5 100.000 (98.914)
Epoch: [18][160/299], lr: 0.00100	Time 0.305 (0.341)	Data 0.000 (0.022)	Loss 0.4897 (0.2886)	Acc@1 84.375 (91.595)	Acc@5 96.875 (98.913)
Epoch: [18][180/299], lr: 0.00100	Time 0.317 (0.337)	Data 0.000 (0.020)	Loss 0.4471 (0.2915)	Acc@1 87.500 (91.540)	Acc@5 96.875 (98.912)
Epoch: [18][200/299], lr: 0.00100	Time 0.306 (0.335)	Data 0.000 (0.018)	Loss 0.0947 (0.2938)	Acc@1 96.875 (91.325)	Acc@5 100.000 (98.958)
Epoch: [18][220/299], lr: 0.00100	Time 0.304 (0.332)	Data 0.000 (0.016)	Loss 0.4440 (0.2889)	Acc@1 81.250 (91.389)	Acc@5 96.875 (99.010)
Epoch: [18][240/299], lr: 0.00100	Time 0.306 (0.333)	Data 0.000 (0.015)	Loss 0.7134 (0.2853)	Acc@1 81.250 (91.533)	Acc@5 96.875 (99.053)
Epoch: [18][260/299], lr: 0.00100	Time 0.304 (0.331)	Data 0.000 (0.014)	Loss 0.2850 (0.2932)	Acc@1 93.750 (91.295)	Acc@5 96.875 (98.970)
Epoch: [18][280/299], lr: 0.00100	Time 0.307 (0.330)	Data 0.000 (0.013)	Loss 0.3818 (0.2974)	Acc@1 84.375 (91.181)	Acc@5 100.000 (98.932)
Epoch: [19][0/299], lr: 0.00100	Time 4.218 (4.218)	Data 3.823 (3.823)	Loss 0.3731 (0.3731)	Acc@1 90.625 (90.625)	Acc@5 96.875 (96.875)
Epoch: [19][20/299], lr: 0.00100	Time 0.305 (0.495)	Data 0.000 (0.182)	Loss 0.1014 (0.3293)	Acc@1 93.750 (90.179)	Acc@5 100.000 (98.661)
Epoch: [19][40/299], lr: 0.00100	Time 0.304 (0.403)	Data 0.000 (0.093)	Loss 0.1263 (0.3312)	Acc@1 93.750 (90.320)	Acc@5 100.000 (98.552)
Epoch: [19][60/299], lr: 0.00100	Time 0.307 (0.371)	Data 0.000 (0.063)	Loss 0.4009 (0.3310)	Acc@1 90.625 (90.113)	Acc@5 100.000 (98.463)
Epoch: [19][80/299], lr: 0.00100	Time 0.311 (0.374)	Data 0.000 (0.047)	Loss 0.2395 (0.3252)	Acc@1 93.750 (89.969)	Acc@5 96.875 (98.688)
Epoch: [19][100/299], lr: 0.00100	Time 0.304 (0.360)	Data 0.000 (0.038)	Loss 0.2304 (0.3286)	Acc@1 93.750 (90.161)	Acc@5 100.000 (98.700)
Epoch: [19][120/299], lr: 0.00100	Time 0.306 (0.351)	Data 0.000 (0.032)	Loss 0.2775 (0.3232)	Acc@1 90.625 (90.393)	Acc@5 100.000 (98.631)
Epoch: [19][140/299], lr: 0.00100	Time 0.303 (0.345)	Data 0.000 (0.027)	Loss 0.2128 (0.3108)	Acc@1 90.625 (90.669)	Acc@5 96.875 (98.715)
Epoch: [19][160/299], lr: 0.00100	Time 0.306 (0.340)	Data 0.000 (0.024)	Loss 0.0083 (0.3103)	Acc@1 100.000 (90.664)	Acc@5 100.000 (98.661)
Epoch: [19][180/299], lr: 0.00100	Time 0.307 (0.337)	Data 0.000 (0.021)	Loss 0.1778 (0.3108)	Acc@1 93.750 (90.746)	Acc@5 100.000 (98.722)
Epoch: [19][200/299], lr: 0.00100	Time 0.305 (0.334)	Data 0.000 (0.019)	Loss 0.2954 (0.3050)	Acc@1 90.625 (90.920)	Acc@5 100.000 (98.741)
Epoch: [19][220/299], lr: 0.00100	Time 0.305 (0.332)	Data 0.000 (0.018)	Loss 0.4375 (0.3066)	Acc@1 84.375 (90.851)	Acc@5 96.875 (98.742)
Epoch: [19][240/299], lr: 0.00100	Time 0.303 (0.330)	Data 0.000 (0.016)	Loss 0.2181 (0.3113)	Acc@1 96.875 (90.832)	Acc@5 100.000 (98.703)
Epoch: [19][260/299], lr: 0.00100	Time 0.305 (0.328)	Data 0.000 (0.015)	Loss 0.2532 (0.3092)	Acc@1 90.625 (90.852)	Acc@5 100.000 (98.767)
Epoch: [19][280/299], lr: 0.00100	Time 0.301 (0.331)	Data 0.000 (0.014)	Loss 0.4026 (0.3043)	Acc@1 84.375 (91.025)	Acc@5 100.000 (98.799)
Test: [0/119]	Time 3.696 (3.696)	Loss 0.1669 (0.1669)	Acc@1 96.875 (96.875)	Acc@5 100.000 (100.000)
Test: [20/119]	Time 0.106 (0.335)	Loss 1.2031 (0.8759)	Acc@1 65.625 (76.935)	Acc@5 90.625 (94.345)
Test: [40/119]	Time 0.976 (0.300)	Loss 1.6439 (1.0488)	Acc@1 68.750 (74.085)	Acc@5 84.375 (93.979)
Test: [60/119]	Time 0.107 (0.267)	Loss 1.6613 (1.0417)	Acc@1 46.875 (73.617)	Acc@5 90.625 (94.057)
Test: [80/119]	Time 0.796 (0.255)	Loss 0.5245 (1.0289)	Acc@1 84.375 (74.846)	Acc@5 96.875 (93.557)
Test: [100/119]	Time 0.105 (0.241)	Loss 0.2333 (1.0048)	Acc@1 90.625 (74.907)	Acc@5 100.000 (93.750)
 * Acc@1 75.073 Acc@5 93.867
Epoch: [20][0/299], lr: 0.00100	Time 3.025 (3.025)	Data 2.588 (2.588)	Loss 0.2262 (0.2262)	Acc@1 90.625 (90.625)	Acc@5 100.000 (100.000)
Epoch: [20][20/299], lr: 0.00100	Time 0.303 (0.436)	Data 0.000 (0.123)	Loss 0.1345 (0.3086)	Acc@1 96.875 (91.071)	Acc@5 100.000 (98.214)
Epoch: [20][40/299], lr: 0.00100	Time 0.305 (0.383)	Data 0.000 (0.063)	Loss 0.4168 (0.2875)	Acc@1 90.625 (91.540)	Acc@5 100.000 (98.628)
Epoch: [20][60/299], lr: 0.00100	Time 0.304 (0.358)	Data 0.000 (0.043)	Loss 0.3565 (0.2587)	Acc@1 87.500 (92.418)	Acc@5 96.875 (98.822)
Epoch: [20][80/299], lr: 0.00100	Time 0.303 (0.345)	Data 0.000 (0.032)	Loss 0.2053 (0.2456)	Acc@1 90.625 (92.708)	Acc@5 100.000 (99.035)
Epoch: [20][100/299], lr: 0.00100	Time 0.307 (0.338)	Data 0.000 (0.026)	Loss 0.3340 (0.2477)	Acc@1 90.625 (92.729)	Acc@5 96.875 (99.010)
Epoch: [20][120/299], lr: 0.00100	Time 0.308 (0.332)	Data 0.000 (0.022)	Loss 0.3089 (0.2586)	Acc@1 93.750 (92.330)	Acc@5 100.000 (99.044)
Epoch: [20][140/299], lr: 0.00100	Time 0.309 (0.332)	Data 0.000 (0.019)	Loss 0.1268 (0.2612)	Acc@1 93.750 (92.420)	Acc@5 100.000 (99.047)
Epoch: [20][160/299], lr: 0.00100	Time 0.310 (0.329)	Data 0.000 (0.017)	Loss 0.2230 (0.2679)	Acc@1 96.875 (92.197)	Acc@5 96.875 (99.107)
Epoch: [20][180/299], lr: 0.00100	Time 0.305 (0.326)	Data 0.000 (0.015)	Loss 0.2150 (0.2658)	Acc@1 87.500 (92.162)	Acc@5 100.000 (99.102)
Epoch: [20][200/299], lr: 0.00100	Time 0.306 (0.327)	Data 0.000 (0.013)	Loss 0.0869 (0.2670)	Acc@1 100.000 (92.071)	Acc@5 100.000 (99.145)
Epoch: [20][220/299], lr: 0.00100	Time 0.307 (0.325)	Data 0.000 (0.012)	Loss 0.4943 (0.2697)	Acc@1 87.500 (91.926)	Acc@5 100.000 (99.095)
Epoch: [20][240/299], lr: 0.00100	Time 0.305 (0.323)	Data 0.000 (0.011)	Loss 0.2551 (0.2728)	Acc@1 90.625 (91.844)	Acc@5 100.000 (99.066)
Epoch: [20][260/299], lr: 0.00100	Time 0.308 (0.326)	Data 0.000 (0.010)	Loss 0.1818 (0.2744)	Acc@1 90.625 (91.798)	Acc@5 100.000 (99.078)
Epoch: [20][280/299], lr: 0.00100	Time 0.306 (0.325)	Data 0.000 (0.010)	Loss 0.4201 (0.2755)	Acc@1 84.375 (91.793)	Acc@5 100.000 (99.099)
Epoch: [21][0/299], lr: 0.00100	Time 3.588 (3.588)	Data 3.192 (3.192)	Loss 0.1729 (0.1729)	Acc@1 93.750 (93.750)	Acc@5 100.000 (100.000)
Epoch: [21][20/299], lr: 0.00100	Time 0.307 (0.493)	Data 0.000 (0.154)	Loss 0.0948 (0.2801)	Acc@1 96.875 (91.369)	Acc@5 100.000 (98.958)
Epoch: [21][40/299], lr: 0.00100	Time 0.305 (0.402)	Data 0.000 (0.079)	Loss 0.2245 (0.2678)	Acc@1 90.625 (91.997)	Acc@5 100.000 (98.933)
Epoch: [21][60/299], lr: 0.00100	Time 0.306 (0.371)	Data 0.000 (0.053)	Loss 0.0821 (0.2717)	Acc@1 100.000 (92.162)	Acc@5 100.000 (98.975)
Epoch: [21][80/299], lr: 0.00100	Time 0.304 (0.359)	Data 0.000 (0.040)	Loss 0.3319 (0.2682)	Acc@1 90.625 (92.168)	Acc@5 96.875 (98.997)
Epoch: [21][100/299], lr: 0.00100	Time 0.309 (0.349)	Data 0.000 (0.032)	Loss 0.1923 (0.2646)	Acc@1 96.875 (92.203)	Acc@5 100.000 (99.103)
Epoch: [21][120/299], lr: 0.00100	Time 0.305 (0.344)	Data 0.000 (0.027)	Loss 0.1616 (0.2737)	Acc@1 90.625 (91.994)	Acc@5 100.000 (99.019)
Epoch: [21][140/299], lr: 0.00100	Time 0.305 (0.340)	Data 0.000 (0.023)	Loss 0.4081 (0.2745)	Acc@1 84.375 (91.888)	Acc@5 96.875 (99.025)
Epoch: [21][160/299], lr: 0.00100	Time 0.308 (0.336)	Data 0.000 (0.021)	Loss 0.6207 (0.2706)	Acc@1 78.125 (92.023)	Acc@5 96.875 (99.030)
Epoch: [21][180/299], lr: 0.00100	Time 0.317 (0.336)	Data 0.000 (0.018)	Loss 0.2475 (0.2683)	Acc@1 93.750 (92.093)	Acc@5 100.000 (99.050)
Epoch: [21][200/299], lr: 0.00100	Time 0.304 (0.333)	Data 0.000 (0.017)	Loss 0.0968 (0.2717)	Acc@1 96.875 (92.024)	Acc@5 100.000 (98.974)
Epoch: [21][220/299], lr: 0.00100	Time 0.305 (0.331)	Data 0.000 (0.015)	Loss 0.1482 (0.2687)	Acc@1 96.875 (92.110)	Acc@5 100.000 (98.982)
Epoch: [21][240/299], lr: 0.00100	Time 0.306 (0.329)	Data 0.000 (0.014)	Loss 0.0575 (0.2704)	Acc@1 100.000 (92.077)	Acc@5 100.000 (98.963)
Epoch: [21][260/299], lr: 0.00100	Time 0.305 (0.328)	Data 0.000 (0.013)	Loss 0.5333 (0.2691)	Acc@1 84.375 (92.158)	Acc@5 93.750 (98.946)
Epoch: [21][280/299], lr: 0.00100	Time 0.894 (0.330)	Data 0.000 (0.012)	Loss 0.2953 (0.2683)	Acc@1 93.750 (92.160)	Acc@5 96.875 (98.966)
Epoch: [22][0/299], lr: 0.00100	Time 4.030 (4.030)	Data 3.624 (3.624)	Loss 0.0842 (0.0842)	Acc@1 96.875 (96.875)	Acc@5 100.000 (100.000)
Epoch: [22][20/299], lr: 0.00100	Time 0.305 (0.488)	Data 0.000 (0.173)	Loss 0.1018 (0.2620)	Acc@1 96.875 (92.113)	Acc@5 100.000 (98.810)
Epoch: [22][40/299], lr: 0.00100	Time 0.303 (0.404)	Data 0.000 (0.089)	Loss 0.5174 (0.2661)	Acc@1 87.500 (92.683)	Acc@5 100.000 (98.933)
Epoch: [22][60/299], lr: 0.00100	Time 0.305 (0.373)	Data 0.000 (0.060)	Loss 0.3140 (0.2655)	Acc@1 87.500 (92.264)	Acc@5 100.000 (99.027)
Epoch: [22][80/299], lr: 0.00100	Time 0.304 (0.356)	Data 0.000 (0.046)	Loss 0.0722 (0.2683)	Acc@1 96.875 (92.438)	Acc@5 100.000 (98.958)
Epoch: [22][100/299], lr: 0.00100	Time 0.309 (0.346)	Data 0.000 (0.037)	Loss 0.2066 (0.2633)	Acc@1 93.750 (92.450)	Acc@5 100.000 (99.072)
Epoch: [22][120/299], lr: 0.00100	Time 0.305 (0.343)	Data 0.000 (0.031)	Loss 0.2729 (0.2638)	Acc@1 93.750 (92.278)	Acc@5 96.875 (99.148)
Epoch: [22][140/299], lr: 0.00100	Time 0.303 (0.337)	Data 0.000 (0.026)	Loss 0.1914 (0.2616)	Acc@1 96.875 (92.354)	Acc@5 100.000 (99.113)
Epoch: [22][160/299], lr: 0.00100	Time 0.301 (0.338)	Data 0.000 (0.023)	Loss 0.1052 (0.2578)	Acc@1 93.750 (92.527)	Acc@5 100.000 (99.088)
Epoch: [22][180/299], lr: 0.00100	Time 0.304 (0.334)	Data 0.000 (0.021)	Loss 0.3610 (0.2536)	Acc@1 90.625 (92.662)	Acc@5 100.000 (99.137)
Epoch: [22][200/299], lr: 0.00100	Time 0.305 (0.331)	Data 0.000 (0.019)	Loss 0.0848 (0.2514)	Acc@1 96.875 (92.755)	Acc@5 100.000 (99.129)
Epoch: [22][220/299], lr: 0.00100	Time 0.306 (0.332)	Data 0.000 (0.017)	Loss 0.4879 (0.2536)	Acc@1 87.500 (92.605)	Acc@5 100.000 (99.067)
Epoch: [22][240/299], lr: 0.00100	Time 0.306 (0.330)	Data 0.000 (0.015)	Loss 0.1318 (0.2574)	Acc@1 93.750 (92.518)	Acc@5 100.000 (99.040)
Epoch: [22][260/299], lr: 0.00100	Time 0.304 (0.328)	Data 0.000 (0.014)	Loss 0.4541 (0.2598)	Acc@1 87.500 (92.469)	Acc@5 93.750 (99.030)
Epoch: [22][280/299], lr: 0.00100	Time 0.307 (0.328)	Data 0.000 (0.013)	Loss 0.2732 (0.2570)	Acc@1 93.750 (92.516)	Acc@5 96.875 (99.010)
Epoch: [23][0/299], lr: 0.00100	Time 3.834 (3.834)	Data 3.441 (3.441)	Loss 0.1545 (0.1545)	Acc@1 96.875 (96.875)	Acc@5 100.000 (100.000)
Epoch: [23][20/299], lr: 0.00100	Time 0.308 (0.481)	Data 0.000 (0.164)	Loss 0.1704 (0.2890)	Acc@1 93.750 (91.815)	Acc@5 100.000 (98.512)
Epoch: [23][40/299], lr: 0.00100	Time 0.308 (0.396)	Data 0.000 (0.085)	Loss 0.1271 (0.2628)	Acc@1 93.750 (92.378)	Acc@5 100.000 (98.857)
Epoch: [23][60/299], lr: 0.00100	Time 0.303 (0.367)	Data 0.000 (0.057)	Loss 0.4756 (0.2437)	Acc@1 87.500 (92.982)	Acc@5 93.750 (98.924)
Epoch: [23][80/299], lr: 0.00100	Time 0.307 (0.364)	Data 0.000 (0.043)	Loss 0.2354 (0.2390)	Acc@1 93.750 (92.824)	Acc@5 96.875 (98.881)
Epoch: [23][100/299], lr: 0.00100	Time 0.306 (0.353)	Data 0.000 (0.035)	Loss 0.2215 (0.2350)	Acc@1 90.625 (92.760)	Acc@5 100.000 (99.041)
Epoch: [23][120/299], lr: 0.00100	Time 0.305 (0.345)	Data 0.000 (0.029)	Loss 0.4012 (0.2384)	Acc@1 87.500 (92.820)	Acc@5 96.875 (99.019)
Epoch: [23][140/299], lr: 0.00100	Time 0.304 (0.340)	Data 0.000 (0.025)	Loss 0.1688 (0.2344)	Acc@1 93.750 (92.863)	Acc@5 100.000 (99.047)
Epoch: [23][160/299], lr: 0.00100	Time 0.305 (0.336)	Data 0.000 (0.022)	Loss 0.4632 (0.2347)	Acc@1 87.500 (92.993)	Acc@5 100.000 (99.010)
Epoch: [23][180/299], lr: 0.00100	Time 0.306 (0.333)	Data 0.000 (0.019)	Loss 0.1395 (0.2420)	Acc@1 93.750 (92.835)	Acc@5 100.000 (99.016)
Epoch: [23][200/299], lr: 0.00100	Time 0.311 (0.331)	Data 0.000 (0.018)	Loss 0.4304 (0.2427)	Acc@1 90.625 (92.879)	Acc@5 96.875 (99.052)
Epoch: [23][220/299], lr: 0.00100	Time 0.305 (0.333)	Data 0.000 (0.016)	Loss 0.0307 (0.2418)	Acc@1 100.000 (92.930)	Acc@5 100.000 (99.081)
Epoch: [23][240/299], lr: 0.00100	Time 0.305 (0.331)	Data 0.000 (0.015)	Loss 0.1244 (0.2396)	Acc@1 93.750 (92.920)	Acc@5 100.000 (99.131)
Epoch: [23][260/299], lr: 0.00100	Time 0.308 (0.329)	Data 0.000 (0.014)	Loss 0.0980 (0.2409)	Acc@1 100.000 (92.900)	Acc@5 100.000 (99.090)
Epoch: [23][280/299], lr: 0.00100	Time 0.305 (0.328)	Data 0.000 (0.013)	Loss 0.3769 (0.2428)	Acc@1 87.500 (92.794)	Acc@5 96.875 (99.088)
Epoch: [24][0/299], lr: 0.00100	Time 4.457 (4.457)	Data 4.004 (4.004)	Loss 0.3585 (0.3585)	Acc@1 87.500 (87.500)	Acc@5 100.000 (100.000)
Epoch: [24][20/299], lr: 0.00100	Time 0.303 (0.507)	Data 0.000 (0.192)	Loss 0.1957 (0.2607)	Acc@1 93.750 (91.071)	Acc@5 100.000 (99.702)
Epoch: [24][40/299], lr: 0.00100	Time 0.343 (0.410)	Data 0.000 (0.099)	Loss 0.2918 (0.2332)	Acc@1 93.750 (92.073)	Acc@5 100.000 (99.543)
Epoch: [24][60/299], lr: 0.00100	Time 0.306 (0.400)	Data 0.000 (0.066)	Loss 0.1052 (0.2214)	Acc@1 93.750 (92.623)	Acc@5 100.000 (99.488)
Epoch: [24][80/299], lr: 0.00100	Time 0.304 (0.376)	Data 0.000 (0.050)	Loss 0.2628 (0.2269)	Acc@1 93.750 (92.708)	Acc@5 100.000 (99.421)
Epoch: [24][100/299], lr: 0.00100	Time 0.400 (0.363)	Data 0.000 (0.040)	Loss 0.3842 (0.2378)	Acc@1 87.500 (92.389)	Acc@5 96.875 (99.381)
Epoch: [24][120/299], lr: 0.00100	Time 0.304 (0.354)	Data 0.000 (0.034)	Loss 0.0923 (0.2364)	Acc@1 93.750 (92.278)	Acc@5 100.000 (99.354)
Epoch: [24][140/299], lr: 0.00100	Time 0.306 (0.347)	Data 0.000 (0.029)	Loss 0.4494 (0.2343)	Acc@1 90.625 (92.243)	Acc@5 96.875 (99.379)
Epoch: [24][160/299], lr: 0.00100	Time 0.305 (0.342)	Data 0.000 (0.025)	Loss 0.1944 (0.2311)	Acc@1 96.875 (92.527)	Acc@5 100.000 (99.379)
Epoch: [24][180/299], lr: 0.00100	Time 0.596 (0.341)	Data 0.015 (0.023)	Loss 0.0331 (0.2305)	Acc@1 100.000 (92.662)	Acc@5 100.000 (99.327)
Epoch: [24][200/299], lr: 0.00100	Time 0.306 (0.338)	Data 0.000 (0.020)	Loss 0.0672 (0.2309)	Acc@1 100.000 (92.646)	Acc@5 100.000 (99.285)
Epoch: [24][220/299], lr: 0.00100	Time 0.307 (0.335)	Data 0.000 (0.019)	Loss 0.2194 (0.2337)	Acc@1 96.875 (92.590)	Acc@5 100.000 (99.307)
Epoch: [24][240/299], lr: 0.00100	Time 0.306 (0.333)	Data 0.000 (0.017)	Loss 0.1181 (0.2367)	Acc@1 96.875 (92.622)	Acc@5 100.000 (99.222)
Epoch: [24][260/299], lr: 0.00100	Time 0.306 (0.331)	Data 0.000 (0.016)	Loss 0.3507 (0.2359)	Acc@1 87.500 (92.708)	Acc@5 96.875 (99.210)
Epoch: [24][280/299], lr: 0.00100	Time 0.304 (0.330)	Data 0.000 (0.015)	Loss 0.4111 (0.2371)	Acc@1 90.625 (92.727)	Acc@5 96.875 (99.199)
Test: [0/119]	Time 5.661 (5.661)	Loss 0.1903 (0.1903)	Acc@1 90.625 (90.625)	Acc@5 100.000 (100.000)
Test: [20/119]	Time 0.110 (0.379)	Loss 1.1406 (0.7714)	Acc@1 53.125 (82.143)	Acc@5 96.875 (95.387)
Test: [40/119]	Time 0.504 (0.283)	Loss 1.6794 (0.9485)	Acc@1 65.625 (79.726)	Acc@5 87.500 (94.741)
Test: [60/119]	Time 0.113 (0.252)	Loss 1.6074 (1.0054)	Acc@1 62.500 (76.742)	Acc@5 84.375 (94.416)
Test: [80/119]	Time 0.330 (0.237)	Loss 0.3409 (0.9974)	Acc@1 87.500 (77.199)	Acc@5 96.875 (93.364)
Test: [100/119]	Time 0.110 (0.226)	Loss 0.1116 (1.0159)	Acc@1 93.750 (76.145)	Acc@5 100.000 (93.441)
 * Acc@1 77.187 Acc@5 93.682
Epoch: [25][0/299], lr: 0.00100	Time 3.210 (3.210)	Data 2.707 (2.707)	Loss 0.2542 (0.2542)	Acc@1 93.750 (93.750)	Acc@5 100.000 (100.000)
Epoch: [25][20/299], lr: 0.00100	Time 0.306 (0.445)	Data 0.000 (0.129)	Loss 0.2235 (0.2202)	Acc@1 87.500 (92.708)	Acc@5 100.000 (99.405)
Epoch: [25][40/299], lr: 0.00100	Time 0.305 (0.381)	Data 0.000 (0.066)	Loss 0.0976 (0.2094)	Acc@1 93.750 (93.293)	Acc@5 100.000 (99.390)
Epoch: [25][60/299], lr: 0.00100	Time 0.307 (0.356)	Data 0.000 (0.045)	Loss 0.1135 (0.2144)	Acc@1 96.875 (92.982)	Acc@5 100.000 (99.283)
Epoch: [25][80/299], lr: 0.00100	Time 0.307 (0.344)	Data 0.000 (0.034)	Loss 0.2234 (0.2308)	Acc@1 84.375 (92.515)	Acc@5 100.000 (99.267)
Epoch: [25][100/299], lr: 0.00100	Time 0.305 (0.339)	Data 0.000 (0.027)	Loss 0.1010 (0.2297)	Acc@1 96.875 (92.450)	Acc@5 100.000 (99.350)
Epoch: [25][120/299], lr: 0.00100	Time 0.305 (0.334)	Data 0.000 (0.023)	Loss 0.2535 (0.2318)	Acc@1 87.500 (92.330)	Acc@5 100.000 (99.380)
Epoch: [25][140/299], lr: 0.00100	Time 0.302 (0.339)	Data 0.000 (0.020)	Loss 0.2874 (0.2270)	Acc@1 93.750 (92.620)	Acc@5 96.875 (99.291)
Epoch: [25][160/299], lr: 0.00100	Time 0.304 (0.335)	Data 0.000 (0.017)	Loss 0.0457 (0.2220)	Acc@1 96.875 (92.702)	Acc@5 100.000 (99.340)
Epoch: [25][180/299], lr: 0.00100	Time 0.306 (0.332)	Data 0.000 (0.015)	Loss 0.1538 (0.2201)	Acc@1 93.750 (92.766)	Acc@5 100.000 (99.344)
Epoch: [25][200/299], lr: 0.00100	Time 0.305 (0.331)	Data 0.000 (0.014)	Loss 0.0548 (0.2195)	Acc@1 96.875 (92.833)	Acc@5 100.000 (99.331)
Epoch: [25][220/299], lr: 0.00100	Time 0.312 (0.329)	Data 0.000 (0.013)	Loss 0.1043 (0.2156)	Acc@1 93.750 (92.986)	Acc@5 100.000 (99.335)
Epoch: [25][240/299], lr: 0.00100	Time 0.311 (0.328)	Data 0.000 (0.012)	Loss 0.1241 (0.2137)	Acc@1 93.750 (93.050)	Acc@5 100.000 (99.339)
Epoch: [25][260/299], lr: 0.00100	Time 0.308 (0.327)	Data 0.000 (0.011)	Loss 0.1355 (0.2175)	Acc@1 93.750 (92.948)	Acc@5 100.000 (99.318)
Epoch: [25][280/299], lr: 0.00100	Time 0.321 (0.325)	Data 0.004 (0.010)	Loss 0.2460 (0.2218)	Acc@1 90.625 (92.838)	Acc@5 100.000 (99.277)
Epoch: [26][0/299], lr: 0.00100	Time 3.702 (3.702)	Data 3.303 (3.303)	Loss 0.2027 (0.2027)	Acc@1 87.500 (87.500)	Acc@5 100.000 (100.000)
Epoch: [26][20/299], lr: 0.00100	Time 0.306 (0.471)	Data 0.000 (0.157)	Loss 0.3968 (0.2304)	Acc@1 93.750 (94.048)	Acc@5 100.000 (99.851)
Epoch: [26][40/299], lr: 0.00100	Time 0.309 (0.398)	Data 0.000 (0.081)	Loss 0.3550 (0.2135)	Acc@1 87.500 (93.826)	Acc@5 100.000 (99.619)
Epoch: [26][60/299], lr: 0.00100	Time 0.305 (0.368)	Data 0.000 (0.054)	Loss 0.1530 (0.2190)	Acc@1 93.750 (93.391)	Acc@5 100.000 (99.436)
Epoch: [26][80/299], lr: 0.00100	Time 0.305 (0.352)	Data 0.000 (0.041)	Loss 0.1305 (0.2182)	Acc@1 96.875 (93.287)	Acc@5 100.000 (99.421)
Epoch: [26][100/299], lr: 0.00100	Time 0.305 (0.356)	Data 0.000 (0.033)	Loss 0.2434 (0.2257)	Acc@1 90.625 (93.131)	Acc@5 100.000 (99.350)
Epoch: [26][120/299], lr: 0.00100	Time 0.305 (0.348)	Data 0.000 (0.028)	Loss 0.0719 (0.2309)	Acc@1 100.000 (93.182)	Acc@5 100.000 (99.303)
Epoch: [26][140/299], lr: 0.00100	Time 0.306 (0.342)	Data 0.000 (0.024)	Loss 0.5101 (0.2362)	Acc@1 87.500 (93.041)	Acc@5 96.875 (99.246)
Epoch: [26][160/299], lr: 0.00100	Time 0.306 (0.338)	Data 0.000 (0.021)	Loss 0.2137 (0.2403)	Acc@1 90.625 (92.877)	Acc@5 100.000 (99.243)
Epoch: [26][180/299], lr: 0.00100	Time 0.307 (0.335)	Data 0.000 (0.018)	Loss 0.4084 (0.2400)	Acc@1 87.500 (92.835)	Acc@5 96.875 (99.206)
Epoch: [26][200/299], lr: 0.00100	Time 0.402 (0.334)	Data 0.000 (0.017)	Loss 0.0783 (0.2364)	Acc@1 93.750 (92.926)	Acc@5 100.000 (99.238)
Epoch: [26][220/299], lr: 0.00100	Time 0.305 (0.331)	Data 0.000 (0.015)	Loss 0.2686 (0.2377)	Acc@1 84.375 (92.845)	Acc@5 100.000 (99.251)
Epoch: [26][240/299], lr: 0.00100	Time 0.303 (0.329)	Data 0.000 (0.014)	Loss 0.2304 (0.2378)	Acc@1 93.750 (92.868)	Acc@5 100.000 (99.261)
Epoch: [26][260/299], lr: 0.00100	Time 0.306 (0.328)	Data 0.000 (0.013)	Loss 0.1930 (0.2348)	Acc@1 90.625 (92.984)	Acc@5 100.000 (99.294)
Epoch: [26][280/299], lr: 0.00100	Time 0.308 (0.326)	Data 0.000 (0.012)	Loss 0.0925 (0.2356)	Acc@1 100.000 (92.927)	Acc@5 100.000 (99.299)
Epoch: [27][0/299], lr: 0.00100	Time 3.897 (3.897)	Data 3.512 (3.512)	Loss 0.1653 (0.1653)	Acc@1 93.750 (93.750)	Acc@5 100.000 (100.000)
Epoch: [27][20/299], lr: 0.00100	Time 0.306 (0.524)	Data 0.000 (0.167)	Loss 0.1416 (0.2012)	Acc@1 93.750 (94.196)	Acc@5 100.000 (99.702)
Epoch: [27][40/299], lr: 0.00100	Time 0.306 (0.417)	Data 0.000 (0.086)	Loss 0.3545 (0.2122)	Acc@1 87.500 (93.674)	Acc@5 96.875 (99.466)
Epoch: [27][60/299], lr: 0.00100	Time 0.298 (0.392)	Data 0.000 (0.058)	Loss 0.1991 (0.2158)	Acc@1 90.625 (93.084)	Acc@5 100.000 (99.385)
Epoch: [27][80/299], lr: 0.00100	Time 0.303 (0.371)	Data 0.000 (0.044)	Loss 0.0866 (0.2155)	Acc@1 100.000 (93.287)	Acc@5 100.000 (99.383)
Epoch: [27][100/299], lr: 0.00100	Time 0.306 (0.358)	Data 0.000 (0.035)	Loss 0.0908 (0.2148)	Acc@1 96.875 (93.224)	Acc@5 100.000 (99.412)
Epoch: [27][120/299], lr: 0.00100	Time 0.307 (0.350)	Data 0.000 (0.029)	Loss 0.2499 (0.2237)	Acc@1 90.625 (93.053)	Acc@5 96.875 (99.380)
Epoch: [27][140/299], lr: 0.00100	Time 0.305 (0.344)	Data 0.000 (0.025)	Loss 0.1853 (0.2242)	Acc@1 96.875 (92.930)	Acc@5 100.000 (99.379)
Epoch: [27][160/299], lr: 0.00100	Time 0.447 (0.344)	Data 0.001 (0.022)	Loss 0.0784 (0.2228)	Acc@1 100.000 (92.935)	Acc@5 100.000 (99.379)
Epoch: [27][180/299], lr: 0.00100	Time 0.304 (0.340)	Data 0.000 (0.020)	Loss 0.2989 (0.2215)	Acc@1 90.625 (92.990)	Acc@5 100.000 (99.396)
Epoch: [27][200/299], lr: 0.00100	Time 0.305 (0.337)	Data 0.000 (0.018)	Loss 0.3400 (0.2199)	Acc@1 87.500 (93.097)	Acc@5 96.875 (99.378)
Epoch: [27][220/299], lr: 0.00100	Time 0.306 (0.335)	Data 0.000 (0.016)	Loss 0.2369 (0.2174)	Acc@1 90.625 (93.227)	Acc@5 100.000 (99.420)
Epoch: [27][240/299], lr: 0.00100	Time 0.308 (0.332)	Data 0.000 (0.015)	Loss 0.2178 (0.2219)	Acc@1 93.750 (93.115)	Acc@5 100.000 (99.442)
Epoch: [27][260/299], lr: 0.00100	Time 0.307 (0.330)	Data 0.000 (0.014)	Loss 0.6241 (0.2217)	Acc@1 84.375 (93.127)	Acc@5 96.875 (99.437)
Epoch: [27][280/299], lr: 0.00100	Time 0.308 (0.329)	Data 0.000 (0.013)	Loss 0.2173 (0.2207)	Acc@1 93.750 (93.227)	Acc@5 100.000 (99.422)
Epoch: [28][0/299], lr: 0.00100	Time 3.825 (3.825)	Data 3.424 (3.424)	Loss 0.3098 (0.3098)	Acc@1 87.500 (87.500)	Acc@5 100.000 (100.000)
Epoch: [28][20/299], lr: 0.00100	Time 0.306 (0.476)	Data 0.000 (0.163)	Loss 0.1508 (0.2072)	Acc@1 100.000 (94.048)	Acc@5 100.000 (99.554)
Epoch: [28][40/299], lr: 0.00100	Time 0.305 (0.413)	Data 0.000 (0.084)	Loss 0.0471 (0.1934)	Acc@1 96.875 (94.207)	Acc@5 100.000 (99.314)
Epoch: [28][60/299], lr: 0.00100	Time 0.305 (0.378)	Data 0.000 (0.057)	Loss 0.1507 (0.2000)	Acc@1 93.750 (93.955)	Acc@5 100.000 (99.129)
Epoch: [28][80/299], lr: 0.00100	Time 0.303 (0.360)	Data 0.000 (0.043)	Loss 0.0931 (0.1991)	Acc@1 96.875 (94.097)	Acc@5 100.000 (99.113)
Epoch: [28][100/299], lr: 0.00100	Time 0.305 (0.350)	Data 0.000 (0.034)	Loss 0.1282 (0.2008)	Acc@1 96.875 (93.998)	Acc@5 100.000 (99.134)
Epoch: [28][120/299], lr: 0.00100	Time 0.309 (0.354)	Data 0.000 (0.029)	Loss 0.1325 (0.2095)	Acc@1 93.750 (93.698)	Acc@5 100.000 (99.199)
Epoch: [28][140/299], lr: 0.00100	Time 0.308 (0.347)	Data 0.000 (0.025)	Loss 0.2734 (0.2066)	Acc@1 93.750 (93.794)	Acc@5 100.000 (99.269)
Epoch: [28][160/299], lr: 0.00100	Time 0.305 (0.342)	Data 0.000 (0.022)	Loss 0.1485 (0.2045)	Acc@1 96.875 (93.808)	Acc@5 100.000 (99.301)
Epoch: [28][180/299], lr: 0.00100	Time 0.306 (0.338)	Data 0.000 (0.019)	Loss 0.4111 (0.2066)	Acc@1 90.625 (93.802)	Acc@5 100.000 (99.327)
Epoch: [28][200/299], lr: 0.00100	Time 0.308 (0.335)	Data 0.000 (0.017)	Loss 0.0904 (0.2073)	Acc@1 96.875 (93.828)	Acc@5 100.000 (99.331)
Epoch: [28][220/299], lr: 0.00100	Time 0.303 (0.333)	Data 0.000 (0.016)	Loss 0.0926 (0.2063)	Acc@1 100.000 (93.863)	Acc@5 100.000 (99.321)
Epoch: [28][240/299], lr: 0.00100	Time 0.304 (0.332)	Data 0.000 (0.015)	Loss 0.1393 (0.2032)	Acc@1 96.875 (93.983)	Acc@5 100.000 (99.378)
Epoch: [28][260/299], lr: 0.00100	Time 0.306 (0.330)	Data 0.000 (0.013)	Loss 0.3050 (0.2044)	Acc@1 87.500 (93.966)	Acc@5 100.000 (99.365)
Epoch: [28][280/299], lr: 0.00100	Time 0.308 (0.331)	Data 0.000 (0.013)	Loss 0.3023 (0.2046)	Acc@1 90.625 (93.961)	Acc@5 100.000 (99.377)
Epoch: [29][0/299], lr: 0.00100	Time 4.027 (4.027)	Data 3.640 (3.640)	Loss 0.0639 (0.0639)	Acc@1 96.875 (96.875)	Acc@5 100.000 (100.000)
Epoch: [29][20/299], lr: 0.00100	Time 0.303 (0.507)	Data 0.000 (0.174)	Loss 0.1805 (0.1924)	Acc@1 96.875 (93.899)	Acc@5 100.000 (99.554)
Epoch: [29][40/299], lr: 0.00100	Time 0.306 (0.408)	Data 0.000 (0.089)	Loss 0.1220 (0.2188)	Acc@1 96.875 (93.750)	Acc@5 100.000 (99.009)
Epoch: [29][60/299], lr: 0.00100	Time 0.304 (0.375)	Data 0.000 (0.060)	Loss 0.1824 (0.2055)	Acc@1 93.750 (93.852)	Acc@5 100.000 (99.129)
Epoch: [29][80/299], lr: 0.00100	Time 0.305 (0.371)	Data 0.000 (0.045)	Loss 0.4312 (0.2029)	Acc@1 90.625 (93.789)	Acc@5 96.875 (99.267)
Epoch: [29][100/299], lr: 0.00100	Time 0.305 (0.359)	Data 0.000 (0.037)	Loss 0.1218 (0.2044)	Acc@1 96.875 (93.750)	Acc@5 100.000 (99.350)
Epoch: [29][120/299], lr: 0.00100	Time 0.306 (0.351)	Data 0.000 (0.031)	Loss 0.2495 (0.1915)	Acc@1 90.625 (94.060)	Acc@5 100.000 (99.458)
Epoch: [29][140/299], lr: 0.00100	Time 0.304 (0.345)	Data 0.000 (0.026)	Loss 0.1421 (0.1824)	Acc@1 96.875 (94.260)	Acc@5 100.000 (99.535)
Epoch: [29][160/299], lr: 0.00100	Time 0.305 (0.343)	Data 0.000 (0.023)	Loss 0.2753 (0.1740)	Acc@1 90.625 (94.507)	Acc@5 96.875 (99.554)
Epoch: [29][180/299], lr: 0.00100	Time 0.305 (0.339)	Data 0.000 (0.021)	Loss 0.1742 (0.1818)	Acc@1 96.875 (94.389)	Acc@5 100.000 (99.517)
Epoch: [29][200/299], lr: 0.00100	Time 0.317 (0.337)	Data 0.000 (0.018)	Loss 0.3173 (0.1832)	Acc@1 90.625 (94.232)	Acc@5 100.000 (99.549)
Epoch: [29][220/299], lr: 0.00100	Time 0.306 (0.334)	Data 0.000 (0.017)	Loss 0.1156 (0.1862)	Acc@1 96.875 (94.217)	Acc@5 100.000 (99.505)
Epoch: [29][240/299], lr: 0.00100	Time 0.305 (0.332)	Data 0.000 (0.015)	Loss 0.2655 (0.1850)	Acc@1 90.625 (94.282)	Acc@5 96.875 (99.507)
Epoch: [29][260/299], lr: 0.00100	Time 0.305 (0.335)	Data 0.000 (0.014)	Loss 0.0637 (0.1871)	Acc@1 100.000 (94.265)	Acc@5 100.000 (99.497)
Epoch: [29][280/299], lr: 0.00100	Time 0.309 (0.333)	Data 0.000 (0.013)	Loss 0.0764 (0.1840)	Acc@1 96.875 (94.373)	Acc@5 100.000 (99.522)
Test: [0/119]	Time 3.203 (3.203)	Loss 0.0432 (0.0432)	Acc@1 96.875 (96.875)	Acc@5 100.000 (100.000)
Test: [20/119]	Time 0.107 (0.331)	Loss 0.8170 (0.7073)	Acc@1 75.000 (84.375)	Acc@5 93.750 (96.280)
Test: [40/119]	Time 0.524 (0.259)	Loss 2.4312 (0.9243)	Acc@1 62.500 (78.887)	Acc@5 78.125 (94.970)
Test: [60/119]	Time 0.105 (0.238)	Loss 2.2200 (1.1428)	Acc@1 50.000 (75.307)	Acc@5 87.500 (93.186)
Test: [80/119]	Time 0.407 (0.224)	Loss 0.2202 (1.1679)	Acc@1 87.500 (75.463)	Acc@5 100.000 (92.477)
Test: [100/119]	Time 0.108 (0.214)	Loss 0.0895 (1.1358)	Acc@1 93.750 (75.774)	Acc@5 100.000 (92.605)
 * Acc@1 76.527 Acc@5 92.942
Epoch: [30][0/299], lr: 0.00010	Time 2.946 (2.946)	Data 2.533 (2.533)	Loss 0.2364 (0.2364)	Acc@1 93.750 (93.750)	Acc@5 100.000 (100.000)
Epoch: [30][20/299], lr: 0.00010	Time 0.306 (0.432)	Data 0.000 (0.121)	Loss 0.0732 (0.1799)	Acc@1 96.875 (95.238)	Acc@5 100.000 (99.702)
Epoch: [30][40/299], lr: 0.00010	Time 0.305 (0.371)	Data 0.000 (0.062)	Loss 0.0735 (0.1605)	Acc@1 96.875 (95.655)	Acc@5 100.000 (99.543)
Epoch: [30][60/299], lr: 0.00010	Time 0.305 (0.349)	Data 0.000 (0.042)	Loss 0.0238 (0.1565)	Acc@1 100.000 (95.902)	Acc@5 100.000 (99.488)
Epoch: [30][80/299], lr: 0.00010	Time 0.976 (0.348)	Data 0.000 (0.031)	Loss 0.0468 (0.1522)	Acc@1 100.000 (96.065)	Acc@5 100.000 (99.460)
Epoch: [30][100/299], lr: 0.00010	Time 0.309 (0.340)	Data 0.000 (0.025)	Loss 0.1502 (0.1512)	Acc@1 90.625 (95.792)	Acc@5 100.000 (99.443)
Epoch: [30][120/299], lr: 0.00010	Time 0.306 (0.335)	Data 0.000 (0.021)	Loss 0.2165 (0.1533)	Acc@1 93.750 (95.661)	Acc@5 100.000 (99.406)
Epoch: [30][140/299], lr: 0.00010	Time 0.304 (0.331)	Data 0.000 (0.018)	Loss 0.2356 (0.1517)	Acc@1 90.625 (95.745)	Acc@5 100.000 (99.424)
Epoch: [30][160/299], lr: 0.00010	Time 0.307 (0.328)	Data 0.000 (0.016)	Loss 0.0575 (0.1467)	Acc@1 96.875 (95.749)	Acc@5 100.000 (99.398)
Epoch: [30][180/299], lr: 0.00010	Time 0.306 (0.327)	Data 0.000 (0.014)	Loss 0.2155 (0.1460)	Acc@1 93.750 (95.753)	Acc@5 100.000 (99.413)
Epoch: [30][200/299], lr: 0.00010	Time 0.310 (0.325)	Data 0.000 (0.013)	Loss 0.0388 (0.1429)	Acc@1 100.000 (95.833)	Acc@5 100.000 (99.456)
Epoch: [30][220/299], lr: 0.00010	Time 0.307 (0.324)	Data 0.000 (0.012)	Loss 0.0296 (0.1376)	Acc@1 100.000 (95.984)	Acc@5 100.000 (99.505)
Epoch: [30][240/299], lr: 0.00010	Time 0.306 (0.323)	Data 0.000 (0.011)	Loss 0.0491 (0.1370)	Acc@1 100.000 (95.967)	Acc@5 100.000 (99.546)
Epoch: [30][260/299], lr: 0.00010	Time 0.308 (0.322)	Data 0.000 (0.010)	Loss 0.0916 (0.1350)	Acc@1 96.875 (96.037)	Acc@5 100.000 (99.569)
Epoch: [30][280/299], lr: 0.00010	Time 0.308 (0.321)	Data 0.000 (0.009)	Loss 0.0636 (0.1332)	Acc@1 100.000 (96.108)	Acc@5 100.000 (99.555)
Epoch: [31][0/299], lr: 0.00010	Time 3.949 (3.949)	Data 3.563 (3.563)	Loss 0.0232 (0.0232)	Acc@1 100.000 (100.000)	Acc@5 100.000 (100.000)
Epoch: [31][20/299], lr: 0.00010	Time 0.304 (0.487)	Data 0.000 (0.170)	Loss 0.0814 (0.1278)	Acc@1 96.875 (95.982)	Acc@5 100.000 (99.554)
Epoch: [31][40/299], lr: 0.00010	Time 0.304 (0.399)	Data 0.000 (0.087)	Loss 0.0227 (0.1197)	Acc@1 100.000 (96.113)	Acc@5 100.000 (99.695)
Epoch: [31][60/299], lr: 0.00010	Time 0.304 (0.369)	Data 0.000 (0.059)	Loss 0.1453 (0.1367)	Acc@1 96.875 (95.594)	Acc@5 100.000 (99.693)
Epoch: [31][80/299], lr: 0.00010	Time 0.305 (0.355)	Data 0.000 (0.044)	Loss 0.0218 (0.1305)	Acc@1 100.000 (96.026)	Acc@5 100.000 (99.653)
Epoch: [31][100/299], lr: 0.00010	Time 0.920 (0.352)	Data 0.000 (0.036)	Loss 0.0119 (0.1211)	Acc@1 100.000 (96.287)	Acc@5 100.000 (99.660)
Epoch: [31][120/299], lr: 0.00010	Time 0.305 (0.359)	Data 0.000 (0.030)	Loss 0.0379 (0.1175)	Acc@1 96.875 (96.436)	Acc@5 100.000 (99.664)
Epoch: [31][140/299], lr: 0.00010	Time 0.309 (0.351)	Data 0.000 (0.026)	Loss 0.0951 (0.1148)	Acc@1 96.875 (96.565)	Acc@5 100.000 (99.668)
Epoch: [31][160/299], lr: 0.00010	Time 0.308 (0.346)	Data 0.000 (0.023)	Loss 0.4769 (0.1142)	Acc@1 93.750 (96.661)	Acc@5 96.875 (99.651)
Epoch: [31][180/299], lr: 0.00010	Time 0.316 (0.341)	Data 0.000 (0.020)	Loss 0.1531 (0.1108)	Acc@1 93.750 (96.720)	Acc@5 100.000 (99.672)
Epoch: [31][200/299], lr: 0.00010	Time 0.305 (0.338)	Data 0.000 (0.018)	Loss 0.0261 (0.1119)	Acc@1 100.000 (96.688)	Acc@5 100.000 (99.658)
Epoch: [31][220/299], lr: 0.00010	Time 0.305 (0.335)	Data 0.000 (0.017)	Loss 0.0928 (0.1108)	Acc@1 96.875 (96.762)	Acc@5 100.000 (99.675)
Epoch: [31][240/299], lr: 0.00010	Time 0.305 (0.333)	Data 0.000 (0.015)	Loss 0.0457 (0.1111)	Acc@1 96.875 (96.719)	Acc@5 100.000 (99.676)
Epoch: [31][260/299], lr: 0.00010	Time 0.306 (0.331)	Data 0.000 (0.014)	Loss 0.0982 (0.1127)	Acc@1 96.875 (96.612)	Acc@5 100.000 (99.653)
Epoch: [31][280/299], lr: 0.00010	Time 0.304 (0.329)	Data 0.000 (0.013)	Loss 0.0278 (0.1092)	Acc@1 100.000 (96.686)	Acc@5 100.000 (99.677)
Epoch: [32][0/299], lr: 0.00010	Time 4.020 (4.020)	Data 3.588 (3.588)	Loss 0.0159 (0.0159)	Acc@1 100.000 (100.000)	Acc@5 100.000 (100.000)
Epoch: [32][20/299], lr: 0.00010	Time 0.304 (0.490)	Data 0.000 (0.171)	Loss 0.0725 (0.0854)	Acc@1 96.875 (97.470)	Acc@5 100.000 (99.851)
Epoch: [32][40/299], lr: 0.00010	Time 0.303 (0.400)	Data 0.000 (0.088)	Loss 0.0468 (0.0871)	Acc@1 100.000 (97.104)	Acc@5 100.000 (99.924)
Epoch: [32][60/299], lr: 0.00010	Time 1.444 (0.388)	Data 0.000 (0.059)	Loss 0.2266 (0.0857)	Acc@1 90.625 (97.131)	Acc@5 100.000 (99.949)
Epoch: [32][80/299], lr: 0.00010	Time 0.303 (0.369)	Data 0.000 (0.044)	Loss 0.0240 (0.0901)	Acc@1 100.000 (97.106)	Acc@5 100.000 (99.923)
Epoch: [32][100/299], lr: 0.00010	Time 0.304 (0.356)	Data 0.000 (0.036)	Loss 0.0474 (0.0910)	Acc@1 96.875 (97.092)	Acc@5 100.000 (99.907)
Epoch: [32][120/299], lr: 0.00010	Time 0.307 (0.356)	Data 0.000 (0.030)	Loss 0.0407 (0.0932)	Acc@1 96.875 (97.030)	Acc@5 100.000 (99.897)
Epoch: [32][140/299], lr: 0.00010	Time 0.304 (0.349)	Data 0.000 (0.026)	Loss 0.0242 (0.0943)	Acc@1 100.000 (97.008)	Acc@5 100.000 (99.845)
Epoch: [32][160/299], lr: 0.00010	Time 0.303 (0.345)	Data 0.000 (0.023)	Loss 0.1022 (0.0907)	Acc@1 96.875 (97.166)	Acc@5 96.875 (99.845)
Epoch: [32][180/299], lr: 0.00010	Time 0.305 (0.341)	Data 0.000 (0.020)	Loss 0.0955 (0.0914)	Acc@1 93.750 (97.099)	Acc@5 100.000 (99.827)
Epoch: [32][200/299], lr: 0.00010	Time 0.304 (0.338)	Data 0.000 (0.018)	Loss 0.0719 (0.0888)	Acc@1 96.875 (97.139)	Acc@5 100.000 (99.829)
Epoch: [32][220/299], lr: 0.00010	Time 0.305 (0.335)	Data 0.000 (0.017)	Loss 0.2352 (0.0923)	Acc@1 93.750 (97.031)	Acc@5 100.000 (99.830)
Epoch: [32][240/299], lr: 0.00010	Time 0.303 (0.332)	Data 0.000 (0.015)	Loss 0.0676 (0.0923)	Acc@1 93.750 (97.057)	Acc@5 100.000 (99.818)
Epoch: [32][260/299], lr: 0.00010	Time 0.311 (0.331)	Data 0.000 (0.014)	Loss 0.0610 (0.0935)	Acc@1 96.875 (96.983)	Acc@5 100.000 (99.808)
Epoch: [32][280/299], lr: 0.00010	Time 0.309 (0.329)	Data 0.000 (0.013)	Loss 0.0216 (0.0917)	Acc@1 100.000 (97.097)	Acc@5 100.000 (99.822)
Epoch: [33][0/299], lr: 0.00010	Time 3.565 (3.565)	Data 3.172 (3.172)	Loss 0.2088 (0.2088)	Acc@1 96.875 (96.875)	Acc@5 100.000 (100.000)
Epoch: [33][20/299], lr: 0.00010	Time 0.313 (0.470)	Data 0.000 (0.153)	Loss 0.0384 (0.0802)	Acc@1 100.000 (97.321)	Acc@5 100.000 (100.000)
Epoch: [33][40/299], lr: 0.00010	Time 0.305 (0.391)	Data 0.000 (0.079)	Loss 0.0140 (0.0916)	Acc@1 100.000 (97.409)	Acc@5 100.000 (99.695)
Epoch: [33][60/299], lr: 0.00010	Time 0.307 (0.364)	Data 0.000 (0.053)	Loss 0.0198 (0.0834)	Acc@1 100.000 (97.592)	Acc@5 100.000 (99.744)
Epoch: [33][80/299], lr: 0.00010	Time 0.303 (0.350)	Data 0.000 (0.040)	Loss 0.1792 (0.0871)	Acc@1 90.625 (97.299)	Acc@5 100.000 (99.769)
Epoch: [33][100/299], lr: 0.00010	Time 0.303 (0.341)	Data 0.000 (0.032)	Loss 0.0271 (0.0902)	Acc@1 100.000 (97.092)	Acc@5 100.000 (99.752)
Epoch: [33][120/299], lr: 0.00010	Time 0.307 (0.335)	Data 0.000 (0.027)	Loss 0.5008 (0.0919)	Acc@1 93.750 (97.185)	Acc@5 93.750 (99.742)
Epoch: [33][140/299], lr: 0.00010	Time 0.306 (0.333)	Data 0.000 (0.023)	Loss 0.2024 (0.0906)	Acc@1 96.875 (97.318)	Acc@5 96.875 (99.690)
Epoch: [33][160/299], lr: 0.00010	Time 0.302 (0.337)	Data 0.000 (0.020)	Loss 0.4881 (0.0927)	Acc@1 96.875 (97.283)	Acc@5 96.875 (99.670)
Epoch: [33][180/299], lr: 0.00010	Time 0.305 (0.334)	Data 0.000 (0.018)	Loss 0.0477 (0.0919)	Acc@1 96.875 (97.255)	Acc@5 100.000 (99.689)
Epoch: [33][200/299], lr: 0.00010	Time 0.307 (0.331)	Data 0.000 (0.017)	Loss 0.0026 (0.0941)	Acc@1 100.000 (97.217)	Acc@5 100.000 (99.658)
Epoch: [33][220/299], lr: 0.00010	Time 0.306 (0.329)	Data 0.000 (0.015)	Loss 0.0667 (0.0958)	Acc@1 96.875 (97.059)	Acc@5 100.000 (99.646)
Epoch: [33][240/299], lr: 0.00010	Time 0.308 (0.327)	Data 0.000 (0.014)	Loss 0.1019 (0.0966)	Acc@1 96.875 (97.031)	Acc@5 100.000 (99.663)
Epoch: [33][260/299], lr: 0.00010	Time 0.306 (0.328)	Data 0.000 (0.013)	Loss 0.0298 (0.0948)	Acc@1 100.000 (97.079)	Acc@5 100.000 (99.689)
Epoch: [33][280/299], lr: 0.00010	Time 0.304 (0.327)	Data 0.000 (0.012)	Loss 0.1740 (0.0946)	Acc@1 93.750 (97.142)	Acc@5 100.000 (99.700)
Epoch: [34][0/299], lr: 0.00010	Time 3.774 (3.774)	Data 3.372 (3.372)	Loss 0.0088 (0.0088)	Acc@1 100.000 (100.000)	Acc@5 100.000 (100.000)
Epoch: [34][20/299], lr: 0.00010	Time 0.303 (0.490)	Data 0.000 (0.161)	Loss 0.0122 (0.0834)	Acc@1 100.000 (97.470)	Acc@5 100.000 (99.554)
Epoch: [34][40/299], lr: 0.00010	Time 0.305 (0.400)	Data 0.000 (0.083)	Loss 0.0532 (0.0848)	Acc@1 96.875 (97.485)	Acc@5 100.000 (99.619)
Epoch: [34][60/299], lr: 0.00010	Time 0.307 (0.372)	Data 0.000 (0.056)	Loss 0.1298 (0.0779)	Acc@1 96.875 (97.643)	Acc@5 100.000 (99.744)
Epoch: [34][80/299], lr: 0.00010	Time 0.306 (0.355)	Data 0.000 (0.042)	Loss 0.3442 (0.0845)	Acc@1 90.625 (97.454)	Acc@5 96.875 (99.769)
Epoch: [34][100/299], lr: 0.00010	Time 0.303 (0.346)	Data 0.000 (0.034)	Loss 0.0109 (0.0819)	Acc@1 100.000 (97.556)	Acc@5 100.000 (99.783)
Epoch: [34][120/299], lr: 0.00010	Time 0.304 (0.345)	Data 0.000 (0.028)	Loss 0.1598 (0.0831)	Acc@1 93.750 (97.469)	Acc@5 100.000 (99.793)
Epoch: [34][140/299], lr: 0.00010	Time 0.306 (0.339)	Data 0.000 (0.024)	Loss 0.0188 (0.0845)	Acc@1 100.000 (97.340)	Acc@5 100.000 (99.756)
Epoch: [34][160/299], lr: 0.00010	Time 0.344 (0.335)	Data 0.000 (0.021)	Loss 0.1470 (0.0844)	Acc@1 93.750 (97.321)	Acc@5 100.000 (99.748)
Epoch: [34][180/299], lr: 0.00010	Time 0.304 (0.332)	Data 0.000 (0.019)	Loss 0.0032 (0.0854)	Acc@1 100.000 (97.220)	Acc@5 100.000 (99.758)
Epoch: [34][200/299], lr: 0.00010	Time 0.304 (0.330)	Data 0.000 (0.017)	Loss 0.0667 (0.0897)	Acc@1 96.875 (97.186)	Acc@5 100.000 (99.767)
Epoch: [34][220/299], lr: 0.00010	Time 0.305 (0.329)	Data 0.000 (0.016)	Loss 0.0076 (0.0904)	Acc@1 100.000 (97.144)	Acc@5 100.000 (99.760)
Epoch: [34][240/299], lr: 0.00010	Time 0.304 (0.327)	Data 0.000 (0.014)	Loss 0.0695 (0.0890)	Acc@1 100.000 (97.225)	Acc@5 100.000 (99.754)
Epoch: [34][260/299], lr: 0.00010	Time 0.307 (0.325)	Data 0.000 (0.013)	Loss 0.1317 (0.0900)	Acc@1 93.750 (97.186)	Acc@5 100.000 (99.761)
Epoch: [34][280/299], lr: 0.00010	Time 0.308 (0.324)	Data 0.000 (0.012)	Loss 0.1132 (0.0892)	Acc@1 93.750 (97.209)	Acc@5 100.000 (99.755)
Test: [0/119]	Time 3.195 (3.195)	Loss 0.1478 (0.1478)	Acc@1 90.625 (90.625)	Acc@5 100.000 (100.000)
Test: [20/119]	Time 0.107 (0.348)	Loss 0.5979 (0.6772)	Acc@1 78.125 (86.458)	Acc@5 96.875 (96.577)
Test: [40/119]	Time 0.593 (0.275)	Loss 2.1668 (0.7941)	Acc@1 62.500 (83.460)	Acc@5 84.375 (96.113)
Test: [60/119]	Time 0.109 (0.242)	Loss 1.8797 (0.9620)	Acc@1 56.250 (79.764)	Acc@5 96.875 (94.518)
Test: [80/119]	Time 0.109 (0.243)	Loss 0.0925 (0.9704)	Acc@1 96.875 (80.015)	Acc@5 100.000 (93.827)
Test: [100/119]	Time 0.152 (0.221)	Loss 0.1395 (0.9475)	Acc@1 93.750 (80.105)	Acc@5 100.000 (94.245)
 * Acc@1 80.809 Acc@5 94.396
Epoch: [35][0/299], lr: 0.00010	Time 2.794 (2.794)	Data 2.260 (2.260)	Loss 0.1024 (0.1024)	Acc@1 93.750 (93.750)	Acc@5 100.000 (100.000)
Epoch: [35][20/299], lr: 0.00010	Time 0.305 (0.426)	Data 0.000 (0.108)	Loss 0.0200 (0.0755)	Acc@1 100.000 (97.321)	Acc@5 100.000 (100.000)
Epoch: [35][40/299], lr: 0.00010	Time 0.303 (0.368)	Data 0.000 (0.055)	Loss 0.0968 (0.0859)	Acc@1 96.875 (97.104)	Acc@5 100.000 (100.000)
Epoch: [35][60/299], lr: 0.00010	Time 0.306 (0.347)	Data 0.000 (0.037)	Loss 0.1037 (0.0822)	Acc@1 96.875 (97.439)	Acc@5 96.875 (99.898)
Epoch: [35][80/299], lr: 0.00010	Time 0.306 (0.338)	Data 0.000 (0.028)	Loss 0.0741 (0.0894)	Acc@1 96.875 (97.106)	Acc@5 100.000 (99.884)
Epoch: [35][100/299], lr: 0.00010	Time 0.311 (0.332)	Data 0.000 (0.023)	Loss 0.0185 (0.0876)	Acc@1 100.000 (97.277)	Acc@5 100.000 (99.845)
Epoch: [35][120/299], lr: 0.00010	Time 0.307 (0.328)	Data 0.000 (0.019)	Loss 0.1935 (0.0889)	Acc@1 93.750 (97.288)	Acc@5 100.000 (99.819)
Epoch: [35][140/299], lr: 0.00010	Time 0.304 (0.330)	Data 0.000 (0.016)	Loss 0.0608 (0.0884)	Acc@1 100.000 (97.230)	Acc@5 100.000 (99.845)
Epoch: [35][160/299], lr: 0.00010	Time 0.304 (0.327)	Data 0.000 (0.014)	Loss 0.1057 (0.0846)	Acc@1 96.875 (97.399)	Acc@5 100.000 (99.864)
Epoch: [35][180/299], lr: 0.00010	Time 0.307 (0.325)	Data 0.000 (0.013)	Loss 0.0489 (0.0852)	Acc@1 100.000 (97.393)	Acc@5 100.000 (99.827)
Epoch: [35][200/299], lr: 0.00010	Time 0.305 (0.324)	Data 0.000 (0.012)	Loss 0.0314 (0.0867)	Acc@1 100.000 (97.404)	Acc@5 100.000 (99.813)
Epoch: [35][220/299], lr: 0.00010	Time 0.307 (0.323)	Data 0.000 (0.011)	Loss 0.0547 (0.0876)	Acc@1 96.875 (97.342)	Acc@5 100.000 (99.802)
Epoch: [35][240/299], lr: 0.00010	Time 0.306 (0.322)	Data 0.000 (0.010)	Loss 0.0616 (0.0882)	Acc@1 96.875 (97.316)	Acc@5 100.000 (99.805)
Epoch: [35][260/299], lr: 0.00010	Time 0.308 (0.320)	Data 0.000 (0.009)	Loss 0.1556 (0.0892)	Acc@1 96.875 (97.330)	Acc@5 100.000 (99.784)
Epoch: [35][280/299], lr: 0.00010	Time 0.303 (0.319)	Data 0.000 (0.008)	Loss 0.0273 (0.0887)	Acc@1 100.000 (97.364)	Acc@5 100.000 (99.778)
Epoch: [36][0/299], lr: 0.00010	Time 3.630 (3.630)	Data 3.226 (3.226)	Loss 0.0535 (0.0535)	Acc@1 100.000 (100.000)	Acc@5 100.000 (100.000)
Epoch: [36][20/299], lr: 0.00010	Time 0.305 (0.487)	Data 0.000 (0.154)	Loss 0.1362 (0.0844)	Acc@1 93.750 (97.024)	Acc@5 100.000 (99.702)
Epoch: [36][40/299], lr: 0.00010	Time 0.305 (0.399)	Data 0.000 (0.079)	Loss 0.0904 (0.0949)	Acc@1 96.875 (97.027)	Acc@5 100.000 (99.543)
Epoch: [36][60/299], lr: 0.00010	Time 0.306 (0.369)	Data 0.000 (0.053)	Loss 0.0499 (0.0858)	Acc@1 100.000 (97.285)	Acc@5 100.000 (99.641)
Epoch: [36][80/299], lr: 0.00010	Time 0.306 (0.358)	Data 0.000 (0.040)	Loss 0.0930 (0.0997)	Acc@1 96.875 (96.914)	Acc@5 100.000 (99.576)
Epoch: [36][100/299], lr: 0.00010	Time 0.302 (0.348)	Data 0.000 (0.032)	Loss 0.0452 (0.1010)	Acc@1 100.000 (96.875)	Acc@5 100.000 (99.629)
Epoch: [36][120/299], lr: 0.00010	Time 0.308 (0.343)	Data 0.000 (0.027)	Loss 0.0399 (0.0980)	Acc@1 100.000 (97.004)	Acc@5 100.000 (99.613)
Epoch: [36][140/299], lr: 0.00010	Time 0.306 (0.337)	Data 0.000 (0.023)	Loss 0.0716 (0.0954)	Acc@1 96.875 (97.141)	Acc@5 100.000 (99.668)
Epoch: [36][160/299], lr: 0.00010	Time 0.304 (0.334)	Data 0.000 (0.020)	Loss 0.0228 (0.0896)	Acc@1 100.000 (97.341)	Acc@5 100.000 (99.709)
Epoch: [36][180/299], lr: 0.00010	Time 0.306 (0.334)	Data 0.000 (0.018)	Loss 0.0925 (0.0908)	Acc@1 96.875 (97.289)	Acc@5 100.000 (99.706)
Epoch: [36][200/299], lr: 0.00010	Time 0.308 (0.332)	Data 0.000 (0.016)	Loss 0.0994 (0.0884)	Acc@1 93.750 (97.357)	Acc@5 100.000 (99.705)
Epoch: [36][220/299], lr: 0.00010	Time 0.709 (0.331)	Data 0.000 (0.015)	Loss 0.0684 (0.0881)	Acc@1 96.875 (97.370)	Acc@5 100.000 (99.703)
Epoch: [36][240/299], lr: 0.00010	Time 0.306 (0.330)	Data 0.000 (0.014)	Loss 0.0083 (0.0902)	Acc@1 100.000 (97.329)	Acc@5 100.000 (99.702)
Epoch: [36][260/299], lr: 0.00010	Time 0.313 (0.328)	Data 0.000 (0.013)	Loss 0.1740 (0.0930)	Acc@1 96.875 (97.222)	Acc@5 100.000 (99.689)
Epoch: [36][280/299], lr: 0.00010	Time 0.310 (0.328)	Data 0.000 (0.012)	Loss 0.0546 (0.0925)	Acc@1 100.000 (97.275)	Acc@5 100.000 (99.700)
Epoch: [37][0/299], lr: 0.00010	Time 3.530 (3.530)	Data 3.121 (3.121)	Loss 0.0287 (0.0287)	Acc@1 100.000 (100.000)	Acc@5 100.000 (100.000)
Epoch: [37][20/299], lr: 0.00010	Time 0.598 (0.495)	Data 0.000 (0.149)	Loss 0.1530 (0.1043)	Acc@1 93.750 (96.429)	Acc@5 100.000 (99.554)
Epoch: [37][40/299], lr: 0.00010	Time 0.304 (0.405)	Data 0.000 (0.076)	Loss 0.1088 (0.0924)	Acc@1 93.750 (96.951)	Acc@5 100.000 (99.695)
Epoch: [37][60/299], lr: 0.00010	Time 0.305 (0.373)	Data 0.000 (0.051)	Loss 0.0045 (0.0838)	Acc@1 100.000 (97.080)	Acc@5 100.000 (99.795)
Epoch: [37][80/299], lr: 0.00010	Time 1.294 (0.368)	Data 0.000 (0.039)	Loss 0.0521 (0.0867)	Acc@1 100.000 (96.991)	Acc@5 100.000 (99.807)
Epoch: [37][100/299], lr: 0.00010	Time 0.306 (0.357)	Data 0.000 (0.031)	Loss 0.0484 (0.0856)	Acc@1 100.000 (97.061)	Acc@5 100.000 (99.845)
Epoch: [37][120/299], lr: 0.00010	Time 0.304 (0.348)	Data 0.000 (0.026)	Loss 0.0691 (0.0854)	Acc@1 96.875 (97.185)	Acc@5 100.000 (99.793)
Epoch: [37][140/299], lr: 0.00010	Time 0.304 (0.348)	Data 0.000 (0.022)	Loss 0.0140 (0.0863)	Acc@1 100.000 (97.185)	Acc@5 100.000 (99.778)
Epoch: [37][160/299], lr: 0.00010	Time 0.311 (0.343)	Data 0.000 (0.020)	Loss 0.1820 (0.0890)	Acc@1 93.750 (97.127)	Acc@5 100.000 (99.806)
Epoch: [37][180/299], lr: 0.00010	Time 0.306 (0.339)	Data 0.000 (0.017)	Loss 0.0376 (0.0880)	Acc@1 96.875 (97.169)	Acc@5 100.000 (99.810)
Epoch: [37][200/299], lr: 0.00010	Time 0.308 (0.336)	Data 0.000 (0.016)	Loss 0.0922 (0.0892)	Acc@1 96.875 (97.170)	Acc@5 100.000 (99.767)
Epoch: [37][220/299], lr: 0.00010	Time 0.308 (0.333)	Data 0.000 (0.014)	Loss 0.0104 (0.0881)	Acc@1 100.000 (97.214)	Acc@5 100.000 (99.788)
Epoch: [37][240/299], lr: 0.00010	Time 0.307 (0.331)	Data 0.001 (0.013)	Loss 0.0540 (0.0868)	Acc@1 96.875 (97.225)	Acc@5 100.000 (99.805)
Epoch: [37][260/299], lr: 0.00010	Time 0.307 (0.329)	Data 0.000 (0.012)	Loss 0.3702 (0.0880)	Acc@1 90.625 (97.186)	Acc@5 93.750 (99.773)
Epoch: [37][280/299], lr: 0.00010	Time 0.306 (0.328)	Data 0.000 (0.011)	Loss 0.0105 (0.0881)	Acc@1 100.000 (97.209)	Acc@5 100.000 (99.778)
Epoch: [38][0/299], lr: 0.00010	Time 4.086 (4.086)	Data 3.520 (3.520)	Loss 0.0230 (0.0230)	Acc@1 100.000 (100.000)	Acc@5 100.000 (100.000)
Epoch: [38][20/299], lr: 0.00010	Time 0.305 (0.518)	Data 0.000 (0.168)	Loss 0.0433 (0.0628)	Acc@1 100.000 (98.065)	Acc@5 100.000 (100.000)
Epoch: [38][40/299], lr: 0.00010	Time 0.306 (0.414)	Data 0.000 (0.086)	Loss 0.0933 (0.0689)	Acc@1 93.750 (97.790)	Acc@5 100.000 (99.924)
Epoch: [38][60/299], lr: 0.00010	Time 0.304 (0.383)	Data 0.000 (0.058)	Loss 0.0808 (0.0743)	Acc@1 96.875 (97.797)	Acc@5 100.000 (99.846)
Epoch: [38][80/299], lr: 0.00010	Time 0.473 (0.381)	Data 0.010 (0.045)	Loss 0.1403 (0.0756)	Acc@1 93.750 (97.878)	Acc@5 100.000 (99.846)
Epoch: [38][100/299], lr: 0.00010	Time 0.525 (0.392)	Data 0.019 (0.037)	Loss 0.0802 (0.0752)	Acc@1 96.875 (97.803)	Acc@5 100.000 (99.876)
Epoch: [38][120/299], lr: 0.00010	Time 0.474 (0.499)	Data 0.000 (0.108)	Loss 0.0497 (0.0771)	Acc@1 100.000 (97.805)	Acc@5 100.000 (99.819)
Epoch: [38][140/299], lr: 0.00010	Time 2.240 (0.591)	Data 1.838 (0.190)	Loss 0.0950 (0.0775)	Acc@1 100.000 (97.739)	Acc@5 100.000 (99.801)
Epoch: [38][160/299], lr: 0.00010	Time 0.536 (0.711)	Data 0.000 (0.296)	Loss 0.0505 (0.0781)	Acc@1 96.875 (97.787)	Acc@5 100.000 (99.767)
Epoch: [38][180/299], lr: 0.00010	Time 3.433 (0.850)	Data 2.372 (0.410)	Loss 0.0283 (0.0772)	Acc@1 100.000 (97.756)	Acc@5 100.000 (99.793)
Epoch: [38][200/299], lr: 0.00010	Time 0.553 (0.961)	Data 0.000 (0.504)	Loss 0.0471 (0.0788)	Acc@1 96.875 (97.715)	Acc@5 100.000 (99.813)
Epoch: [38][220/299], lr: 0.00010	Time 4.265 (1.107)	Data 3.227 (0.628)	Loss 0.0797 (0.0790)	Acc@1 96.875 (97.738)	Acc@5 100.000 (99.802)
Epoch: [38][240/299], lr: 0.00010	Time 0.765 (1.243)	Data 0.000 (0.735)	Loss 0.0552 (0.0816)	Acc@1 96.875 (97.640)	Acc@5 100.000 (99.767)
Epoch: [38][260/299], lr: 0.00010	Time 3.042 (1.389)	Data 2.138 (0.854)	Loss 0.1279 (0.0796)	Acc@1 90.625 (97.701)	Acc@5 100.000 (99.773)
Epoch: [38][280/299], lr: 0.00010	Time 0.872 (1.549)	Data 0.000 (0.978)	Loss 0.1037 (0.0809)	Acc@1 96.875 (97.653)	Acc@5 100.000 (99.766)
Epoch: [39][0/299], lr: 0.00010	Time 46.952 (46.952)	Data 45.473 (45.473)	Loss 0.1028 (0.1028)	Acc@1 96.875 (96.875)	Acc@5 100.000 (100.000)
Epoch: [39][20/299], lr: 0.00010	Time 1.126 (5.781)	Data 0.000 (4.656)	Loss 0.0893 (0.0762)	Acc@1 93.750 (96.875)	Acc@5 100.000 (99.702)
Epoch: [39][40/299], lr: 0.00010	Time 21.979 (5.192)	Data 20.775 (3.985)	Loss 0.0017 (0.0775)	Acc@1 100.000 (97.332)	Acc@5 100.000 (99.695)
Epoch: [39][60/299], lr: 0.00010	Time 1.558 (4.792)	Data 0.000 (3.555)	Loss 0.1801 (0.0826)	Acc@1 96.875 (97.131)	Acc@5 96.875 (99.744)
Epoch: [39][80/299], lr: 0.00010	Time 29.388 (5.170)	Data 27.833 (3.866)	Loss 0.0196 (0.0823)	Acc@1 100.000 (97.222)	Acc@5 100.000 (99.769)
Epoch: [39][100/299], lr: 0.00010	Time 1.378 (5.098)	Data 0.000 (3.754)	Loss 0.0282 (0.0830)	Acc@1 100.000 (97.184)	Acc@5 100.000 (99.722)
Epoch: [39][120/299], lr: 0.00010	Time 29.838 (5.309)	Data 28.053 (3.922)	Loss 0.0595 (0.0834)	Acc@1 96.875 (97.133)	Acc@5 100.000 (99.690)
Epoch: [39][140/299], lr: 0.00010	Time 1.535 (5.257)	Data 0.000 (3.836)	Loss 0.1103 (0.0846)	Acc@1 96.875 (97.119)	Acc@5 100.000 (99.712)
Epoch: [39][160/299], lr: 0.00010	Time 46.464 (5.572)	Data 44.442 (4.128)	Loss 0.0081 (0.0853)	Acc@1 100.000 (97.166)	Acc@5 100.000 (99.709)
Epoch: [39][180/299], lr: 0.00010	Time 1.600 (5.536)	Data 0.000 (4.063)	Loss 0.0730 (0.0833)	Acc@1 96.875 (97.220)	Acc@5 100.000 (99.724)
Epoch: [39][200/299], lr: 0.00010	Time 48.313 (5.769)	Data 46.073 (4.259)	Loss 0.0811 (0.0827)	Acc@1 96.875 (97.217)	Acc@5 100.000 (99.751)
Epoch: [39][220/299], lr: 0.00010	Time 1.696 (5.850)	Data 0.000 (4.300)	Loss 0.0411 (0.0827)	Acc@1 100.000 (97.200)	Acc@5 100.000 (99.760)
Epoch: [39][240/299], lr: 0.00010	Time 55.334 (6.136)	Data 52.529 (4.538)	Loss 0.0144 (0.0821)	Acc@1 100.000 (97.290)	Acc@5 100.000 (99.715)
Epoch: [39][260/299], lr: 0.00010	Time 2.473 (6.191)	Data 0.000 (4.540)	Loss 0.0673 (0.0825)	Acc@1 96.875 (97.270)	Acc@5 100.000 (99.737)
Epoch: [39][280/299], lr: 0.00010	Time 52.429 (6.422)	Data 49.653 (4.727)	Loss 0.1743 (0.0814)	Acc@1 93.750 (97.309)	Acc@5 100.000 (99.755)
Test: [0/119]	Time 89.046 (89.046)	Loss 0.1544 (0.1544)	Acc@1 90.625 (90.625)	Acc@5 100.000 (100.000)
Test: [20/119]	Time 1.214 (11.193)	Loss 0.5731 (0.7036)	Acc@1 78.125 (85.863)	Acc@5 96.875 (96.429)
Test: [40/119]	Time 41.845 (9.768)	Loss 1.9623 (0.8282)	Acc@1 62.500 (82.851)	Acc@5 84.375 (96.037)
Test: [60/119]	Time 1.481 (8.914)	Loss 1.8772 (1.0124)	Acc@1 56.250 (79.047)	Acc@5 93.750 (94.416)
Test: [80/119]	Time 36.709 (8.765)	Loss 0.1009 (1.0214)	Acc@1 96.875 (79.398)	Acc@5 100.000 (93.403)
Test: [100/119]	Time 4.545 (8.635)	Loss 0.1308 (0.9896)	Acc@1 90.625 (79.363)	Acc@5 100.000 (93.719)
 * Acc@1 80.122 Acc@5 93.999
Epoch: [40][0/299], lr: 0.00010	Time 126.310 (126.310)	Data 121.406 (121.406)	Loss 0.1714 (0.1714)	Acc@1 93.750 (93.750)	Acc@5 100.000 (100.000)
Epoch: [40][20/299], lr: 0.00010	Time 5.547 (15.738)	Data 1.914 (12.508)	Loss 0.0963 (0.0812)	Acc@1 96.875 (97.024)	Acc@5 100.000 (99.702)
Epoch: [40][40/299], lr: 0.00010	Time 63.145 (14.647)	Data 59.387 (11.534)	Loss 0.1232 (0.0800)	Acc@1 96.875 (97.256)	Acc@5 100.000 (99.771)
Epoch: [40][60/299], lr: 0.00010	Time 2.901 (13.251)	Data 0.000 (10.126)	Loss 0.0348 (0.0699)	Acc@1 96.875 (97.695)	Acc@5 100.000 (99.846)
Epoch: [40][80/299], lr: 0.00010	Time 63.892 (13.286)	Data 59.259 (10.092)	Loss 0.1634 (0.0743)	Acc@1 96.875 (97.647)	Acc@5 100.000 (99.807)
Epoch: [40][100/299], lr: 0.00010	Time 3.322 (12.703)	Data 0.000 (9.467)	Loss 0.1911 (0.0810)	Acc@1 96.875 (97.494)	Acc@5 96.875 (99.752)
Epoch: [40][120/299], lr: 0.00010	Time 71.188 (12.786)	Data 67.115 (9.523)	Loss 0.0225 (0.0774)	Acc@1 100.000 (97.598)	Acc@5 100.000 (99.793)
Epoch: [40][140/299], lr: 0.00010	Time 3.071 (12.617)	Data 0.000 (9.334)	Loss 0.0553 (0.0763)	Acc@1 100.000 (97.584)	Acc@5 100.000 (99.778)
Epoch: [40][160/299], lr: 0.00010	Time 69.616 (12.915)	Data 65.714 (9.617)	Loss 0.1092 (0.0755)	Acc@1 93.750 (97.651)	Acc@5 100.000 (99.806)
Epoch: [40][180/299], lr: 0.00010	Time 3.334 (12.699)	Data 0.000 (9.353)	Loss 0.0715 (0.0784)	Acc@1 96.875 (97.635)	Acc@5 100.000 (99.810)
Epoch: [40][200/299], lr: 0.00010	Time 69.768 (12.959)	Data 65.587 (9.589)	Loss 0.0957 (0.0765)	Acc@1 93.750 (97.637)	Acc@5 100.000 (99.829)
Epoch: [40][220/299], lr: 0.00010	Time 3.177 (12.973)	Data 0.000 (9.559)	Loss 0.0724 (0.0797)	Acc@1 100.000 (97.511)	Acc@5 100.000 (99.830)
Epoch: [40][240/299], lr: 0.00010	Time 58.855 (13.093)	Data 55.502 (9.643)	Loss 0.0391 (0.0793)	Acc@1 96.875 (97.510)	Acc@5 100.000 (99.818)
Epoch: [40][260/299], lr: 0.00010	Time 3.430 (13.101)	Data 0.000 (9.627)	Loss 0.0375 (0.0801)	Acc@1 100.000 (97.450)	Acc@5 100.000 (99.820)
Epoch: [40][280/299], lr: 0.00010	Time 54.410 (13.198)	Data 50.625 (9.692)	Loss 0.0921 (0.0812)	Acc@1 96.875 (97.398)	Acc@5 100.000 (99.822)
Epoch: [41][0/299], lr: 0.00010	Time 184.766 (184.766)	Data 178.949 (178.949)	Loss 0.0872 (0.0872)	Acc@1 96.875 (96.875)	Acc@5 100.000 (100.000)
Epoch: [41][20/299], lr: 0.00010	Time 3.666 (21.000)	Data 0.000 (16.694)	Loss 0.0718 (0.0808)	Acc@1 96.875 (97.024)	Acc@5 100.000 (100.000)
Epoch: [41][40/299], lr: 0.00010	Time 89.375 (19.202)	Data 85.120 (15.094)	Loss 0.0762 (0.0940)	Acc@1 96.875 (96.799)	Acc@5 100.000 (99.848)
Epoch: [41][60/299], lr: 0.00010	Time 3.627 (17.351)	Data 0.000 (13.256)	Loss 0.1071 (0.0970)	Acc@1 96.875 (96.824)	Acc@5 100.000 (99.846)
Epoch: [41][80/299], lr: 0.00010	Time 105.715 (17.635)	Data 100.878 (13.473)	Loss 0.1116 (0.0957)	Acc@1 96.875 (96.875)	Acc@5 100.000 (99.846)
Epoch: [41][100/299], lr: 0.00010	Time 4.572 (16.856)	Data 0.000 (12.640)	Loss 0.0095 (0.0881)	Acc@1 100.000 (97.123)	Acc@5 100.000 (99.845)
Epoch: [41][120/299], lr: 0.00010	Time 129.011 (17.392)	Data 122.960 (13.134)	Loss 0.0783 (0.0849)	Acc@1 100.000 (97.211)	Acc@5 100.000 (99.845)
Epoch: [41][140/299], lr: 0.00010	Time 4.271 (16.957)	Data 0.000 (12.621)	Loss 0.1125 (0.0838)	Acc@1 96.875 (97.318)	Acc@5 96.875 (99.823)
Epoch: [41][160/299], lr: 0.00010	Time 113.548 (17.290)	Data 109.090 (12.919)	Loss 0.0642 (0.0817)	Acc@1 96.875 (97.418)	Acc@5 100.000 (99.845)
Epoch: [41][180/299], lr: 0.00010	Time 5.177 (17.278)	Data 0.000 (12.860)	Loss 0.0313 (0.0823)	Acc@1 100.000 (97.410)	Acc@5 100.000 (99.827)
Epoch: [41][200/299], lr: 0.00010	Time 110.639 (17.717)	Data 106.072 (13.256)	Loss 0.0360 (0.0794)	Acc@1 100.000 (97.497)	Acc@5 100.000 (99.845)
Epoch: [41][220/299], lr: 0.00010	Time 4.671 (17.631)	Data 0.000 (13.131)	Loss 0.0796 (0.0785)	Acc@1 96.875 (97.540)	Acc@5 100.000 (99.844)
Epoch: [41][240/299], lr: 0.00010	Time 98.228 (17.955)	Data 93.850 (13.441)	Loss 0.1188 (0.0798)	Acc@1 96.875 (97.484)	Acc@5 100.000 (99.844)
Epoch: [41][260/299], lr: 0.00010	Time 4.406 (17.724)	Data 0.000 (13.187)	Loss 0.0359 (0.0781)	Acc@1 96.875 (97.522)	Acc@5 100.000 (99.856)
Epoch: [41][280/299], lr: 0.00010	Time 115.246 (17.943)	Data 110.154 (13.389)	Loss 0.0237 (0.0774)	Acc@1 100.000 (97.565)	Acc@5 100.000 (99.867)
Epoch: [42][0/299], lr: 0.00010	Time 239.221 (239.221)	Data 232.739 (232.739)	Loss 0.0348 (0.0348)	Acc@1 100.000 (100.000)	Acc@5 100.000 (100.000)
Epoch: [42][20/299], lr: 0.00010	Time 5.163 (28.490)	Data 0.000 (22.994)	Loss 0.2878 (0.0946)	Acc@1 93.750 (96.577)	Acc@5 96.875 (99.702)
Epoch: [42][40/299], lr: 0.00010	Time 94.904 (24.561)	Data 89.652 (19.136)	Loss 0.0491 (0.1059)	Acc@1 100.000 (96.875)	Acc@5 100.000 (99.466)
Epoch: [42][60/299], lr: 0.00010	Time 5.465 (22.669)	Data 0.000 (17.146)	Loss 0.1517 (0.1002)	Acc@1 96.875 (97.182)	Acc@5 100.000 (99.539)
Epoch: [42][80/299], lr: 0.00010	Time 81.871 (22.444)	Data 76.011 (16.786)	Loss 0.2719 (0.0961)	Acc@1 93.750 (97.299)	Acc@5 100.000 (99.653)
Epoch: [42][100/299], lr: 0.00010	Time 6.625 (22.065)	Data 0.000 (16.368)	Loss 0.0206 (0.0909)	Acc@1 100.000 (97.432)	Acc@5 100.000 (99.691)
Epoch: [42][120/299], lr: 0.00010	Time 76.352 (21.971)	Data 70.469 (16.269)	Loss 0.0713 (0.0893)	Acc@1 96.875 (97.495)	Acc@5 100.000 (99.742)
Epoch: [42][140/299], lr: 0.00010	Time 5.771 (22.035)	Data 0.000 (16.293)	Loss 0.0537 (0.0859)	Acc@1 100.000 (97.540)	Acc@5 100.000 (99.756)
Epoch: [42][160/299], lr: 0.00010	Time 58.600 (22.083)	Data 52.198 (16.299)	Loss 0.0597 (0.0857)	Acc@1 100.000 (97.438)	Acc@5 100.000 (99.786)
Epoch: [42][180/299], lr: 0.00010	Time 5.342 (22.229)	Data 0.000 (16.474)	Loss 0.0211 (0.0822)	Acc@1 100.000 (97.548)	Acc@5 100.000 (99.776)
Epoch: [42][200/299], lr: 0.00010	Time 64.851 (22.337)	Data 58.631 (16.562)	Loss 0.0301 (0.0833)	Acc@1 100.000 (97.528)	Acc@5 100.000 (99.782)
Epoch: [42][220/299], lr: 0.00010	Time 6.577 (22.337)	Data 0.000 (16.574)	Loss 0.3729 (0.0827)	Acc@1 87.500 (97.511)	Acc@5 100.000 (99.802)
Epoch: [42][240/299], lr: 0.00010	Time 23.706 (22.167)	Data 18.060 (16.386)	Loss 0.0833 (0.0852)	Acc@1 96.875 (97.381)	Acc@5 100.000 (99.805)
Epoch: [42][260/299], lr: 0.00010	Time 6.187 (22.392)	Data 0.000 (16.560)	Loss 0.1580 (0.0850)	Acc@1 93.750 (97.390)	Acc@5 100.000 (99.808)
Epoch: [42][280/299], lr: 0.00010	Time 22.204 (22.307)	Data 16.307 (16.425)	Loss 0.0672 (0.0837)	Acc@1 96.875 (97.442)	Acc@5 100.000 (99.811)
