Start Training ...................................

          Initializing TSN with base model: resnet18.
          TSN Configurations:
              input_modality:     RGB
              num_segments:       3
              new_length:         1
              consensus_module:   avg
              dropout_ratio:      0.8
               
Load and modify the standard model FC output layer
Dropout Layer added and The modified linear layer is : Linear(in_features=512, out_features=101, bias=True)
Done. Loading and Modifying 
 ---------------------------------------------------
---------------------------------------------------
group: first_conv_weight has 1 params, lr_mult: 1, decay_mult: 1
group: first_conv_bias has 0 params, lr_mult: 2, decay_mult: 0
group: normal_weight has 20 params, lr_mult: 1, decay_mult: 1
group: normal_bias has 1 params, lr_mult: 2, decay_mult: 0
group: BN scale/shift has 2 params, lr_mult: 1, decay_mult: 0
---------------------------------------------------
Mon Feb  4 16:59:29 2019       
+-----------------------------------------------------------------------------+
| NVIDIA-SMI 367.55                 Driver Version: 367.55                    |
|-------------------------------+----------------------+----------------------+
| GPU  Name        Persistence-M| Bus-Id        Disp.A | Volatile Uncorr. ECC |
| Fan  Temp  Perf  Pwr:Usage/Cap|         Memory-Usage | GPU-Util  Compute M. |
|===============================+======================+======================|
|   0  Tesla K80           Off  | 0000:06:00.0     Off |                    0 |
| N/A   62C    P0    68W / 149W |   2216MiB / 11439MiB |      0%   E. Process |
+-------------------------------+----------------------+----------------------+
|   1  Tesla K80           Off  | 0000:07:00.0     Off |                    0 |
| N/A   39C    P0    74W / 149W |   1171MiB / 11439MiB |      0%   E. Process |
+-------------------------------+----------------------+----------------------+
                                                                               
+-----------------------------------------------------------------------------+
| Processes:                                                       GPU Memory |
|  GPU       PID  Type  Process name                               Usage      |
|=============================================================================|
|    0     21709    C   python3                                       2210MiB |
|    1     21709    C   python3                                       1165MiB |
+-----------------------------------------------------------------------------+
Epoch: [0][0/38], lr: 0.00100	Time 35.638 (35.638)	Data 21.265 (21.265)	Loss 4.6194 (4.6194)	Acc@1 0.781 (0.781)	Acc@5 5.859 (5.859)
Epoch: [0][20/38], lr: 0.00100	Time 19.317 (11.251)	Data 17.112 (8.544)	Loss 4.5388 (4.5850)	Acc@1 3.516 (3.460)	Acc@5 19.531 (13.318)
CompletedProcess(args=['nvidia-smi'], returncode=0)
Mon Feb  4 17:06:45 2019       
+-----------------------------------------------------------------------------+
| NVIDIA-SMI 367.55                 Driver Version: 367.55                    |
|-------------------------------+----------------------+----------------------+
| GPU  Name        Persistence-M| Bus-Id        Disp.A | Volatile Uncorr. ECC |
| Fan  Temp  Perf  Pwr:Usage/Cap|         Memory-Usage | GPU-Util  Compute M. |
|===============================+======================+======================|
|   0  Tesla K80           Off  | 0000:06:00.0     Off |                    0 |
| N/A   61C    P0    63W / 149W |   9127MiB / 11439MiB |      0%   E. Process |
+-------------------------------+----------------------+----------------------+
|   1  Tesla K80           Off  | 0000:07:00.0     Off |                    0 |
| N/A   38C    P0    73W / 149W |   9427MiB / 11439MiB |      0%   E. Process |
+-------------------------------+----------------------+----------------------+
                                                                               
+-----------------------------------------------------------------------------+
| Processes:                                                       GPU Memory |
|  GPU       PID  Type  Process name                               Usage      |
|=============================================================================|
|    0     21709    C   python3                                       9121MiB |
|    1     21709    C   python3                                       9421MiB |
+-----------------------------------------------------------------------------+
Epoch: [1][0/38], lr: 0.00100	Time 26.376 (26.376)	Data 24.089 (24.089)	Loss 4.3402 (4.3402)	Acc@1 16.797 (16.797)	Acc@5 35.547 (35.547)
Epoch: [1][20/38], lr: 0.00100	Time 21.684 (12.198)	Data 18.734 (9.990)	Loss 3.9386 (4.1991)	Acc@1 20.312 (15.625)	Acc@5 41.797 (34.170)
CompletedProcess(args=['nvidia-smi'], returncode=0)
Test: [0/15]	Time 23.956 (23.956)	Loss 2.8510 (2.8510)	Acc@1 30.469 (30.469)	Acc@5 55.859 (55.859)
 * Acc@1 38.382 Acc@5 71.240 Loss 2.68272
End of Training .................................
