Start Training ...................................

          Initializing TSN with base model: resnet18.
          TSN Configurations:
              input_modality:     RGB
              num_segments:       3
              new_length:         1
              consensus_module:   avg
              dropout_ratio:      0.8
               
Load and modify the standard model FC output layer
Dropout Layer added and The modified linear layer is : Linear(in_features=512, out_features=101, bias=True)
Done. Loading and Modifying 
 ---------------------------------------------------
---------------------------------------------------
group: first_conv_weight has 1 params, lr_mult: 1, decay_mult: 1
group: first_conv_bias has 0 params, lr_mult: 2, decay_mult: 0
group: normal_weight has 20 params, lr_mult: 1, decay_mult: 1
group: normal_bias has 1 params, lr_mult: 2, decay_mult: 0
group: BN scale/shift has 2 params, lr_mult: 1, decay_mult: 0
---------------------------------------------------
Epoch: [0][0/299], lr: 0.00100	Time 8.072 (8.072)	Data 3.022 (3.022)	Loss 4.6161 (4.6161)	Acc@1 0.000 (0.000)	Acc@5 3.125 (3.125)
Epoch: [0][20/299], lr: 0.00100	Time 0.359 (1.501)	Data 0.000 (0.960)	Loss 4.5304 (4.5941)	Acc@1 6.250 (2.530)	Acc@5 15.625 (9.970)
Epoch: [0][40/299], lr: 0.00100	Time 0.427 (1.798)	Data 0.000 (1.335)	Loss 4.4124 (4.5360)	Acc@1 3.125 (4.497)	Acc@5 15.625 (14.329)
Epoch: [0][60/299], lr: 0.00100	Time 0.467 (2.217)	Data 0.000 (1.766)	Loss 4.1205 (4.4441)	Acc@1 9.375 (6.967)	Acc@5 37.500 (19.314)
Epoch: [0][80/299], lr: 0.00100	Time 0.826 (2.682)	Data 0.448 (2.233)	Loss 3.5686 (4.2925)	Acc@1 12.500 (9.028)	Acc@5 46.875 (23.881)
clipping gradient: 21.036850082520058 with coef 0.9507126742619325
clipping gradient: 20.402622984132204 with coef 0.9802661165456354
clipping gradient: 20.108510201034587 with coef 0.9946037672632255
clipping gradient: 21.04435554223638 with coef 0.9503736030243196
clipping gradient: 21.837062760713813 with coef 0.9158740907216332
clipping gradient: 22.64404372575633 with coef 0.8832344718205575
clipping gradient: 21.92609672120236 with coef 0.9121550567940422
clipping gradient: 21.26362594024477 with coef 0.9405733554664749
clipping gradient: 21.79704245489641 with coef 0.9175556748758487
clipping gradient: 20.562993727090173 with coef 0.9726210232536096
clipping gradient: 24.18654384085281 with coef 0.8269060735423704
clipping gradient: 22.872483083439096 with coef 0.874413150817065
clipping gradient: 23.560456783518784 with coef 0.8488799764693261
clipping gradient: 26.419817669360935 with coef 0.7570074952937318
clipping gradient: 25.381021563684254 with coef 0.7879903474262225
clipping gradient: 22.838871455177664 with coef 0.8757000116774999
clipping gradient: 23.71225989164659 with coef 0.8434455463709576
clipping gradient: 24.023933127614725 with coef 0.8325031498281459
clipping gradient: 24.27002254773122 with coef 0.824061863175715
clipping gradient: 21.77691889451163 with coef 0.9184035674137785
Epoch: [0][100/299], lr: 0.00100	Time 1.758 (3.222)	Data 1.322 (2.767)	Loss 3.0747 (4.0941)	Acc@1 37.500 (12.067)	Acc@5 59.375 (28.806)
clipping gradient: 26.011426038567453 with coef 0.7688928692469902
clipping gradient: 22.432900725305622 with coef 0.8915476533731919
clipping gradient: 22.91397528149737 with coef 0.8728297798308986
clipping gradient: 24.208104553291015 with coef 0.8261695977052884
clipping gradient: 22.07816329658349 with coef 0.9058724555721953
clipping gradient: 25.109921620001085 with coef 0.7964979063920764
clipping gradient: 23.303895817557777 with coef 0.8582256012718469
clipping gradient: 23.299603689013324 with coef 0.8583836990081846
clipping gradient: 24.97340462126328 with coef 0.8008519584458764
clipping gradient: 23.28626298230993 with coef 0.8588754672741422
clipping gradient: 24.26871437988346 with coef 0.8241062829672662
clipping gradient: 26.003658908263024 with coef 0.769122532738834
clipping gradient: 24.37567104448893 with coef 0.8204902323918496
clipping gradient: 22.376440596177673 with coef 0.8937972021974033
clipping gradient: 25.974398725704944 with coef 0.7699889499350557
clipping gradient: 22.14970631005069 with coef 0.9029465095401633
clipping gradient: 22.665038719359533 with coef 0.8824163173794551
clipping gradient: 23.076931862814256 with coef 0.866666336707768
clipping gradient: 21.80731164548006 with coef 0.9171235925426573
clipping gradient: 21.098515626212727 with coef 0.9479339852303195
Epoch: [0][120/299], lr: 0.00100	Time 1.456 (3.751)	Data 0.943 (3.289)	Loss 2.8230 (3.9198)	Acc@1 31.250 (14.050)	Acc@5 65.625 (33.471)
clipping gradient: 23.15824464125025 with coef 0.8636233147125203
clipping gradient: 26.54541117576379 with coef 0.7534258884737182
clipping gradient: 27.073391397890173 with coef 0.7387327175256883
clipping gradient: 30.827376480069336 with coef 0.6487739886957457
clipping gradient: 23.243636905573457 with coef 0.8604505431421671
clipping gradient: 26.921989460668893 with coef 0.7428871491543585
clipping gradient: 25.049814486976196 with coef 0.798409106398705
clipping gradient: 25.250471805026528 with coef 0.7920644079220202
clipping gradient: 26.564605587446202 with coef 0.7528814961759313
clipping gradient: 27.69989988296797 with coef 0.7220242702861731
clipping gradient: 25.0000194379218 with coef 0.7999993779869861
clipping gradient: 25.846286131655535 with coef 0.7738055633263601
clipping gradient: 28.95327520546306 with coef 0.6907681379074617
clipping gradient: 25.27379189407951 with coef 0.7913335713065314
clipping gradient: 24.787285223418227 with coef 0.80686528676826
clipping gradient: 25.88179935595981 with coef 0.772743800573301
clipping gradient: 24.512748650387724 with coef 0.8159019735097579
Epoch: [0][140/299], lr: 0.00100	Time 2.901 (4.297)	Data 2.284 (3.819)	Loss 3.0495 (3.7593)	Acc@1 25.000 (16.201)	Acc@5 43.750 (37.234)
clipping gradient: 24.255637088954757 with coef 0.8245505952555401
clipping gradient: 25.191269205659086 with coef 0.7939258572770563
clipping gradient: 20.83241491898812 with coef 0.9600423223987633
clipping gradient: 22.164090369984304 with coef 0.9023605149654587
clipping gradient: 20.72028996274366 with coef 0.9652374573889272
clipping gradient: 21.531061943737242 with coef 0.9288905513467911
clipping gradient: 23.34643573753075 with coef 0.8566618144562786
clipping gradient: 21.205192656704412 with coef 0.9431652107002495
clipping gradient: 23.497501160410312 with coef 0.8511543360915728
clipping gradient: 25.861695595729337 with coef 0.7733444980808873
clipping gradient: 22.783714325846574 with coef 0.877819995193293
clipping gradient: 28.692013880460294 with coef 0.6970580762760717
clipping gradient: 26.958079538041424 with coef 0.7418926104056244
clipping gradient: 28.945749820700843 with coef 0.6909477254479965
clipping gradient: 25.357437548111527 with coef 0.7887232281279731
clipping gradient: 22.99616535537971 with coef 0.8697102186787508
clipping gradient: 20.556097277460086 with coef 0.972947331881434
clipping gradient: 22.63464568901046 with coef 0.8836011959184487
clipping gradient: 24.09270036506808 with coef 0.830126955341126
Epoch: [0][160/299], lr: 0.00100	Time 5.608 (4.879)	Data 4.822 (4.381)	Loss 2.5868 (3.6302)	Acc@1 40.625 (18.517)	Acc@5 65.625 (40.411)
clipping gradient: 27.719326500190036 with coef 0.7215182518905315
clipping gradient: 27.453225509976484 with coef 0.7285118461847776
clipping gradient: 29.348915782762376 with coef 0.6814561787576046
clipping gradient: 28.620164170939677 with coef 0.698808011042354
clipping gradient: 30.181300158380374 with coef 0.6626619759601922
clipping gradient: 25.12427557560498 with coef 0.7960428526512215
clipping gradient: 20.24497113178534 with coef 0.9878996551691434
clipping gradient: 21.53830677497463 with coef 0.9285781008207206
clipping gradient: 22.559441807455187 with coef 0.8865467581467653
clipping gradient: 23.25172070107692 with coef 0.8601513951212086
clipping gradient: 21.68359750345707 with coef 0.9223561725313962
clipping gradient: 22.25371977575903 with coef 0.8987261546173505
clipping gradient: 22.946786070027752 with coef 0.8715817517522972
clipping gradient: 24.512100472870475 with coef 0.8159235485402656
clipping gradient: 24.784006566473522 with coef 0.8069720263492397
clipping gradient: 25.147304898497435 with coef 0.7953138549330195
clipping gradient: 23.985439844150502 with coef 0.8338392011967852
clipping gradient: 25.44857652670553 with coef 0.785898573895171
Epoch: [0][180/299], lr: 0.00100	Time 7.709 (5.420)	Data 7.003 (4.898)	Loss 2.5538 (3.5208)	Acc@1 34.375 (19.890)	Acc@5 65.625 (43.025)
clipping gradient: 22.76207225555762 with coef 0.8786546222792511
clipping gradient: 29.018603146416456 with coef 0.6892130506450592
clipping gradient: 21.922901866702855 with coef 0.9122879863991266
clipping gradient: 21.608399345531218 with coef 0.9255660116322384
clipping gradient: 22.80591096057531 with coef 0.876965626787463
clipping gradient: 23.12061829192857 with coef 0.8650287698829412
clipping gradient: 24.52382379773926 with coef 0.815533505906355
clipping gradient: 22.627152020980382 with coef 0.8838938272680349
clipping gradient: 24.11293678034963 with coef 0.8294302839253744
clipping gradient: 24.846827320532235 with coef 0.8049317420688537
clipping gradient: 20.326464102909195 with coef 0.9839389624650718
clipping gradient: 20.8986244081175 with coef 0.9570007867231466
clipping gradient: 20.419717330298617 with coef 0.9794454877357267
clipping gradient: 20.053424112703834 with coef 0.997335910695172
clipping gradient: 21.533589193798772 with coef 0.9287815338169257
clipping gradient: 22.335080697523882 with coef 0.8954523277015626
clipping gradient: 22.743821261981168 with coef 0.8793597069562021
clipping gradient: 26.67923071498895 with coef 0.7496468025505542
clipping gradient: 21.869679746147003 with coef 0.9145081332763273
clipping gradient: 21.59037051759417 with coef 0.9263388964863681
Epoch: [0][200/299], lr: 0.00100	Time 10.783 (5.955)	Data 10.006 (5.406)	Loss 2.1684 (3.4183)	Acc@1 53.125 (21.409)	Acc@5 84.375 (45.491)
clipping gradient: 24.781083149803667 with coef 0.8070672245881413
clipping gradient: 20.91618566232949 with coef 0.9561972877311201
clipping gradient: 22.35262255558484 with coef 0.8947495959485509
clipping gradient: 20.990392298684583 with coef 0.9528168752355025
clipping gradient: 25.23532799915123 with coef 0.7925397284581632
clipping gradient: 24.35186537125179 with coef 0.8212923197091375
clipping gradient: 22.820684092189648 with coef 0.8763979168724823
clipping gradient: 22.442157983118555 with coef 0.8911798952241761
clipping gradient: 24.026420475207946 with coef 0.8324169645094377
clipping gradient: 24.700914390099076 with coef 0.8096866247193119
clipping gradient: 24.12992585885317 with coef 0.8288463096401136
clipping gradient: 22.40576763229126 with coef 0.8926273059788383
clipping gradient: 22.357806749998062 with coef 0.8945421267674984
clipping gradient: 25.31895196078493 with coef 0.7899221117436792
clipping gradient: 23.008400882540528 with coef 0.8692477196525469
clipping gradient: 24.288200904328654 with coef 0.8234450990742419
clipping gradient: 22.008714426974603 with coef 0.9087309513856631
clipping gradient: 20.78516951747474 with coef 0.9622245314470675
clipping gradient: 24.451482743631917 with coef 0.8179463065571657
clipping gradient: 23.35819933985571 with coef 0.8562303844147067
Epoch: [0][220/299], lr: 0.00100	Time 15.232 (6.536)	Data 14.353 (5.961)	Loss 2.7779 (3.3291)	Acc@1 31.250 (22.808)	Acc@5 50.000 (47.554)
clipping gradient: 24.799692413642838 with coef 0.8064616151850971
clipping gradient: 21.896547165668974 with coef 0.9133860169222241
clipping gradient: 21.13014823446211 with coef 0.9465148932264044
clipping gradient: 20.093143387022614 with coef 0.995364419333076
clipping gradient: 23.278036792158314 with coef 0.8591789839741731
clipping gradient: 24.309036923094414 with coef 0.8227392991040019
clipping gradient: 23.906865153676875 with coef 0.8365797803868066
clipping gradient: 20.959873587441518 with coef 0.9542042282155441
clipping gradient: 25.319152496766996 with coef 0.7899158553017839
clipping gradient: 20.803892171544774 with coef 0.9613585686314831
clipping gradient: 22.407790902327328 with coef 0.8925467078471689
clipping gradient: 23.206163274994317 with coef 0.861840010474756
clipping gradient: 21.521714230874352 with coef 0.9292940044389517
clipping gradient: 28.817726275881537 with coef 0.6940172797997124
clipping gradient: 24.675558027766982 with coef 0.810518650783676
clipping gradient: 21.659673995974728 with coef 0.9233749318533988
clipping gradient: 20.672324116259755 with coef 0.9674770909899317
Epoch: [0][240/299], lr: 0.00100	Time 18.654 (7.146)	Data 17.657 (6.537)	Loss 2.0820 (3.2463)	Acc@1 43.750 (24.222)	Acc@5 78.125 (49.429)
clipping gradient: 22.236072838798634 with coef 0.8994393994385097
clipping gradient: 25.578686466156505 with coef 0.7819009794135544
clipping gradient: 22.49579912660925 with coef 0.8890548803106495
clipping gradient: 24.58795064756928 with coef 0.8134065456153485
clipping gradient: 23.778416373641264 with coef 0.8410989060722439
clipping gradient: 21.877303937487458 with coef 0.9141894292435807
clipping gradient: 26.179215092421497 with coef 0.7639648449884088
clipping gradient: 23.816480415831943 with coef 0.8397546426173471
clipping gradient: 23.97067656105444 with coef 0.834352753834839
clipping gradient: 23.057159169316552 with coef 0.8674095474266021
clipping gradient: 24.53694263754311 with coef 0.815097475485748
clipping gradient: 22.87182804911294 with coef 0.8744381934427703
clipping gradient: 27.427432859902307 with coef 0.7291969358619456
clipping gradient: 22.212281685312593 with coef 0.9004027719144486
clipping gradient: 20.349181724740628 with coef 0.9828405029025766
clipping gradient: 22.70171976432108 with coef 0.8809905244021552
clipping gradient: 21.422675909491616 with coef 0.933590186608701
Epoch: [0][260/299], lr: 0.00100	Time 25.902 (7.714)	Data 24.855 (7.077)	Loss 2.3488 (3.1628)	Acc@1 37.500 (25.718)	Acc@5 68.750 (51.317)
clipping gradient: 20.910608731142727 with coef 0.9564523088327633
clipping gradient: 20.420625769247547 with coef 0.9794019157884482
clipping gradient: 22.94458083809183 with coef 0.8716655205483931
clipping gradient: 20.344290550010225 with coef 0.9830767974354332
clipping gradient: 20.97080027915407 with coef 0.9537070466443244
clipping gradient: 20.947266485365958 with coef 0.9547785155629862
clipping gradient: 21.58627907865066 with coef 0.9265144737140212
clipping gradient: 26.969236118440577 with coef 0.7415857057339763
clipping gradient: 24.35335789004546 with coef 0.8212419860250602
clipping gradient: 24.29695867580474 with coef 0.8231482905684113
clipping gradient: 21.98789565534751 with coef 0.9095913639710197
clipping gradient: 23.084380684768753 with coef 0.8663866825414186
clipping gradient: 23.81335125487595 with coef 0.8398649894312905
clipping gradient: 27.711727698758608 with coef 0.7217160985922914
clipping gradient: 22.998907875500926 with coef 0.8696065095031993
clipping gradient: 24.284334478398762 with coef 0.8235762037370332
Epoch: [0][280/299], lr: 0.00100	Time 31.001 (8.406)	Data 29.909 (7.712)	Loss 2.1391 (3.0828)	Acc@1 43.750 (27.102)	Acc@5 75.000 (53.214)
clipping gradient: 23.13724024950624 with coef 0.8644073270763919
clipping gradient: 22.608007438857605 with coef 0.8846423133082006
clipping gradient: 23.308442933064175 with coef 0.8580581747753306
clipping gradient: 20.248669240417087 with coef 0.9877192304607982
clipping gradient: 23.1636682396108 with coef 0.8634211038215096
clipping gradient: 21.41152866482581 with coef 0.9340762312246942
clipping gradient: 26.475198554817172 with coef 0.7554239851531158
clipping gradient: 20.301829277701955 with coef 0.9851329023816853
clipping gradient: 20.027960071601875 with coef 0.9986039481054528
clipping gradient: 25.644474331502998 with coef 0.7798951049439514
clipping gradient: 22.730649953070476 with coef 0.8798692532458089
clipping gradient: 21.96638221014969 with coef 0.9104821999664054
clipping gradient: 21.489377063093617 with coef 0.9306924040319666
clipping gradient: 21.417216072439818 with coef 0.9338281844079854
clipping gradient: 20.941379463113677 with coef 0.9550469220629982
clipping gradient: 26.774565028404446 with coef 0.7469775878257038
clipping gradient: 118.17677716934772 with coef 0.169237988029915
Epoch: [1][0/299], lr: 0.00100	Time 41.645 (41.645)	Data 39.773 (39.773)	Loss 1.6871 (1.6871)	Acc@1 56.250 (56.250)	Acc@5 78.125 (78.125)
clipping gradient: 24.283681831690938 with coef 0.823598338119362
clipping gradient: 23.98993038007305 with coef 0.8336831196731092
clipping gradient: 23.691778263049578 with coef 0.844174708117736
clipping gradient: 24.399291271366202 with coef 0.8196959402452402
clipping gradient: 20.517260759034205 with coef 0.9747889952216724
clipping gradient: 20.171255306280976 with coef 0.9915099331360081
clipping gradient: 24.890139886592646 with coef 0.8035310404492031
clipping gradient: 23.609931494992093 with coef 0.8471011448822798
clipping gradient: 25.55258506923367 with coef 0.7826996738612093
clipping gradient: 24.517156941628638 with coef 0.8157552707932957
clipping gradient: 25.34965889270272 with coef 0.7889652513532361
clipping gradient: 23.44024283156442 with coef 0.8532334815690639
clipping gradient: 25.53916244695176 with coef 0.7831110374720652
clipping gradient: 24.12661611217813 with coef 0.8289600127514284
clipping gradient: 22.34745399284752 with coef 0.8949565353798763
clipping gradient: 23.780999729576145 with coef 0.8410075365808208
clipping gradient: 21.595562235886682 with coef 0.9261161983902768
Epoch: [1][20/299], lr: 0.00100	Time 40.489 (19.537)	Data 39.262 (18.263)	Loss 1.5987 (1.9295)	Acc@1 53.125 (48.065)	Acc@5 84.375 (78.571)
clipping gradient: 23.767852960297972 with coef 0.841472725088302
clipping gradient: 20.200909258199044 with coef 0.9900544447959688
clipping gradient: 20.11064977304794 with coef 0.9944979513692178
clipping gradient: 21.883673404698918 with coef 0.91392334504981
clipping gradient: 26.063882949952998 with coef 0.7673453736115734
clipping gradient: 25.771759620073222 with coef 0.7760432463611181
clipping gradient: 22.68167729150044 with coef 0.881769004247964
clipping gradient: 21.55257890132747 with coef 0.9279631960316432
clipping gradient: 21.683474519501814 with coef 0.9223614039351617
clipping gradient: 26.143736138345883 with coef 0.7650016009251768
clipping gradient: 20.70393430728319 with coef 0.965999973877643
clipping gradient: 21.91655613733991 with coef 0.9125521306664319
clipping gradient: 21.841782144296264 with coef 0.9156761965608551
clipping gradient: 21.27701160943438 with coef 0.9399816274542924
clipping gradient: 22.759327701132975 with coef 0.8787605795141473
Epoch: [1][40/299], lr: 0.00100	Time 38.109 (19.764)	Data 36.747 (18.435)	Loss 1.5811 (1.9413)	Acc@1 56.250 (46.570)	Acc@5 90.625 (79.573)
clipping gradient: 21.54362845347378 with coef 0.9283487246910407
clipping gradient: 20.70451989649892 with coef 0.9659726523473722
clipping gradient: 20.876997379848113 with coef 0.9579921688980692
clipping gradient: 25.42124510955013 with coef 0.7867435254965736
clipping gradient: 23.509974973716748 with coef 0.8507027345779498
clipping gradient: 25.51075749262841 with coef 0.7839829924995054
clipping gradient: 20.67815885505152 with coef 0.9672040987882318
clipping gradient: 21.448512508332538 with coef 0.9324655960281719
clipping gradient: 27.926139573417615 with coef 0.716174892251761
clipping gradient: 25.387302344277426 with coef 0.7877953997939532
clipping gradient: 27.65363411417924 with coef 0.7232322492379082
clipping gradient: 26.687156472671347 with coef 0.7494241666578735
clipping gradient: 21.52636380655104 with coef 0.9290932820671494
clipping gradient: 24.04615373816168 with coef 0.8317338489048932
clipping gradient: 20.724152558001965 with coef 0.9650575551412665
clipping gradient: 21.859349489086256 with coef 0.9149403100941053
Epoch: [1][60/299], lr: 0.00100	Time 40.755 (20.027)	Data 39.446 (18.685)	Loss 1.8134 (1.8838)	Acc@1 46.875 (48.514)	Acc@5 84.375 (80.225)
clipping gradient: 20.007528767861356 with coef 0.9996237032594726
clipping gradient: 22.586445443457784 with coef 0.8854868310317968
clipping gradient: 21.338571420980923 with coef 0.9372698671071866
clipping gradient: 22.89699303601232 with coef 0.8734771403626695
clipping gradient: 21.082395244347744 with coef 0.9486588107374594
clipping gradient: 24.021597803492696 with coef 0.8325840838569046
clipping gradient: 20.39954539642467 with coef 0.9804140048878395
clipping gradient: 22.47104394598866 with coef 0.8900343058414173
clipping gradient: 22.62161296893394 with coef 0.8841102545369255
clipping gradient: 20.34337790866007 with coef 0.9831209000687199
clipping gradient: 28.152189290838457 with coef 0.7104243223637524
Epoch: [1][80/299], lr: 0.00100	Time 45.031 (20.681)	Data 43.687 (19.302)	Loss 2.4501 (1.8650)	Acc@1 43.750 (48.843)	Acc@5 71.875 (80.093)
clipping gradient: 21.73802406766714 with coef 0.920046823839327
clipping gradient: 24.63942329073499 with coef 0.8117073100294713
clipping gradient: 24.70148614754991 with coef 0.8096678831602915
clipping gradient: 25.418584968389716 with coef 0.7868258608758824
clipping gradient: 20.742599451095433 with coef 0.9641993062226241
clipping gradient: 20.438877052444003 with coef 0.9785273402585724
clipping gradient: 22.517103563753388 with coef 0.8882137057891735
clipping gradient: 23.709116225897706 with coef 0.8435573814494949
clipping gradient: 21.344748065934276 with coef 0.9369986442669491
clipping gradient: 27.18332243123482 with coef 0.7357452368301797
clipping gradient: 23.114558132426094 with coef 0.8652555625514269
clipping gradient: 24.927079005600056 with coef 0.8023402980953704
clipping gradient: 23.70259756962232 with coef 0.8437893754578344
Epoch: [1][100/299], lr: 0.00100	Time 48.764 (21.123)	Data 47.074 (19.695)	Loss 2.1848 (1.8446)	Acc@1 46.875 (49.412)	Acc@5 75.000 (80.260)
clipping gradient: 21.904669760625836 with coef 0.913047319067575
clipping gradient: 23.337202286347992 with coef 0.857000755900367
clipping gradient: 23.739051041943554 with coef 0.8424936601156812
clipping gradient: 26.155099464818367 with coef 0.764669238857314
clipping gradient: 20.753578722978233 with coef 0.9636892155788113
clipping gradient: 20.55805419410657 with coef 0.9728547172394093
clipping gradient: 20.305307602870226 with coef 0.9849641478552598
clipping gradient: 22.07057776345583 with coef 0.9061837988272212
clipping gradient: 23.666731817413226 with coef 0.8450680961908158
clipping gradient: 23.21944467209118 with coef 0.8613470426378965
Epoch: [1][120/299], lr: 0.00100	Time 43.476 (21.676)	Data 41.900 (20.172)	Loss 1.9001 (1.8326)	Acc@1 53.125 (49.742)	Acc@5 78.125 (80.449)
clipping gradient: 22.20425157750511 with coef 0.9007284001529592
clipping gradient: 22.60245661362966 with coef 0.8848595682267416
clipping gradient: 20.421474798741222 with coef 0.9793611968334822
clipping gradient: 24.76620145141924 with coef 0.8075521811139064
clipping gradient: 24.580891527391543 with coef 0.813640139036989
clipping gradient: 22.571923583569497 with coef 0.8860565173345861
clipping gradient: 21.60347350257779 with coef 0.9257770514363601
clipping gradient: 21.205212840209963 with coef 0.9431643129785238
clipping gradient: 21.069596715496854 with coef 0.9492350646317708
clipping gradient: 24.274039640415964 with coef 0.8239254897936418
clipping gradient: 21.55373044358143 with coef 0.9279136181252503
clipping gradient: 25.21443713331317 with coef 0.7931963697724632
clipping gradient: 22.21092644229394 with coef 0.9004577117465977
clipping gradient: 21.934923860480858 with coef 0.9117879837291379
clipping gradient: 25.619763134991956 with coef 0.7806473422341529
Epoch: [1][140/299], lr: 0.00100	Time 49.199 (22.131)	Data 47.339 (20.577)	Loss 1.9070 (1.8173)	Acc@1 40.625 (50.155)	Acc@5 81.250 (80.873)
clipping gradient: 24.73275318154114 with coef 0.8086443047079228
clipping gradient: 20.91274500983693 with coef 0.9563546053180684
clipping gradient: 20.791865428440385 with coef 0.9619146520947937
clipping gradient: 24.956849638032608 with coef 0.8013831990044652
clipping gradient: 22.085536968500122 with coef 0.9055700130146415
clipping gradient: 20.633374442526815 with coef 0.9693033999702256
clipping gradient: 20.672822814233925 with coef 0.9674537521905009
Epoch: [1][160/299], lr: 0.00100	Time 51.931 (22.635)	Data 50.256 (21.042)	Loss 1.2174 (1.8021)	Acc@1 75.000 (50.873)	Acc@5 90.625 (81.250)
clipping gradient: 21.703693405451496 with coef 0.9215021437308193
clipping gradient: 28.68483007130652 with coef 0.6972326470222332
clipping gradient: 25.913950376118095 with coef 0.771785069806713
clipping gradient: 21.894309927879686 with coef 0.9134793499260958
clipping gradient: 22.222940911815833 with coef 0.8999708940127764
clipping gradient: 20.705548877556225 with coef 0.9659246474590681
clipping gradient: 25.490683842744474 with coef 0.7846003709976062
clipping gradient: 22.082237398731095 with coef 0.9057053250024951
clipping gradient: 24.60665662907777 with coef 0.8127881939217184
clipping gradient: 24.46743451840017 with coef 0.817413038745826
clipping gradient: 20.845593939944262 with coef 0.9594353635410725
clipping gradient: 22.77470348897071 with coef 0.8781673056549588
clipping gradient: 23.810255200874074 with coef 0.839974197305781
Epoch: [1][180/299], lr: 0.00100	Time 49.944 (23.182)	Data 48.004 (21.547)	Loss 2.1849 (1.7870)	Acc@1 43.750 (51.122)	Acc@5 78.125 (81.509)
clipping gradient: 22.31157464229477 with coef 0.8963957192912395
clipping gradient: 20.844219942924735 with coef 0.9594986070365615
clipping gradient: 21.711971188503128 with coef 0.9211508170474338
clipping gradient: 23.67951751373558 with coef 0.8446118037835344
clipping gradient: 23.109416341698 with coef 0.8654480798769697
clipping gradient: 20.199279093809892 with coef 0.990134346236596
Epoch: [1][200/299], lr: 0.00100	Time 54.177 (23.568)	Data 52.180 (21.903)	Loss 1.5014 (1.7690)	Acc@1 59.375 (51.555)	Acc@5 81.250 (81.748)
clipping gradient: 22.470048298032776 with coef 0.8900737432660959
clipping gradient: 21.273760995840487 with coef 0.94012525589201
clipping gradient: 25.9962317950269 with coef 0.7693422707450245
clipping gradient: 20.93641137967521 with coef 0.9552735489051258
clipping gradient: 23.865664915079094 with coef 0.8380240010561515
clipping gradient: 24.59487850913434 with coef 0.8131774260471407
clipping gradient: 23.036699185090797 with coef 0.8681799349510919
clipping gradient: 21.362696132209944 with coef 0.9362114162099925
clipping gradient: 22.010691650766756 with coef 0.9086493199455314
clipping gradient: 24.866301068918442 with coef 0.804301369333895
clipping gradient: 27.66558320835249 with coef 0.7229198766343671
clipping gradient: 23.433611559094793 with coef 0.8534749306381595
Epoch: [1][220/299], lr: 0.00100	Time 59.983 (24.041)	Data 57.718 (22.342)	Loss 1.7490 (1.7530)	Acc@1 56.250 (51.895)	Acc@5 90.625 (82.127)
clipping gradient: 20.92320324053446 with coef 0.9558765820930354
clipping gradient: 21.032196574928307 with coef 0.9509230255027785
clipping gradient: 20.135786929302526 with coef 0.9932564379142828
clipping gradient: 22.21227580072033 with coef 0.9004030104538596
clipping gradient: 23.569989881241973 with coef 0.8485366392081853
clipping gradient: 23.459545111336478 with coef 0.8525314495691264
clipping gradient: 22.941403895711353 with coef 0.8717862294268217
clipping gradient: 21.626219818224115 with coef 0.9248033252277533
clipping gradient: 21.386078735237607 with coef 0.9351878035989001
Epoch: [1][240/299], lr: 0.00100	Time 61.143 (24.632)	Data 58.967 (22.894)	Loss 1.6545 (1.7439)	Acc@1 53.125 (52.101)	Acc@5 84.375 (82.352)
clipping gradient: 21.46675695340127 with coef 0.9316731001061215
clipping gradient: 23.61502493922416 with coef 0.8469184365238732
clipping gradient: 22.5491026045125 with coef 0.8869532571108895
clipping gradient: 20.061254958771674 with coef 0.9969466038441982
clipping gradient: 23.32004613633911 with coef 0.8576312363651136
Epoch: [1][260/299], lr: 0.00100	Time 60.631 (25.314)	Data 58.504 (23.533)	Loss 1.4306 (1.7255)	Acc@1 65.625 (52.610)	Acc@5 87.500 (82.711)
clipping gradient: 24.405189087641684 with coef 0.819497850566854
clipping gradient: 25.96545634001701 with coef 0.7702541306457508
clipping gradient: 22.026741916215272 with coef 0.9079872128195564
clipping gradient: 22.305249702748625 with coef 0.8966499037908302
clipping gradient: 23.78306056277119 with coef 0.840934662181662
clipping gradient: 27.58527132594473 with coef 0.7250245887989303
clipping gradient: 20.21636628000974 with coef 0.989297469336827
clipping gradient: 23.4931869513219 with coef 0.8513106391840403
clipping gradient: 22.822047947806706 with coef 0.876345542947739
clipping gradient: 28.156593263933576 with coef 0.7103132048868447
clipping gradient: 24.042564519313924 with coef 0.8318580151436656
clipping gradient: 25.044213241180778 with coef 0.7985876740225777
clipping gradient: 20.63444335358199 with coef 0.9692531878514739
clipping gradient: 27.861259049929924 with coef 0.7178426489685255
clipping gradient: 24.751597735022003 with coef 0.8080286458316676
Epoch: [1][280/299], lr: 0.00100	Time 67.351 (25.867)	Data 64.950 (24.045)	Loss 1.5294 (1.7199)	Acc@1 56.250 (52.758)	Acc@5 90.625 (82.874)
clipping gradient: 21.38971488851336 with coef 0.9350288259681451
clipping gradient: 22.96652849708225 with coef 0.8708325249303948
clipping gradient: 23.893311050083607 with coef 0.837054352076918
clipping gradient: 20.784882759664185 with coef 0.9622378067396485
clipping gradient: 22.045898815219815 with coef 0.9071982125851277
clipping gradient: 84.54690673218393 with coef 0.23655507661981356
