Start Training ...................................

          Initializing TSN with base model: resnet101.
          TSN Configurations:
              input_modality:     RGB
              num_segments:       3
              new_length:         1
              consensus_module:   avg
              dropout_ratio:      0.8
               
Load and modify the standard model FC output layer
Dropout Layer added and The modified linear layer is : Linear(in_features=2048, out_features=101, bias=True)
Done. Loading and Modifying 
 ---------------------------------------------------
---------------------------------------------------
group: first_conv_weight has 1 params, lr_mult: 1, decay_mult: 1
group: first_conv_bias has 0 params, lr_mult: 2, decay_mult: 0
group: normal_weight has 104 params, lr_mult: 1, decay_mult: 1
group: normal_bias has 1 params, lr_mult: 2, decay_mult: 0
group: BN scale/shift has 2 params, lr_mult: 1, decay_mult: 0
---------------------------------------------------
Epoch: [0][0/299], lr: 0.00100	Time 12.322 (12.322)	Data 3.366 (3.366)	Loss 4.6166 (4.6166)	Acc@1 3.125 (3.125)	Acc@5 6.250 (6.250)
Epoch: [0][20/299], lr: 0.00100	Time 1.751 (2.213)	Data 0.000 (0.161)	Loss 4.5107 (4.5854)	Acc@1 3.125 (1.488)	Acc@5 18.750 (10.714)
Epoch: [0][40/299], lr: 0.00100	Time 2.462 (2.099)	Data 0.570 (0.155)	Loss 3.9770 (4.4761)	Acc@1 31.250 (6.250)	Acc@5 34.375 (16.921)
clipping gradient: 21.873537942324113 with coef 0.9143468264135306
clipping gradient: 21.10745074607588 with coef 0.9475327096863287
clipping gradient: 25.89310922152106 with coef 0.7724062733793668
clipping gradient: 31.672893460796683 with coef 0.631454780876118
clipping gradient: 29.751086927823078 with coef 0.6722443468543025
clipping gradient: 31.0256924570948 with coef 0.644627030570159
clipping gradient: 31.95414833887501 with coef 0.6258968252853809
clipping gradient: 33.044503353193 with coef 0.6052443816822399
clipping gradient: 29.669988843199437 with coef 0.6740818173439973
clipping gradient: 31.76766553363727 with coef 0.6295709698537008
clipping gradient: 34.00488406984063 with coef 0.5881508067759672
clipping gradient: 36.78942313506035 with coef 0.5436345094778064
clipping gradient: 36.74538821516434 with coef 0.5442859899285609
clipping gradient: 34.61540071841075 with coef 0.5777775089965284
clipping gradient: 37.96544400666161 with coef 0.5267948399731792
clipping gradient: 34.298778895776785 with coef 0.583111138177068
clipping gradient: 33.56867544248782 with coef 0.5957935407450135
clipping gradient: 33.79312293551601 with coef 0.591836393403592
Epoch: [0][60/299], lr: 0.00100	Time 5.695 (2.492)	Data 3.632 (0.535)	Loss 2.6597 (4.1228)	Acc@1 37.500 (12.705)	Acc@5 62.500 (28.279)
clipping gradient: 32.5739380773164 with coef 0.6139877822733215
clipping gradient: 38.52607288642627 with coef 0.5191289560957695
clipping gradient: 34.36166789018975 with coef 0.5820439235928357
clipping gradient: 33.34644523890561 with coef 0.5997640785011115
clipping gradient: 38.003611240603995 with coef 0.526265777043617
clipping gradient: 33.41988059212163 with coef 0.5984461836980585
clipping gradient: 29.9454844916151 with coef 0.667880327853774
clipping gradient: 30.302346065725352 with coef 0.6600149030250096
clipping gradient: 32.50026066501352 with coef 0.6153796797553064
clipping gradient: 30.221484541024136 with coef 0.6617808590061488
clipping gradient: 29.63757723524336 with coef 0.6748189921616505
clipping gradient: 32.412159899903514 with coef 0.6170523674375534
clipping gradient: 33.47791157461469 with coef 0.5974088304589886
clipping gradient: 41.4144094331808 with coef 0.4829237039409816
clipping gradient: 34.26899470441238 with coef 0.583617937220226
clipping gradient: 36.880025553364106 with coef 0.5422989734934077
clipping gradient: 43.513434145310235 with coef 0.4596281675496198
clipping gradient: 36.10238770059703 with coef 0.5539799795477034
clipping gradient: 43.594687567471674 with coef 0.45877149524344957
clipping gradient: 40.34026330358162 with coef 0.4957825844985076
Epoch: [0][80/299], lr: 0.00100	Time 7.584 (2.900)	Data 5.315 (0.913)	Loss 2.8245 (3.7515)	Acc@1 31.250 (18.056)	Acc@5 59.375 (37.114)
clipping gradient: 31.93555803497701 with coef 0.6262611718916969
clipping gradient: 38.87515608585405 with coef 0.514467387753528
clipping gradient: 27.835158554011443 with coef 0.7185157562940383
clipping gradient: 33.04811889451978 with coef 0.6051781665345106
clipping gradient: 31.11865031158296 with coef 0.6427013960999335
clipping gradient: 33.0913070926651 with coef 0.6043883350994355
clipping gradient: 29.68924446236216 with coef 0.6736446266039046
clipping gradient: 34.55265807727146 with coef 0.5788266695798979
clipping gradient: 29.235796550899458 with coef 0.6840928710521037
clipping gradient: 33.89466338989525 with coef 0.5900633905089154
clipping gradient: 32.11123648566723 with coef 0.6228349384467631
clipping gradient: 30.28370740430083 with coef 0.6604211212646851
clipping gradient: 30.753053486853968 with coef 0.6503419248611985
clipping gradient: 31.952021251499513 with coef 0.6259384920464585
clipping gradient: 31.938680890345648 with coef 0.6261999382086426
clipping gradient: 35.06337836063734 with coef 0.5703956930303183
clipping gradient: 35.1511649137047 with coef 0.5689711862778812
clipping gradient: 31.739215276085833 with coef 0.6301353018979382
clipping gradient: 37.05998282777257 with coef 0.5396656575084028
clipping gradient: 36.20765014021377 with coef 0.5523694556965225
Epoch: [0][100/299], lr: 0.00100	Time 9.360 (3.358)	Data 7.170 (1.332)	Loss 2.2441 (3.4763)	Acc@1 37.500 (22.989)	Acc@5 71.875 (43.162)
clipping gradient: 36.55705204810849 with coef 0.5470900655140443
clipping gradient: 31.615191250390776 with coef 0.6326072754582116
clipping gradient: 40.44224102169712 with coef 0.4945324367477576
clipping gradient: 29.329281052594023 with coef 0.6819123852417481
clipping gradient: 38.15903761638722 with coef 0.5241222328786168
clipping gradient: 38.74861930072542 with coef 0.5161474230805838
clipping gradient: 35.61289430303501 with coef 0.5615943436053596
clipping gradient: 30.71314496278484 with coef 0.6511869762681103
clipping gradient: 34.12199514514309 with coef 0.5861321975730599
clipping gradient: 32.5448097245827 with coef 0.6145373154507342
clipping gradient: 32.981106702240595 with coef 0.6064077891795331
clipping gradient: 30.302569976859676 with coef 0.6600100260562997
clipping gradient: 34.382993774792084 with coef 0.5816829136810947
clipping gradient: 33.089480446305146 with coef 0.6044216992906352
clipping gradient: 37.25071664776472 with coef 0.5369024222840053
clipping gradient: 39.247328396984315 with coef 0.5095888259629096
clipping gradient: 33.684433782898246 with coef 0.5937460646927691
clipping gradient: 40.51102938756876 with coef 0.493692712882216
clipping gradient: 34.21774280978288 with coef 0.5844920897085586
clipping gradient: 50.64380066287333 with coef 0.39491506834442386
Epoch: [0][120/299], lr: 0.00100	Time 11.540 (3.919)	Data 9.210 (1.861)	Loss 2.1280 (3.2110)	Acc@1 37.500 (27.092)	Acc@5 81.250 (49.122)
clipping gradient: 41.03750386671206 with coef 0.48735907683272084
clipping gradient: 31.70480843185319 with coef 0.6308191403517959
clipping gradient: 42.337741280572395 with coef 0.4723917572139693
clipping gradient: 36.00180934422009 with coef 0.5555276349801264
clipping gradient: 29.386970256801806 with coef 0.6805737313247142
clipping gradient: 36.326285552169054 with coef 0.5505655118874601
clipping gradient: 28.385538346355094 with coef 0.7045841356244048
clipping gradient: 29.22401820139531 with coef 0.6843685855302778
clipping gradient: 32.214045693488494 with coef 0.620847197843351
clipping gradient: 29.96340192865278 with coef 0.6674809505149953
clipping gradient: 38.509990072885714 with coef 0.5193457583901505
clipping gradient: 38.358714823792 with coef 0.5213939020604256
clipping gradient: 33.016350312011014 with coef 0.6057604735531353
clipping gradient: 31.091556276450994 with coef 0.6432614637289215
clipping gradient: 34.877113851735935 with coef 0.573441944910374
clipping gradient: 30.732975545984 with coef 0.650766795101735
clipping gradient: 29.74192496612968 with coef 0.6724514308598433
clipping gradient: 25.58079972458261 with coef 0.7818363857006558
clipping gradient: 30.151948634850392 with coef 0.6633070466591168
clipping gradient: 33.41884299725592 with coef 0.5984647643738664
Epoch: [0][140/299], lr: 0.00100	Time 14.156 (4.442)	Data 11.870 (2.345)	Loss 1.9216 (3.0086)	Acc@1 43.750 (30.962)	Acc@5 78.125 (53.679)
clipping gradient: 32.18617904409325 with coef 0.6213847245614686
clipping gradient: 31.95321993825747 with coef 0.6259150107139617
clipping gradient: 34.8915199545705 with coef 0.5732051806868954
clipping gradient: 36.09759899576684 with coef 0.5540534704910817
clipping gradient: 34.488332479058194 with coef 0.5799062628540909
clipping gradient: 40.30661366917342 with coef 0.4961964843823146
clipping gradient: 32.0006870292856 with coef 0.624986581747351
clipping gradient: 31.217680115866116 with coef 0.6406625965084181
clipping gradient: 34.04812705030268 with coef 0.5874038231369383
clipping gradient: 35.11832075048584 with coef 0.5695033125900051
clipping gradient: 24.280997683436528 with coef 0.823689382979644
clipping gradient: 29.574767111852985 with coef 0.6762521552362247
clipping gradient: 34.944521082518314 with coef 0.5723357877125234
clipping gradient: 32.68957709384411 with coef 0.6118158073010456
clipping gradient: 31.371686263641692 with coef 0.6375175319529782
clipping gradient: 41.45082070348607 with coef 0.48249949363048367
clipping gradient: 36.880923247975794 with coef 0.542285773746125
clipping gradient: 32.48140255780832 with coef 0.615736957922469
clipping gradient: 38.45201635029101 with coef 0.5201287708244886
clipping gradient: 31.638012747544458 with coef 0.6321509558640744
Epoch: [0][160/299], lr: 0.00100	Time 16.124 (5.005)	Data 13.616 (2.840)	Loss 1.8107 (2.8644)	Acc@1 53.125 (33.579)	Acc@5 81.250 (57.026)
clipping gradient: 25.884386877216997 with coef 0.7726665535819071
clipping gradient: 27.358192197127497 with coef 0.7310424554331453
clipping gradient: 31.321621126936254 with coef 0.6385365533586708
clipping gradient: 38.45611346297873 with coef 0.5200733563274348
clipping gradient: 33.41441829629749 with coef 0.5985440124275967
clipping gradient: 30.474656094415064 with coef 0.6562830418179945
clipping gradient: 28.152630386038524 with coef 0.7104131914408401
clipping gradient: 26.60953067423522 with coef 0.7516104002302106
clipping gradient: 35.73305101774291 with coef 0.5597059145626605
clipping gradient: 27.328024775623412 with coef 0.7318494535997344
clipping gradient: 34.03067648574323 with coef 0.5877050374940027
clipping gradient: 39.6062052692183 with coef 0.504971376683337
clipping gradient: 30.37386349359407 with coef 0.6584608508633765
clipping gradient: 27.74688257978097 with coef 0.7208016951992261
clipping gradient: 30.900920562737486 with coef 0.647229908875835
clipping gradient: 28.519665136265463 with coef 0.7012705059628523
clipping gradient: 36.577526165712825 with coef 0.546783834133312
clipping gradient: 33.745070292437454 with coef 0.5926791625170259
clipping gradient: 26.310239166864974 with coef 0.7601603266757048
clipping gradient: 28.747950502445224 with coef 0.6957017683155832
Epoch: [0][180/299], lr: 0.00100	Time 17.543 (5.560)	Data 14.784 (3.315)	Loss 2.0643 (2.7151)	Acc@1 43.750 (36.343)	Acc@5 62.500 (60.204)
clipping gradient: 27.005734990534194 with coef 0.7405834355928553
clipping gradient: 30.121516606696176 with coef 0.663977191492207
clipping gradient: 29.80900618646623 with coef 0.6709381679782509
clipping gradient: 27.877004744859534 with coef 0.7174371918018905
clipping gradient: 25.238811817292508 with coef 0.7924303309039649
clipping gradient: 27.525082593776173 with coef 0.726609990428232
clipping gradient: 35.56080738416682 with coef 0.5624169267007376
clipping gradient: 29.30887328353044 with coef 0.6823872008494649
clipping gradient: 38.425762202573054 with coef 0.520484145364871
clipping gradient: 26.07718851791645 with coef 0.7669538449767661
clipping gradient: 29.48562325346794 with coef 0.678296667771732
clipping gradient: 35.164700249362 with coef 0.5687521821080463
clipping gradient: 35.88594210409557 with coef 0.5573213026422804
clipping gradient: 35.65470413628005 with coef 0.5609358003240088
clipping gradient: 38.206850956370744 with coef 0.5234663286654649
clipping gradient: 28.062448438653767 with coef 0.712696186995986
clipping gradient: 27.039889872109736 with coef 0.7396479828354988
clipping gradient: 30.21002284497126 with coef 0.6620319389572784
clipping gradient: 31.426296589619014 with coef 0.6364097004865206
clipping gradient: 28.93911615870636 with coef 0.6911061101630425
Epoch: [0][200/299], lr: 0.00100	Time 18.985 (6.084)	Data 15.866 (3.754)	Loss 1.7266 (2.6079)	Acc@1 56.250 (38.277)	Acc@5 78.125 (62.655)
clipping gradient: 24.704982102693975 with coef 0.8095533085943456
clipping gradient: 25.452407684704138 with coef 0.7857802785399821
clipping gradient: 22.475672626183 with coef 0.8898510105855978
clipping gradient: 23.996205723248345 with coef 0.8334650998854921
clipping gradient: 29.122637348297804 with coef 0.6867509889577011
clipping gradient: 29.05896418245522 with coef 0.6882557779563009
clipping gradient: 31.151756827286583 with coef 0.6420183654772726
clipping gradient: 41.558419714348666 with coef 0.4812502529564352
clipping gradient: 33.63409368598119 with coef 0.5946347235256727
clipping gradient: 34.227353332616275 with coef 0.5843279731752264
clipping gradient: 30.554689543639306 with coef 0.6545640063347815
clipping gradient: 25.188623043765183 with coef 0.7940092622470882
clipping gradient: 39.56173434677849 with coef 0.5055390096068576
clipping gradient: 38.65467707443942 with coef 0.517401813019545
clipping gradient: 25.5916980398028 with coef 0.7815034379076361
clipping gradient: 32.594223831082296 with coef 0.6136056530644466
clipping gradient: 26.415715171851627 with coef 0.7571250624821939
clipping gradient: 27.96449550966015 with coef 0.7151925910156731
clipping gradient: 23.316382097533864 with coef 0.8577660083086118
clipping gradient: 25.870725538200155 with coef 0.7730745691870308
Epoch: [0][220/299], lr: 0.00100	Time 21.038 (6.648)	Data 17.825 (4.216)	Loss 1.6104 (2.5014)	Acc@1 62.500 (40.413)	Acc@5 84.375 (64.833)
clipping gradient: 25.020199318289663 with coef 0.7993541436490509
clipping gradient: 29.36710765802272 with coef 0.6810340409718985
clipping gradient: 26.361864489358084 with coef 0.758671679238535
clipping gradient: 25.748529695571428 with coef 0.7767433805527103
clipping gradient: 29.900856970429494 with coef 0.6688771502361633
clipping gradient: 31.208707732071236 with coef 0.6408467845481232
clipping gradient: 24.228135211238595 with coef 0.8254865603821911
clipping gradient: 27.176888978887664 with coef 0.7359194062108058
clipping gradient: 40.93154358425335 with coef 0.4886207127476654
clipping gradient: 27.81012723146824 with coef 0.7191624775225488
clipping gradient: 23.99911405841214 with coef 0.8333640963296154
clipping gradient: 33.011703553383114 with coef 0.6058457409705642
clipping gradient: 24.833747208215208 with coef 0.8053557053759425
clipping gradient: 25.370283866585424 with coef 0.7883238557823748
clipping gradient: 33.94486338699031 with coef 0.5891907642104457
clipping gradient: 21.73773381607392 with coef 0.9200591087011584
clipping gradient: 29.60383637606774 with coef 0.6755881145245198
clipping gradient: 29.540841544614764 with coef 0.6770287830085856
clipping gradient: 33.66252320423918 with coef 0.5941325276971919
clipping gradient: 32.47373725642997 with coef 0.6158823002745055
Epoch: [0][240/299], lr: 0.00100	Time 25.729 (7.218)	Data 22.398 (4.688)	Loss 1.3962 (2.4025)	Acc@1 62.500 (42.259)	Acc@5 81.250 (66.779)
clipping gradient: 44.966723467691125 with coef 0.4447733447683847
clipping gradient: 34.04752514104344 with coef 0.58741420755691
clipping gradient: 27.708209263253078 with coef 0.72180774332913
clipping gradient: 22.05341222668052 with coef 0.9068891378089656
clipping gradient: 25.034132727934416 with coef 0.7989092419280391
clipping gradient: 28.539752786158513 with coef 0.7007769180712664
clipping gradient: 24.661217875955924 with coef 0.8109899559948134
clipping gradient: 23.611201061753494 with coef 0.8470555965235042
clipping gradient: 28.7873965824637 with coef 0.694748479346108
clipping gradient: 25.770464285699 with coef 0.776082253632456
clipping gradient: 23.703051142346535 with coef 0.843773229019834
clipping gradient: 22.96611648837118 with coef 0.87084814753626
clipping gradient: 26.549693031728292 with coef 0.753304378174879
clipping gradient: 24.52044008273947 with coef 0.8156460460136066
clipping gradient: 20.454644558565732 with coef 0.9777730403838603
clipping gradient: 24.153270149923518 with coef 0.8280452243467054
clipping gradient: 30.72565050226722 with coef 0.6509219389358157
clipping gradient: 27.278281914865847 with coef 0.7331840055916644
clipping gradient: 41.78344830878627 with coef 0.4786584355651273
clipping gradient: 39.10055568516384 with coef 0.5115016819975456
Epoch: [0][260/299], lr: 0.00100	Time 25.219 (7.809)	Data 21.240 (5.160)	Loss 1.6452 (2.3134)	Acc@1 53.125 (44.109)	Acc@5 90.625 (68.654)
clipping gradient: 26.310246429227142 with coef 0.7601601168502433
clipping gradient: 29.619576026542376 with coef 0.6752291113849103
clipping gradient: 41.32477272158836 with coef 0.483971203779951
clipping gradient: 33.82498463800087 with coef 0.591278908595006
clipping gradient: 38.76625844731775 with coef 0.5159125693592389
clipping gradient: 28.740899289426444 with coef 0.6958724498699957
clipping gradient: 27.28220054642469 with coef 0.7330786959786124
clipping gradient: 22.062577880074485 with coef 0.9065123807704596
clipping gradient: 30.49875832005809 with coef 0.6557644016230857
clipping gradient: 26.562205294604226 with coef 0.7529495302885392
clipping gradient: 22.794215810343076 with coef 0.8774155762324942
clipping gradient: 23.590769261023624 with coef 0.8477892254681051
clipping gradient: 24.538291149167538 with coef 0.8150526814773122
clipping gradient: 28.224981270729828 with coef 0.7085921442484929
clipping gradient: 28.744691520172825 with coef 0.695780644783199
clipping gradient: 33.340418090359506 with coef 0.5998725014724116
clipping gradient: 40.276688842514 with coef 0.4965651490916262
clipping gradient: 35.1236295907719 with coef 0.5694172337261705
clipping gradient: 32.01824886373149 with coef 0.6246437800243003
clipping gradient: 24.14768792933747 with coef 0.8282366435463842
Epoch: [0][280/299], lr: 0.00100	Time 32.505 (8.522)	Data 27.285 (5.765)	Loss 0.8331 (2.2427)	Acc@1 75.000 (45.485)	Acc@5 93.750 (70.129)
clipping gradient: 30.33237585045773 with coef 0.6593614723291842
clipping gradient: 23.96067185042397 with coef 0.8347011354627817
clipping gradient: 30.935600439384576 with coef 0.6465043417918503
clipping gradient: 27.702642697953788 with coef 0.7219527832800323
clipping gradient: 27.236176565239045 with coef 0.7343174601653
clipping gradient: 30.515900261322265 with coef 0.6553960338292636
clipping gradient: 28.82262288052977 with coef 0.6938993749077007
clipping gradient: 30.349163766076668 with coef 0.6589967405413445
clipping gradient: 30.581686226945084 with coef 0.6539861749800535
clipping gradient: 22.819064040471403 with coef 0.87646013721371
clipping gradient: 36.569084915746465 with coef 0.5469100483667859
clipping gradient: 32.678561765669045 with coef 0.6120220388955826
clipping gradient: 32.8963762411996 with coef 0.6079697001687345
clipping gradient: 32.373628808162046 with coef 0.6177867831411471
clipping gradient: 26.494720749601637 with coef 0.7548673635407428
clipping gradient: 22.0791713279648 with coef 0.9058310976856552
clipping gradient: 25.66211763903954 with coef 0.7793589087743167
clipping gradient: 141.91274649819198 with coef 0.14093166747537234
clipping gradient: 29.42897598287636 with coef 0.6796023079986632
Epoch: [1][0/299], lr: 0.00100	Time 53.717 (53.717)	Data 43.278 (43.278)	Loss 1.5357 (1.5357)	Acc@1 62.500 (62.500)	Acc@5 84.375 (84.375)
clipping gradient: 32.380027899187795 with coef 0.6176646932568477
clipping gradient: 25.32079958127372 with coef 0.7898644723206617
clipping gradient: 27.402267978491697 with coef 0.7298665940971817
clipping gradient: 26.125045547171077 with coef 0.7655489045516968
clipping gradient: 26.09382091253271 with coef 0.7664649829183934
clipping gradient: 28.87551773161364 with coef 0.6926282737470538
clipping gradient: 29.727189754682353 with coef 0.672784752445353
clipping gradient: 20.181876252018817 with coef 0.9909881395690044
clipping gradient: 28.511475240887385 with coef 0.7014719452790239
clipping gradient: 31.58202352150306 with coef 0.6332716453834163
clipping gradient: 29.556373580926223 with coef 0.6766730006724069
clipping gradient: 30.360293247398765 with coef 0.6587551654071582
clipping gradient: 29.059628234937236 with coef 0.6882400503649525
clipping gradient: 36.46348411547541 with coef 0.5484939381179933
clipping gradient: 22.01497224604925 with coef 0.908472642003405
clipping gradient: 31.48483880880508 with coef 0.6352263742384725
clipping gradient: 21.621611660310386 with coef 0.9250004261575426
clipping gradient: 28.624673012840187 with coef 0.6986979376508017
Epoch: [1][20/299], lr: 0.00100	Time 33.542 (18.894)	Data 28.926 (13.936)	Loss 0.9180 (1.0881)	Acc@1 62.500 (69.345)	Acc@5 93.750 (91.964)
clipping gradient: 26.241768294142627 with coef 0.7621437616482636
clipping gradient: 29.43145515383078 with coef 0.6795450614135473
clipping gradient: 22.536304128508004 with coef 0.8874569621511441
clipping gradient: 31.176647580385378 with coef 0.6415057920654335
clipping gradient: 29.225655876637163 with coef 0.6843302365709403
clipping gradient: 26.223216623732036 with coef 0.7626829418744907
clipping gradient: 40.370031327988805 with coef 0.4954170046961016
clipping gradient: 32.7925356527925 with coef 0.6098948922937854
clipping gradient: 34.41947091543091 with coef 0.581066456516437
clipping gradient: 32.23346364057526 with coef 0.6204731896954486
clipping gradient: 27.969092093278494 with coef 0.7150750526080316
clipping gradient: 29.566081680580442 with coef 0.6764508133364312
clipping gradient: 29.660752958195896 with coef 0.6742917156617083
clipping gradient: 32.3142935004595 with coef 0.6189211594465343
clipping gradient: 26.63256532143931 with coef 0.7509603284029094
clipping gradient: 22.77686273337719 with coef 0.878084055478458
clipping gradient: 26.38219168717044 with coef 0.7580871307870121
clipping gradient: 31.735823606227804 with coef 0.6302026456964306
clipping gradient: 29.748319566082543 with coef 0.6723068829340848
clipping gradient: 22.935542952147184 with coef 0.872009005486728
Epoch: [1][40/299], lr: 0.00100	Time 35.768 (18.871)	Data 30.780 (13.837)	Loss 0.9831 (1.0377)	Acc@1 68.750 (70.579)	Acc@5 90.625 (92.530)
clipping gradient: 20.188984289473492 with coef 0.9906392373799593
clipping gradient: 23.189359203179382 with coef 0.8624645392209844
clipping gradient: 27.681669928043625 with coef 0.7224997643562857
clipping gradient: 26.14875613803511 with coef 0.7648547370445917
clipping gradient: 31.098334390027347 with coef 0.6431212601023939
clipping gradient: 29.220217995879167 with coef 0.6844575903855521
clipping gradient: 28.549456337209868 with coef 0.7005387340400261
clipping gradient: 28.429046493308316 with coef 0.7035058317804517
clipping gradient: 26.307062476526163 with coef 0.7602521192872079
clipping gradient: 26.446793395825463 with coef 0.7562353477286563
clipping gradient: 26.101144375950096 with coef 0.7662499280463824
clipping gradient: 29.84622149424423 with coef 0.6701015739582631
clipping gradient: 33.416542975106225 with coef 0.5985059560140339
clipping gradient: 24.932406265611853 with coef 0.8021688635639272
clipping gradient: 27.45447568341923 with coef 0.728478672498515
clipping gradient: 32.580255282423465 with coef 0.6138687320473417
clipping gradient: 22.1753181378483 with coef 0.9019036333852852
clipping gradient: 26.969443087631156 with coef 0.7415800146489672
clipping gradient: 25.44642834143682 with coef 0.7859649193844667
Epoch: [1][60/299], lr: 0.00100	Time 34.997 (19.250)	Data 29.946 (14.157)	Loss 1.2419 (1.0507)	Acc@1 59.375 (70.543)	Acc@5 90.625 (92.674)
clipping gradient: 21.953727344559145 with coef 0.9110070324780934
clipping gradient: 31.483693348952013 with coef 0.6352494854504017
clipping gradient: 32.54491319454008 with coef 0.6145353616538548
clipping gradient: 26.06797816124547 with coef 0.7672248256573054
clipping gradient: 24.154919537281632 with coef 0.8279886823523146
clipping gradient: 28.575509933379152 with coef 0.6999000209139901
clipping gradient: 23.97389542540067 with coef 0.8342407291394842
clipping gradient: 26.683186826441997 with coef 0.7495356581688654
clipping gradient: 27.34708358962051 with coef 0.7313394108171348
clipping gradient: 25.23893941655294 with coef 0.7924263246530483
clipping gradient: 27.60086157441706 with coef 0.7246150612391674
clipping gradient: 20.465681175157297 with coef 0.9772457524784187
clipping gradient: 26.003655492146898 with coef 0.7691226337789315
clipping gradient: 25.21854040124163 with coef 0.7930673100737942
clipping gradient: 34.239308305263975 with coef 0.5841239496337952
clipping gradient: 32.69427673418596 with coef 0.6117278618091433
clipping gradient: 30.87644610214887 with coef 0.6477429408110568
clipping gradient: 31.63416183856585 with coef 0.6322279092477043
clipping gradient: 25.60097152472823 with coef 0.7812203525433323
clipping gradient: 24.869872805466485 with coef 0.8041858579833159
Epoch: [1][80/299], lr: 0.00100	Time 38.353 (19.944)	Data 32.591 (14.676)	Loss 1.0076 (1.0870)	Acc@1 68.750 (69.406)	Acc@5 96.875 (92.515)
clipping gradient: 23.59718884801953 with coef 0.8475585854235583
clipping gradient: 24.637695167333945 with coef 0.8117642443485191
clipping gradient: 27.243096229295727 with coef 0.7341309457510596
clipping gradient: 24.456321870445432 with coef 0.8177844610464203
clipping gradient: 22.446066774768564 with coef 0.891024703823916
clipping gradient: 29.259154088813013 with coef 0.6835467607604838
clipping gradient: 24.135760000512732 with coef 0.8286459593389695
clipping gradient: 27.310069498321962 with coef 0.7323306153149438
clipping gradient: 30.799021496061556 with coef 0.6493712796219033
clipping gradient: 36.23740062639067 with coef 0.5519159667714845
clipping gradient: 35.202112393472824 with coef 0.5681477229675683
clipping gradient: 24.40096285055234 with coef 0.8196397872695946
clipping gradient: 33.24157474551983 with coef 0.6016562137356481
clipping gradient: 28.431794983070205 with coef 0.7034378241651312
clipping gradient: 23.04348870834766 with coef 0.8679241348014662
clipping gradient: 26.613924434758662 with coef 0.7514863149562168
clipping gradient: 30.470707787255474 with coef 0.6563680810973843
clipping gradient: 22.40243528507823 with coef 0.8927600836915065
clipping gradient: 27.808804132818892 with coef 0.7191966941288482
Epoch: [1][100/299], lr: 0.00100	Time 39.266 (20.488)	Data 33.754 (15.101)	Loss 0.8618 (1.0780)	Acc@1 78.125 (69.585)	Acc@5 93.750 (92.481)
clipping gradient: 22.023539121347717 with coef 0.9081192577542511
clipping gradient: 21.909085628188574 with coef 0.912863290573281
clipping gradient: 22.60654058352976 with coef 0.8846997144963974
clipping gradient: 26.44666526247439 with coef 0.7562390116676952
clipping gradient: 31.161979244669645 with coef 0.6418077569132924
clipping gradient: 33.0695076954355 with coef 0.604786747483409
clipping gradient: 30.367460076246008 with coef 0.6585996968394592
clipping gradient: 30.066123931585626 with coef 0.6652004776375323
clipping gradient: 32.422355213502335 with coef 0.6168583333412797
clipping gradient: 30.3925387370542 with coef 0.6580562477203081
clipping gradient: 23.058401616969384 with coef 0.8673628091064814
clipping gradient: 27.930558080232796 with coef 0.7160615961395536
clipping gradient: 28.606062960490092 with coef 0.6991524848289487
clipping gradient: 22.80624265600597 with coef 0.8769528721441121
Epoch: [1][120/299], lr: 0.00100	Time 42.302 (21.106)	Data 36.324 (15.556)	Loss 1.0982 (1.0563)	Acc@1 71.875 (70.635)	Acc@5 87.500 (92.485)
clipping gradient: 23.256872066322103 with coef 0.8599608727676528
clipping gradient: 25.705372721531113 with coef 0.7780474617762602
clipping gradient: 26.43159413501862 with coef 0.7566702143592032
clipping gradient: 22.826419701687534 with coef 0.8761777037912529
clipping gradient: 24.286244920865272 with coef 0.8235114183015263
clipping gradient: 33.10905182765795 with coef 0.6040644142908622
clipping gradient: 24.699103531064495 with coef 0.8097459883451094
clipping gradient: 29.666781556333397 with coef 0.6741546925817543
clipping gradient: 23.376673504557175 with coef 0.855553720938999
clipping gradient: 22.953402170067307 with coef 0.8713305265953676
clipping gradient: 32.56186660597489 with coef 0.6142154023912785
clipping gradient: 23.9155798876683 with coef 0.83627493432901
clipping gradient: 20.677131114345176 with coef 0.9672521729150616
clipping gradient: 22.991480509844575 with coef 0.8698874346711308
clipping gradient: 25.51504119597584 with coef 0.7838513701147519
clipping gradient: 23.981269631306997 with coef 0.8339842013156159
clipping gradient: 25.02188541923591 with coef 0.7993002791318328
clipping gradient: 27.216117042140933 with coef 0.7348586857203903
Epoch: [1][140/299], lr: 0.00100	Time 46.090 (21.757)	Data 40.717 (16.103)	Loss 1.1163 (1.0469)	Acc@1 68.750 (71.011)	Acc@5 90.625 (92.487)
clipping gradient: 24.911794401810212 with coef 0.8028325730942409
clipping gradient: 22.059046731399338 with coef 0.9066574926618001
clipping gradient: 21.684347181521485 with coef 0.9223242845439766
clipping gradient: 25.70004382594633 with coef 0.7782087896600526
clipping gradient: 25.750765524898522 with coef 0.7766759392322499
clipping gradient: 21.686432482258454 with coef 0.9222355966737215
clipping gradient: 27.501120399753965 with coef 0.727243098073158
clipping gradient: 21.372798360926115 with coef 0.9357688994326605
clipping gradient: 31.829059193295816 with coef 0.6283566183512147
clipping gradient: 21.007075920486123 with coef 0.9520601570490816
clipping gradient: 32.49308135810947 with coef 0.6155156471489428
clipping gradient: 21.49608042491838 with coef 0.930402175869043
clipping gradient: 23.633887399927453 with coef 0.8462425017757084
clipping gradient: 22.055378550896055 with coef 0.9068082850560482
clipping gradient: 30.751947703966447 with coef 0.6503653099481682
clipping gradient: 22.649018958191014 with coef 0.8830404547287026
clipping gradient: 28.800155045978734 with coef 0.694440705894482
clipping gradient: 30.71425297561773 with coef 0.6511634847794229
Epoch: [1][160/299], lr: 0.00100	Time 47.085 (22.351)	Data 40.139 (16.533)	Loss 1.4032 (1.0397)	Acc@1 56.250 (71.273)	Acc@5 87.500 (92.527)
clipping gradient: 24.139921119139157 with coef 0.8285031215012194
clipping gradient: 22.948663314229364 with coef 0.8715104547112755
clipping gradient: 21.011514633540425 with coef 0.9518590329549229
clipping gradient: 24.327743868409442 with coef 0.822106649436194
clipping gradient: 28.417765420729367 with coef 0.703785104278853
clipping gradient: 22.364247436182836 with coef 0.8942845073177937
clipping gradient: 26.197115054244016 with coef 0.7634428431752044
clipping gradient: 20.8536809259216 with coef 0.9590632977960042
clipping gradient: 28.872748590492986 with coef 0.6926947026645555
clipping gradient: 34.64357872845528 with coef 0.5773075627308836
clipping gradient: 21.82751965917314 with coef 0.9162745154873739
clipping gradient: 42.35482720793763 with coef 0.4722011944898654
clipping gradient: 27.126750268880777 with coef 0.737279615204906
clipping gradient: 25.065551181961986 with coef 0.7979078478989392
clipping gradient: 21.08786243792162 with coef 0.9484128635074293
clipping gradient: 24.22314877802525 with coef 0.8256564901316048
clipping gradient: 27.19202781107069 with coef 0.7355096919935261
clipping gradient: 24.22992193369736 with coef 0.8254256887301538
clipping gradient: 32.032244520543 with coef 0.6243708581574279
Epoch: [1][180/299], lr: 0.00100	Time 48.892 (23.007)	Data 42.623 (17.097)	Loss 1.3617 (1.0365)	Acc@1 59.375 (71.443)	Acc@5 93.750 (92.559)
clipping gradient: 28.437513891562023 with coef 0.7032963597403076
clipping gradient: 23.639521759066348 with coef 0.8460408042023735
clipping gradient: 31.50655066973019 with coef 0.6347886256941142
clipping gradient: 36.94236840166168 with coef 0.5413838057849153
clipping gradient: 24.17277722758957 with coef 0.8273770039618379
clipping gradient: 21.87177738032897 with coef 0.9144204264801813
clipping gradient: 30.039741001488757 with coef 0.6657847016393653
clipping gradient: 36.76374759420414 with coef 0.5440141799676872
clipping gradient: 29.02638797508568 with coef 0.6890282048585126
clipping gradient: 21.073711066791294 with coef 0.9490497395836803
clipping gradient: 22.575250024000763 with coef 0.8859259577961308
clipping gradient: 21.589497810315216 with coef 0.926376341669431
clipping gradient: 20.360314025110608 with coef 0.9823031204397816
clipping gradient: 24.929353135580875 with coef 0.8022671062192398
clipping gradient: 21.20563663356826 with coef 0.9431454638970964
clipping gradient: 27.597093335909623 with coef 0.724714003629353
clipping gradient: 24.811451933104305 with coef 0.8060793884180273
clipping gradient: 23.051374759681245 with coef 0.8676272113271808
clipping gradient: 25.715549996401347 with coef 0.7777395390259518
Epoch: [1][200/299], lr: 0.00100	Time 48.492 (23.676)	Data 41.117 (17.611)	Loss 1.2239 (1.0317)	Acc@1 68.750 (71.393)	Acc@5 93.750 (92.646)
clipping gradient: 23.64563616117974 with coef 0.8458220309096623
clipping gradient: 24.367630999285932 with coef 0.8207609513040508
clipping gradient: 25.779335395714657 with coef 0.7758151904616065
clipping gradient: 23.036938758875184 with coef 0.8681709062709048
clipping gradient: 20.71702899821145 with coef 0.9653893906180585
clipping gradient: 29.26061245604191 with coef 0.6835126923623323
clipping gradient: 23.6347417506838 with coef 0.8462119117261503
clipping gradient: 24.570072193150207 with coef 0.8139984222584303
clipping gradient: 23.13708503059241 with coef 0.8644131260941263
clipping gradient: 35.09884162388812 with coef 0.5698193750755605
clipping gradient: 27.404929580388323 with coef 0.7297957085178032
clipping gradient: 20.755912366759294 with coef 0.9635808653745382
clipping gradient: 24.569075154492495 with coef 0.8140314551621601
clipping gradient: 20.233732124857692 with coef 0.9884483928414498
clipping gradient: 30.05343801453606 with coef 0.6654812667464709
Epoch: [1][220/299], lr: 0.00100	Time 52.770 (24.254)	Data 45.212 (18.019)	Loss 1.3170 (1.0236)	Acc@1 59.375 (71.592)	Acc@5 90.625 (92.718)
clipping gradient: 25.271047903070215 with coef 0.7914194962041986
clipping gradient: 25.3491189001034 with coef 0.788982058067447
clipping gradient: 24.55393199221772 with coef 0.8145334933052241
clipping gradient: 23.900517486357735 with coef 0.8368019651212939
clipping gradient: 32.314994061691834 with coef 0.6189077417689895
clipping gradient: 21.005875711782583 with coef 0.9521145547282103
clipping gradient: 27.149080230622133 with coef 0.7366732069781685
clipping gradient: 26.287620646502802 with coef 0.7608143874619067
clipping gradient: 24.603594543449535 with coef 0.8128893509718808
clipping gradient: 24.240238644796808 with coef 0.8250743853255348
clipping gradient: 30.89545937672836 with coef 0.6473443154259996
clipping gradient: 29.27865058171097 with coef 0.6830915907201366
clipping gradient: 21.556742520800093 with coef 0.9277839627532781
clipping gradient: 26.853095577449352 with coef 0.7447930888383523
clipping gradient: 26.091291137061468 with coef 0.7665392983021422
clipping gradient: 21.371228631637383 with coef 0.9358376322076564
clipping gradient: 29.667433773448195 with coef 0.6741398717775055
clipping gradient: 28.24061896979694 with coef 0.7081997749904065
clipping gradient: 27.69272674270317 with coef 0.7222112934498173
Epoch: [1][240/299], lr: 0.00100	Time 47.472 (24.778)	Data 40.230 (18.383)	Loss 0.7382 (1.0242)	Acc@1 68.750 (71.499)	Acc@5 100.000 (92.661)
clipping gradient: 21.2506317964016 with coef 0.9411484887421855
clipping gradient: 21.92705479718095 with coef 0.912115201288743
clipping gradient: 23.91908413291696 with coef 0.8361524165750311
clipping gradient: 28.43071958451109 with coef 0.7034644318639018
clipping gradient: 30.116959756028503 with coef 0.6640776546509348
clipping gradient: 27.46057680057778 with coef 0.7283168210647052
clipping gradient: 32.04565184188925 with coef 0.6241096326789806
clipping gradient: 33.78345727212067 with coef 0.5920057215844727
clipping gradient: 26.306016589073803 with coef 0.7602823457621857
clipping gradient: 35.34888531343498 with coef 0.5657887037359745
clipping gradient: 28.84630046464422 with coef 0.6933298092943744
clipping gradient: 22.982920445328876 with coef 0.8702114271149933
clipping gradient: 23.52954921779882 with coef 0.8499950345360247
clipping gradient: 23.97019417898191 with coef 0.8343695445544974
clipping gradient: 23.26909397190552 with coef 0.8595091851942093
clipping gradient: 23.80152784219398 with coef 0.8402821924962796
clipping gradient: 21.850703452075816 with coef 0.9153023399848484
clipping gradient: 20.40337504674041 with coef 0.9802299842150451
Epoch: [1][260/299], lr: 0.00100	Time 60.970 (25.269)	Data 53.145 (18.735)	Loss 1.2149 (1.0228)	Acc@1 59.375 (71.528)	Acc@5 87.500 (92.636)
clipping gradient: 21.371172335442775 with coef 0.9358400974022014
clipping gradient: 23.79077147795036 with coef 0.8406621037294354
clipping gradient: 21.007683336557665 with coef 0.952032629185528
clipping gradient: 26.73139314457421 with coef 0.7481839757408787
clipping gradient: 26.22733406162228 with coef 0.7625632080259899
clipping gradient: 34.81420545745451 with coef 0.5744781400925968
clipping gradient: 37.90329061987103 with coef 0.5276586721870232
clipping gradient: 26.128876094810963 with coef 0.7654366734882975
clipping gradient: 34.50076417528226 with coef 0.579697304627496
clipping gradient: 30.095339159906445 with coef 0.6645547303432408
clipping gradient: 33.89906826677429 with coef 0.5899867171158426
clipping gradient: 32.4081989428131 with coef 0.6171277840922794
clipping gradient: 21.668887060788247 with coef 0.9229823360975357
clipping gradient: 26.805344535402323 with coef 0.7461198632826981
clipping gradient: 29.098354414545398 with coef 0.6873240910833981
clipping gradient: 25.260602823291414 with coef 0.7917467425424661
Epoch: [1][280/299], lr: 0.00100	Time 56.863 (25.885)	Data 49.016 (19.188)	Loss 0.9770 (1.0108)	Acc@1 65.625 (71.831)	Acc@5 96.875 (92.805)
clipping gradient: 22.890888111510268 with coef 0.873710093840499
clipping gradient: 27.915757928565146 with coef 0.7164412319084753
clipping gradient: 22.0080368977776 with coef 0.9087589271544535
clipping gradient: 22.58462182545864 with coef 0.8855583305563651
clipping gradient: 20.731147024792367 with coef 0.9647319550665485
clipping gradient: 29.454249751387387 with coef 0.6790191625593158
clipping gradient: 21.117789435526724 with coef 0.9470688237071702
clipping gradient: 29.663527283307413 with coef 0.6742286515351336
clipping gradient: 30.033865377650248 with coef 0.6659149512897209
clipping gradient: 25.675855018317552 with coef 0.7789419275709296
clipping gradient: 171.70711611735697 with coef 0.116477409045357
clipping gradient: 34.72929541591719 with coef 0.5758826881018025
Epoch: [2][0/299], lr: 0.00100	Time 107.135 (107.135)	Data 94.037 (94.037)	Loss 1.1117 (1.1117)	Acc@1 59.375 (59.375)	Acc@5 100.000 (100.000)
clipping gradient: 27.469922311676353 with coef 0.7280690412254573
clipping gradient: 33.44319085989849 with coef 0.5980290601989736
clipping gradient: 24.04699696877891 with coef 0.8317046833734261
clipping gradient: 23.031709002165485 with coef 0.8683680398236866
clipping gradient: 21.852423419733316 with coef 0.9152302980702576
clipping gradient: 23.069797725365838 with coef 0.866934345852954
clipping gradient: 24.920042599715085 with coef 0.8025668463435397
clipping gradient: 20.04106630398725 with coef 0.9979508922646955
clipping gradient: 21.792906479530263 with coef 0.9177298135421124
clipping gradient: 22.10765607121785 with coef 0.9046639741260574
clipping gradient: 21.506890071760917 with coef 0.9299345434540766
clipping gradient: 21.86185493395739 with coef 0.9148354547415177
clipping gradient: 32.12718171458692 with coef 0.6225258156061435
clipping gradient: 24.562263454252097 with coef 0.8142572054587135
clipping gradient: 34.96823677310835 with coef 0.571947625777363
Epoch: [2][20/299], lr: 0.00100	Time 73.708 (46.076)	Data 62.671 (36.800)	Loss 0.8285 (0.8038)	Acc@1 81.250 (77.232)	Acc@5 93.750 (95.536)
clipping gradient: 26.905109460935865 with coef 0.7433532292086917
clipping gradient: 29.849383342560856 with coef 0.6700305922730043
clipping gradient: 24.565972937665784 with coef 0.8141342519080527
clipping gradient: 24.417720559550848 with coef 0.8190772742780495
clipping gradient: 21.62533105113717 with coef 0.9248413331895928
clipping gradient: 23.984783775783995 with coef 0.8338620096376607
clipping gradient: 29.512806609752793 with coef 0.6776719091633531
clipping gradient: 23.829457253349332 with coef 0.8392973363750832
clipping gradient: 22.629415514804215 with coef 0.8838054163138219
clipping gradient: 21.56611165666462 with coef 0.9273808982538286
clipping gradient: 22.300071061853195 with coef 0.8968581285918982
clipping gradient: 27.504896471839814 with coef 0.7271432568552472
clipping gradient: 23.85962407514065 with coef 0.8382361740911922
clipping gradient: 22.55701946054432 with coef 0.8866419623826215
clipping gradient: 32.738173579805455 with coef 0.6109076290174295
Epoch: [2][40/299], lr: 0.00100	Time 43.564 (43.827)	Data 34.885 (34.626)	Loss 0.7784 (0.7606)	Acc@1 75.000 (78.659)	Acc@5 93.750 (95.960)
clipping gradient: 22.234729168498397 with coef 0.8994937535976599
clipping gradient: 30.488489103521964 with coef 0.6559852779877388
clipping gradient: 23.603970764570317 with coef 0.8473150640408394
clipping gradient: 23.352313912941053 with coef 0.8564461780773118
clipping gradient: 20.04839258309726 with coef 0.9975862113186041
clipping gradient: 25.867527686051783 with coef 0.7731701399041836
clipping gradient: 25.226089324062738 with coef 0.7928299841911025
clipping gradient: 29.93690418516406 with coef 0.6680717510500459
clipping gradient: 24.532672765688115 with coef 0.8152393418776774
clipping gradient: 25.89469018698344 with coef 0.7723591151537877
clipping gradient: 24.358875600713098 with coef 0.8210559603750555
clipping gradient: 24.509767054536457 with coef 0.8160012274085748
clipping gradient: 24.122614561013652 with coef 0.8290975237950983
clipping gradient: 25.15503549817509 with coef 0.7950694405281571
clipping gradient: 20.289722602827833 with coef 0.9857207213474938
clipping gradient: 21.904180692455412 with coef 0.9130677052389693
Epoch: [2][60/299], lr: 0.00100	Time 24.695 (44.635)	Data 15.774 (35.416)	Loss 0.5090 (0.7539)	Acc@1 84.375 (78.586)	Acc@5 96.875 (95.799)
clipping gradient: 20.432092469926264 with coef 0.9788522653486296
clipping gradient: 32.71624035461164 with coef 0.6113171863031879
clipping gradient: 22.728931076042738 with coef 0.8799357934206089
clipping gradient: 20.520992354181562 with coef 0.9746117368405237
clipping gradient: 24.417938441184443 with coef 0.8190699656391573
clipping gradient: 24.463951611196453 with coef 0.8175294129852092
clipping gradient: 36.637282347151576 with coef 0.5458920181495103
clipping gradient: 22.6027833479645 with coef 0.8848467771470767
clipping gradient: 20.796654669446962 with coef 0.9616931337222542
clipping gradient: 20.09260467768688 with coef 0.995391106371106
clipping gradient: 40.347383925501575 with coef 0.49569508736746115
clipping gradient: 28.681993620156405 with coef 0.6973015985173676
clipping gradient: 24.02886807352205 with coef 0.8323321739003782
Epoch: [2][80/299], lr: 0.00100	Time 24.805 (45.160)	Data 16.392 (36.010)	Loss 0.6434 (0.7404)	Acc@1 81.250 (78.819)	Acc@5 93.750 (95.795)
clipping gradient: 27.30649126516463 with coef 0.7324265796651198
clipping gradient: 28.552305266765956 with coef 0.7004688347626842
clipping gradient: 23.019169692346342 with coef 0.8688410688700824
clipping gradient: 20.664071236250305 with coef 0.9678634849513418
clipping gradient: 20.804617692330343 with coef 0.9613250431116085
clipping gradient: 25.047137292284294 with coef 0.7984944453576717
clipping gradient: 23.12472330945234 with coef 0.864875213093897
clipping gradient: 26.124888196033613 with coef 0.7655535154801727
clipping gradient: 22.65588009360273 with coef 0.8827730336393923
clipping gradient: 25.607008445119632 with coef 0.7810361777660813
clipping gradient: 22.342957464132372 with coef 0.8951366457241137
clipping gradient: 30.191986058129554 with coef 0.6624274389069135
clipping gradient: 20.21812614934325 with coef 0.9892113567928087
Epoch: [2][100/299], lr: 0.00100	Time 24.607 (44.909)	Data 15.637 (35.753)	Loss 0.6888 (0.7448)	Acc@1 78.125 (78.496)	Acc@5 96.875 (95.699)
clipping gradient: 24.885246051707313 with coef 0.8036890597120638
clipping gradient: 26.69518740159434 with coef 0.7491987113304747
clipping gradient: 23.287630299841982 with coef 0.8588250389794152
clipping gradient: 23.127594188035168 with coef 0.8647678542520779
clipping gradient: 21.82863023434765 with coef 0.9162278981907772
clipping gradient: 20.41075853017828 with coef 0.9798753912270847
clipping gradient: 21.13160993244288 with coef 0.946449421692876
clipping gradient: 24.278629414060976 with coef 0.8237697301156957
clipping gradient: 23.697180048487635 with coef 0.8439822780211526
clipping gradient: 22.16447962504724 with coef 0.9023446676094645
clipping gradient: 24.96253225295926 with coef 0.8012007675074326
Epoch: [2][120/299], lr: 0.00100	Time 27.367 (45.529)	Data 17.360 (36.300)	Loss 0.4139 (0.7332)	Acc@1 90.625 (78.796)	Acc@5 100.000 (95.480)
clipping gradient: 28.239065026605374 with coef 0.7082387459059655
clipping gradient: 23.62182726299647 with coef 0.8466745513514929
clipping gradient: 29.369875737371732 with coef 0.6809698542425556
clipping gradient: 22.353677083304536 with coef 0.8947073864164189
clipping gradient: 23.358670919009214 with coef 0.8562130983113454
clipping gradient: 25.615995660126117 with coef 0.7807621560122302
clipping gradient: 24.288798973575748 with coef 0.8234248231770696
clipping gradient: 22.21558178894557 with coef 0.9002690179355087
clipping gradient: 21.164698730020408 with coef 0.9449697467997322
clipping gradient: 21.90090813430564 with coef 0.9132041410041781
clipping gradient: 22.554689522479507 with coef 0.886733554016191
clipping gradient: 20.58930483893218 with coef 0.9713781089967707
clipping gradient: 22.950502150962937 with coef 0.8714406276797241
clipping gradient: 22.72928311786363 with coef 0.8799221645614241
Epoch: [2][140/299], lr: 0.00100	Time 31.627 (46.179)	Data 23.003 (36.871)	Loss 0.4657 (0.7307)	Acc@1 87.500 (78.723)	Acc@5 100.000 (95.479)
clipping gradient: 34.88276959380882 with coef 0.5733489695024018
clipping gradient: 28.82574017790792 with coef 0.6938243346593411
clipping gradient: 24.425308439125367 with coef 0.8188228226409316
clipping gradient: 26.89263515083779 with coef 0.7436980380621769
clipping gradient: 27.271097478256866 with coef 0.7333771593147623
clipping gradient: 34.606010075555 with coef 0.577934293966111
clipping gradient: 24.87053967991339 with coef 0.8041642946796581
clipping gradient: 22.45896431576815 with coef 0.8905130138150786
clipping gradient: 22.14982302530981 with coef 0.9029417515953385
clipping gradient: 22.4769011520622 with coef 0.8898023737656136
clipping gradient: 35.64587371592484 with coef 0.5610747588735627
clipping gradient: 37.84469352409552 with coef 0.5284756761807597
clipping gradient: 21.079248711687445 with coef 0.9488004185325138
Epoch: [2][160/299], lr: 0.00100	Time 27.914 (46.685)	Data 17.287 (37.330)	Loss 0.7627 (0.7353)	Acc@1 81.250 (78.533)	Acc@5 96.875 (95.516)
clipping gradient: 21.68235757449466 with coef 0.9224089184621858
clipping gradient: 23.010932634890633 with coef 0.8691520816359583
clipping gradient: 21.72208052256828 with coef 0.9207221186396435
clipping gradient: 25.66274486090476 with coef 0.7793398605021585
clipping gradient: 24.970671621566467 with coef 0.8009396103998485
clipping gradient: 26.480360181702885 with coef 0.7552767357680953
clipping gradient: 25.090732671866117 with coef 0.7971070538894911
clipping gradient: 24.468185775590502 with coef 0.8173879413631079
clipping gradient: 20.631317065020752 with coef 0.9694000599655794
clipping gradient: 24.809186143013537 with coef 0.8061530065802726
Epoch: [2][180/299], lr: 0.00100	Time 43.129 (47.220)	Data 31.806 (37.718)	Loss 0.9511 (0.7251)	Acc@1 71.875 (78.833)	Acc@5 93.750 (95.649)
clipping gradient: 21.019735680098762 with coef 0.9514867505653634
clipping gradient: 28.976611182257642 with coef 0.6902118358217811
clipping gradient: 25.944567495432644 with coef 0.7708742881730773
clipping gradient: 25.427269404953027 with coef 0.7865571281556549
clipping gradient: 23.091729377618115 with coef 0.8661109643604777
clipping gradient: 26.617142032347125 with coef 0.7513954719742081
clipping gradient: 22.869189691085925 with coef 0.8745390750681344
clipping gradient: 21.71749986050082 with coef 0.9209163176455426
clipping gradient: 20.729485947409035 with coef 0.964809260139892
clipping gradient: 20.73679211590557 with coef 0.9644693300782798
clipping gradient: 28.5558052062747 with coef 0.7003829818675645
Epoch: [2][200/299], lr: 0.00100	Time 23.171 (47.797)	Data 13.109 (38.173)	Loss 0.5485 (0.7201)	Acc@1 78.125 (78.965)	Acc@5 100.000 (95.725)
clipping gradient: 26.717467387644025 with coef 0.7485739463931885
clipping gradient: 27.80007736680767 with coef 0.7194224582942819
clipping gradient: 21.14531603001873 with coef 0.9458359464387861
clipping gradient: 40.15504452405297 with coef 0.49806942657030184
clipping gradient: 20.243739025410278 with coef 0.9879597822761728
clipping gradient: 26.40385489344258 with coef 0.7574651535055594
clipping gradient: 26.300061235682964 with coef 0.7604545031577619
clipping gradient: 21.230105067949193 with coef 0.9420584559514844
clipping gradient: 20.77494662720528 with coef 0.9626980207886324
clipping gradient: 22.653921009240143 with coef 0.8828493748098771
clipping gradient: 21.47449872436631 with coef 0.9313372226615352
Epoch: [2][220/299], lr: 0.00100	Time 14.418 (48.461)	Data 0.000 (38.674)	Loss 0.6689 (0.7184)	Acc@1 78.125 (79.002)	Acc@5 96.875 (95.730)
clipping gradient: 24.36161377406477 with coef 0.8209636761129462
clipping gradient: 31.493104705370985 with coef 0.6350596483613477
clipping gradient: 27.989533301317636 with coef 0.7145528217527829
clipping gradient: 23.56526618607745 with coef 0.8487067297298836
clipping gradient: 29.247415977974494 with coef 0.6838210943168964
clipping gradient: 29.040176242352377 with coef 0.6887010544664627
clipping gradient: 32.685838521957535 with coef 0.6118857861506137
clipping gradient: 29.299181850087056 with coef 0.6826129173958684
clipping gradient: 29.496776202936775 with coef 0.6780401987797143
clipping gradient: 22.07150431237313 with coef 0.9061457577582577
clipping gradient: 32.983769683051406 with coef 0.6063588301817706
clipping gradient: 32.695890088725946 with coef 0.6116976765497604
clipping gradient: 22.703541405983987 with coef 0.8809198372342293
Epoch: [2][240/299], lr: 0.00100	Time 11.663 (48.940)	Data 0.000 (38.962)	Loss 0.3286 (0.7190)	Acc@1 93.750 (79.123)	Acc@5 100.000 (95.773)
clipping gradient: 21.024220021927075 with coef 0.9512838040669822
clipping gradient: 22.628996978237655 with coef 0.8838217628131744
clipping gradient: 24.24452354967736 with coef 0.8249285641361327
clipping gradient: 23.302519675605758 with coef 0.8582762842138912
clipping gradient: 23.16933409819884 with coef 0.8632099617206859
clipping gradient: 25.611498417028816 with coef 0.7808992537001354
clipping gradient: 20.31447186770008 with coef 0.9845198108152597
clipping gradient: 22.807919101488167 with coef 0.8768884136692261
clipping gradient: 20.23209866488176 with coef 0.9885281962723604
clipping gradient: 24.46977909943771 with coef 0.8173347180097584
clipping gradient: 28.56022632447461 with coef 0.7002745627005432
clipping gradient: 23.3614468348212 with coef 0.8561113590871081
clipping gradient: 21.94348115976551 with coef 0.91143241377175
clipping gradient: 26.39637896811608 with coef 0.7576796811470922
Epoch: [2][260/299], lr: 0.00100	Time 12.687 (49.120)	Data 0.000 (38.981)	Loss 0.5553 (0.7232)	Acc@1 84.375 (78.999)	Acc@5 100.000 (95.702)
clipping gradient: 23.110916928847764 with coef 0.8653918865086386
clipping gradient: 20.69700792684947 with coef 0.9663232516838695
clipping gradient: 23.93253543876832 with coef 0.8356824562600248
clipping gradient: 23.705232728926603 with coef 0.8436955767827056
clipping gradient: 21.205856178649704 with coef 0.9431356994741965
clipping gradient: 33.27699647019086 with coef 0.6010157803128586
clipping gradient: 22.553565661145267 with coef 0.8867777406237592
clipping gradient: 21.43694471257065 with coef 0.9329687727501567
clipping gradient: 21.010901975129975 with coef 0.9518867882813146
clipping gradient: 24.14047184599674 with coef 0.8284842205069259
clipping gradient: 29.17803922882557 with coef 0.6854470186688076
Epoch: [2][280/299], lr: 0.00100	Time 13.711 (49.535)	Data 0.000 (39.213)	Loss 0.3605 (0.7172)	Acc@1 96.875 (79.248)	Acc@5 100.000 (95.741)
clipping gradient: 27.158179204652257 with coef 0.7364263947626487
clipping gradient: 24.623158287771144 with coef 0.812243489086971
clipping gradient: 20.155107984227634 with coef 0.9923042841373505
clipping gradient: 27.563150153376547 with coef 0.725606466920834
clipping gradient: 24.712784875711115 with coef 0.8092977015980477
clipping gradient: 24.614826812410207 with coef 0.8125184122732271
clipping gradient: 23.652622879280575 with coef 0.8455721846188894
clipping gradient: 23.045898389274967 with coef 0.8678333845864539
clipping gradient: 20.33512861317114 with coef 0.9835197200103236
clipping gradient: 23.282134871147246 with coef 0.8590277528537693
clipping gradient: 80.95633222609733 with coef 0.24704676521341637
