Start Training ...................................

          Initializing TSN with base model: BNInception.
          TSN Configurations:
              input_modality:     RGBDiff
              num_segments:       3
              new_length:         5
              consensus_module:   avg
              dropout_ratio:      0.8
               
Load and modify the standard model FC output layer
Dropout Layer added and The modified linear layer is : Linear(in_features=1024, out_features=101, bias=True)
Done. Loading and Modifying 
 ---------------------------------------------------
Converting the ImageNet model to RGBDiff model
The modified 1st layer is Conv2d(15, 64, kernel_size=(7, 7), stride=(2, 2), padding=(3, 3))
Done. RGBDiff model is ready.
Loading checkpoint '/lfs01/workdirs/alex039/alex039u2/tsn_paper/server_scripts/real-time-action-recognition/_rgbdiff_checkpoint.pth.tar'
Loaded checkpoint 'False' epoch 130
---------------------------------------------------
group: first_conv_weight has 1 params, lr_mult: 1, decay_mult: 1
group: first_conv_bias has 1 params, lr_mult: 2, decay_mult: 0
group: normal_weight has 69 params, lr_mult: 1, decay_mult: 1
group: normal_bias has 69 params, lr_mult: 2, decay_mult: 0
group: BN scale/shift has 2 params, lr_mult: 1, decay_mult: 0
---------------------------------------------------
Epoch: [130][0/150], lr: 0.00010	Time 46.051 (46.051)	Data 19.505 (19.505)	Loss 0.0122 (0.0122)	Acc@1 100.000 (100.000)	Acc@5 100.000 (100.000)
Epoch: [130][20/150], lr: 0.00010	Time 1.391 (3.526)	Data 0.000 (0.930)	Loss 0.0018 (0.0200)	Acc@1 100.000 (99.330)	Acc@5 100.000 (100.000)
Epoch: [130][40/150], lr: 0.00010	Time 1.665 (2.503)	Data 0.000 (0.478)	Loss 0.0173 (0.0236)	Acc@1 100.000 (99.238)	Acc@5 100.000 (100.000)
Epoch: [130][60/150], lr: 0.00010	Time 1.295 (2.166)	Data 0.000 (0.322)	Loss 0.0496 (0.0281)	Acc@1 98.438 (99.078)	Acc@5 100.000 (99.974)
Epoch: [130][80/150], lr: 0.00010	Time 1.981 (1.986)	Data 0.000 (0.243)	Loss 0.0109 (0.0272)	Acc@1 100.000 (99.074)	Acc@5 100.000 (99.981)
Epoch: [130][100/150], lr: 0.00010	Time 1.295 (1.877)	Data 0.000 (0.195)	Loss 0.0262 (0.0294)	Acc@1 98.438 (98.979)	Acc@5 100.000 (99.954)
Epoch: [130][120/150], lr: 0.00010	Time 1.363 (1.811)	Data 0.000 (0.163)	Loss 0.0068 (0.0280)	Acc@1 100.000 (99.044)	Acc@5 100.000 (99.961)
Epoch: [130][140/150], lr: 0.00010	Time 1.284 (1.789)	Data 0.000 (0.167)	Loss 0.0314 (0.0281)	Acc@1 98.438 (99.080)	Acc@5 100.000 (99.956)
Epoch: [131][0/150], lr: 0.00010	Time 30.931 (30.931)	Data 27.772 (27.772)	Loss 0.0704 (0.0704)	Acc@1 98.438 (98.438)	Acc@5 100.000 (100.000)
Epoch: [131][20/150], lr: 0.00010	Time 1.362 (2.882)	Data 0.000 (1.348)	Loss 0.0977 (0.0374)	Acc@1 95.312 (98.810)	Acc@5 100.000 (100.000)
Epoch: [131][40/150], lr: 0.00010	Time 1.382 (2.197)	Data 0.000 (0.692)	Loss 0.1085 (0.0346)	Acc@1 95.312 (98.895)	Acc@5 100.000 (99.962)
Epoch: [131][60/150], lr: 0.00010	Time 3.275 (1.977)	Data 0.423 (0.480)	Loss 0.0217 (0.0332)	Acc@1 98.438 (98.950)	Acc@5 100.000 (99.949)
Epoch: [131][80/150], lr: 0.00010	Time 1.343 (1.868)	Data 0.000 (0.391)	Loss 0.0444 (0.0321)	Acc@1 100.000 (99.016)	Acc@5 100.000 (99.942)
Epoch: [131][100/150], lr: 0.00010	Time 1.369 (1.832)	Data 0.000 (0.344)	Loss 0.0298 (0.0300)	Acc@1 100.000 (99.025)	Acc@5 100.000 (99.954)
Epoch: [131][120/150], lr: 0.00010	Time 3.937 (1.809)	Data 2.004 (0.330)	Loss 0.0720 (0.0296)	Acc@1 95.312 (98.980)	Acc@5 100.000 (99.961)
Epoch: [131][140/150], lr: 0.00010	Time 1.327 (1.764)	Data 0.000 (0.292)	Loss 0.0013 (0.0303)	Acc@1 100.000 (98.958)	Acc@5 100.000 (99.967)
Epoch: [132][0/150], lr: 0.00010	Time 31.390 (31.390)	Data 27.718 (27.718)	Loss 0.0849 (0.0849)	Acc@1 96.875 (96.875)	Acc@5 100.000 (100.000)
Epoch: [132][20/150], lr: 0.00010	Time 1.413 (2.833)	Data 0.000 (1.323)	Loss 0.0230 (0.0260)	Acc@1 98.438 (99.033)	Acc@5 100.000 (99.926)
Epoch: [132][40/150], lr: 0.00010	Time 1.491 (2.141)	Data 0.000 (0.692)	Loss 0.0557 (0.0368)	Acc@1 96.875 (98.857)	Acc@5 100.000 (99.924)
Epoch: [132][60/150], lr: 0.00010	Time 2.460 (1.942)	Data 0.653 (0.477)	Loss 0.0356 (0.0349)	Acc@1 98.438 (98.950)	Acc@5 100.000 (99.949)
Epoch: [132][80/150], lr: 0.00010	Time 1.348 (1.867)	Data 0.000 (0.401)	Loss 0.0643 (0.0354)	Acc@1 96.875 (98.939)	Acc@5 100.000 (99.904)
Epoch: [132][100/150], lr: 0.00010	Time 1.423 (1.831)	Data 0.003 (0.370)	Loss 0.0172 (0.0353)	Acc@1 100.000 (98.886)	Acc@5 100.000 (99.923)
Epoch: [132][120/150], lr: 0.00010	Time 2.903 (1.804)	Data 1.240 (0.323)	Loss 0.0160 (0.0355)	Acc@1 100.000 (98.825)	Acc@5 100.000 (99.923)
Epoch: [132][140/150], lr: 0.00010	Time 1.436 (1.753)	Data 0.000 (0.286)	Loss 0.0310 (0.0357)	Acc@1 98.438 (98.825)	Acc@5 100.000 (99.934)
Epoch: [133][0/150], lr: 0.00010	Time 27.049 (27.049)	Data 24.266 (24.266)	Loss 0.0424 (0.0424)	Acc@1 98.438 (98.438)	Acc@5 100.000 (100.000)
Epoch: [133][20/150], lr: 0.00010	Time 1.350 (2.654)	Data 0.000 (1.158)	Loss 0.0171 (0.0298)	Acc@1 100.000 (98.958)	Acc@5 100.000 (100.000)
Epoch: [133][40/150], lr: 0.00010	Time 1.351 (2.167)	Data 0.000 (0.684)	Loss 0.1096 (0.0401)	Acc@1 96.875 (98.819)	Acc@5 100.000 (99.962)
Epoch: [133][60/150], lr: 0.00010	Time 3.319 (1.991)	Data 1.558 (0.506)	Loss 0.0465 (0.0347)	Acc@1 98.438 (98.924)	Acc@5 100.000 (99.974)
Epoch: [133][80/150], lr: 0.00010	Time 1.356 (1.872)	Data 0.000 (0.388)	Loss 0.0089 (0.0401)	Acc@1 100.000 (98.727)	Acc@5 100.000 (99.923)
Epoch: [133][100/150], lr: 0.00010	Time 2.616 (1.806)	Data 0.000 (0.325)	Loss 0.0058 (0.0366)	Acc@1 100.000 (98.855)	Acc@5 100.000 (99.938)
Epoch: [133][120/150], lr: 0.00010	Time 1.489 (1.750)	Data 0.049 (0.272)	Loss 0.0510 (0.0346)	Acc@1 98.438 (98.928)	Acc@5 100.000 (99.923)
Epoch: [133][140/150], lr: 0.00010	Time 1.383 (1.711)	Data 0.000 (0.246)	Loss 0.0714 (0.0341)	Acc@1 96.875 (98.925)	Acc@5 100.000 (99.934)
Epoch: [134][0/150], lr: 0.00010	Time 23.635 (23.635)	Data 21.323 (21.323)	Loss 0.0207 (0.0207)	Acc@1 98.438 (98.438)	Acc@5 100.000 (100.000)
Epoch: [134][20/150], lr: 0.00010	Time 1.333 (2.659)	Data 0.000 (1.120)	Loss 0.0085 (0.0327)	Acc@1 100.000 (98.958)	Acc@5 100.000 (99.851)
Epoch: [134][40/150], lr: 0.00010	Time 1.371 (2.134)	Data 0.000 (0.638)	Loss 0.0431 (0.0372)	Acc@1 98.438 (98.552)	Acc@5 100.000 (99.886)
Epoch: [134][60/150], lr: 0.00010	Time 1.826 (1.974)	Data 0.000 (0.474)	Loss 0.0230 (0.0387)	Acc@1 100.000 (98.514)	Acc@5 100.000 (99.923)
Epoch: [134][80/150], lr: 0.00010	Time 1.300 (1.895)	Data 0.000 (0.410)	Loss 0.0096 (0.0329)	Acc@1 100.000 (98.804)	Acc@5 100.000 (99.942)
Epoch: [134][100/150], lr: 0.00010	Time 1.344 (1.833)	Data 0.000 (0.351)	Loss 0.0707 (0.0351)	Acc@1 98.438 (98.793)	Acc@5 100.000 (99.923)
Epoch: [134][120/150], lr: 0.00010	Time 1.382 (1.786)	Data 0.010 (0.293)	Loss 0.0506 (0.0345)	Acc@1 98.438 (98.864)	Acc@5 100.000 (99.935)
Epoch: [134][140/150], lr: 0.00010	Time 1.378 (1.737)	Data 0.000 (0.258)	Loss 0.0101 (0.0332)	Acc@1 100.000 (98.914)	Acc@5 100.000 (99.945)
Test: [0/60]	Time 29.874 (29.874)	Loss 0.3152 (0.3152)	Acc@1 93.750 (93.750)	Acc@5 98.438 (98.438)
Test: [20/60]	Time 0.489 (2.378)	Loss 3.4075 (1.3737)	Acc@1 56.250 (75.446)	Acc@5 70.312 (92.634)
Test: [40/60]	Time 1.959 (2.094)	Loss 0.6207 (1.2527)	Acc@1 85.938 (77.706)	Acc@5 98.438 (93.559)
 * Acc@1 78.747 Acc@5 93.999 Loss 1.19173
Epoch: [135][0/150], lr: 0.00010	Time 28.649 (28.649)	Data 24.183 (24.183)	Loss 0.0653 (0.0653)	Acc@1 98.438 (98.438)	Acc@5 100.000 (100.000)
Epoch: [135][20/150], lr: 0.00010	Time 1.287 (2.659)	Data 0.001 (1.177)	Loss 0.0038 (0.0263)	Acc@1 100.000 (99.182)	Acc@5 100.000 (100.000)
Epoch: [135][40/150], lr: 0.00010	Time 1.358 (2.135)	Data 0.000 (0.656)	Loss 0.0249 (0.0292)	Acc@1 98.438 (99.085)	Acc@5 100.000 (99.886)
Epoch: [135][60/150], lr: 0.00010	Time 2.441 (1.950)	Data 0.380 (0.448)	Loss 0.0164 (0.0303)	Acc@1 100.000 (99.001)	Acc@5 100.000 (99.923)
Epoch: [135][80/150], lr: 0.00010	Time 1.350 (1.846)	Data 0.000 (0.348)	Loss 0.0041 (0.0317)	Acc@1 100.000 (98.978)	Acc@5 100.000 (99.923)
Epoch: [135][100/150], lr: 0.00010	Time 1.728 (1.807)	Data 0.000 (0.303)	Loss 0.0003 (0.0360)	Acc@1 100.000 (98.855)	Acc@5 100.000 (99.923)
Epoch: [135][120/150], lr: 0.00010	Time 2.746 (1.772)	Data 0.714 (0.270)	Loss 0.0052 (0.0342)	Acc@1 100.000 (98.915)	Acc@5 100.000 (99.935)
Epoch: [135][140/150], lr: 0.00010	Time 1.324 (1.718)	Data 0.000 (0.232)	Loss 0.0338 (0.0339)	Acc@1 98.438 (98.925)	Acc@5 100.000 (99.945)
Epoch: [136][0/150], lr: 0.00010	Time 28.726 (28.726)	Data 26.350 (26.350)	Loss 0.0746 (0.0746)	Acc@1 98.438 (98.438)	Acc@5 100.000 (100.000)
Epoch: [136][20/150], lr: 0.00010	Time 1.579 (2.776)	Data 0.000 (1.310)	Loss 0.0661 (0.0500)	Acc@1 98.438 (98.810)	Acc@5 100.000 (99.777)
Epoch: [136][40/150], lr: 0.00010	Time 1.517 (2.144)	Data 0.000 (0.674)	Loss 0.0073 (0.0431)	Acc@1 100.000 (98.742)	Acc@5 100.000 (99.809)
Epoch: [136][60/150], lr: 0.00010	Time 1.513 (1.916)	Data 0.000 (0.454)	Loss 0.0266 (0.0386)	Acc@1 100.000 (98.924)	Acc@5 100.000 (99.872)
Epoch: [136][80/150], lr: 0.00010	Time 1.379 (1.828)	Data 0.012 (0.342)	Loss 0.0483 (0.0446)	Acc@1 98.438 (98.765)	Acc@5 100.000 (99.865)
Epoch: [136][100/150], lr: 0.00010	Time 1.340 (1.771)	Data 0.000 (0.275)	Loss 0.0106 (0.0425)	Acc@1 100.000 (98.793)	Acc@5 100.000 (99.892)
Epoch: [136][120/150], lr: 0.00010	Time 2.888 (1.725)	Data 0.607 (0.234)	Loss 0.0398 (0.0407)	Acc@1 98.438 (98.838)	Acc@5 100.000 (99.897)
Epoch: [136][140/150], lr: 0.00010	Time 1.281 (1.686)	Data 0.000 (0.204)	Loss 0.0035 (0.0375)	Acc@1 100.000 (98.936)	Acc@5 100.000 (99.900)
Epoch: [137][0/150], lr: 0.00010	Time 32.851 (32.851)	Data 28.785 (28.785)	Loss 0.0046 (0.0046)	Acc@1 100.000 (100.000)	Acc@5 100.000 (100.000)
Epoch: [137][20/150], lr: 0.00010	Time 1.358 (2.917)	Data 0.006 (1.374)	Loss 0.0208 (0.0186)	Acc@1 100.000 (99.405)	Acc@5 100.000 (100.000)
Epoch: [137][40/150], lr: 0.00010	Time 1.379 (2.195)	Data 0.000 (0.706)	Loss 0.0011 (0.0282)	Acc@1 100.000 (99.162)	Acc@5 100.000 (99.962)
Epoch: [137][60/150], lr: 0.00010	Time 1.459 (1.969)	Data 0.001 (0.476)	Loss 0.0180 (0.0303)	Acc@1 100.000 (99.078)	Acc@5 100.000 (99.923)
Epoch: [137][80/150], lr: 0.00010	Time 1.359 (1.861)	Data 0.000 (0.366)	Loss 0.0085 (0.0326)	Acc@1 100.000 (99.016)	Acc@5 100.000 (99.884)
Epoch: [137][100/150], lr: 0.00010	Time 1.294 (1.790)	Data 0.000 (0.299)	Loss 0.0117 (0.0327)	Acc@1 100.000 (98.979)	Acc@5 100.000 (99.892)
Epoch: [137][120/150], lr: 0.00010	Time 3.317 (1.776)	Data 1.255 (0.266)	Loss 0.0008 (0.0317)	Acc@1 100.000 (99.019)	Acc@5 100.000 (99.910)
Epoch: [137][140/150], lr: 0.00010	Time 1.330 (1.728)	Data 0.000 (0.235)	Loss 0.0005 (0.0317)	Acc@1 100.000 (99.036)	Acc@5 100.000 (99.922)
slurmstepd: error: *** JOB 224097 ON comp003 CANCELLED AT 2019-02-26T23:05:02 ***
