Start Training ...................................

          Initializing TSN with base model: BNInception.
          TSN Configurations:
              input_modality:     RGBDiff
              num_segments:       3
              new_length:         5
              consensus_module:   avg
              dropout_ratio:      0.8
               
Load and modify the standard model FC output layer
Dropout Layer added and The modified linear layer is : Linear(in_features=1024, out_features=101, bias=True)
Done. Loading and Modifying 
 ---------------------------------------------------
Converting the ImageNet model to RGBDiff model
The modified 1st layer is Conv2d(15, 64, kernel_size=(7, 7), stride=(2, 2), padding=(3, 3))
Done. RGBDiff model is ready.
Loading checkpoint '/lfs01/workdirs/alex039/alex039u2/tsn_paper/server_scripts/real-time-action-recognition/_rgbdiff_checkpoint.pth.tar'
Loaded checkpoint 'False' epoch 120
---------------------------------------------------
group: first_conv_weight has 1 params, lr_mult: 1, decay_mult: 1
group: first_conv_bias has 1 params, lr_mult: 2, decay_mult: 0
group: normal_weight has 69 params, lr_mult: 1, decay_mult: 1
group: normal_bias has 69 params, lr_mult: 2, decay_mult: 0
group: BN scale/shift has 2 params, lr_mult: 1, decay_mult: 0
---------------------------------------------------
Epoch: [120][0/150], lr: 0.00010	Time 29.817 (29.817)	Data 18.871 (18.871)	Loss 0.0072 (0.0072)	Acc@1 100.000 (100.000)	Acc@5 100.000 (100.000)
Epoch: [120][20/150], lr: 0.00010	Time 17.152 (9.163)	Data 15.580 (7.305)	Loss 0.0309 (0.0372)	Acc@1 98.438 (98.884)	Acc@5 100.000 (100.000)
Epoch: [120][40/150], lr: 0.00010	Time 15.658 (8.973)	Data 14.294 (7.340)	Loss 0.0971 (0.0392)	Acc@1 96.875 (98.780)	Acc@5 100.000 (99.962)
Epoch: [120][60/150], lr: 0.00010	Time 16.139 (8.931)	Data 14.629 (7.378)	Loss 0.0276 (0.0405)	Acc@1 98.438 (98.694)	Acc@5 100.000 (99.974)
Epoch: [120][80/150], lr: 0.00010	Time 15.123 (8.893)	Data 13.715 (7.375)	Loss 0.0161 (0.0353)	Acc@1 100.000 (98.881)	Acc@5 100.000 (99.981)
Epoch: [120][100/150], lr: 0.00010	Time 15.749 (8.871)	Data 14.323 (7.381)	Loss 0.0189 (0.0374)	Acc@1 98.438 (98.824)	Acc@5 100.000 (99.938)
Epoch: [120][120/150], lr: 0.00010	Time 16.408 (8.863)	Data 15.018 (7.387)	Loss 0.0238 (0.0352)	Acc@1 100.000 (98.889)	Acc@5 100.000 (99.948)
Epoch: [120][140/150], lr: 0.00010	Time 16.985 (8.869)	Data 15.402 (7.401)	Loss 0.0200 (0.0346)	Acc@1 100.000 (98.936)	Acc@5 100.000 (99.945)
Epoch: [121][0/150], lr: 0.00010	Time 20.727 (20.727)	Data 19.385 (19.385)	Loss 0.0859 (0.0859)	Acc@1 96.875 (96.875)	Acc@5 98.438 (98.438)
Epoch: [121][20/150], lr: 0.00010	Time 16.185 (9.170)	Data 14.780 (7.781)	Loss 0.0190 (0.0382)	Acc@1 98.438 (98.735)	Acc@5 100.000 (99.851)
Epoch: [121][40/150], lr: 0.00010	Time 16.164 (8.900)	Data 14.725 (7.507)	Loss 0.0107 (0.0381)	Acc@1 100.000 (98.857)	Acc@5 100.000 (99.924)
Epoch: [121][60/150], lr: 0.00010	Time 15.270 (8.798)	Data 13.928 (7.402)	Loss 0.0346 (0.0377)	Acc@1 98.438 (98.899)	Acc@5 100.000 (99.949)
Epoch: [121][80/150], lr: 0.00010	Time 16.233 (8.754)	Data 14.693 (7.364)	Loss 0.0168 (0.0373)	Acc@1 98.438 (98.881)	Acc@5 100.000 (99.961)
Epoch: [121][100/150], lr: 0.00010	Time 15.198 (8.719)	Data 13.725 (7.323)	Loss 0.0217 (0.0338)	Acc@1 98.438 (98.979)	Acc@5 100.000 (99.969)
Epoch: [121][120/150], lr: 0.00010	Time 16.492 (8.728)	Data 15.141 (7.332)	Loss 0.0336 (0.0332)	Acc@1 98.438 (99.019)	Acc@5 100.000 (99.974)
Epoch: [121][140/150], lr: 0.00010	Time 16.540 (8.780)	Data 14.960 (7.371)	Loss 0.0231 (0.0339)	Acc@1 98.438 (98.958)	Acc@5 100.000 (99.978)
Epoch: [122][0/150], lr: 0.00010	Time 20.203 (20.203)	Data 18.639 (18.639)	Loss 0.1055 (0.1055)	Acc@1 96.875 (96.875)	Acc@5 100.000 (100.000)
Epoch: [122][20/150], lr: 0.00010	Time 16.084 (9.071)	Data 14.462 (7.667)	Loss 0.0171 (0.0315)	Acc@1 98.438 (99.107)	Acc@5 100.000 (99.926)
Epoch: [122][40/150], lr: 0.00010	Time 16.174 (8.805)	Data 14.232 (7.404)	Loss 0.0505 (0.0283)	Acc@1 98.438 (99.162)	Acc@5 100.000 (99.962)
Epoch: [122][60/150], lr: 0.00010	Time 15.112 (8.697)	Data 13.703 (7.299)	Loss 0.0072 (0.0313)	Acc@1 100.000 (98.924)	Acc@5 100.000 (99.974)
Epoch: [122][80/150], lr: 0.00010	Time 14.885 (8.650)	Data 13.453 (7.249)	Loss 0.0027 (0.0315)	Acc@1 100.000 (98.958)	Acc@5 100.000 (99.981)
Epoch: [122][100/150], lr: 0.00010	Time 15.015 (8.625)	Data 13.647 (7.223)	Loss 0.0336 (0.0321)	Acc@1 98.438 (98.979)	Acc@5 100.000 (99.969)
Epoch: [122][120/150], lr: 0.00010	Time 15.137 (8.620)	Data 13.725 (7.219)	Loss 0.0170 (0.0319)	Acc@1 98.438 (98.993)	Acc@5 100.000 (99.974)
Epoch: [122][140/150], lr: 0.00010	Time 16.032 (8.614)	Data 14.607 (7.219)	Loss 0.0159 (0.0312)	Acc@1 100.000 (99.036)	Acc@5 100.000 (99.978)
Epoch: [123][0/150], lr: 0.00010	Time 21.997 (21.997)	Data 20.574 (20.574)	Loss 0.0029 (0.0029)	Acc@1 100.000 (100.000)	Acc@5 100.000 (100.000)
Epoch: [123][20/150], lr: 0.00010	Time 15.402 (8.990)	Data 14.020 (7.592)	Loss 0.0465 (0.0340)	Acc@1 98.438 (99.107)	Acc@5 100.000 (99.777)
Epoch: [123][40/150], lr: 0.00010	Time 15.162 (8.630)	Data 13.729 (7.234)	Loss 0.0544 (0.0318)	Acc@1 98.438 (99.085)	Acc@5 100.000 (99.886)
Epoch: [123][60/150], lr: 0.00010	Time 15.125 (8.560)	Data 13.774 (7.169)	Loss 0.0184 (0.0346)	Acc@1 100.000 (98.950)	Acc@5 100.000 (99.898)
Epoch: [123][80/150], lr: 0.00010	Time 16.104 (8.531)	Data 14.736 (7.137)	Loss 0.0269 (0.0306)	Acc@1 96.875 (99.074)	Acc@5 100.000 (99.923)
Epoch: [123][100/150], lr: 0.00010	Time 15.665 (8.498)	Data 14.270 (7.100)	Loss 0.0044 (0.0294)	Acc@1 100.000 (99.087)	Acc@5 100.000 (99.938)
Epoch: [123][120/150], lr: 0.00010	Time 15.132 (8.466)	Data 13.677 (7.069)	Loss 0.0062 (0.0319)	Acc@1 100.000 (98.993)	Acc@5 100.000 (99.935)
Epoch: [123][140/150], lr: 0.00010	Time 15.368 (8.452)	Data 13.952 (7.054)	Loss 0.0015 (0.0313)	Acc@1 100.000 (99.025)	Acc@5 100.000 (99.945)
Epoch: [124][0/150], lr: 0.00010	Time 19.646 (19.646)	Data 18.292 (18.292)	Loss 0.0022 (0.0022)	Acc@1 100.000 (100.000)	Acc@5 100.000 (100.000)
Epoch: [124][20/150], lr: 0.00010	Time 15.423 (8.854)	Data 14.060 (7.463)	Loss 0.0072 (0.0351)	Acc@1 100.000 (98.661)	Acc@5 100.000 (100.000)
Epoch: [124][40/150], lr: 0.00010	Time 15.302 (8.754)	Data 13.907 (7.368)	Loss 0.0059 (0.0404)	Acc@1 100.000 (98.704)	Acc@5 100.000 (100.000)
Epoch: [124][60/150], lr: 0.00010	Time 15.397 (8.660)	Data 13.925 (7.265)	Loss 0.0126 (0.0357)	Acc@1 100.000 (98.899)	Acc@5 100.000 (100.000)
Epoch: [124][80/150], lr: 0.00010	Time 14.383 (8.536)	Data 12.963 (7.147)	Loss 0.0054 (0.0358)	Acc@1 100.000 (98.920)	Acc@5 100.000 (100.000)
Epoch: [124][100/150], lr: 0.00010	Time 13.799 (8.475)	Data 12.446 (7.086)	Loss 0.0399 (0.0350)	Acc@1 98.438 (98.902)	Acc@5 100.000 (99.985)
Epoch: [124][120/150], lr: 0.00010	Time 15.607 (8.445)	Data 14.248 (7.056)	Loss 0.0160 (0.0357)	Acc@1 100.000 (98.928)	Acc@5 100.000 (99.974)
Epoch: [124][140/150], lr: 0.00010	Time 15.029 (8.411)	Data 13.468 (7.022)	Loss 0.2064 (0.0360)	Acc@1 93.750 (98.925)	Acc@5 100.000 (99.978)
Test: [0/60]	Time 20.784 (20.784)	Loss 0.1998 (0.1998)	Acc@1 92.188 (92.188)	Acc@5 100.000 (100.000)
Test: [20/60]	Time 15.669 (8.553)	Loss 3.2589 (1.1311)	Acc@1 56.250 (79.092)	Acc@5 75.000 (94.866)
Test: [40/60]	Time 16.361 (8.311)	Loss 0.4741 (1.1267)	Acc@1 90.625 (79.992)	Acc@5 98.438 (94.741)
 * Acc@1 81.020 Acc@5 95.004 Loss 1.04457
Epoch: [125][0/150], lr: 0.00010	Time 20.342 (20.342)	Data 18.746 (18.746)	Loss 0.0153 (0.0153)	Acc@1 100.000 (100.000)	Acc@5 100.000 (100.000)
Epoch: [125][20/150], lr: 0.00010	Time 15.313 (8.826)	Data 13.941 (7.406)	Loss 0.0463 (0.0336)	Acc@1 96.875 (98.735)	Acc@5 100.000 (100.000)
Epoch: [125][40/150], lr: 0.00010	Time 16.657 (8.643)	Data 14.901 (7.230)	Loss 0.1004 (0.0382)	Acc@1 98.438 (98.666)	Acc@5 98.438 (99.924)
Epoch: [125][60/150], lr: 0.00010	Time 15.715 (8.517)	Data 14.323 (7.116)	Loss 0.0190 (0.0352)	Acc@1 100.000 (98.796)	Acc@5 100.000 (99.949)
Epoch: [125][80/150], lr: 0.00010	Time 15.266 (8.450)	Data 13.846 (7.046)	Loss 0.0979 (0.0369)	Acc@1 96.875 (98.804)	Acc@5 100.000 (99.961)
Epoch: [125][100/150], lr: 0.00010	Time 16.075 (8.427)	Data 14.581 (7.023)	Loss 0.0082 (0.0340)	Acc@1 100.000 (98.902)	Acc@5 100.000 (99.969)
Epoch: [125][120/150], lr: 0.00010	Time 15.932 (8.406)	Data 14.352 (7.000)	Loss 0.0654 (0.0343)	Acc@1 98.438 (98.915)	Acc@5 100.000 (99.961)
Epoch: [125][140/150], lr: 0.00010	Time 16.023 (8.383)	Data 14.118 (6.975)	Loss 0.0129 (0.0325)	Acc@1 100.000 (98.936)	Acc@5 100.000 (99.956)
Epoch: [126][0/150], lr: 0.00010	Time 20.945 (20.945)	Data 19.441 (19.441)	Loss 0.0794 (0.0794)	Acc@1 96.875 (96.875)	Acc@5 100.000 (100.000)
Epoch: [126][20/150], lr: 0.00010	Time 14.348 (8.637)	Data 12.998 (7.247)	Loss 0.0071 (0.0380)	Acc@1 100.000 (98.735)	Acc@5 100.000 (100.000)
Epoch: [126][40/150], lr: 0.00010	Time 15.033 (8.393)	Data 13.597 (6.998)	Loss 0.0275 (0.0291)	Acc@1 100.000 (99.085)	Acc@5 100.000 (100.000)
Epoch: [126][60/150], lr: 0.00010	Time 14.517 (8.340)	Data 13.121 (6.937)	Loss 0.0623 (0.0338)	Acc@1 96.875 (98.924)	Acc@5 100.000 (100.000)
Epoch: [126][80/150], lr: 0.00010	Time 15.137 (8.294)	Data 13.762 (6.899)	Loss 0.0140 (0.0310)	Acc@1 100.000 (99.055)	Acc@5 100.000 (99.981)
Epoch: [126][100/150], lr: 0.00010	Time 15.135 (8.263)	Data 13.705 (6.866)	Loss 0.0102 (0.0312)	Acc@1 100.000 (98.994)	Acc@5 100.000 (99.985)
Epoch: [126][120/150], lr: 0.00010	Time 14.415 (8.230)	Data 13.026 (6.828)	Loss 0.0179 (0.0329)	Acc@1 98.438 (98.980)	Acc@5 100.000 (99.974)
Epoch: [126][140/150], lr: 0.00010	Time 15.477 (8.234)	Data 13.980 (6.834)	Loss 0.0210 (0.0317)	Acc@1 100.000 (99.047)	Acc@5 100.000 (99.978)
Epoch: [127][0/150], lr: 0.00010	Time 19.205 (19.205)	Data 17.789 (17.789)	Loss 0.0510 (0.0510)	Acc@1 98.438 (98.438)	Acc@5 100.000 (100.000)
Epoch: [127][20/150], lr: 0.00010	Time 13.992 (8.617)	Data 12.631 (7.229)	Loss 0.0271 (0.0340)	Acc@1 100.000 (98.810)	Acc@5 100.000 (99.926)
Epoch: [127][40/150], lr: 0.00010	Time 15.065 (8.377)	Data 13.541 (6.989)	Loss 0.0066 (0.0317)	Acc@1 100.000 (98.895)	Acc@5 100.000 (99.962)
Epoch: [127][60/150], lr: 0.00010	Time 14.473 (8.285)	Data 13.120 (6.904)	Loss 0.0620 (0.0351)	Acc@1 98.438 (98.847)	Acc@5 100.000 (99.949)
Epoch: [127][80/150], lr: 0.00010	Time 15.535 (8.255)	Data 14.186 (6.873)	Loss 0.0988 (0.0349)	Acc@1 96.875 (98.823)	Acc@5 98.438 (99.923)
Epoch: [127][100/150], lr: 0.00010	Time 14.755 (8.234)	Data 13.331 (6.854)	Loss 0.0652 (0.0362)	Acc@1 98.438 (98.731)	Acc@5 100.000 (99.923)
Epoch: [127][120/150], lr: 0.00010	Time 15.607 (8.233)	Data 14.248 (6.854)	Loss 0.0455 (0.0377)	Acc@1 98.438 (98.735)	Acc@5 100.000 (99.935)
Epoch: [127][140/150], lr: 0.00010	Time 14.716 (8.223)	Data 13.362 (6.846)	Loss 0.0124 (0.0374)	Acc@1 100.000 (98.781)	Acc@5 100.000 (99.945)
Epoch: [128][0/150], lr: 0.00010	Time 19.858 (19.858)	Data 17.769 (17.769)	Loss 0.0206 (0.0206)	Acc@1 98.438 (98.438)	Acc@5 100.000 (100.000)
Epoch: [128][20/150], lr: 0.00010	Time 14.073 (8.486)	Data 12.561 (7.050)	Loss 0.1322 (0.0292)	Acc@1 95.312 (99.033)	Acc@5 98.438 (99.926)
Epoch: [128][40/150], lr: 0.00010	Time 14.195 (8.254)	Data 12.778 (6.838)	Loss 0.0973 (0.0324)	Acc@1 96.875 (98.857)	Acc@5 100.000 (99.962)
Epoch: [128][60/150], lr: 0.00010	Time 14.301 (8.199)	Data 12.940 (6.794)	Loss 0.1118 (0.0320)	Acc@1 96.875 (99.001)	Acc@5 100.000 (99.974)
Epoch: [128][80/150], lr: 0.00010	Time 15.534 (8.187)	Data 13.949 (6.785)	Loss 0.0112 (0.0288)	Acc@1 100.000 (99.093)	Acc@5 100.000 (99.981)
Epoch: [128][100/150], lr: 0.00010	Time 14.297 (8.152)	Data 12.887 (6.755)	Loss 0.0045 (0.0274)	Acc@1 100.000 (99.180)	Acc@5 100.000 (99.985)
Epoch: [128][120/150], lr: 0.00010	Time 15.630 (8.150)	Data 13.794 (6.749)	Loss 0.0182 (0.0291)	Acc@1 100.000 (99.096)	Acc@5 100.000 (99.987)
Epoch: [128][140/150], lr: 0.00010	Time 15.324 (8.149)	Data 13.696 (6.750)	Loss 0.0289 (0.0292)	Acc@1 98.438 (99.069)	Acc@5 100.000 (99.989)
Epoch: [129][0/150], lr: 0.00010	Time 19.515 (19.515)	Data 18.083 (18.083)	Loss 0.0107 (0.0107)	Acc@1 100.000 (100.000)	Acc@5 100.000 (100.000)
Epoch: [129][20/150], lr: 0.00010	Time 15.846 (8.536)	Data 14.179 (7.088)	Loss 0.0964 (0.0310)	Acc@1 98.438 (99.182)	Acc@5 100.000 (100.000)
Epoch: [129][40/150], lr: 0.00010	Time 14.461 (8.219)	Data 13.093 (6.799)	Loss 0.0227 (0.0239)	Acc@1 98.438 (99.390)	Acc@5 100.000 (100.000)
Epoch: [129][60/150], lr: 0.00010	Time 14.180 (8.135)	Data 12.718 (6.718)	Loss 0.0360 (0.0287)	Acc@1 98.438 (99.206)	Acc@5 100.000 (100.000)
Epoch: [129][80/150], lr: 0.00010	Time 13.225 (8.099)	Data 11.815 (6.683)	Loss 0.0133 (0.0270)	Acc@1 100.000 (99.248)	Acc@5 100.000 (99.981)
Epoch: [129][100/150], lr: 0.00010	Time 14.206 (8.087)	Data 12.650 (6.674)	Loss 0.0245 (0.0302)	Acc@1 100.000 (99.134)	Acc@5 100.000 (99.969)
Epoch: [129][120/150], lr: 0.00010	Time 12.922 (8.143)	Data 11.409 (6.730)	Loss 0.0190 (0.0301)	Acc@1 100.000 (99.135)	Acc@5 100.000 (99.974)
Epoch: [129][140/150], lr: 0.00010	Time 12.686 (8.188)	Data 10.955 (6.774)	Loss 0.0097 (0.0294)	Acc@1 100.000 (99.125)	Acc@5 100.000 (99.978)
Test: [0/60]	Time 19.578 (19.578)	Loss 0.0262 (0.0262)	Acc@1 98.438 (98.438)	Acc@5 100.000 (100.000)
Test: [20/60]	Time 15.283 (8.473)	Loss 2.8109 (1.0241)	Acc@1 60.938 (80.729)	Acc@5 79.688 (94.122)
Test: [40/60]	Time 16.891 (8.276)	Loss 0.5982 (1.0546)	Acc@1 89.062 (80.945)	Acc@5 93.750 (94.169)
 * Acc@1 81.919 Acc@5 94.607 Loss 0.99968
Epoch: [130][0/150], lr: 0.00010	Time 20.658 (20.658)	Data 18.910 (18.910)	Loss 0.0203 (0.0203)	Acc@1 98.438 (98.438)	Acc@5 100.000 (100.000)
Epoch: [130][20/150], lr: 0.00010	Time 16.067 (9.033)	Data 14.402 (7.593)	Loss 0.0973 (0.0498)	Acc@1 95.312 (98.661)	Acc@5 100.000 (99.851)
Epoch: [130][40/150], lr: 0.00010	Time 14.058 (8.695)	Data 12.620 (7.282)	Loss 0.0971 (0.0478)	Acc@1 98.438 (98.704)	Acc@5 100.000 (99.886)
Epoch: [130][60/150], lr: 0.00010	Time 14.253 (8.625)	Data 12.871 (7.202)	Loss 0.0033 (0.0398)	Acc@1 100.000 (98.847)	Acc@5 100.000 (99.923)
Epoch: [130][80/150], lr: 0.00010	Time 13.782 (8.559)	Data 12.355 (7.142)	Loss 0.0155 (0.0416)	Acc@1 100.000 (98.785)	Acc@5 100.000 (99.904)
Epoch: [130][100/150], lr: 0.00010	Time 12.945 (8.524)	Data 11.539 (7.111)	Loss 0.0257 (0.0412)	Acc@1 98.438 (98.809)	Acc@5 100.000 (99.907)
Epoch: [130][120/150], lr: 0.00010	Time 11.729 (8.503)	Data 10.371 (7.092)	Loss 0.0649 (0.0397)	Acc@1 98.438 (98.773)	Acc@5 100.000 (99.923)
Epoch: [130][140/150], lr: 0.00010	Time 12.293 (8.499)	Data 10.711 (7.089)	Loss 0.0391 (0.0412)	Acc@1 98.438 (98.692)	Acc@5 100.000 (99.922)
slurmstepd: error: *** JOB 224043 ON comp003 CANCELLED AT 2019-02-26T21:24:43 ***
