Start Training ...................................

          Initializing TSN with base model: BNInception.
          TSN Configurations:
              input_modality:     RGBDiff
              num_segments:       3
              new_length:         5
              consensus_module:   avg
              dropout_ratio:      0.8
               
Load and modify the standard model FC output layer
Dropout Layer added and The modified linear layer is : Linear(in_features=1024, out_features=101, bias=True)
Done. Loading and Modifying 
 ---------------------------------------------------
Converting the ImageNet model to RGBDiff model
The modified 1st layer is Conv2d(15, 64, kernel_size=(7, 7), stride=(2, 2), padding=(3, 3))
Done. RGBDiff model is ready.
Loading checkpoint '/home/alex039u2/data/tsn_paper/server_scripts/real-time-action-recognition/_rgbdiff_checkpoint.pth.tar'
Loaded checkpoint 'False' epoch 115
---------------------------------------------------
group: first_conv_weight has 1 params, lr_mult: 1, decay_mult: 1
group: first_conv_bias has 1 params, lr_mult: 2, decay_mult: 0
group: normal_weight has 69 params, lr_mult: 1, decay_mult: 1
group: normal_bias has 69 params, lr_mult: 2, decay_mult: 0
group: BN scale/shift has 2 params, lr_mult: 1, decay_mult: 0
---------------------------------------------------
Epoch: [115][0/150], lr: 0.00010	Time 50.465 (50.465)	Data 26.206 (26.206)	Loss 0.0485 (0.0485)	Acc@1 98.438 (98.438)	Acc@5 100.000 (100.000)
Epoch: [115][20/150], lr: 0.00010	Time 1.286 (3.714)	Data 0.000 (1.249)	Loss 0.0011 (0.0290)	Acc@1 100.000 (99.107)	Acc@5 100.000 (100.000)
Epoch: [115][40/150], lr: 0.00010	Time 1.382 (2.573)	Data 0.000 (0.640)	Loss 0.0240 (0.0278)	Acc@1 98.438 (98.971)	Acc@5 100.000 (100.000)
Epoch: [115][60/150], lr: 0.00010	Time 1.457 (2.233)	Data 0.000 (0.431)	Loss 0.0640 (0.0256)	Acc@1 98.438 (99.129)	Acc@5 100.000 (100.000)
Epoch: [115][80/150], lr: 0.00010	Time 1.357 (2.048)	Data 0.000 (0.325)	Loss 0.0035 (0.0270)	Acc@1 100.000 (99.113)	Acc@5 100.000 (100.000)
Epoch: [115][100/150], lr: 0.00010	Time 1.352 (1.955)	Data 0.000 (0.282)	Loss 0.0522 (0.0272)	Acc@1 96.875 (99.087)	Acc@5 100.000 (100.000)
Epoch: [115][120/150], lr: 0.00010	Time 1.358 (1.901)	Data 0.000 (0.253)	Loss 0.0643 (0.0278)	Acc@1 96.875 (99.070)	Acc@5 100.000 (100.000)
Epoch: [115][140/150], lr: 0.00010	Time 1.449 (1.859)	Data 0.000 (0.233)	Loss 0.0130 (0.0269)	Acc@1 100.000 (99.136)	Acc@5 100.000 (99.989)
Epoch: [116][0/150], lr: 0.00010	Time 30.623 (30.623)	Data 27.406 (27.406)	Loss 0.0427 (0.0427)	Acc@1 98.438 (98.438)	Acc@5 100.000 (100.000)
Epoch: [116][20/150], lr: 0.00010	Time 1.455 (2.866)	Data 0.000 (1.357)	Loss 0.0591 (0.0328)	Acc@1 98.438 (98.958)	Acc@5 100.000 (99.926)
Epoch: [116][40/150], lr: 0.00010	Time 2.199 (2.203)	Data 0.000 (0.698)	Loss 0.0285 (0.0280)	Acc@1 98.438 (99.123)	Acc@5 100.000 (99.962)
Epoch: [116][60/150], lr: 0.00010	Time 2.083 (2.034)	Data 0.414 (0.529)	Loss 0.0010 (0.0279)	Acc@1 100.000 (99.129)	Acc@5 100.000 (99.974)
Epoch: [116][80/150], lr: 0.00010	Time 1.406 (1.945)	Data 0.024 (0.442)	Loss 0.2051 (0.0326)	Acc@1 96.875 (99.074)	Acc@5 100.000 (99.981)
Epoch: [116][100/150], lr: 0.00010	Time 1.788 (1.865)	Data 0.000 (0.367)	Loss 0.0096 (0.0344)	Acc@1 100.000 (98.979)	Acc@5 100.000 (99.954)
Epoch: [116][120/150], lr: 0.00010	Time 4.636 (1.845)	Data 2.323 (0.345)	Loss 0.0106 (0.0335)	Acc@1 100.000 (98.967)	Acc@5 100.000 (99.948)
Epoch: [116][140/150], lr: 0.00010	Time 1.688 (1.797)	Data 0.000 (0.304)	Loss 0.0159 (0.0341)	Acc@1 100.000 (98.947)	Acc@5 100.000 (99.956)
Epoch: [117][0/150], lr: 0.00010	Time 29.671 (29.671)	Data 27.012 (27.012)	Loss 0.0082 (0.0082)	Acc@1 100.000 (100.000)	Acc@5 100.000 (100.000)
Epoch: [117][20/150], lr: 0.00010	Time 1.371 (2.793)	Data 0.000 (1.288)	Loss 0.0039 (0.0320)	Acc@1 100.000 (99.107)	Acc@5 100.000 (100.000)
Epoch: [117][40/150], lr: 0.00010	Time 1.360 (2.220)	Data 0.000 (0.717)	Loss 0.0220 (0.0326)	Acc@1 100.000 (99.123)	Acc@5 100.000 (100.000)
Epoch: [117][60/150], lr: 0.00010	Time 1.385 (1.998)	Data 0.000 (0.512)	Loss 0.0420 (0.0325)	Acc@1 98.438 (99.103)	Acc@5 100.000 (100.000)
Epoch: [117][80/150], lr: 0.00010	Time 1.426 (1.924)	Data 0.000 (0.439)	Loss 0.0054 (0.0315)	Acc@1 100.000 (99.132)	Acc@5 100.000 (100.000)
Epoch: [117][100/150], lr: 0.00010	Time 1.432 (1.864)	Data 0.000 (0.382)	Loss 0.0505 (0.0324)	Acc@1 98.438 (99.072)	Acc@5 100.000 (99.985)
Epoch: [117][120/150], lr: 0.00010	Time 1.697 (1.827)	Data 0.000 (0.346)	Loss 0.0032 (0.0325)	Acc@1 100.000 (99.019)	Acc@5 100.000 (99.987)
Epoch: [117][140/150], lr: 0.00010	Time 1.353 (1.796)	Data 0.000 (0.315)	Loss 0.0107 (0.0337)	Acc@1 100.000 (99.003)	Acc@5 100.000 (99.978)
Epoch: [118][0/150], lr: 0.00010	Time 24.747 (24.747)	Data 21.939 (21.939)	Loss 0.0010 (0.0010)	Acc@1 100.000 (100.000)	Acc@5 100.000 (100.000)
Epoch: [118][20/150], lr: 0.00010	Time 1.350 (2.773)	Data 0.000 (1.237)	Loss 0.1142 (0.0324)	Acc@1 96.875 (99.107)	Acc@5 98.438 (99.851)
Epoch: [118][40/150], lr: 0.00010	Time 1.387 (2.258)	Data 0.000 (0.732)	Loss 0.0981 (0.0387)	Acc@1 98.438 (98.857)	Acc@5 100.000 (99.886)
Epoch: [118][60/150], lr: 0.00010	Time 1.438 (2.022)	Data 0.000 (0.493)	Loss 0.0279 (0.0381)	Acc@1 100.000 (98.975)	Acc@5 100.000 (99.872)
Epoch: [118][80/150], lr: 0.00010	Time 1.366 (1.886)	Data 0.000 (0.372)	Loss 0.0069 (0.0358)	Acc@1 100.000 (99.035)	Acc@5 100.000 (99.904)
Epoch: [118][100/150], lr: 0.00010	Time 1.812 (1.827)	Data 0.022 (0.303)	Loss 0.0111 (0.0368)	Acc@1 100.000 (99.010)	Acc@5 100.000 (99.907)
Epoch: [118][120/150], lr: 0.00010	Time 2.404 (1.796)	Data 0.519 (0.274)	Loss 0.0275 (0.0352)	Acc@1 100.000 (99.057)	Acc@5 100.000 (99.923)
Epoch: [118][140/150], lr: 0.00010	Time 1.431 (1.779)	Data 0.000 (0.264)	Loss 0.0778 (0.0358)	Acc@1 96.875 (99.058)	Acc@5 100.000 (99.911)
Epoch: [119][0/150], lr: 0.00010	Time 24.974 (24.974)	Data 21.848 (21.848)	Loss 0.0397 (0.0397)	Acc@1 98.438 (98.438)	Acc@5 100.000 (100.000)
Epoch: [119][20/150], lr: 0.00010	Time 1.364 (2.832)	Data 0.000 (1.301)	Loss 0.0108 (0.0239)	Acc@1 100.000 (99.033)	Acc@5 100.000 (99.926)
Epoch: [119][40/150], lr: 0.00010	Time 1.368 (2.241)	Data 0.003 (0.699)	Loss 0.0328 (0.0406)	Acc@1 98.438 (98.742)	Acc@5 100.000 (99.848)
Epoch: [119][60/150], lr: 0.00010	Time 1.524 (1.987)	Data 0.000 (0.471)	Loss 0.1012 (0.0405)	Acc@1 98.438 (98.719)	Acc@5 100.000 (99.898)
Epoch: [119][80/150], lr: 0.00010	Time 1.368 (1.903)	Data 0.000 (0.376)	Loss 0.0116 (0.0412)	Acc@1 100.000 (98.727)	Acc@5 100.000 (99.923)
Epoch: [119][100/150], lr: 0.00010	Time 1.307 (1.842)	Data 0.000 (0.317)	Loss 0.0082 (0.0416)	Acc@1 100.000 (98.731)	Acc@5 100.000 (99.892)
Epoch: [119][120/150], lr: 0.00010	Time 10.072 (1.987)	Data 8.104 (0.417)	Loss 0.0170 (0.0400)	Acc@1 100.000 (98.825)	Acc@5 100.000 (99.910)
Epoch: [119][140/150], lr: 0.00010	Time 1.474 (11.569)	Data 0.000 (9.974)	Loss 0.0409 (0.0405)	Acc@1 96.875 (98.836)	Acc@5 100.000 (99.889)
Test: [0/60]	Time 3431.303 (3431.303)	Loss 0.0754 (0.0754)	Acc@1 96.875 (96.875)	Acc@5 100.000 (100.000)
Test: [20/60]	Time 0.734 (490.571)	Loss 3.0541 (0.9398)	Acc@1 60.938 (81.622)	Acc@5 76.562 (94.792)
Test: [40/60]	Time 0.678 (253.677)	Loss 0.6066 (0.9360)	Acc@1 89.062 (82.165)	Acc@5 95.312 (95.160)
 * Acc@1 82.818 Acc@5 95.321 Loss 0.91339
Epoch: [120][0/150], lr: 0.00010	Time 4313.081 (4313.081)	Data 1859.533 (1859.533)	Loss 0.0108 (0.0108)	Acc@1 100.000 (100.000)	Acc@5 100.000 (100.000)
Epoch: [120][20/150], lr: 0.00010	Time 2.047 (283.187)	Data 0.000 (164.159)	Loss 0.0093 (0.0431)	Acc@1 100.000 (98.512)	Acc@5 100.000 (100.000)
Epoch: [120][40/150], lr: 0.00010	Time 2.253 (247.609)	Data 0.000 (185.426)	Loss 0.0028 (0.0452)	Acc@1 100.000 (98.476)	Acc@5 100.000 (100.000)
Epoch: [120][60/150], lr: 0.00010	Time 191.561 (173.037)	Data 184.681 (130.216)	Loss 0.0169 (0.0404)	Acc@1 100.000 (98.745)	Acc@5 100.000 (100.000)
Epoch: [120][80/150], lr: 0.00010	Time 2.645 (133.055)	Data 0.000 (100.068)	Loss 0.0043 (0.0403)	Acc@1 100.000 (98.765)	Acc@5 100.000 (99.981)
Epoch: [120][100/150], lr: 0.00010	Time 2.961 (111.603)	Data 0.000 (84.445)	Loss 0.1013 (0.0398)	Acc@1 98.438 (98.824)	Acc@5 98.438 (99.969)
Epoch: [120][120/150], lr: 0.00010	Time 236.053 (97.396)	Data 232.598 (74.098)	Loss 0.0595 (0.0380)	Acc@1 96.875 (98.902)	Acc@5 100.000 (99.961)
Epoch: [120][140/150], lr: 0.00010	Time 3.299 (85.609)	Data 0.000 (65.065)	Loss 0.0011 (0.0353)	Acc@1 100.000 (98.980)	Acc@5 100.000 (99.967)
Epoch: [121][0/150], lr: 0.00010	Time 463.155 (463.155)	Data 453.845 (453.845)	Loss 0.0053 (0.0053)	Acc@1 100.000 (100.000)	Acc@5 100.000 (100.000)
Epoch: [121][20/150], lr: 0.00010	Time 3.970 (46.091)	Data 0.000 (40.846)	Loss 0.0863 (0.0246)	Acc@1 98.438 (99.330)	Acc@5 100.000 (100.000)
Epoch: [121][40/150], lr: 0.00010	Time 4.158 (35.500)	Data 0.000 (30.120)	Loss 0.0512 (0.0330)	Acc@1 98.438 (98.933)	Acc@5 100.000 (100.000)
Epoch: [121][60/150], lr: 0.00010	Time 56.964 (33.032)	Data 47.905 (27.092)	Loss 0.0139 (0.0316)	Acc@1 100.000 (98.924)	Acc@5 100.000 (99.974)
Epoch: [121][80/150], lr: 0.00010	Time 46.613 (32.757)	Data 35.258 (26.564)	Loss 0.0299 (0.0346)	Acc@1 98.438 (98.843)	Acc@5 100.000 (99.942)
Epoch: [121][100/150], lr: 0.00010	Time 4.665 (33.530)	Data 0.000 (27.165)	Loss 0.0106 (0.0352)	Acc@1 100.000 (98.871)	Acc@5 100.000 (99.938)
Epoch: [121][120/150], lr: 0.00010	Time 177.170 (33.799)	Data 165.065 (27.213)	Loss 0.0252 (0.0361)	Acc@1 100.000 (98.838)	Acc@5 100.000 (99.923)
Epoch: [121][140/150], lr: 0.00010	Time 5.170 (33.024)	Data 0.000 (26.340)	Loss 0.0132 (0.0353)	Acc@1 100.000 (98.848)	Acc@5 100.000 (99.934)
Epoch: [122][0/150], lr: 0.00010	Time 632.679 (632.679)	Data 619.863 (619.863)	Loss 0.1195 (0.1195)	Acc@1 98.438 (98.438)	Acc@5 98.438 (98.438)
Epoch: [122][20/150], lr: 0.00010	Time 146.996 (64.291)	Data 135.441 (57.041)	Loss 0.0202 (0.0342)	Acc@1 100.000 (99.107)	Acc@5 100.000 (99.851)
Epoch: [122][40/150], lr: 0.00010	Time 5.492 (54.000)	Data 0.000 (46.822)	Loss 0.0009 (0.0331)	Acc@1 100.000 (98.971)	Acc@5 100.000 (99.886)
Epoch: [122][60/150], lr: 0.00010	Time 89.616 (48.435)	Data 75.681 (40.185)	Loss 0.0057 (0.0327)	Acc@1 100.000 (98.950)	Acc@5 100.000 (99.923)
Epoch: [122][80/150], lr: 0.00010	Time 44.099 (46.850)	Data 32.937 (37.684)	Loss 0.0490 (0.0329)	Acc@1 98.438 (98.900)	Acc@5 100.000 (99.942)
Epoch: [122][100/150], lr: 0.00010	Time 7.199 (46.464)	Data 0.000 (37.280)	Loss 0.1103 (0.0320)	Acc@1 95.312 (98.933)	Acc@5 100.000 (99.954)
Epoch: [122][120/150], lr: 0.00010	Time 194.126 (47.537)	Data 179.437 (38.454)	Loss 0.0285 (0.0307)	Acc@1 100.000 (99.019)	Acc@5 100.000 (99.961)
Epoch: [122][140/150], lr: 0.00010	Time 51.295 (46.337)	Data 34.488 (37.110)	Loss 0.0896 (0.0333)	Acc@1 96.875 (98.925)	Acc@5 100.000 (99.956)
Epoch: [123][0/150], lr: 0.00010	Time 1121.640 (1121.640)	Data 1103.103 (1103.103)	Loss 0.0496 (0.0496)	Acc@1 98.438 (98.438)	Acc@5 100.000 (100.000)
Epoch: [123][20/150], lr: 0.00010	Time 7.613 (87.664)	Data 0.000 (78.402)	Loss 0.0136 (0.0322)	Acc@1 100.000 (98.958)	Acc@5 100.000 (99.926)
Epoch: [123][40/150], lr: 0.00010	Time 8.271 (70.467)	Data 0.000 (60.630)	Loss 0.0376 (0.0395)	Acc@1 98.438 (98.780)	Acc@5 100.000 (99.886)
Epoch: [123][60/150], lr: 0.00010	Time 300.077 (66.681)	Data 281.397 (56.101)	Loss 0.0020 (0.0339)	Acc@1 100.000 (98.822)	Acc@5 100.000 (99.923)
Epoch: [123][80/150], lr: 0.00010	Time 7.315 (61.137)	Data 0.000 (50.429)	Loss 0.0013 (0.0401)	Acc@1 100.000 (98.727)	Acc@5 100.000 (99.904)
Epoch: [123][100/150], lr: 0.00010	Time 8.556 (62.290)	Data 0.000 (51.396)	Loss 0.0895 (0.0385)	Acc@1 95.312 (98.762)	Acc@5 100.000 (99.923)
Epoch: [123][120/150], lr: 0.00010	Time 506.663 (63.123)	Data 488.285 (52.113)	Loss 0.0023 (0.0374)	Acc@1 100.000 (98.838)	Acc@5 100.000 (99.935)
Epoch: [123][140/150], lr: 0.00010	Time 7.922 (59.857)	Data 0.000 (48.922)	Loss 0.0107 (0.0370)	Acc@1 100.000 (98.814)	Acc@5 100.000 (99.945)
slurmstepd: error: *** JOB 224009 ON comp001 CANCELLED AT 2019-02-26T10:52:44 DUE TO TIME LIMIT ***
