Start Training ...................................

          Initializing TSN with base model: resnet18.
          TSN Configurations:
              input_modality:     RGB
              num_segments:       3
              new_length:         1
              consensus_module:   avg
              dropout_ratio:      0.8
               
Load and modify the standard model FC output layer
Dropout Layer added and The modified linear layer is : Linear(in_features=512, out_features=101, bias=True)
Done. Loading and Modifying 
 ---------------------------------------------------
---------------------------------------------------
group: first_conv_weight has 1 params, lr_mult: 1, decay_mult: 1
group: first_conv_bias has 0 params, lr_mult: 2, decay_mult: 0
group: normal_weight has 20 params, lr_mult: 1, decay_mult: 1
group: normal_bias has 1 params, lr_mult: 2, decay_mult: 0
group: BN scale/shift has 2 params, lr_mult: 1, decay_mult: 0
---------------------------------------------------
Epoch: [0][0/299], lr: 0.00100	Time 12.510 (12.510)	Data 5.970 (5.970)	Loss 4.6232 (4.6232)	Acc@1 0.000 (0.000)	Acc@5 0.000 (0.000)
Epoch: [0][20/299], lr: 0.00100	Time 0.296 (0.887)	Data 0.000 (0.284)	Loss 4.5111 (4.5931)	Acc@1 3.125 (2.083)	Acc@5 21.875 (8.036)
Epoch: [0][40/299], lr: 0.00100	Time 0.293 (0.658)	Data 0.000 (0.205)	Loss 4.2882 (4.5438)	Acc@1 9.375 (3.963)	Acc@5 37.500 (13.262)
Epoch: [0][60/299], lr: 0.00100	Time 0.865 (0.623)	Data 0.571 (0.222)	Loss 4.1211 (4.4731)	Acc@1 21.875 (5.328)	Acc@5 37.500 (17.674)
clipping gradient: 20.53846692021657 with coef 0.9737825163724103
clipping gradient: 20.013759101804002 with coef 0.999312517866633
clipping gradient: 20.319334927799 with coef 0.9842841840575147
Epoch: [0][80/299], lr: 0.00100	Time 0.296 (0.580)	Data 0.000 (0.204)	Loss 3.8708 (4.3349)	Acc@1 12.500 (7.485)	Acc@5 28.125 (22.222)
clipping gradient: 20.27807374187259 with coef 0.9862869745217274
clipping gradient: 22.011112510269967 with coef 0.9086319462802428
clipping gradient: 22.345363387366863 with coef 0.8950402664432464
clipping gradient: 26.475444408330254 with coef 0.7554169702136212
clipping gradient: 24.43334560263281 with coef 0.8185534770909517
clipping gradient: 23.94477365235071 with coef 0.8352553375686872
clipping gradient: 22.93901600779931 with coef 0.8718769799541515
clipping gradient: 21.98690079477688 with coef 0.9096325210486746
clipping gradient: 21.76383539060766 with coef 0.9189556730718127
clipping gradient: 20.867028955368962 with coef 0.9584498129933403
clipping gradient: 21.061358706199684 with coef 0.9496063515651885
clipping gradient: 22.31423900128336 with coef 0.8962886880816208
clipping gradient: 23.53657602659653 with coef 0.8497412698176586
clipping gradient: 23.72672053097166 with coef 0.8429314946367329
clipping gradient: 21.581208040971497 with coef 0.926732181165688
Epoch: [0][100/299], lr: 0.00100	Time 0.454 (0.554)	Data 0.158 (0.194)	Loss 3.4580 (4.1526)	Acc@1 15.625 (9.746)	Acc@5 40.625 (26.980)
clipping gradient: 22.086748576092457 with coef 0.905520336372587
clipping gradient: 22.815198068555425 with coef 0.8766086509485354
clipping gradient: 23.849210765681285 with coef 0.8386021741557901
clipping gradient: 23.37956510688825 with coef 0.8554479054063953
clipping gradient: 20.729260914017537 with coef 0.9648197339479481
clipping gradient: 22.57188917919064 with coef 0.886057867873917
clipping gradient: 21.95386416666556 with coef 0.9110013548488525
clipping gradient: 24.28736261709332 with coef 0.8234735205840796
clipping gradient: 24.652160274610782 with coef 0.8112879267866016
clipping gradient: 22.71500646792875 with coef 0.8804752060378209
clipping gradient: 25.83340761407417 with coef 0.7741913222901303
clipping gradient: 21.23092754500243 with coef 0.9420219610097921
clipping gradient: 26.02581472217841 with coef 0.7684677776083838
clipping gradient: 22.417278659446964 with coef 0.892168951630162
clipping gradient: 22.007437722989188 with coef 0.9087836690369366
clipping gradient: 22.928097634043937 with coef 0.8722921682915263
clipping gradient: 24.561320402029633 with coef 0.8142884695379525
clipping gradient: 21.482802941940584 with coef 0.9309772125197998
clipping gradient: 24.34208056306932 with coef 0.8216224553271373
Epoch: [0][120/299], lr: 0.00100	Time 0.304 (0.561)	Data 0.000 (0.211)	Loss 2.5376 (3.9810)	Acc@1 43.750 (12.293)	Acc@5 71.875 (31.792)
clipping gradient: 21.121430088097483 with coef 0.9469055796212662
clipping gradient: 20.989318311726194 with coef 0.9528656292199119
clipping gradient: 20.133948326127218 with coef 0.9933471406622517
clipping gradient: 22.487842366158105 with coef 0.8893694501388869
clipping gradient: 27.468386798640914 with coef 0.7281097410856893
clipping gradient: 22.576191910068033 with coef 0.8858889966771074
clipping gradient: 24.977035919323086 with coef 0.8007355262089894
clipping gradient: 21.423274518534523 with coef 0.9335641002357896
clipping gradient: 21.110328297697826 with coef 0.9474035513782648
clipping gradient: 20.893575650007264 with coef 0.9572320379730238
clipping gradient: 22.02037579914819 with coef 0.9082497130123299
clipping gradient: 23.00991534065954 with coef 0.86919050782682
clipping gradient: 23.89789485578902 with coef 0.8368937984156879
clipping gradient: 21.85102978439864 with coef 0.9152886704808644
clipping gradient: 23.377133373327094 with coef 0.8555368907130271
clipping gradient: 24.23413644630961 with coef 0.8252821405173533
clipping gradient: 24.74494867193345 with coef 0.8082457662433816
clipping gradient: 26.735382923140275 with coef 0.7480723226406232
clipping gradient: 25.765154938757505 with coef 0.7762421785368265
clipping gradient: 28.989898516970424 with coef 0.6898954816379292
Epoch: [0][140/299], lr: 0.00100	Time 0.524 (0.560)	Data 0.225 (0.217)	Loss 3.0497 (3.8111)	Acc@1 25.000 (14.938)	Acc@5 50.000 (36.148)
clipping gradient: 27.69878763676973 with coef 0.7220532632067368
clipping gradient: 22.294673248740654 with coef 0.8970752689156244
clipping gradient: 24.265729230587056 with coef 0.8242076638187289
clipping gradient: 23.771084924851028 with coef 0.8413583167628744
clipping gradient: 20.187997898515512 with coef 0.9906876402771304
clipping gradient: 25.847909052083185 with coef 0.7737569781640856
clipping gradient: 29.046239851156603 with coef 0.6885572832313995
clipping gradient: 23.819995499768044 with coef 0.8396307211810664
clipping gradient: 24.891866209332814 with coef 0.8034753132531829
clipping gradient: 23.975668185787743 with coef 0.8341790453980159
clipping gradient: 20.419038785676527 with coef 0.9794780356668663
clipping gradient: 23.106248809429626 with coef 0.8655667202820923
clipping gradient: 22.4822667839915 with coef 0.8895900129715124
clipping gradient: 23.55984333473313 with coef 0.8489020795191355
clipping gradient: 21.15735557763046 with coef 0.9452977205310986
clipping gradient: 24.8186150740971 with coef 0.8058467380347007
clipping gradient: 21.738387727689553 with coef 0.9200314324380525
clipping gradient: 23.66070227678213 with coef 0.8452834478892743
clipping gradient: 23.80897030748779 with coef 0.8400195280057999
clipping gradient: 22.70363179913001 with coef 0.880916329904821
Epoch: [0][160/299], lr: 0.00100	Time 0.300 (0.547)	Data 0.000 (0.206)	Loss 2.0513 (3.6579)	Acc@1 46.875 (17.391)	Acc@5 75.000 (39.849)
clipping gradient: 26.99133759391968 with coef 0.7409784687553012
clipping gradient: 30.134643294025178 with coef 0.6636879622187337
clipping gradient: 26.607495463191466 with coef 0.7516678910146877
clipping gradient: 28.676582413375762 with coef 0.6974331777649802
clipping gradient: 26.675704858420204 with coef 0.749745886984013
clipping gradient: 28.165928579504964 with coef 0.7100777786730976
clipping gradient: 22.1108842031707 with coef 0.904531895523744
clipping gradient: 22.75251791827157 with coef 0.8790235907885543
clipping gradient: 24.568129213293265 with coef 0.8140627976337103
clipping gradient: 31.012614989738744 with coef 0.6448988583070945
clipping gradient: 22.03061202206952 with coef 0.9078277071905528
clipping gradient: 21.301140110335684 with coef 0.9389168793972512
clipping gradient: 22.862827736571187 with coef 0.8747824298220193
clipping gradient: 22.695195693047452 with coef 0.8812437782207311
clipping gradient: 20.5021078236348 with coef 0.9755094535667219
clipping gradient: 22.240920637081917 with coef 0.8992433508644572
clipping gradient: 22.813804223275366 with coef 0.8766622087339282
clipping gradient: 22.290266820025924 with coef 0.897252606327336
clipping gradient: 24.63205695139147 with coef 0.8119500551443064
Epoch: [0][180/299], lr: 0.00100	Time 0.302 (0.528)	Data 0.000 (0.192)	Loss 2.5460 (3.5342)	Acc@1 25.000 (19.561)	Acc@5 62.500 (42.835)
clipping gradient: 23.395053455527194 with coef 0.8548815687905558
clipping gradient: 21.66358336572447 with coef 0.9232083013396322
clipping gradient: 22.666224279528883 with coef 0.8823701624651752
clipping gradient: 22.354208797258224 with coef 0.8946861050368747
clipping gradient: 23.053860461995157 with coef 0.8675336624410684
clipping gradient: 21.909464909878118 with coef 0.9128474877075974
clipping gradient: 21.971652413287913 with coef 0.9102638082834632
clipping gradient: 20.74444128238279 with coef 0.9641136981107798
clipping gradient: 22.185527316983137 with coef 0.9014886017466844
clipping gradient: 20.330561081420512 with coef 0.9837406808352869
clipping gradient: 21.55987043149486 with coef 0.9276493596540271
clipping gradient: 24.813735329233605 with coef 0.8060052118166007
clipping gradient: 26.499418665173692 with coef 0.7547335378449106
clipping gradient: 28.342078463132097 with coef 0.7056645484210472
clipping gradient: 25.965769593623207 with coef 0.7702448382239243
clipping gradient: 27.205237208981668 with coef 0.7351525681017441
clipping gradient: 23.486434894249612 with coef 0.8515553803739184
clipping gradient: 21.11385054837728 with coef 0.9472455038068419
clipping gradient: 26.019776963050234 with coef 0.7686460967133305
clipping gradient: 24.638482528970844 with coef 0.8117383031395402
Epoch: [0][200/299], lr: 0.00100	Time 0.305 (0.550)	Data 0.000 (0.181)	Loss 2.3602 (3.4317)	Acc@1 43.750 (21.238)	Acc@5 68.750 (45.289)
clipping gradient: 24.415542595148235 with coef 0.8191503392586624
clipping gradient: 25.109136002166785 with coef 0.7965228273196698
clipping gradient: 24.746113480855563 with coef 0.8082077218094341
clipping gradient: 24.177549197043767 with coef 0.8272137029689277
clipping gradient: 22.766759994038868 with coef 0.8784737048766139
clipping gradient: 22.975106054592537 with coef 0.870507407124772
clipping gradient: 26.696407810587747 with coef 0.7491644621965969
clipping gradient: 23.99271125432161 with coef 0.8335864916641117
clipping gradient: 24.46338684061954 with coef 0.8175482867642663
clipping gradient: 24.935814144740185 with coef 0.8020592343169466
clipping gradient: 23.772880885152503 with coef 0.8412947550034259
clipping gradient: 32.13773400832454 with coef 0.6223214117964714
clipping gradient: 26.06400705298634 with coef 0.7673417199182524
clipping gradient: 27.62918576119942 with coef 0.7238722187784
clipping gradient: 23.459452768767374 with coef 0.8525348053568794
clipping gradient: 27.268163922552006 with coef 0.733456057283677
clipping gradient: 24.779486734363022 with coef 0.8071192197966289
clipping gradient: 22.80571039548865 with coef 0.8769733392719191
clipping gradient: 23.97428410528615 with coef 0.8342272041228606
Epoch: [0][220/299], lr: 0.00100	Time 0.302 (0.530)	Data 0.000 (0.166)	Loss 2.1719 (3.3289)	Acc@1 43.750 (23.133)	Acc@5 75.000 (47.752)
clipping gradient: 27.4616129701981 with coef 0.7282893405316143
clipping gradient: 24.94231009935106 with coef 0.8018503466733962
clipping gradient: 22.20434439751662 with coef 0.9007246348708607
clipping gradient: 20.332580612775807 with coef 0.983642970899285
clipping gradient: 20.506459684968668 with coef 0.9753024318800428
clipping gradient: 20.370507645116355 with coef 0.9818115654469131
clipping gradient: 22.798789365659896 with coef 0.8772395621201052
clipping gradient: 23.742947428834928 with coef 0.8423554009015217
clipping gradient: 23.394869776277147 with coef 0.8548882806896574
clipping gradient: 21.9947811049908 with coef 0.9093066170802597
clipping gradient: 24.294143270035427 with coef 0.8232436837839903
clipping gradient: 23.418429628205867 with coef 0.8540282297969028
clipping gradient: 25.466403379947163 with coef 0.7853484334481431
clipping gradient: 26.723775244463344 with coef 0.7483972536456509
clipping gradient: 24.42442725036029 with coef 0.8188523642741705
clipping gradient: 25.068443057183526 with coef 0.7978158018979511
clipping gradient: 22.445682090696003 with coef 0.8910399746011832
clipping gradient: 28.27237068923783 with coef 0.7074044203733225
clipping gradient: 28.21224171898251 with coef 0.70891211691778
Epoch: [0][240/299], lr: 0.00100	Time 0.332 (0.523)	Data 0.040 (0.162)	Loss 2.4252 (3.2412)	Acc@1 31.250 (24.624)	Acc@5 68.750 (49.870)
clipping gradient: 27.24559763768515 with coef 0.7340635454564852
clipping gradient: 24.357995342167268 with coef 0.821085632009177
clipping gradient: 22.686700865781905 with coef 0.8815737518788276
clipping gradient: 23.866319695936458 with coef 0.8380010095735562
clipping gradient: 20.16577327494944 with coef 0.9917794734330684
clipping gradient: 20.304383565606173 with coef 0.9850089728347247
clipping gradient: 20.5413246121208 with coef 0.9736470445629694
clipping gradient: 20.109104090322347 with coef 0.9945743932781742
clipping gradient: 22.098738701259247 with coef 0.9050290276910847
clipping gradient: 26.69085855741813 with coef 0.749320219766458
clipping gradient: 25.321481883663495 with coef 0.7898431889526686
clipping gradient: 24.838550333074 with coef 0.805199970683024
clipping gradient: 23.98016696322713 with coef 0.834022549995978
clipping gradient: 23.08532714886333 with coef 0.8663511619754003
Epoch: [0][260/299], lr: 0.00100	Time 0.304 (0.511)	Data 0.000 (0.154)	Loss 1.8431 (3.1590)	Acc@1 50.000 (26.018)	Acc@5 87.500 (51.832)
clipping gradient: 23.16355973870413 with coef 0.8634251481900634
clipping gradient: 21.177674304591125 with coef 0.9443907632324
clipping gradient: 29.11510939809536 with coef 0.6869285540554538
clipping gradient: 23.98250725670623 with coef 0.833941163278806
clipping gradient: 24.55489345375109 with coef 0.8145015997593233
clipping gradient: 23.720187323822497 with coef 0.8431636616930819
clipping gradient: 26.948371573988826 with coef 0.7421598720757009
clipping gradient: 25.52472221367714 with coef 0.7835540709345398
clipping gradient: 22.433365589945325 with coef 0.8915291787053137
clipping gradient: 20.375091158055877 with coef 0.9815907003730104
clipping gradient: 23.067041749185357 with coef 0.8670379243886497
clipping gradient: 24.564863464450095 with coef 0.8141710223198961
clipping gradient: 28.89344770264731 with coef 0.6921984598663017
clipping gradient: 24.699264103878324 with coef 0.809740724091434
clipping gradient: 23.351518443495106 with coef 0.856475352915274
clipping gradient: 25.640062336228297 with coef 0.7800293048328851
clipping gradient: 25.604540251780826 with coef 0.7811114670808813
clipping gradient: 20.473746223017425 with coef 0.9768607944116832
Epoch: [0][280/299], lr: 0.00100	Time 0.304 (0.498)	Data 0.000 (0.145)	Loss 2.1256 (3.0921)	Acc@1 40.625 (27.091)	Acc@5 75.000 (53.370)
clipping gradient: 23.31530359783391 with coef 0.857805686127033
clipping gradient: 23.12130641380327 with coef 0.8650030254371841
clipping gradient: 23.723671261069764 with coef 0.8430398389822463
clipping gradient: 26.1331259313191 with coef 0.76531219619736
clipping gradient: 23.33969082338 with coef 0.8569093803061633
clipping gradient: 31.61427451490641 with coef 0.6326256194988699
clipping gradient: 26.75552970704359 with coef 0.747509027815467
clipping gradient: 20.409225683467138 with coef 0.9799489853356544
clipping gradient: 21.06264073496078 with coef 0.9495485514692866
clipping gradient: 20.85142320304331 with coef 0.9591671419858265
clipping gradient: 22.250152031768827 with coef 0.8988702626141136
clipping gradient: 23.2855017408466 with coef 0.8589035453299557
clipping gradient: 23.87005558519188 with coef 0.837869854496999
clipping gradient: 21.486559818361005 with coef 0.930814433258381
clipping gradient: 23.654074667238774 with coef 0.8455202869423711
Epoch: [1][0/299], lr: 0.00100	Time 8.176 (8.176)	Data 7.795 (7.795)	Loss 1.8154 (1.8154)	Acc@1 46.875 (46.875)	Acc@5 78.125 (78.125)
clipping gradient: 22.54724370004543 with coef 0.8870263818525943
clipping gradient: 23.048355089073155 with coef 0.8677408831436162
clipping gradient: 22.339260103835887 with coef 0.8952847993638692
clipping gradient: 25.71679005281921 with coef 0.77770203664308
clipping gradient: 21.67003519518601 with coef 0.9229334341110342
clipping gradient: 20.476915020569784 with coef 0.976709625444521
clipping gradient: 26.16531683790959 with coef 0.7643706408715457
clipping gradient: 21.614616791437864 with coef 0.9252997725096168
clipping gradient: 24.23643178446991 with coef 0.8252039812566588
clipping gradient: 23.142179083205935 with coef 0.8642228516204775
clipping gradient: 23.146649907610513 with coef 0.8640559251481179
clipping gradient: 21.13023048374971 with coef 0.94651120892321
clipping gradient: 20.13677355185297 with coef 0.9932077722629808
clipping gradient: 21.012694895171187 with coef 0.9518055680043254
clipping gradient: 22.63464355164493 with coef 0.8836012793559781
Epoch: [1][20/299], lr: 0.00100	Time 0.302 (0.714)	Data 0.000 (0.385)	Loss 1.8491 (1.9723)	Acc@1 46.875 (46.577)	Acc@5 78.125 (77.381)
clipping gradient: 20.70708242371473 with coef 0.9658531120296818
clipping gradient: 21.563828500369134 with coef 0.9274790884029539
clipping gradient: 21.40497799471754 with coef 0.9343620911423375
clipping gradient: 26.503959850741257 with coef 0.7546042218834951
clipping gradient: 24.86453466354415 with coef 0.8043585078358042
clipping gradient: 29.229042768028428 with coef 0.684250940365265
clipping gradient: 23.801680220564847 with coef 0.8402768130091857
clipping gradient: 27.681256996849573 with coef 0.722510542143235
clipping gradient: 20.309531144238623 with coef 0.9847593161043292
clipping gradient: 21.827202753326407 with coef 0.9162878187381136
clipping gradient: 21.992624313802963 with coef 0.9093957917267583
clipping gradient: 26.871562303770975 with coef 0.7442812507106568
clipping gradient: 20.709330372658254 with coef 0.9657482709535237
clipping gradient: 21.99284733493497 with coef 0.9093865698885931
clipping gradient: 23.47339289101076 with coef 0.8520285112962552
clipping gradient: 20.374605751972314 with coef 0.9816140858609718
clipping gradient: 23.654515342538733 with coef 0.8455045351968513
Epoch: [1][40/299], lr: 0.00100	Time 0.300 (0.522)	Data 0.000 (0.207)	Loss 1.9671 (1.9760)	Acc@1 46.875 (47.027)	Acc@5 78.125 (78.811)
clipping gradient: 20.062326563311974 with coef 0.9968933531654325
clipping gradient: 21.563617397072868 with coef 0.9274881682289021
clipping gradient: 21.86030539674282 with coef 0.9149003015749265
clipping gradient: 22.035720801320174 with coef 0.9076172356840619
clipping gradient: 24.408955201465606 with coef 0.8193714083591388
clipping gradient: 20.467924470425096 with coef 0.9771386458308844
clipping gradient: 20.786076944309215 with coef 0.9621825250423492
clipping gradient: 27.732568719859433 with coef 0.7211737290558987
clipping gradient: 21.137111916287182 with coef 0.9462030611944208
clipping gradient: 20.29916147830739 with coef 0.9852623726045489
clipping gradient: 21.350575675997582 with coef 0.9367428917846039
clipping gradient: 24.132369133591272 with coef 0.8287623933350504
clipping gradient: 23.01310727551902 with coef 0.8690699504658237
clipping gradient: 22.974714274728726 with coef 0.8705222515867893
clipping gradient: 22.31286847260518 with coef 0.8963437410369346
clipping gradient: 21.614138237425628 with coef 0.925320259373992
Epoch: [1][60/299], lr: 0.00100	Time 0.304 (0.485)	Data 0.000 (0.173)	Loss 1.9001 (1.9398)	Acc@1 46.875 (48.822)	Acc@5 75.000 (78.791)
clipping gradient: 24.07001704747972 with coef 0.830909257793572
clipping gradient: 25.743198519612807 with coef 0.7769042368516378
clipping gradient: 28.643682696695453 with coef 0.6982342393531453
clipping gradient: 23.953435628817857 with coef 0.8349532947974458
clipping gradient: 22.90471232194668 with coef 0.8731827633930394
clipping gradient: 24.996963673821206 with coef 0.800097174239829
clipping gradient: 21.27757718492569 with coef 0.9399566419699888
clipping gradient: 22.091802936616592 with coef 0.9053131633204331
clipping gradient: 21.30370376297698 with coef 0.9388038916856024
clipping gradient: 20.016790751398936 with coef 0.9991611666621553
clipping gradient: 22.97499991102102 with coef 0.8705114288338289
clipping gradient: 22.315137148574305 with coef 0.8962526139472006
Epoch: [1][80/299], lr: 0.00100	Time 0.330 (0.452)	Data 0.035 (0.143)	Loss 1.3964 (1.9114)	Acc@1 65.625 (50.309)	Acc@5 87.500 (79.321)
clipping gradient: 23.221508712612916 with coef 0.8612704819276823
clipping gradient: 21.90692442535396 with coef 0.9129533480680208
clipping gradient: 31.12407995082446 with coef 0.6425892759432463
clipping gradient: 22.587782243131702 with coef 0.8854344257759713
clipping gradient: 20.862285681632084 with coef 0.9586677272667552
clipping gradient: 21.551967371392436 with coef 0.9279895266799411
clipping gradient: 22.477241244576533 with coef 0.8897889105864244
clipping gradient: 26.537631793335937 with coef 0.7536467517430229
clipping gradient: 23.739582378719852 with coef 0.8424748035133082
clipping gradient: 23.886122491539915 with coef 0.8373062646347762
clipping gradient: 27.510704025685 with coef 0.7269897557447919
clipping gradient: 23.087912396799346 with coef 0.8662541530940917
clipping gradient: 26.86814177815408 with coef 0.7443760035635058
clipping gradient: 25.518153995572387 with coef 0.7837557530011837
clipping gradient: 21.233044387684004 with coef 0.9419280454950107
clipping gradient: 24.73995087648911 with coef 0.8084090425178012
Epoch: [1][100/299], lr: 0.00100	Time 0.301 (0.430)	Data 0.000 (0.122)	Loss 1.6689 (1.8817)	Acc@1 46.875 (50.650)	Acc@5 96.875 (80.012)
clipping gradient: 23.46092752380086 with coef 0.8524812149779762
clipping gradient: 22.22890956067325 with coef 0.8997292442713171
clipping gradient: 24.824059333561948 with coef 0.8056700047022586
clipping gradient: 22.027007530711646 with coef 0.9079762637804774
clipping gradient: 26.997772621867675 with coef 0.7408018535499623
clipping gradient: 27.93471308780057 with coef 0.7159550891802159
clipping gradient: 22.982851224100962 with coef 0.8702140480736787
clipping gradient: 25.36319569532848 with coef 0.7885441661313878
clipping gradient: 25.2980805892107 with coef 0.7905738116958066
clipping gradient: 21.781298443307545 with coef 0.9182189047203079
clipping gradient: 25.552645716041894 with coef 0.7826978161969367
clipping gradient: 21.71224422813719 with coef 0.9211392332295953
clipping gradient: 23.304427986387402 with coef 0.8582060032403461
clipping gradient: 22.321952212973063 with coef 0.8959789811025761
Epoch: [1][120/299], lr: 0.00100	Time 0.302 (0.422)	Data 0.000 (0.102)	Loss 1.6622 (1.8594)	Acc@1 56.250 (51.188)	Acc@5 75.000 (80.010)
clipping gradient: 22.469469144483877 with coef 0.8900966850349414
clipping gradient: 20.90495658363878 with coef 0.9567109082471359
clipping gradient: 21.77737851978611 with coef 0.9183841839286923
clipping gradient: 20.130179050821088 with coef 0.9935331399441388
clipping gradient: 21.33299912039584 with coef 0.9375146873220747
clipping gradient: 25.434781576414238 with coef 0.7863248182381117
clipping gradient: 20.272239902094473 with coef 0.986570803058307
clipping gradient: 28.34583727987418 with coef 0.7055709733506512
clipping gradient: 24.765891981991757 with coef 0.8075622721177488
clipping gradient: 21.175913608547976 with coef 0.9444692857042399
clipping gradient: 20.262762897205068 with coef 0.9870322276118964
clipping gradient: 28.217067112912282 with coef 0.7087908860254258
Epoch: [1][140/299], lr: 0.00100	Time 0.302 (0.405)	Data 0.000 (0.087)	Loss 2.4992 (1.8329)	Acc@1 46.875 (52.105)	Acc@5 71.875 (80.519)
clipping gradient: 20.500448497609835 with coef 0.9755884122404355
clipping gradient: 22.618989538049643 with coef 0.884212796789884
clipping gradient: 20.82727552491247 with coef 0.9602792250036292
clipping gradient: 25.14978392792814 with coef 0.795235460364753
clipping gradient: 20.20314747269102 with coef 0.989944761183097
clipping gradient: 21.317366068055804 with coef 0.9382022120439221
clipping gradient: 21.819765568993308 with coef 0.9166001319657044
clipping gradient: 23.987456191512468 with coef 0.8337691100016117
clipping gradient: 22.408879905610505 with coef 0.8925033327967725
clipping gradient: 21.392672346106735 with coef 0.9348995617015474
clipping gradient: 20.9420201875936 with coef 0.955017702248627
clipping gradient: 22.886984786724735 with coef 0.8738591031703185
clipping gradient: 24.08836280776499 with coef 0.8302764351238063
Epoch: [1][160/299], lr: 0.00100	Time 0.302 (0.394)	Data 0.000 (0.076)	Loss 1.3348 (1.8043)	Acc@1 65.625 (52.543)	Acc@5 90.625 (81.114)
clipping gradient: 22.947372486770316 with coef 0.8715594786083006
clipping gradient: 23.053836654822792 with coef 0.8675345583233349
clipping gradient: 20.136408878754736 with coef 0.9932257593905606
clipping gradient: 20.088028961632766 with coef 0.9956178397691035
clipping gradient: 21.233927186145788 with coef 0.9418888849279434
clipping gradient: 21.197385569128695 with coef 0.9435125824727869
clipping gradient: 20.225475688869967 with coef 0.9888518968681639
clipping gradient: 24.274157463253754 with coef 0.823921490592455
clipping gradient: 21.89060941885306 with coef 0.913633769500049
clipping gradient: 23.302464603536222 with coef 0.8582783126281388
clipping gradient: 21.38009122280624 with coef 0.9354497037255814
clipping gradient: 22.584842380886197 with coef 0.8855496825130036
clipping gradient: 24.445944136029453 with coef 0.8181316249726336
clipping gradient: 21.56229756470302 with coef 0.927544939957583
clipping gradient: 23.29118417624441 with coef 0.8586939954903101
Epoch: [1][180/299], lr: 0.00100	Time 0.310 (0.384)	Data 0.000 (0.068)	Loss 1.7541 (1.7978)	Acc@1 62.500 (52.452)	Acc@5 75.000 (81.146)
clipping gradient: 22.54753222027616 with coef 0.8870150313839996
clipping gradient: 21.20532045466555 with coef 0.9431595265328632
clipping gradient: 20.016068380970143 with coef 0.999197225915484
clipping gradient: 20.969131353950985 with coef 0.9537829518260716
clipping gradient: 22.086041597053054 with coef 0.9055493222773159
clipping gradient: 23.595227090764705 with coef 0.8476290532430647
clipping gradient: 20.506229849359237 with coef 0.9753133631546096
clipping gradient: 20.25177050539786 with coef 0.9875679755836284
clipping gradient: 21.072257656344014 with coef 0.9491151981040247
clipping gradient: 23.259311458929893 with coef 0.8598706816973056
Epoch: [1][200/299], lr: 0.00100	Time 1.602 (0.394)	Data 0.000 (0.061)	Loss 1.7661 (1.7851)	Acc@1 50.000 (52.643)	Acc@5 84.375 (81.359)
clipping gradient: 21.907534562208443 with coef 0.9129279218164954
clipping gradient: 20.669155742543218 with coef 0.9676253954985738
clipping gradient: 21.7753091877489 with coef 0.9184714590069879
clipping gradient: 20.636949894201496 with coef 0.9691354634542935
clipping gradient: 22.140263325939365 with coef 0.9033316228252873
clipping gradient: 22.257845794884226 with coef 0.8985595544289748
clipping gradient: 21.94495646955381 with coef 0.911371140232052
clipping gradient: 23.92177102051661 with coef 0.8360585001355842
Epoch: [1][220/299], lr: 0.00100	Time 0.861 (0.390)	Data 0.561 (0.059)	Loss 1.5993 (1.7743)	Acc@1 53.125 (52.828)	Acc@5 81.250 (81.505)
clipping gradient: 21.54634757553562 with coef 0.9282315682454046
clipping gradient: 20.044289241133306 with coef 0.9977904309501572
clipping gradient: 20.07126171125589 with coef 0.9964495649411055
clipping gradient: 22.96408842066973 with coef 0.8709250562716966
clipping gradient: 23.518467408973926 with coef 0.850395548834471
clipping gradient: 20.046226333727674 with coef 0.9976940131794333
clipping gradient: 20.742392453236036 with coef 0.9642089284102705
clipping gradient: 22.413828268831093 with coef 0.8923062923531101
Epoch: [1][240/299], lr: 0.00100	Time 0.300 (0.391)	Data 0.000 (0.063)	Loss 1.5838 (1.7715)	Acc@1 46.875 (52.969)	Acc@5 81.250 (81.548)
clipping gradient: 21.923044398699467 with coef 0.9122820551869362
clipping gradient: 22.796793974992717 with coef 0.8773163464099074
clipping gradient: 21.619875201989384 with coef 0.9250747200501727
clipping gradient: 20.576694400909755 with coef 0.9719734185834894
clipping gradient: 23.15698338715782 with coef 0.8636703522917156
clipping gradient: 21.54373927194368 with coef 0.9283439493740029
clipping gradient: 20.009711986511785 with coef 0.9995146363666637
clipping gradient: 21.889362355773873 with coef 0.913685820305519
clipping gradient: 20.197166296584346 with coef 0.9902379228011956
clipping gradient: 25.41574137427113 with coef 0.7869138934599959
clipping gradient: 20.42843764983646 with coef 0.9790273902889538
Epoch: [1][260/299], lr: 0.00100	Time 0.304 (0.396)	Data 0.000 (0.064)	Loss 1.5130 (1.7612)	Acc@1 59.375 (53.185)	Acc@5 84.375 (81.897)
clipping gradient: 21.200234160901235 with coef 0.9433858064117622
clipping gradient: 20.9635395131165 with coef 0.9540373650874352
clipping gradient: 22.609310761500755 with coef 0.8845913177528657
clipping gradient: 22.069755501556287 with coef 0.9062175608873267
clipping gradient: 26.12145713954305 with coef 0.7656540710251459
clipping gradient: 23.637175419777048 with coef 0.8461247862663891
clipping gradient: 20.67985770535227 with coef 0.9671246429719721
clipping gradient: 21.549679180139176 with coef 0.9280880626024629
clipping gradient: 20.854630212024368 with coef 0.9590196420010553
Epoch: [1][280/299], lr: 0.00100	Time 0.302 (0.389)	Data 0.000 (0.060)	Loss 1.3716 (1.7460)	Acc@1 62.500 (53.381)	Acc@5 87.500 (82.229)
clipping gradient: 23.568201322607198 with coef 0.8486010334957342
clipping gradient: 24.248559810502194 with coef 0.8247912517813896
clipping gradient: 20.224111145567157 with coef 0.988918615806941
clipping gradient: 24.487221443019642 with coef 0.8167525272942401
clipping gradient: 26.13291158231527 with coef 0.7653184734889797
clipping gradient: 24.017930998597347 with coef 0.8327111940311597
clipping gradient: 20.631897626528264 with coef 0.9693727819919106
clipping gradient: 20.730720625981117 with coef 0.9647517981084879
clipping gradient: 21.48497961300224 with coef 0.9308828940147766
clipping gradient: 95.57233806430783 with coef 0.20926557207947122
clipping gradient: 25.969247141631115 with coef 0.7701416945560252
Epoch: [2][0/299], lr: 0.00100	Time 5.472 (5.472)	Data 4.995 (4.995)	Loss 1.6756 (1.6756)	Acc@1 62.500 (62.500)	Acc@5 93.750 (93.750)
clipping gradient: 22.8243776380948 with coef 0.876256094125397
clipping gradient: 20.62815750164752 with coef 0.9695485405520414
clipping gradient: 21.745920237864304 with coef 0.9197127452521285
clipping gradient: 21.11714290048034 with coef 0.9470978197313364
clipping gradient: 23.329095611052356 with coef 0.8572985568512493
clipping gradient: 22.65886861524437 with coef 0.8826566030108166
clipping gradient: 20.762304234156613 with coef 0.9632842180925889
clipping gradient: 26.786888155740133 with coef 0.7466339458215202
clipping gradient: 20.33499335301549 with coef 0.9835262619859271
clipping gradient: 21.114541690724472 with coef 0.9472144976173418
clipping gradient: 27.535925311696037 with coef 0.7263238759405296
Epoch: [2][20/299], lr: 0.00100	Time 0.301 (0.550)	Data 0.000 (0.238)	Loss 1.8970 (1.4938)	Acc@1 40.625 (58.482)	Acc@5 81.250 (88.393)
clipping gradient: 20.23728820937501 with coef 0.9882747032645863
clipping gradient: 20.35824380315455 with coef 0.9824030104650264
clipping gradient: 20.293773154232916 with coef 0.9855239756549836
clipping gradient: 20.808393413691313 with coef 0.961150608909604
clipping gradient: 22.022213197225543 with coef 0.9081739342401648
clipping gradient: 21.426813828580027 with coef 0.9334098928569174
clipping gradient: 24.984255945660998 with coef 0.8005041272191014
Epoch: [2][40/299], lr: 0.00100	Time 0.301 (0.429)	Data 0.000 (0.122)	Loss 1.5943 (1.4769)	Acc@1 56.250 (59.146)	Acc@5 87.500 (87.805)
clipping gradient: 22.447199517852926 with coef 0.8909797404390425
clipping gradient: 23.734971278174623 with coef 0.8426384749153205
clipping gradient: 21.22249179730462 with coef 0.9423964061816773
clipping gradient: 21.69558134273523 with coef 0.921846696986389
clipping gradient: 23.221251417555564 with coef 0.8612800249378353
clipping gradient: 20.114871373898392 with coef 0.9942892314962822
clipping gradient: 21.08424287991341 with coef 0.9485756787147264
clipping gradient: 20.963884539533456 with coef 0.9540216634128196
Epoch: [2][60/299], lr: 0.00100	Time 0.301 (0.429)	Data 0.000 (0.082)	Loss 1.1785 (1.4466)	Acc@1 68.750 (59.682)	Acc@5 87.500 (87.705)
clipping gradient: 20.360079415716328 with coef 0.9823144395282478
clipping gradient: 20.104798066305325 with coef 0.9947874101515617
clipping gradient: 20.565428808186894 with coef 0.972505858571653
clipping gradient: 23.08902052339365 with coef 0.8662125783870358
clipping gradient: 26.683080184047732 with coef 0.7495386537854367
clipping gradient: 23.185794931884473 with coef 0.8625971228830522
clipping gradient: 25.118932619477945 with coef 0.7962121760098764
clipping gradient: 23.05068000348989 with coef 0.8676533619386493
clipping gradient: 21.178873487944234 with coef 0.9443372902427841
Epoch: [2][80/299], lr: 0.00100	Time 0.304 (0.406)	Data 0.000 (0.071)	Loss 1.0385 (1.4364)	Acc@1 68.750 (60.147)	Acc@5 93.750 (87.770)
clipping gradient: 20.52293759884368 with coef 0.9745193593107673
clipping gradient: 24.55239319752972 with coef 0.8145845433109247
clipping gradient: 23.649402960124316 with coef 0.8456873111647834
clipping gradient: 20.4062403820478 with coef 0.9800923455549809
clipping gradient: 20.946344128917477 with coef 0.9548205585140271
clipping gradient: 22.29479322873425 with coef 0.8970704412823777
clipping gradient: 22.90628185049437 with coef 0.8731229332868946
Epoch: [2][100/299], lr: 0.00100	Time 0.298 (0.398)	Data 0.000 (0.070)	Loss 0.9345 (1.4138)	Acc@1 75.000 (60.644)	Acc@5 100.000 (88.057)
clipping gradient: 20.12499772956805 with coef 0.9937889319915598
clipping gradient: 20.786357500614173 with coef 0.9621695383334508
clipping gradient: 22.64857611966432 with coef 0.8830577204646111
clipping gradient: 26.39094407191072 with coef 0.757835716126846
clipping gradient: 25.546228904430123 with coef 0.7828944175996043
clipping gradient: 23.927214058543193 with coef 0.8358683109143255
clipping gradient: 21.299008883277647 with coef 0.9390108295462739
clipping gradient: 21.99519266460602 with coef 0.9092896027313904
clipping gradient: 21.276644267507628 with coef 0.939997856266402
clipping gradient: 22.579263986610027 with coef 0.8857684649003801
clipping gradient: 21.015908003251045 with coef 0.9516600470893816
clipping gradient: 20.942244882203628 with coef 0.9550074556236169
Epoch: [2][120/299], lr: 0.00100	Time 0.299 (0.382)	Data 0.000 (0.058)	Loss 1.7672 (1.4233)	Acc@1 46.875 (60.382)	Acc@5 81.250 (87.862)
clipping gradient: 20.955810312291273 with coef 0.9543892458441152
clipping gradient: 21.05270924323707 with coef 0.9499964954118557
clipping gradient: 21.654655045856813 with coef 0.9235889446240152
clipping gradient: 20.20049568705616 with coef 0.9900747144940293
clipping gradient: 21.040162285396768 with coef 0.9505630103376765
clipping gradient: 20.183236212521503 with coef 0.990921366098474
clipping gradient: 21.061251700092036 with coef 0.949611176239473
clipping gradient: 23.51013426669854 with coef 0.8506969706391448
Epoch: [2][140/299], lr: 0.00100	Time 0.303 (0.387)	Data 0.000 (0.063)	Loss 1.8458 (1.4071)	Acc@1 43.750 (60.771)	Acc@5 84.375 (88.143)
clipping gradient: 20.20594710180024 with coef 0.9898075996753504
clipping gradient: 21.23396417834296 with coef 0.9418872440407755
clipping gradient: 21.866305905476704 with coef 0.9146492364305
clipping gradient: 24.107623038951353 with coef 0.8296131048542383
clipping gradient: 24.696424141132947 with coef 0.8098338401424338
clipping gradient: 20.009091620110688 with coef 0.9995456255444625
clipping gradient: 21.464299905283795 with coef 0.9317797500153576
clipping gradient: 20.733433976872714 with coef 0.964625542604721
Epoch: [2][160/299], lr: 0.00100	Time 0.309 (0.378)	Data 0.000 (0.057)	Loss 1.0315 (1.4036)	Acc@1 71.875 (60.695)	Acc@5 93.750 (88.238)
clipping gradient: 24.52226124492376 with coef 0.8155854715127507
clipping gradient: 20.000685290787622 with coef 0.9999657366346373
clipping gradient: 20.586912629919603 with coef 0.9714909835937894
clipping gradient: 22.81829580988168 with coef 0.8764896452669708
clipping gradient: 21.982568025931627 with coef 0.9098118098125342
Epoch: [2][180/299], lr: 0.00100	Time 0.297 (0.370)	Data 0.000 (0.051)	Loss 1.6170 (1.3950)	Acc@1 62.500 (61.084)	Acc@5 87.500 (88.225)
clipping gradient: 20.18347998117154 with coef 0.9909093981145619
clipping gradient: 20.543537044973274 with coef 0.9735421878042043
clipping gradient: 25.966613479367066 with coef 0.770219806132667
clipping gradient: 26.209468208995702 with coef 0.7630830141427872
clipping gradient: 20.963989176731637 with coef 0.9540169016209191
clipping gradient: 20.270018026805964 with coef 0.9866789449102177
clipping gradient: 21.969496230853423 with coef 0.9103531455542658
clipping gradient: 21.25637319539258 with coef 0.9408942822068581
Epoch: [2][200/299], lr: 0.00100	Time 0.305 (0.378)	Data 0.000 (0.046)	Loss 1.6296 (1.3865)	Acc@1 56.250 (61.085)	Acc@5 81.250 (88.402)
clipping gradient: 21.172955132462647 with coef 0.9446012554636619
clipping gradient: 20.071660443232382 with coef 0.9964297700514088
clipping gradient: 20.00837590923558 with coef 0.9995813798544383
clipping gradient: 23.735736408744593 with coef 0.8426113121407814
clipping gradient: 28.5481355779013 with coef 0.7005711439692655
clipping gradient: 20.479844737120885 with coef 0.976569903567133
clipping gradient: 23.40913704037797 with coef 0.8543672483741022
Epoch: [2][220/299], lr: 0.00100	Time 0.300 (0.371)	Data 0.000 (0.042)	Loss 1.2946 (1.3805)	Acc@1 53.125 (61.270)	Acc@5 90.625 (88.504)
clipping gradient: 24.824060509047747 with coef 0.8056699665516245
clipping gradient: 20.78519420222443 with coef 0.9622233886974989
clipping gradient: 20.57951427858206 with coef 0.9718402353555455
clipping gradient: 20.107799624003153 with coef 0.9946389149474878
clipping gradient: 22.94558687997835 with coef 0.8716273026536278
Epoch: [2][240/299], lr: 0.00100	Time 0.461 (0.369)	Data 0.144 (0.041)	Loss 1.3247 (1.3661)	Acc@1 59.375 (61.709)	Acc@5 90.625 (88.758)
clipping gradient: 21.985486293869588 with coef 0.9096910449316185
clipping gradient: 21.032096774894946 with coef 0.9509275377561541
clipping gradient: 21.509094155705338 with coef 0.9298392510265223
clipping gradient: 24.573346416191715 with coef 0.8138899627777895
clipping gradient: 21.20996166123887 with coef 0.9429531424637098
clipping gradient: 27.397989517917757 with coef 0.7299805698122626
Epoch: [2][260/299], lr: 0.00100	Time 0.300 (0.364)	Data 0.000 (0.038)	Loss 2.2663 (1.3623)	Acc@1 37.500 (61.901)	Acc@5 68.750 (88.829)
clipping gradient: 22.672071270412353 with coef 0.8821426045047999
clipping gradient: 20.246143917445533 with coef 0.9878424297264113
clipping gradient: 22.78673098646433 with coef 0.8777037834817248
clipping gradient: 24.774520693165424 with coef 0.8072810064703865
clipping gradient: 20.4164607403119 with coef 0.979601717182567
clipping gradient: 20.945020707957575 with coef 0.9548808892989762
Epoch: [2][280/299], lr: 0.00100	Time 0.304 (0.360)	Data 0.000 (0.035)	Loss 1.0728 (1.3546)	Acc@1 62.500 (62.000)	Acc@5 90.625 (88.857)
clipping gradient: 20.020659006542964 with coef 0.9989681155582235
clipping gradient: 23.334501452238467 with coef 0.8570999488005522
clipping gradient: 25.036214766655423 with coef 0.7988428037706833
clipping gradient: 21.71269957873098 with coef 0.9211199154430026
clipping gradient: 20.535872174574653 with coef 0.9739055556043968
clipping gradient: 20.08191349371411 with coef 0.995921031442559
clipping gradient: 23.257532551882758 with coef 0.8599364509276349
clipping gradient: 21.14199935327813 with coef 0.945984325597803
clipping gradient: 110.9614648909898 with coef 0.18024275382132254
Epoch: [3][0/299], lr: 0.00100	Time 5.809 (5.809)	Data 5.504 (5.504)	Loss 1.4803 (1.4803)	Acc@1 53.125 (53.125)	Acc@5 84.375 (84.375)
clipping gradient: 21.267570681054522 with coef 0.940398896514133
clipping gradient: 22.0140872030769 with coef 0.9085091657674822
clipping gradient: 20.223245327593613 with coef 0.9889609543880178
clipping gradient: 21.677843902942623 with coef 0.9226009786556832
clipping gradient: 20.31312986694766 with coef 0.9845848537867536
clipping gradient: 22.695509638210755 with coef 0.8812315880462749
clipping gradient: 22.14102117603295 with coef 0.903300703295901
clipping gradient: 21.26679925205889 with coef 0.9404330084163347
Epoch: [3][20/299], lr: 0.00100	Time 0.303 (0.565)	Data 0.000 (0.262)	Loss 1.1115 (1.2676)	Acc@1 59.375 (63.542)	Acc@5 93.750 (91.815)
clipping gradient: 22.22859953163573 with coef 0.8997417930687002
clipping gradient: 21.840943138429072 with coef 0.9157113716765308
clipping gradient: 23.363938924776757 with coef 0.8560200428700231
clipping gradient: 21.19583153291523 with coef 0.9435817589388645
Epoch: [3][40/299], lr: 0.00100	Time 0.322 (0.602)	Data 0.000 (0.134)	Loss 0.8079 (1.1541)	Acc@1 78.125 (66.387)	Acc@5 93.750 (92.226)
clipping gradient: 20.49633683277235 with coef 0.9757841200199863
clipping gradient: 21.856653600588803 with coef 0.9150531625509778
clipping gradient: 21.31661083876763 with coef 0.9382354517457735
clipping gradient: 20.15267976433178 with coef 0.9924238480382144
clipping gradient: 32.81344968090731 with coef 0.6095061687963004
clipping gradient: 23.206535158697058 with coef 0.8618261995265867
clipping gradient: 20.241041567574012 with coef 0.9880914444659726
Epoch: [3][60/299], lr: 0.00100	Time 0.302 (0.517)	Data 0.000 (0.103)	Loss 1.3717 (1.1870)	Acc@1 62.500 (65.471)	Acc@5 90.625 (91.752)
clipping gradient: 22.186501675940633 with coef 0.9014490113007898
clipping gradient: 23.098959732454425 with coef 0.8658398573637784
clipping gradient: 21.44266912527644 with coef 0.9327197040234216
clipping gradient: 20.613006829496364 with coef 0.970261164003537
clipping gradient: 21.423816408170012 with coef 0.933540486856159
Epoch: [3][80/299], lr: 0.00100	Time 0.293 (0.504)	Data 0.000 (0.088)	Loss 0.8502 (1.1471)	Acc@1 71.875 (66.551)	Acc@5 100.000 (92.477)
clipping gradient: 22.180877097304307 with coef 0.9016775987830817
clipping gradient: 21.718518772159506 with coef 0.9208731133928693
clipping gradient: 23.22006997048331 with coef 0.8613238472331665
clipping gradient: 22.780114601088357 with coef 0.8779587087346992
clipping gradient: 20.33389918603694 with coef 0.9835791855274749
clipping gradient: 23.643731014066507 with coef 0.8458901849332189
clipping gradient: 21.601558180830025 with coef 0.9258591362982647
Epoch: [3][100/299], lr: 0.00100	Time 0.300 (0.465)	Data 0.000 (0.071)	Loss 1.1117 (1.1600)	Acc@1 75.000 (66.646)	Acc@5 87.500 (91.832)
clipping gradient: 20.485088573067056 with coef 0.9763199182011432
Epoch: [3][120/299], lr: 0.00100	Time 0.304 (0.438)	Data 0.000 (0.059)	Loss 1.2889 (1.1556)	Acc@1 56.250 (66.994)	Acc@5 84.375 (91.761)
clipping gradient: 23.107882900657778 with coef 0.8655055110838686
clipping gradient: 23.060282476984618 with coef 0.8672920646120037
clipping gradient: 20.150748044642164 with coef 0.992518985185652
clipping gradient: 21.152923861599337 with coef 0.9454957683796926
clipping gradient: 22.44920456984466 with coef 0.8909001625325023
clipping gradient: 20.95320977216055 with coef 0.9545076967908261
clipping gradient: 21.233474502707555 with coef 0.9419089653673839
Epoch: [3][140/299], lr: 0.00100	Time 0.298 (0.420)	Data 0.000 (0.051)	Loss 0.6924 (1.1346)	Acc@1 84.375 (67.487)	Acc@5 96.875 (91.933)
clipping gradient: 21.821758571249024 with coef 0.9165164179916618
clipping gradient: 20.12958565264022 with coef 0.9935624282150476
clipping gradient: 20.63589784705346 with coef 0.9691848713457235
clipping gradient: 21.073569134220904 with coef 0.9490561315274517
clipping gradient: 20.192163832676886 with coef 0.9904832471512584
Epoch: [3][160/299], lr: 0.00100	Time 0.305 (0.405)	Data 0.000 (0.044)	Loss 0.8778 (1.1271)	Acc@1 78.125 (67.644)	Acc@5 93.750 (91.867)
clipping gradient: 20.61054232477038 with coef 0.970377182941149
clipping gradient: 22.15521856882198 with coef 0.9027218548024203
clipping gradient: 20.524363717413127 with coef 0.9744516456328315
clipping gradient: 21.92787740751983 with coef 0.9120809838685666
clipping gradient: 20.659436743689135 with coef 0.9680806039452855
clipping gradient: 20.72162262845707 with coef 0.9651753802587804
Epoch: [3][180/299], lr: 0.00100	Time 0.305 (0.394)	Data 0.000 (0.039)	Loss 1.0485 (1.1265)	Acc@1 68.750 (67.662)	Acc@5 90.625 (91.885)
clipping gradient: 22.978003266567555 with coef 0.8703976480454035
clipping gradient: 21.61855102200112 with coef 0.925131382748366
clipping gradient: 20.871723239405906 with coef 0.9582342469087513
Epoch: [3][200/299], lr: 0.00100	Time 0.302 (0.388)	Data 0.000 (0.037)	Loss 0.7346 (1.1224)	Acc@1 75.000 (67.786)	Acc@5 96.875 (91.962)
clipping gradient: 23.568955565193278 with coef 0.8485738769661935
clipping gradient: 23.175919100030274 with coef 0.8629646968337007
clipping gradient: 20.507990120545635 with coef 0.9752296486608547
clipping gradient: 21.986490392519585 with coef 0.9096495003497491
clipping gradient: 21.320634173567527 with coef 0.9380584009454654
Epoch: [3][220/299], lr: 0.00100	Time 0.301 (0.380)	Data 0.000 (0.034)	Loss 1.1372 (1.1240)	Acc@1 59.375 (67.873)	Acc@5 100.000 (91.912)
clipping gradient: 20.969959925707546 with coef 0.953745265649342
clipping gradient: 23.8545740413524 with coef 0.83841362940833
Epoch: [3][240/299], lr: 0.00100	Time 0.301 (0.375)	Data 0.000 (0.031)	Loss 0.7984 (1.1194)	Acc@1 71.875 (67.855)	Acc@5 96.875 (91.896)
clipping gradient: 21.520266813251407 with coef 0.9293565072197302
clipping gradient: 21.158321074912646 with coef 0.9452545846708951
Epoch: [3][260/299], lr: 0.00100	Time 0.300 (0.370)	Data 0.000 (0.030)	Loss 0.8546 (1.1219)	Acc@1 71.875 (67.768)	Acc@5 96.875 (91.894)
clipping gradient: 22.101376630855796 with coef 0.9049210071411543
clipping gradient: 20.71552646713527 with coef 0.96545941189231
clipping gradient: 20.145055311995964 with coef 0.9927994582417659
Epoch: [3][280/299], lr: 0.00100	Time 0.303 (0.382)	Data 0.000 (0.038)	Loss 1.2455 (1.1087)	Acc@1 62.500 (68.149)	Acc@5 93.750 (91.948)
clipping gradient: 21.755360141155048 with coef 0.9193136712163915
clipping gradient: 20.57380932541987 with coef 0.9721097188982449
clipping gradient: 50.34125418291841 with coef 0.3972884729357084
Epoch: [4][0/299], lr: 0.00100	Time 9.384 (9.384)	Data 9.071 (9.071)	Loss 0.8535 (0.8535)	Acc@1 81.250 (81.250)	Acc@5 90.625 (90.625)
clipping gradient: 21.828473661660293 with coef 0.9162344701694907
clipping gradient: 22.788823470511026 with coef 0.8776231921705044
clipping gradient: 21.063148226152006 with coef 0.9495256732404322
clipping gradient: 25.218350751364582 with coef 0.7930732741877573
Epoch: [4][20/299], lr: 0.00100	Time 0.299 (0.750)	Data 0.000 (0.448)	Loss 0.9405 (0.9817)	Acc@1 71.875 (72.619)	Acc@5 96.875 (94.196)
clipping gradient: 23.094306429995566 with coef 0.866014316585988
clipping gradient: 21.33478930641884 with coef 0.93743602117424
clipping gradient: 20.269798627038018 with coef 0.9866896246972019
clipping gradient: 24.284325225802462 with coef 0.823576517528669
clipping gradient: 20.059008954668812 with coef 0.9970582317998777
clipping gradient: 20.35573089905853 with coef 0.9825242875914133
Epoch: [4][40/299], lr: 0.00100	Time 0.304 (0.575)	Data 0.000 (0.229)	Loss 0.8811 (0.9889)	Acc@1 71.875 (72.256)	Acc@5 96.875 (93.674)
clipping gradient: 21.513851018152415 with coef 0.9296336570856099
clipping gradient: 20.17662502496209 with coef 0.9912460570217481
clipping gradient: 22.08842595356009 with coef 0.9054515718797297
Epoch: [4][60/299], lr: 0.00100	Time 0.305 (0.486)	Data 0.000 (0.154)	Loss 0.5388 (0.9768)	Acc@1 93.750 (72.900)	Acc@5 100.000 (93.289)
clipping gradient: 20.252915702968924 with coef 0.9875121337254246
clipping gradient: 20.90782084107133 with coef 0.9565798440702148
clipping gradient: 20.268687621272 with coef 0.9867437090011683
clipping gradient: 23.789552810964963 with coef 0.8407051683116001
clipping gradient: 20.020967577691987 with coef 0.9989527190626216
clipping gradient: 24.1968318905298 with coef 0.8265544882273467
Epoch: [4][80/299], lr: 0.00100	Time 0.302 (0.441)	Data 0.000 (0.116)	Loss 1.3521 (0.9719)	Acc@1 71.875 (72.685)	Acc@5 93.750 (93.711)
clipping gradient: 21.46571216261657 with coef 0.9317184470045597
clipping gradient: 20.92829406785417 with coef 0.9556440642106597
Epoch: [4][100/299], lr: 0.00100	Time 0.305 (0.419)	Data 0.000 (0.094)	Loss 0.9614 (0.9521)	Acc@1 71.875 (73.144)	Acc@5 93.750 (93.936)
clipping gradient: 22.798936493526167 with coef 0.8772339010496856
clipping gradient: 21.33028740850539 with coef 0.9376338732325311
Epoch: [4][120/299], lr: 0.00100	Time 0.302 (0.400)	Data 0.000 (0.078)	Loss 1.1893 (0.9718)	Acc@1 71.875 (72.831)	Acc@5 90.625 (93.569)
clipping gradient: 20.839650412511062 with coef 0.9597089972292924
Epoch: [4][140/299], lr: 0.00100	Time 0.298 (0.388)	Data 0.000 (0.067)	Loss 0.8165 (0.9504)	Acc@1 68.750 (73.050)	Acc@5 90.625 (93.927)
clipping gradient: 20.770421758331977 with coef 0.9629077460585063
clipping gradient: 22.76738679086124 with coef 0.8784495200840501
clipping gradient: 22.184202382775382 with coef 0.9015424424512429
clipping gradient: 24.4816627376385 with coef 0.8169379757548771
clipping gradient: 21.58672645190551 with coef 0.9264952722016151
Epoch: [4][160/299], lr: 0.00100	Time 0.299 (0.377)	Data 0.000 (0.059)	Loss 0.8980 (0.9537)	Acc@1 75.000 (73.117)	Acc@5 93.750 (93.866)
clipping gradient: 20.85310039564284 with coef 0.9590899971967194
clipping gradient: 22.40600647940247 with coef 0.8926177906083228
clipping gradient: 21.944426054458866 with coef 0.911393168833241
clipping gradient: 20.702739627526817 with coef 0.9660557182203828
Epoch: [4][180/299], lr: 0.00100	Time 0.300 (0.369)	Data 0.000 (0.053)	Loss 1.3142 (0.9461)	Acc@1 75.000 (73.377)	Acc@5 84.375 (93.957)
clipping gradient: 23.60166403234702 with coef 0.8473978772254873
Epoch: [4][200/299], lr: 0.00100	Time 0.309 (0.381)	Data 0.000 (0.056)	Loss 0.5988 (0.9485)	Acc@1 87.500 (73.305)	Acc@5 100.000 (93.937)
clipping gradient: 20.402391796696673 with coef 0.980277224322208
clipping gradient: 28.145195902841113 with coef 0.7106008453109081
clipping gradient: 22.93228039656359 with coef 0.8721330654493918
clipping gradient: 28.2553216467359 with coef 0.7078312627281818
clipping gradient: 25.50359843608026 with coef 0.7842030625649182
clipping gradient: 21.68787456642547 with coef 0.9221742747886216
Epoch: [4][220/299], lr: 0.00100	Time 0.299 (0.374)	Data 0.000 (0.051)	Loss 1.1773 (0.9547)	Acc@1 68.750 (73.148)	Acc@5 93.750 (93.962)
clipping gradient: 21.685102181283696 with coef 0.9222921724234208
clipping gradient: 22.000297172783696 with coef 0.9090786293896866
Epoch: [4][240/299], lr: 0.00100	Time 0.305 (0.369)	Data 0.000 (0.047)	Loss 0.8435 (0.9539)	Acc@1 78.125 (73.016)	Acc@5 96.875 (93.945)
clipping gradient: 20.929038860546346 with coef 0.9556100561169252
clipping gradient: 20.1387039243973 with coef 0.9931125694623641
clipping gradient: 22.932506795504263 with coef 0.8721244554006125
clipping gradient: 21.016880985544017 with coef 0.951615989725428
clipping gradient: 21.66410635657003 with coef 0.9231860142680033
Epoch: [4][260/299], lr: 0.00100	Time 0.301 (0.364)	Data 0.000 (0.043)	Loss 0.7570 (0.9484)	Acc@1 81.250 (73.204)	Acc@5 93.750 (93.870)
clipping gradient: 22.921653808073415 with coef 0.8725373905156723
clipping gradient: 20.07704490871244 with coef 0.9961625374121165
Epoch: [4][280/299], lr: 0.00100	Time 0.303 (0.362)	Data 0.000 (0.043)	Loss 1.0510 (0.9450)	Acc@1 68.750 (73.210)	Acc@5 93.750 (93.972)
clipping gradient: 20.953566959275413 with coef 0.9544914256780848
clipping gradient: 21.676949578478187 with coef 0.9226390423427873
clipping gradient: 20.923742185992865 with coef 0.9558519610028816
Test: [0/119]	Time 5.852 (5.852)	Loss 0.5627 (0.5627)	Acc@1 78.125 (78.125)	Acc@5 100.000 (100.000)
Test: [20/119]	Time 0.108 (0.471)	Loss 0.6430 (0.7722)	Acc@1 84.375 (77.679)	Acc@5 93.750 (94.494)
Test: [40/119]	Time 1.174 (0.386)	Loss 1.2774 (0.9377)	Acc@1 62.500 (72.942)	Acc@5 93.750 (93.216)
Test: [60/119]	Time 0.213 (0.338)	Loss 1.0884 (1.0393)	Acc@1 68.750 (70.645)	Acc@5 100.000 (92.674)
Test: [80/119]	Time 0.435 (0.319)	Loss 0.5188 (1.0001)	Acc@1 87.500 (72.261)	Acc@5 93.750 (92.323)
Test: [100/119]	Time 0.102 (0.314)	Loss 0.6662 (0.9795)	Acc@1 81.250 (72.556)	Acc@5 100.000 (92.512)
 * Acc@1 73.302 Acc@5 92.757
Epoch: [5][0/299], lr: 0.00100	Time 4.312 (4.312)	Data 3.905 (3.905)	Loss 0.7980 (0.7980)	Acc@1 71.875 (71.875)	Acc@5 93.750 (93.750)
Epoch: [5][20/299], lr: 0.00100	Time 0.299 (0.659)	Data 0.000 (0.260)	Loss 0.8685 (0.7857)	Acc@1 71.875 (76.637)	Acc@5 96.875 (96.577)
clipping gradient: 20.829664077231246 with coef 0.9601691091054058
clipping gradient: 23.974208067562586 with coef 0.8342298499970165
clipping gradient: 22.08887809780735 with coef 0.9054330379045054
Epoch: [5][40/299], lr: 0.00100	Time 0.301 (0.485)	Data 0.000 (0.133)	Loss 0.7273 (0.8332)	Acc@1 75.000 (76.220)	Acc@5 93.750 (95.732)
clipping gradient: 25.47892295290354 with coef 0.7849625369553084
clipping gradient: 22.758721035742937 with coef 0.8787840041006557
Epoch: [5][60/299], lr: 0.00100	Time 0.297 (0.428)	Data 0.000 (0.090)	Loss 0.8382 (0.8411)	Acc@1 75.000 (75.922)	Acc@5 96.875 (95.184)
clipping gradient: 24.917404055342075 with coef 0.8026518314500011
clipping gradient: 20.781361002268074 with coef 0.9624008744093904
clipping gradient: 20.82733449197675 with coef 0.9602765062281272
Epoch: [5][80/299], lr: 0.00100	Time 0.297 (0.413)	Data 0.000 (0.068)	Loss 0.3245 (0.8315)	Acc@1 93.750 (76.080)	Acc@5 100.000 (95.293)
clipping gradient: 23.352279825290715 with coef 0.8564474282438083
clipping gradient: 20.315127118058367 with coef 0.9844880558104779
clipping gradient: 23.164496811798017 with coef 0.8633902200635633
clipping gradient: 20.775612872159748 with coef 0.9626671484046035
Epoch: [5][100/299], lr: 0.00100	Time 0.304 (0.391)	Data 0.000 (0.054)	Loss 0.4527 (0.8288)	Acc@1 87.500 (76.145)	Acc@5 96.875 (95.483)
clipping gradient: 21.494267167545786 with coef 0.9304806646396402
clipping gradient: 20.344925895730345 with coef 0.9830460972186322
Epoch: [5][120/299], lr: 0.00100	Time 0.300 (0.378)	Data 0.000 (0.045)	Loss 0.9028 (0.8424)	Acc@1 75.000 (75.775)	Acc@5 93.750 (95.222)
clipping gradient: 22.41335573895033 with coef 0.8923251044127963
clipping gradient: 21.685279078685713 with coef 0.9222846488361701
clipping gradient: 21.054121140703078 with coef 0.9499327882812839
clipping gradient: 20.45393013013988 with coef 0.9778071926885585
Epoch: [5][140/299], lr: 0.00100	Time 0.310 (0.367)	Data 0.000 (0.039)	Loss 0.8762 (0.8274)	Acc@1 75.000 (75.776)	Acc@5 100.000 (95.434)
clipping gradient: 23.43073514605758 with coef 0.8535797052601302
clipping gradient: 21.965190221897743 with coef 0.9105316092396692
clipping gradient: 21.294661019135436 with coef 0.939202553261024
Epoch: [5][160/299], lr: 0.00100	Time 0.304 (0.359)	Data 0.000 (0.034)	Loss 1.1468 (0.8420)	Acc@1 71.875 (75.388)	Acc@5 90.625 (95.128)
clipping gradient: 25.22419395651879 with coef 0.7928895581153474
clipping gradient: 21.73607583326734 with coef 0.9201292889027258
Epoch: [5][180/299], lr: 0.00100	Time 0.299 (0.364)	Data 0.000 (0.039)	Loss 0.5915 (0.8426)	Acc@1 87.500 (75.587)	Acc@5 96.875 (95.114)
clipping gradient: 21.03627407748049 with coef 0.9507387062146224
clipping gradient: 20.738177663052593 with coef 0.9644048925105054
clipping gradient: 23.26588884888988 with coef 0.8596275917029618
Epoch: [5][200/299], lr: 0.00100	Time 0.308 (0.360)	Data 0.000 (0.038)	Loss 0.9124 (0.8377)	Acc@1 75.000 (75.622)	Acc@5 93.750 (95.211)
clipping gradient: 21.728571320636256 with coef 0.9204470788654853
clipping gradient: 21.540671043919758 with coef 0.9284761816018429
clipping gradient: 21.118933115625016 with coef 0.9470175359001841
Epoch: [5][220/299], lr: 0.00100	Time 0.305 (0.356)	Data 0.000 (0.034)	Loss 0.6898 (0.8376)	Acc@1 75.000 (75.523)	Acc@5 96.875 (95.277)
clipping gradient: 20.446278004502194 with coef 0.9781731421042047
clipping gradient: 20.13103489535114 with coef 0.9934909011865357
Epoch: [5][240/299], lr: 0.00100	Time 0.311 (0.352)	Data 0.000 (0.031)	Loss 0.6642 (0.8411)	Acc@1 84.375 (75.493)	Acc@5 100.000 (95.202)
clipping gradient: 22.753412894360824 with coef 0.8789890155316776
clipping gradient: 20.084402075080412 with coef 0.9957976306805203
clipping gradient: 20.60975777373523 with coef 0.9704141222604618
clipping gradient: 20.46173708081143 with coef 0.9774341211116216
Epoch: [5][260/299], lr: 0.00100	Time 0.303 (0.352)	Data 0.000 (0.029)	Loss 0.8354 (0.8376)	Acc@1 75.000 (75.551)	Acc@5 96.875 (95.187)
Epoch: [5][280/299], lr: 0.00100	Time 0.304 (0.349)	Data 0.000 (0.027)	Loss 0.7504 (0.8349)	Acc@1 75.000 (75.656)	Acc@5 93.750 (95.129)
Epoch: [6][0/299], lr: 0.00100	Time 6.934 (6.934)	Data 6.542 (6.542)	Loss 0.7947 (0.7947)	Acc@1 78.125 (78.125)	Acc@5 93.750 (93.750)
clipping gradient: 20.65741345126214 with coef 0.9681754226968831
Epoch: [6][20/299], lr: 0.00100	Time 0.308 (0.727)	Data 0.000 (0.312)	Loss 0.4812 (0.6448)	Acc@1 84.375 (81.548)	Acc@5 96.875 (96.875)
clipping gradient: 22.58180735725894 with coef 0.8856687015165323
clipping gradient: 22.50933113039536 with coef 0.8885204044554261
clipping gradient: 20.00308505096656 with coef 0.9998457712418509
Epoch: [6][40/299], lr: 0.00100	Time 0.299 (0.520)	Data 0.000 (0.160)	Loss 0.7736 (0.6943)	Acc@1 84.375 (80.335)	Acc@5 96.875 (95.960)
clipping gradient: 20.098690208644992 with coef 0.9950897193986032
Epoch: [6][60/299], lr: 0.00100	Time 0.300 (0.448)	Data 0.000 (0.108)	Loss 0.8806 (0.6972)	Acc@1 78.125 (79.816)	Acc@5 96.875 (96.260)
clipping gradient: 24.079982800165208 with coef 0.8305653773084416
Epoch: [6][80/299], lr: 0.00100	Time 0.304 (0.414)	Data 0.000 (0.081)	Loss 0.6445 (0.6783)	Acc@1 78.125 (80.285)	Acc@5 96.875 (96.528)
clipping gradient: 22.102049247889724 with coef 0.9048934682791722
clipping gradient: 22.07912664557093 with coef 0.9058329308515469
Epoch: [6][100/299], lr: 0.00100	Time 0.299 (0.392)	Data 0.000 (0.065)	Loss 0.7026 (0.7022)	Acc@1 81.250 (79.363)	Acc@5 93.750 (96.442)
clipping gradient: 21.475753350317056 with coef 0.931282813401502
Epoch: [6][120/299], lr: 0.00100	Time 3.440 (0.423)	Data 3.006 (0.098)	Loss 0.8786 (0.7004)	Acc@1 71.875 (79.210)	Acc@5 93.750 (96.384)
clipping gradient: 20.084600868495496 with coef 0.9957877744721231
clipping gradient: 21.55774446212691 with coef 0.9277408420503552
clipping gradient: 20.10561086610786 with coef 0.994747194362252
Epoch: [6][140/299], lr: 0.00100	Time 0.302 (0.430)	Data 0.000 (0.109)	Loss 1.2058 (0.7074)	Acc@1 71.875 (79.100)	Acc@5 90.625 (96.254)
clipping gradient: 20.63091329696313 with coef 0.9694190321154614
Epoch: [6][160/299], lr: 0.00100	Time 1.447 (0.451)	Data 1.147 (0.133)	Loss 1.0808 (0.7084)	Acc@1 81.250 (79.387)	Acc@5 93.750 (96.176)
clipping gradient: 21.30235162550996 with coef 0.9388634809712572
clipping gradient: 20.422758385512456 with coef 0.9792996431954876
clipping gradient: 22.263511204113456 with coef 0.8983308974329599
clipping gradient: 20.369127120360485 with coef 0.9818781080711351
Epoch: [6][180/299], lr: 0.00100	Time 0.299 (0.497)	Data 0.000 (0.168)	Loss 0.6218 (0.7074)	Acc@1 81.250 (79.420)	Acc@5 96.875 (96.236)
Epoch: [6][200/299], lr: 0.00100	Time 0.302 (0.493)	Data 0.000 (0.167)	Loss 0.4684 (0.7180)	Acc@1 87.500 (78.933)	Acc@5 100.000 (96.113)
clipping gradient: 22.7604221587495 with coef 0.8787183234345965
clipping gradient: 21.05171803469455 with coef 0.9500412254733199
clipping gradient: 24.900135288111485 with coef 0.8032084873670929
clipping gradient: 21.175806316806344 with coef 0.9444740710594262
Epoch: [6][220/299], lr: 0.00100	Time 0.300 (0.498)	Data 0.000 (0.173)	Loss 0.6295 (0.7205)	Acc@1 81.250 (78.860)	Acc@5 93.750 (96.111)
clipping gradient: 20.736951412876586 with coef 0.9644619212244006
Epoch: [6][240/299], lr: 0.00100	Time 0.301 (0.496)	Data 0.000 (0.173)	Loss 0.6594 (0.7260)	Acc@1 71.875 (78.773)	Acc@5 100.000 (96.019)
clipping gradient: 21.401163445361036 with coef 0.9345286321027209
clipping gradient: 20.287455650578814 with coef 0.9858308673334987
Epoch: [6][260/299], lr: 0.00100	Time 0.302 (0.513)	Data 0.000 (0.192)	Loss 1.4694 (0.7345)	Acc@1 62.500 (78.616)	Acc@5 75.000 (95.869)
Epoch: [6][280/299], lr: 0.00100	Time 0.299 (0.509)	Data 0.000 (0.190)	Loss 0.2943 (0.7301)	Acc@1 84.375 (78.703)	Acc@5 100.000 (95.907)
clipping gradient: 21.284309610632388 with coef 0.9396593249145924
Epoch: [7][0/299], lr: 0.00100	Time 6.486 (6.486)	Data 6.181 (6.181)	Loss 0.6817 (0.6817)	Acc@1 84.375 (84.375)	Acc@5 96.875 (96.875)
clipping gradient: 27.231111028467506 with coef 0.7344540580475003
clipping gradient: 20.404044014037655 with coef 0.9801978463798804
Epoch: [7][20/299], lr: 0.00100	Time 0.300 (0.596)	Data 0.000 (0.295)	Loss 0.4604 (0.6478)	Acc@1 84.375 (80.208)	Acc@5 100.000 (96.577)
Epoch: [7][40/299], lr: 0.00100	Time 0.303 (0.532)	Data 0.000 (0.153)	Loss 0.7885 (0.6183)	Acc@1 81.250 (81.479)	Acc@5 93.750 (96.570)
clipping gradient: 22.932311859480397 with coef 0.8721318688910051
clipping gradient: 20.31562758299461 with coef 0.9844638034584368
Epoch: [7][60/299], lr: 0.00100	Time 0.308 (0.457)	Data 0.000 (0.103)	Loss 0.9039 (0.6535)	Acc@1 78.125 (80.686)	Acc@5 96.875 (96.568)
Epoch: [7][80/299], lr: 0.00100	Time 0.300 (0.419)	Data 0.000 (0.078)	Loss 0.2305 (0.6561)	Acc@1 96.875 (81.250)	Acc@5 100.000 (96.258)
clipping gradient: 20.652790976660594 with coef 0.968392118169486
clipping gradient: 20.03494888515483 with coef 0.998255603977072
Epoch: [7][100/299], lr: 0.00100	Time 1.195 (0.408)	Data 0.899 (0.075)	Loss 1.0305 (0.6671)	Acc@1 75.000 (81.467)	Acc@5 90.625 (96.163)
Epoch: [7][120/299], lr: 0.00100	Time 0.303 (0.399)	Data 0.000 (0.072)	Loss 0.3755 (0.6600)	Acc@1 87.500 (81.224)	Acc@5 100.000 (96.333)
clipping gradient: 23.077368571071165 with coef 0.8666499362094157
clipping gradient: 21.302511822302932 with coef 0.9388564206339625
clipping gradient: 21.976775612841504 with coef 0.9100516086770057
clipping gradient: 23.842665196388403 with coef 0.838832397102549
Epoch: [7][140/299], lr: 0.00100	Time 1.047 (0.395)	Data 0.000 (0.066)	Loss 0.6407 (0.6715)	Acc@1 87.500 (80.629)	Acc@5 100.000 (96.254)
Epoch: [7][160/299], lr: 0.00100	Time 0.302 (0.384)	Data 0.000 (0.057)	Loss 0.7343 (0.6701)	Acc@1 68.750 (80.571)	Acc@5 100.000 (96.448)
Epoch: [7][180/299], lr: 0.00100	Time 0.303 (0.375)	Data 0.000 (0.051)	Loss 0.6394 (0.6622)	Acc@1 78.125 (80.922)	Acc@5 96.875 (96.547)
clipping gradient: 21.253697826131617 with coef 0.9410127199328964
Epoch: [7][200/299], lr: 0.00100	Time 0.297 (0.371)	Data 0.000 (0.046)	Loss 0.5950 (0.6589)	Acc@1 78.125 (80.939)	Acc@5 96.875 (96.549)
clipping gradient: 21.58128612737292 with coef 0.926728828020714
clipping gradient: 21.380335284299022 with coef 0.9354390253499583
Epoch: [7][220/299], lr: 0.00100	Time 0.303 (0.365)	Data 0.000 (0.042)	Loss 0.7705 (0.6536)	Acc@1 75.000 (80.995)	Acc@5 90.625 (96.620)
clipping gradient: 21.6184719567616 with coef 0.9251347662314593
Epoch: [7][240/299], lr: 0.00100	Time 0.302 (0.359)	Data 0.000 (0.039)	Loss 0.2636 (0.6481)	Acc@1 90.625 (81.120)	Acc@5 100.000 (96.629)
clipping gradient: 21.390550459711918 with coef 0.9349923012813086
clipping gradient: 20.888534882653623 with coef 0.9574630347391436
clipping gradient: 22.9327001419371 with coef 0.8721171024874623
clipping gradient: 22.86100277305727 with coef 0.874852262542521
Epoch: [7][260/299], lr: 0.00100	Time 0.300 (0.358)	Data 0.000 (0.036)	Loss 0.5226 (0.6520)	Acc@1 78.125 (80.939)	Acc@5 96.875 (96.564)
Epoch: [7][280/299], lr: 0.00100	Time 0.302 (0.357)	Data 0.000 (0.036)	Loss 0.6902 (0.6542)	Acc@1 81.250 (81.105)	Acc@5 100.000 (96.519)
Epoch: [8][0/299], lr: 0.00100	Time 6.948 (6.948)	Data 6.361 (6.361)	Loss 0.4126 (0.4126)	Acc@1 87.500 (87.500)	Acc@5 100.000 (100.000)
clipping gradient: 21.025329610602746 with coef 0.9512336011091266
Epoch: [8][20/299], lr: 0.00100	Time 0.298 (0.706)	Data 0.000 (0.303)	Loss 0.4565 (0.5820)	Acc@1 84.375 (83.631)	Acc@5 100.000 (97.321)
clipping gradient: 21.952586892371578 with coef 0.9110543599283011
clipping gradient: 21.3058823802656 with coef 0.9387078949860738
clipping gradient: 21.621937081930753 with coef 0.9249865044105512
Epoch: [8][40/299], lr: 0.00100	Time 0.300 (0.509)	Data 0.000 (0.155)	Loss 0.6012 (0.5801)	Acc@1 81.250 (83.155)	Acc@5 96.875 (96.951)
clipping gradient: 20.977781441570745 with coef 0.9533896639978755
clipping gradient: 20.651485527928635 with coef 0.9684533334394961
Epoch: [8][60/299], lr: 0.00100	Time 0.299 (0.442)	Data 0.000 (0.104)	Loss 0.7818 (0.6187)	Acc@1 84.375 (82.275)	Acc@5 87.500 (96.414)
Epoch: [8][80/299], lr: 0.00100	Time 0.303 (0.407)	Data 0.000 (0.079)	Loss 0.7108 (0.6116)	Acc@1 81.250 (82.446)	Acc@5 93.750 (96.566)
Epoch: [8][100/299], lr: 0.00100	Time 0.300 (0.406)	Data 0.000 (0.063)	Loss 0.3864 (0.6075)	Acc@1 84.375 (82.611)	Acc@5 96.875 (96.627)
clipping gradient: 20.6005798199 with coef 0.970846460383613
clipping gradient: 23.535563976135048 with coef 0.849777809458057
Epoch: [8][120/299], lr: 0.00100	Time 0.301 (0.389)	Data 0.000 (0.053)	Loss 0.5506 (0.6053)	Acc@1 87.500 (82.541)	Acc@5 100.000 (96.901)
clipping gradient: 23.700362253227123 with coef 0.843868958048383
clipping gradient: 21.211595020776258 with coef 0.9428805321056937
Epoch: [8][140/299], lr: 0.00100	Time 0.300 (0.376)	Data 0.000 (0.045)	Loss 0.8100 (0.6037)	Acc@1 81.250 (82.646)	Acc@5 93.750 (96.919)
clipping gradient: 20.761109485658512 with coef 0.9633396526238506
clipping gradient: 22.004416033401263 with coef 0.9089084649936316
clipping gradient: 22.75649813733749 with coef 0.8788698454084728
Epoch: [8][160/299], lr: 0.00100	Time 0.303 (0.368)	Data 0.000 (0.040)	Loss 0.4894 (0.6116)	Acc@1 90.625 (82.298)	Acc@5 96.875 (96.759)
clipping gradient: 20.042279879127125 with coef 0.9978904655866443
Epoch: [8][180/299], lr: 0.00100	Time 0.311 (0.363)	Data 0.000 (0.035)	Loss 0.5717 (0.6152)	Acc@1 84.375 (82.338)	Acc@5 100.000 (96.754)
Epoch: [8][200/299], lr: 0.00100	Time 0.305 (0.357)	Data 0.000 (0.032)	Loss 0.5849 (0.6106)	Acc@1 84.375 (82.556)	Acc@5 96.875 (96.782)
clipping gradient: 21.71412659425659 with coef 0.9210593810063731
Epoch: [8][220/299], lr: 0.00100	Time 0.300 (0.352)	Data 0.000 (0.029)	Loss 0.5498 (0.6107)	Acc@1 87.500 (82.438)	Acc@5 93.750 (96.847)
clipping gradient: 23.230650979465896 with coef 0.8609315347072477
clipping gradient: 24.090198721853497 with coef 0.8302131597551721
Epoch: [8][240/299], lr: 0.00100	Time 0.304 (0.356)	Data 0.000 (0.027)	Loss 0.2222 (0.6093)	Acc@1 93.750 (82.469)	Acc@5 100.000 (96.875)
clipping gradient: 20.907104526066192 with coef 0.9566126182162026
Epoch: [8][260/299], lr: 0.00100	Time 0.310 (0.352)	Data 0.000 (0.025)	Loss 0.4664 (0.6097)	Acc@1 87.500 (82.399)	Acc@5 96.875 (96.851)
clipping gradient: 20.74593286908657 with coef 0.9640443804675527
clipping gradient: 22.01711519373947 with coef 0.908384219458822
clipping gradient: 26.924350558994757 with coef 0.7428220025652019
clipping gradient: 28.142353080194447 with coef 0.7106726272322716
Epoch: [8][280/299], lr: 0.00100	Time 0.302 (0.353)	Data 0.000 (0.023)	Loss 0.8718 (0.6099)	Acc@1 78.125 (82.373)	Acc@5 87.500 (96.886)
Epoch: [9][0/299], lr: 0.00100	Time 7.052 (7.052)	Data 6.668 (6.668)	Loss 0.4009 (0.4009)	Acc@1 87.500 (87.500)	Acc@5 100.000 (100.000)
clipping gradient: 20.85000837141655 with coef 0.9592322287706209
Epoch: [9][20/299], lr: 0.00100	Time 0.299 (0.626)	Data 0.000 (0.318)	Loss 0.5428 (0.5328)	Acc@1 87.500 (84.673)	Acc@5 96.875 (97.173)
clipping gradient: 20.488541949822704 with coef 0.9761553579059377
Epoch: [9][40/299], lr: 0.00100	Time 0.302 (0.496)	Data 0.000 (0.163)	Loss 0.5042 (0.5434)	Acc@1 90.625 (84.223)	Acc@5 93.750 (97.485)
clipping gradient: 20.11205157040034 with coef 0.99442863548713
Epoch: [9][60/299], lr: 0.00100	Time 0.314 (0.432)	Data 0.000 (0.109)	Loss 0.5312 (0.5629)	Acc@1 87.500 (83.402)	Acc@5 96.875 (97.541)
clipping gradient: 20.969125577408416 with coef 0.9537832145727371
Epoch: [9][80/299], lr: 0.00100	Time 0.310 (0.402)	Data 0.000 (0.082)	Loss 0.5912 (0.5521)	Acc@1 84.375 (83.681)	Acc@5 96.875 (97.762)
clipping gradient: 21.12614014367496 with coef 0.9466944678007299
Epoch: [9][100/299], lr: 0.00100	Time 0.302 (0.382)	Data 0.000 (0.066)	Loss 0.6403 (0.5538)	Acc@1 81.250 (83.663)	Acc@5 93.750 (97.494)
Epoch: [9][120/299], lr: 0.00100	Time 0.315 (0.377)	Data 0.000 (0.055)	Loss 0.5650 (0.5547)	Acc@1 75.000 (83.574)	Acc@5 96.875 (97.521)
Epoch: [9][140/299], lr: 0.00100	Time 0.299 (0.367)	Data 0.000 (0.047)	Loss 0.7151 (0.5546)	Acc@1 84.375 (83.644)	Acc@5 96.875 (97.340)
Epoch: [9][160/299], lr: 0.00100	Time 0.302 (0.358)	Data 0.000 (0.042)	Loss 0.5260 (0.5417)	Acc@1 87.500 (83.987)	Acc@5 96.875 (97.418)
Epoch: [9][180/299], lr: 0.00100	Time 0.317 (0.354)	Data 0.000 (0.037)	Loss 0.9044 (0.5462)	Acc@1 78.125 (83.719)	Acc@5 93.750 (97.376)
clipping gradient: 21.017998569090118 with coef 0.9515653897423313
Epoch: [9][200/299], lr: 0.00100	Time 0.303 (0.349)	Data 0.000 (0.034)	Loss 0.5640 (0.5439)	Acc@1 87.500 (83.784)	Acc@5 96.875 (97.388)
Epoch: [9][220/299], lr: 0.00100	Time 0.304 (0.347)	Data 0.000 (0.033)	Loss 0.2773 (0.5427)	Acc@1 87.500 (83.852)	Acc@5 100.000 (97.469)
Epoch: [9][240/299], lr: 0.00100	Time 0.299 (0.350)	Data 0.000 (0.031)	Loss 0.4626 (0.5427)	Acc@1 81.250 (83.895)	Acc@5 100.000 (97.484)
Epoch: [9][260/299], lr: 0.00100	Time 0.305 (0.347)	Data 0.000 (0.028)	Loss 0.5390 (0.5370)	Acc@1 81.250 (84.064)	Acc@5 100.000 (97.545)
clipping gradient: 22.020493901450788 with coef 0.9082448418054024
Epoch: [9][280/299], lr: 0.00100	Time 0.300 (0.347)	Data 0.000 (0.026)	Loss 0.5228 (0.5349)	Acc@1 81.250 (84.130)	Acc@5 100.000 (97.587)
clipping gradient: 22.210429592060976 with coef 0.9004778551041136
clipping gradient: 58.412060581903525 with coef 0.34239504309142865
Test: [0/119]	Time 5.247 (5.247)	Loss 0.6164 (0.6164)	Acc@1 75.000 (75.000)	Acc@5 100.000 (100.000)
Test: [20/119]	Time 0.101 (0.547)	Loss 0.7803 (0.8691)	Acc@1 71.875 (76.935)	Acc@5 93.750 (94.643)
Test: [40/119]	Time 1.053 (0.439)	Loss 2.6086 (0.9162)	Acc@1 62.500 (75.991)	Acc@5 81.250 (94.055)
Test: [60/119]	Time 0.965 (0.386)	Loss 2.3929 (1.0523)	Acc@1 37.500 (72.746)	Acc@5 78.125 (91.957)
Test: [80/119]	Time 0.102 (0.362)	Loss 0.3814 (1.0098)	Acc@1 84.375 (74.151)	Acc@5 100.000 (92.245)
Test: [100/119]	Time 0.540 (0.337)	Loss 0.5223 (1.0132)	Acc@1 81.250 (73.360)	Acc@5 100.000 (92.420)
 * Acc@1 73.672 Acc@5 92.836
End of Training .................................
