Start Training ...................................

          Initializing TSN with base model: BNInception.
          TSN Configurations:
              input_modality:     RGBDiff
              num_segments:       3
              new_length:         5
              consensus_module:   avg
              dropout_ratio:      0.8
               
Load and modify the standard model FC output layer
Dropout Layer added and The modified linear layer is : Linear(in_features=1024, out_features=101, bias=True)
Done. Loading and Modifying 
 ---------------------------------------------------
Converting the ImageNet model to RGBDiff model
The modified 1st layer is Conv2d(15, 64, kernel_size=(7, 7), stride=(2, 2), padding=(3, 3))
Done. RGBDiff model is ready.
Loading checkpoint '/home/alex039u2/data/tsn_paper/server_scripts/real-time-action-recognition/_rgbdiff_checkpoint.pth.tar'
Loaded checkpoint 'False' epoch 105
---------------------------------------------------
group: first_conv_weight has 1 params, lr_mult: 1, decay_mult: 1
group: first_conv_bias has 1 params, lr_mult: 2, decay_mult: 0
group: normal_weight has 69 params, lr_mult: 1, decay_mult: 1
group: normal_bias has 69 params, lr_mult: 2, decay_mult: 0
group: BN scale/shift has 2 params, lr_mult: 1, decay_mult: 0
---------------------------------------------------
Epoch: [105][0/150], lr: 0.00010	Time 49.266 (49.266)	Data 30.067 (30.067)	Loss 0.0330 (0.0330)	Acc@1 98.438 (98.438)	Acc@5 100.000 (100.000)
Epoch: [105][20/150], lr: 0.00010	Time 1.385 (3.705)	Data 0.000 (1.432)	Loss 0.1381 (0.0458)	Acc@1 95.312 (98.586)	Acc@5 100.000 (99.926)
Epoch: [105][40/150], lr: 0.00010	Time 1.296 (2.582)	Data 0.000 (0.735)	Loss 0.0224 (0.0412)	Acc@1 98.438 (98.666)	Acc@5 100.000 (99.886)
Epoch: [105][60/150], lr: 0.00010	Time 1.292 (2.219)	Data 0.000 (0.494)	Loss 0.0614 (0.0446)	Acc@1 98.438 (98.591)	Acc@5 100.000 (99.898)
Epoch: [105][80/150], lr: 0.00010	Time 1.296 (2.076)	Data 0.000 (0.407)	Loss 0.0091 (0.0396)	Acc@1 100.000 (98.746)	Acc@5 100.000 (99.923)
Epoch: [105][100/150], lr: 0.00010	Time 1.292 (2.002)	Data 0.001 (0.395)	Loss 0.0083 (0.0386)	Acc@1 100.000 (98.793)	Acc@5 100.000 (99.923)
Epoch: [105][120/150], lr: 0.00010	Time 1.916 (1.947)	Data 0.619 (0.366)	Loss 0.0251 (0.0364)	Acc@1 98.438 (98.864)	Acc@5 100.000 (99.923)
Epoch: [105][140/150], lr: 0.00010	Time 1.412 (1.922)	Data 0.052 (0.360)	Loss 0.0737 (0.0384)	Acc@1 98.438 (98.836)	Acc@5 98.438 (99.900)
Epoch: [106][0/150], lr: 0.00010	Time 27.577 (27.577)	Data 22.831 (22.831)	Loss 0.0462 (0.0462)	Acc@1 98.438 (98.438)	Acc@5 100.000 (100.000)
Epoch: [106][20/150], lr: 0.00010	Time 1.351 (2.956)	Data 0.000 (1.324)	Loss 0.0163 (0.0406)	Acc@1 100.000 (98.586)	Acc@5 100.000 (99.926)
Epoch: [106][40/150], lr: 0.00010	Time 1.292 (2.316)	Data 0.000 (0.756)	Loss 0.0631 (0.0434)	Acc@1 96.875 (98.628)	Acc@5 100.000 (99.886)
Epoch: [106][60/150], lr: 0.00010	Time 4.667 (2.148)	Data 3.084 (0.621)	Loss 0.0404 (0.0390)	Acc@1 100.000 (98.796)	Acc@5 100.000 (99.923)
Epoch: [106][80/150], lr: 0.00010	Time 1.305 (2.051)	Data 0.000 (0.517)	Loss 0.0099 (0.0405)	Acc@1 100.000 (98.746)	Acc@5 100.000 (99.904)
Epoch: [106][100/150], lr: 0.00010	Time 1.678 (2.003)	Data 0.000 (0.473)	Loss 0.0342 (0.0408)	Acc@1 98.438 (98.716)	Acc@5 100.000 (99.923)
Epoch: [106][120/150], lr: 0.00010	Time 7.174 (1.972)	Data 3.646 (0.436)	Loss 0.0212 (0.0388)	Acc@1 100.000 (98.773)	Acc@5 100.000 (99.935)
Epoch: [106][140/150], lr: 0.00010	Time 1.293 (1.899)	Data 0.000 (0.375)	Loss 0.0788 (0.0387)	Acc@1 96.875 (98.770)	Acc@5 100.000 (99.934)
Epoch: [107][0/150], lr: 0.00010	Time 30.134 (30.134)	Data 26.796 (26.796)	Loss 0.1225 (0.1225)	Acc@1 98.438 (98.438)	Acc@5 98.438 (98.438)
Epoch: [107][20/150], lr: 0.00010	Time 1.664 (3.019)	Data 0.000 (1.424)	Loss 0.0273 (0.0417)	Acc@1 100.000 (98.884)	Acc@5 100.000 (99.851)
Epoch: [107][40/150], lr: 0.00010	Time 1.380 (2.390)	Data 0.000 (0.859)	Loss 0.0230 (0.0464)	Acc@1 98.438 (98.590)	Acc@5 100.000 (99.848)
Epoch: [107][60/150], lr: 0.00010	Time 4.964 (2.207)	Data 3.403 (0.695)	Loss 0.0687 (0.0430)	Acc@1 98.438 (98.719)	Acc@5 100.000 (99.898)
Epoch: [107][80/150], lr: 0.00010	Time 1.300 (2.105)	Data 0.000 (0.588)	Loss 0.0077 (0.0402)	Acc@1 100.000 (98.804)	Acc@5 100.000 (99.904)
Epoch: [107][100/150], lr: 0.00010	Time 1.283 (2.041)	Data 0.000 (0.523)	Loss 0.0769 (0.0370)	Acc@1 95.312 (98.886)	Acc@5 100.000 (99.907)
Epoch: [107][120/150], lr: 0.00010	Time 5.292 (2.004)	Data 3.114 (0.494)	Loss 0.0020 (0.0353)	Acc@1 100.000 (98.928)	Acc@5 100.000 (99.923)
Epoch: [107][140/150], lr: 0.00010	Time 1.331 (1.938)	Data 0.000 (0.451)	Loss 0.0291 (0.0354)	Acc@1 98.438 (98.936)	Acc@5 100.000 (99.922)
Epoch: [108][0/150], lr: 0.00010	Time 32.513 (32.513)	Data 27.939 (27.939)	Loss 0.0136 (0.0136)	Acc@1 100.000 (100.000)	Acc@5 100.000 (100.000)
Epoch: [108][20/150], lr: 0.00010	Time 1.458 (3.184)	Data 0.000 (1.572)	Loss 0.0617 (0.0333)	Acc@1 98.438 (98.735)	Acc@5 100.000 (100.000)
Epoch: [108][40/150], lr: 0.00010	Time 1.445 (2.441)	Data 0.000 (0.870)	Loss 0.0800 (0.0361)	Acc@1 98.438 (98.857)	Acc@5 100.000 (99.962)
Epoch: [108][60/150], lr: 0.00010	Time 3.616 (2.222)	Data 1.574 (0.665)	Loss 0.0265 (0.0359)	Acc@1 98.438 (98.847)	Acc@5 100.000 (99.949)
Epoch: [108][80/150], lr: 0.00010	Time 1.289 (2.072)	Data 0.000 (0.549)	Loss 0.0421 (0.0360)	Acc@1 98.438 (98.823)	Acc@5 100.000 (99.942)
Epoch: [108][100/150], lr: 0.00010	Time 1.284 (2.018)	Data 0.000 (0.498)	Loss 0.0005 (0.0392)	Acc@1 100.000 (98.809)	Acc@5 100.000 (99.954)
Epoch: [108][120/150], lr: 0.00010	Time 2.068 (1.963)	Data 0.669 (0.452)	Loss 0.0216 (0.0362)	Acc@1 100.000 (98.864)	Acc@5 100.000 (99.948)
Epoch: [108][140/150], lr: 0.00010	Time 1.294 (1.921)	Data 0.000 (0.418)	Loss 0.1573 (0.0380)	Acc@1 96.875 (98.770)	Acc@5 100.000 (99.945)
Epoch: [109][0/150], lr: 0.00010	Time 30.699 (30.699)	Data 26.187 (26.187)	Loss 0.0918 (0.0918)	Acc@1 96.875 (96.875)	Acc@5 100.000 (100.000)
Epoch: [109][20/150], lr: 0.00010	Time 1.292 (3.091)	Data 0.000 (1.558)	Loss 0.0124 (0.0324)	Acc@1 100.000 (99.107)	Acc@5 100.000 (100.000)
Epoch: [109][40/150], lr: 0.00010	Time 1.358 (2.488)	Data 0.000 (0.942)	Loss 0.0529 (0.0317)	Acc@1 98.438 (98.971)	Acc@5 100.000 (100.000)
Epoch: [109][60/150], lr: 0.00010	Time 8.934 (2.306)	Data 6.651 (0.782)	Loss 0.0441 (0.0338)	Acc@1 98.438 (98.950)	Acc@5 100.000 (99.974)
Epoch: [109][80/150], lr: 0.00010	Time 1.380 (2.113)	Data 0.000 (0.621)	Loss 0.0144 (0.0343)	Acc@1 100.000 (98.997)	Acc@5 100.000 (99.942)
Epoch: [109][100/150], lr: 0.00010	Time 1.284 (2.051)	Data 0.000 (0.561)	Loss 0.0265 (0.0348)	Acc@1 98.438 (98.917)	Acc@5 100.000 (99.923)
Epoch: [109][120/150], lr: 0.00010	Time 3.896 (2.014)	Data 2.265 (0.522)	Loss 0.0015 (0.0358)	Acc@1 100.000 (98.889)	Acc@5 100.000 (99.923)
Epoch: [109][140/150], lr: 0.00010	Time 1.647 (1.960)	Data 0.002 (0.478)	Loss 0.0043 (0.0359)	Acc@1 100.000 (98.914)	Acc@5 100.000 (99.922)
Test: [0/60]	Time 25.155 (25.155)	Loss 0.1371 (0.1371)	Acc@1 95.312 (95.312)	Acc@5 100.000 (100.000)
Test: [20/60]	Time 0.491 (2.614)	Loss 2.7467 (1.0952)	Acc@1 60.938 (77.753)	Acc@5 84.375 (94.568)
Test: [40/60]	Time 0.793 (2.242)	Loss 0.7040 (1.0877)	Acc@1 85.938 (78.316)	Acc@5 92.188 (94.474)
 * Acc@1 79.461 Acc@5 94.581 Loss 1.04532
Epoch: [110][0/150], lr: 0.00010	Time 32.262 (32.262)	Data 27.670 (27.670)	Loss 0.1137 (0.1137)	Acc@1 95.312 (95.312)	Acc@5 100.000 (100.000)
Epoch: [110][20/150], lr: 0.00010	Time 1.294 (2.977)	Data 0.000 (1.321)	Loss 0.0422 (0.0375)	Acc@1 98.438 (98.438)	Acc@5 100.000 (99.926)
Epoch: [110][40/150], lr: 0.00010	Time 1.430 (2.362)	Data 0.000 (0.789)	Loss 0.0203 (0.0402)	Acc@1 100.000 (98.742)	Acc@5 100.000 (99.924)
Epoch: [110][60/150], lr: 0.00010	Time 5.164 (2.173)	Data 3.265 (0.623)	Loss 0.0276 (0.0360)	Acc@1 98.438 (98.822)	Acc@5 100.000 (99.949)
Epoch: [110][80/150], lr: 0.00010	Time 1.982 (2.076)	Data 0.000 (0.542)	Loss 0.0064 (0.0347)	Acc@1 100.000 (98.881)	Acc@5 100.000 (99.961)
Epoch: [110][100/150], lr: 0.00010	Time 1.283 (2.026)	Data 0.000 (0.492)	Loss 0.0019 (0.0349)	Acc@1 100.000 (98.917)	Acc@5 100.000 (99.969)
Epoch: [110][120/150], lr: 0.00010	Time 2.968 (1.975)	Data 1.571 (0.447)	Loss 0.0134 (0.0342)	Acc@1 100.000 (98.928)	Acc@5 100.000 (99.974)
Epoch: [110][140/150], lr: 0.00010	Time 1.293 (1.941)	Data 0.000 (0.426)	Loss 0.0033 (0.0343)	Acc@1 100.000 (98.936)	Acc@5 100.000 (99.978)
Epoch: [111][0/150], lr: 0.00010	Time 36.681 (36.681)	Data 32.578 (32.578)	Loss 0.0023 (0.0023)	Acc@1 100.000 (100.000)	Acc@5 100.000 (100.000)
Epoch: [111][20/150], lr: 0.00010	Time 1.407 (3.078)	Data 0.001 (1.553)	Loss 0.0113 (0.0467)	Acc@1 100.000 (98.438)	Acc@5 100.000 (99.926)
Epoch: [111][40/150], lr: 0.00010	Time 1.333 (2.302)	Data 0.000 (0.816)	Loss 0.0363 (0.0424)	Acc@1 98.438 (98.552)	Acc@5 100.000 (99.924)
Epoch: [111][60/150], lr: 0.00010	Time 5.529 (2.240)	Data 3.492 (0.698)	Loss 0.0427 (0.0394)	Acc@1 98.438 (98.745)	Acc@5 100.000 (99.898)
Epoch: [111][80/150], lr: 0.00010	Time 1.456 (2.095)	Data 0.001 (0.573)	Loss 0.0593 (0.0401)	Acc@1 98.438 (98.765)	Acc@5 100.000 (99.923)
Epoch: [111][100/150], lr: 0.00010	Time 1.288 (2.035)	Data 0.000 (0.524)	Loss 0.0043 (0.0375)	Acc@1 100.000 (98.855)	Acc@5 100.000 (99.923)
Epoch: [111][120/150], lr: 0.00010	Time 5.706 (1.995)	Data 3.772 (0.473)	Loss 0.0533 (0.0388)	Acc@1 98.438 (98.851)	Acc@5 98.438 (99.910)
Epoch: [111][140/150], lr: 0.00010	Time 1.328 (1.945)	Data 0.000 (0.437)	Loss 0.0023 (0.0381)	Acc@1 100.000 (98.825)	Acc@5 100.000 (99.900)
Epoch: [112][0/150], lr: 0.00010	Time 29.143 (29.143)	Data 24.766 (24.766)	Loss 0.1007 (0.1007)	Acc@1 95.312 (95.312)	Acc@5 98.438 (98.438)
Epoch: [112][20/150], lr: 0.00010	Time 1.290 (2.958)	Data 0.000 (1.404)	Loss 0.0090 (0.0382)	Acc@1 100.000 (98.810)	Acc@5 100.000 (99.851)
Epoch: [112][40/150], lr: 0.00010	Time 1.290 (2.411)	Data 0.000 (0.861)	Loss 0.0035 (0.0347)	Acc@1 100.000 (99.009)	Acc@5 100.000 (99.924)
Epoch: [112][60/150], lr: 0.00010	Time 7.209 (2.246)	Data 5.774 (0.731)	Loss 0.0439 (0.0331)	Acc@1 98.438 (98.975)	Acc@5 100.000 (99.949)
Epoch: [112][80/150], lr: 0.00010	Time 1.600 (2.058)	Data 0.000 (0.553)	Loss 0.0131 (0.0364)	Acc@1 100.000 (98.881)	Acc@5 100.000 (99.961)
Epoch: [112][100/150], lr: 0.00010	Time 2.294 (1.999)	Data 0.000 (0.506)	Loss 0.0568 (0.0369)	Acc@1 96.875 (98.855)	Acc@5 100.000 (99.954)
Epoch: [112][120/150], lr: 0.00010	Time 5.265 (1.969)	Data 3.845 (0.477)	Loss 0.0088 (0.0356)	Acc@1 100.000 (98.902)	Acc@5 100.000 (99.948)
Epoch: [112][140/150], lr: 0.00010	Time 1.340 (1.920)	Data 0.000 (0.444)	Loss 0.0012 (0.0367)	Acc@1 100.000 (98.870)	Acc@5 100.000 (99.945)
Epoch: [113][0/150], lr: 0.00010	Time 33.341 (33.341)	Data 28.327 (28.327)	Loss 0.0119 (0.0119)	Acc@1 100.000 (100.000)	Acc@5 100.000 (100.000)
Epoch: [113][20/150], lr: 0.00010	Time 1.534 (3.108)	Data 0.000 (1.532)	Loss 0.0141 (0.0386)	Acc@1 100.000 (98.958)	Acc@5 100.000 (99.777)
Epoch: [113][40/150], lr: 0.00010	Time 2.222 (2.425)	Data 0.000 (0.866)	Loss 0.0508 (0.0382)	Acc@1 98.438 (98.857)	Acc@5 100.000 (99.809)
Epoch: [113][60/150], lr: 0.00010	Time 3.374 (2.246)	Data 1.804 (0.693)	Loss 0.0428 (0.0429)	Acc@1 96.875 (98.694)	Acc@5 100.000 (99.821)
Epoch: [113][80/150], lr: 0.00010	Time 1.407 (2.126)	Data 0.023 (0.594)	Loss 0.0650 (0.0422)	Acc@1 98.438 (98.650)	Acc@5 98.438 (99.846)
Epoch: [113][100/150], lr: 0.00010	Time 1.344 (2.093)	Data 0.004 (0.558)	Loss 0.1091 (0.0429)	Acc@1 96.875 (98.623)	Acc@5 98.438 (99.861)
Epoch: [113][120/150], lr: 0.00010	Time 5.450 (2.039)	Data 3.460 (0.506)	Loss 0.0272 (0.0412)	Acc@1 100.000 (98.683)	Acc@5 100.000 (99.884)
Epoch: [113][140/150], lr: 0.00010	Time 1.405 (1.968)	Data 0.000 (0.449)	Loss 0.0060 (0.0412)	Acc@1 100.000 (98.715)	Acc@5 100.000 (99.878)
Epoch: [114][0/150], lr: 0.00010	Time 29.245 (29.245)	Data 25.366 (25.366)	Loss 0.0052 (0.0052)	Acc@1 100.000 (100.000)	Acc@5 100.000 (100.000)
Epoch: [114][20/150], lr: 0.00010	Time 1.643 (3.161)	Data 0.030 (1.631)	Loss 0.0522 (0.0282)	Acc@1 98.438 (99.182)	Acc@5 100.000 (100.000)
Epoch: [114][40/150], lr: 0.00010	Time 1.334 (2.480)	Data 0.000 (0.979)	Loss 0.0025 (0.0306)	Acc@1 100.000 (99.009)	Acc@5 100.000 (100.000)
Epoch: [114][60/150], lr: 0.00010	Time 3.370 (2.191)	Data 1.703 (0.709)	Loss 0.0743 (0.0310)	Acc@1 98.438 (99.027)	Acc@5 100.000 (99.974)
Epoch: [114][80/150], lr: 0.00010	Time 1.354 (2.057)	Data 0.000 (0.572)	Loss 0.0006 (0.0351)	Acc@1 100.000 (98.900)	Acc@5 100.000 (99.961)
Epoch: [114][100/150], lr: 0.00010	Time 1.284 (2.010)	Data 0.000 (0.522)	Loss 0.0664 (0.0336)	Acc@1 96.875 (98.917)	Acc@5 100.000 (99.969)
Epoch: [114][120/150], lr: 0.00010	Time 6.264 (1.977)	Data 4.779 (0.502)	Loss 0.1167 (0.0349)	Acc@1 95.312 (98.877)	Acc@5 100.000 (99.961)
Epoch: [114][140/150], lr: 0.00010	Time 1.286 (1.922)	Data 0.000 (0.448)	Loss 0.0057 (0.0343)	Acc@1 100.000 (98.892)	Acc@5 100.000 (99.956)
Test: [0/60]	Time 26.245 (26.245)	Loss 0.2529 (0.2529)	Acc@1 90.625 (90.625)	Acc@5 100.000 (100.000)
Test: [20/60]	Time 0.496 (2.639)	Loss 4.1688 (1.2470)	Acc@1 59.375 (77.083)	Acc@5 67.188 (93.006)
Test: [40/60]	Time 1.230 (2.211)	Loss 0.8501 (1.2108)	Acc@1 84.375 (78.277)	Acc@5 100.000 (93.826)
 * Acc@1 79.619 Acc@5 94.317 Loss 1.10114
Epoch: [115][0/150], lr: 0.00010	Time 33.872 (33.872)	Data 30.802 (30.802)	Loss 0.0113 (0.0113)	Acc@1 100.000 (100.000)	Acc@5 100.000 (100.000)
Epoch: [115][20/150], lr: 0.00010	Time 1.314 (3.124)	Data 0.005 (1.651)	Loss 0.0214 (0.0306)	Acc@1 100.000 (99.256)	Acc@5 100.000 (99.926)
Epoch: [115][40/150], lr: 0.00010	Time 1.289 (2.516)	Data 0.000 (1.000)	Loss 0.0375 (0.0318)	Acc@1 98.438 (99.238)	Acc@5 100.000 (99.924)
Epoch: [115][60/150], lr: 0.00010	Time 2.627 (2.238)	Data 0.832 (0.730)	Loss 0.0147 (0.0342)	Acc@1 100.000 (99.052)	Acc@5 100.000 (99.923)
Epoch: [115][80/150], lr: 0.00010	Time 1.526 (2.428)	Data 0.000 (0.825)	Loss 0.0021 (0.0366)	Acc@1 100.000 (98.978)	Acc@5 100.000 (99.904)
Epoch: [115][100/150], lr: 0.00010	Time 9.252 (2.992)	Data 6.677 (1.306)	Loss 0.0076 (0.0370)	Acc@1 100.000 (98.963)	Acc@5 100.000 (99.892)
Epoch: [115][120/150], lr: 0.00010	Time 10.193 (3.265)	Data 7.465 (1.499)	Loss 0.0055 (0.0354)	Acc@1 100.000 (98.980)	Acc@5 100.000 (99.910)
Epoch: [115][140/150], lr: 0.00010	Time 2.384 (3.940)	Data 0.000 (2.101)	Loss 0.0151 (0.0341)	Acc@1 100.000 (98.992)	Acc@5 100.000 (99.922)
slurmstepd: error: *** JOB 223930 ON comp001 CANCELLED AT 2019-02-24T17:13:17 ***
