Start Training ...................................

          Initializing TSN with base model: resnet18.
          TSN Configurations:
              input_modality:     RGB
              num_segments:       3
              new_length:         1
              consensus_module:   avg
              dropout_ratio:      0.0
               
Load and modify the standard model FC output layer
The modified linear layer is : Linear(in_features=512, out_features=101, bias=True)
Done. Loading and Modifying 
 ---------------------------------------------------
---------------------------------------------------
group: first_conv_weight has 1 params, lr_mult: 1, decay_mult: 1
group: first_conv_bias has 0 params, lr_mult: 2, decay_mult: 0
group: normal_weight has 20 params, lr_mult: 1, decay_mult: 1
group: normal_bias has 1 params, lr_mult: 2, decay_mult: 0
group: BN scale/shift has 2 params, lr_mult: 1, decay_mult: 0
---------------------------------------------------
Epoch: [0][0/299], lr: 0.00100	Time 7.406 (7.406)	Data 2.671 (2.671)	Loss 4.6169 (4.6169)	Acc@1 0.000 (0.000)	Acc@5 9.375 (9.375)
Epoch: [0][20/299], lr: 0.00100	Time 0.297 (0.637)	Data 0.000 (0.127)	Loss 4.5136 (4.5849)	Acc@1 3.125 (2.083)	Acc@5 18.750 (9.673)
Epoch: [0][40/299], lr: 0.00100	Time 0.299 (0.472)	Data 0.000 (0.065)	Loss 4.1934 (4.5263)	Acc@1 9.375 (4.726)	Acc@5 25.000 (12.652)
Epoch: [0][60/299], lr: 0.00100	Time 0.303 (0.416)	Data 0.000 (0.044)	Loss 4.0039 (4.4493)	Acc@1 9.375 (7.070)	Acc@5 43.750 (16.803)
Epoch: [0][80/299], lr: 0.00100	Time 0.304 (0.388)	Data 0.000 (0.033)	Loss 3.6046 (4.2793)	Acc@1 12.500 (9.645)	Acc@5 46.875 (22.878)
Epoch: [0][100/299], lr: 0.00100	Time 0.303 (0.371)	Data 0.000 (0.027)	Loss 2.6316 (4.0304)	Acc@1 37.500 (13.026)	Acc@5 59.375 (28.899)
Epoch: [0][120/299], lr: 0.00100	Time 0.302 (0.359)	Data 0.000 (0.022)	Loss 2.6502 (3.8055)	Acc@1 37.500 (16.064)	Acc@5 62.500 (35.356)
Epoch: [0][140/299], lr: 0.00100	Time 0.301 (0.389)	Data 0.000 (0.020)	Loss 1.6329 (3.5678)	Acc@1 56.250 (20.479)	Acc@5 78.125 (40.802)
Epoch: [0][160/299], lr: 0.00100	Time 0.303 (0.378)	Data 0.000 (0.017)	Loss 1.9812 (3.3850)	Acc@1 46.875 (23.661)	Acc@5 78.125 (45.186)
Epoch: [0][180/299], lr: 0.00100	Time 0.304 (0.370)	Data 0.000 (0.016)	Loss 1.5787 (3.2149)	Acc@1 56.250 (26.761)	Acc@5 78.125 (49.016)
Epoch: [0][200/299], lr: 0.00100	Time 0.305 (0.363)	Data 0.000 (0.014)	Loss 1.4354 (3.0616)	Acc@1 59.375 (29.789)	Acc@5 87.500 (52.317)
Epoch: [0][220/299], lr: 0.00100	Time 0.305 (0.358)	Data 0.000 (0.013)	Loss 1.7901 (2.9380)	Acc@1 56.250 (31.900)	Acc@5 81.250 (54.921)
Epoch: [0][240/299], lr: 0.00100	Time 0.299 (0.355)	Data 0.000 (0.012)	Loss 1.2741 (2.8242)	Acc@1 75.000 (34.142)	Acc@5 87.500 (57.339)
Epoch: [0][260/299], lr: 0.00100	Time 0.313 (0.351)	Data 0.000 (0.011)	Loss 1.7098 (2.7182)	Acc@1 46.875 (36.123)	Acc@5 84.375 (59.650)
Epoch: [0][280/299], lr: 0.00100	Time 0.303 (0.349)	Data 0.000 (0.010)	Loss 1.8166 (2.6224)	Acc@1 43.750 (38.000)	Acc@5 81.250 (61.699)
Epoch: [1][0/299], lr: 0.00100	Time 4.814 (4.814)	Data 4.410 (4.410)	Loss 1.5158 (1.5158)	Acc@1 56.250 (56.250)	Acc@5 84.375 (84.375)
Epoch: [1][20/299], lr: 0.00100	Time 0.306 (0.523)	Data 0.000 (0.210)	Loss 1.3182 (1.1945)	Acc@1 56.250 (66.964)	Acc@5 90.625 (90.923)
Epoch: [1][40/299], lr: 0.00100	Time 0.305 (0.417)	Data 0.000 (0.108)	Loss 1.2096 (1.1755)	Acc@1 62.500 (67.683)	Acc@5 87.500 (90.854)
Epoch: [1][60/299], lr: 0.00100	Time 0.301 (0.380)	Data 0.000 (0.072)	Loss 1.1243 (1.1681)	Acc@1 62.500 (67.879)	Acc@5 96.875 (90.625)
Epoch: [1][80/299], lr: 0.00100	Time 0.302 (0.370)	Data 0.000 (0.055)	Loss 1.3505 (1.1402)	Acc@1 62.500 (68.557)	Acc@5 87.500 (90.895)
Epoch: [1][100/299], lr: 0.00100	Time 0.305 (0.358)	Data 0.000 (0.044)	Loss 1.0231 (1.1552)	Acc@1 75.000 (68.038)	Acc@5 96.875 (90.594)
Epoch: [1][120/299], lr: 0.00100	Time 0.359 (0.350)	Data 0.000 (0.037)	Loss 0.8838 (1.1274)	Acc@1 71.875 (68.647)	Acc@5 93.750 (90.987)
Epoch: [1][140/299], lr: 0.00100	Time 0.309 (0.348)	Data 0.000 (0.031)	Loss 1.0987 (1.1269)	Acc@1 59.375 (68.506)	Acc@5 96.875 (91.201)
Epoch: [1][160/299], lr: 0.00100	Time 0.303 (0.343)	Data 0.000 (0.028)	Loss 0.6313 (1.1103)	Acc@1 90.625 (68.964)	Acc@5 96.875 (91.363)
Epoch: [1][180/299], lr: 0.00100	Time 0.302 (0.349)	Data 0.000 (0.025)	Loss 0.7814 (1.0916)	Acc@1 78.125 (69.441)	Acc@5 96.875 (91.695)
Epoch: [1][200/299], lr: 0.00100	Time 0.302 (0.344)	Data 0.000 (0.022)	Loss 1.0395 (1.0785)	Acc@1 71.875 (69.854)	Acc@5 90.625 (91.729)
Epoch: [1][220/299], lr: 0.00100	Time 0.426 (0.341)	Data 0.000 (0.020)	Loss 0.7439 (1.0689)	Acc@1 81.250 (70.192)	Acc@5 96.875 (91.770)
Epoch: [1][240/299], lr: 0.00100	Time 0.312 (0.339)	Data 0.000 (0.019)	Loss 0.7363 (1.0535)	Acc@1 78.125 (70.617)	Acc@5 100.000 (91.961)
Epoch: [1][260/299], lr: 0.00100	Time 0.305 (0.336)	Data 0.000 (0.017)	Loss 0.6610 (1.0455)	Acc@1 75.000 (70.726)	Acc@5 96.875 (92.014)
Epoch: [1][280/299], lr: 0.00100	Time 0.304 (0.335)	Data 0.000 (0.016)	Loss 0.8711 (1.0375)	Acc@1 68.750 (70.952)	Acc@5 93.750 (92.071)
Epoch: [2][0/299], lr: 0.00100	Time 4.044 (4.044)	Data 3.641 (3.641)	Loss 0.9779 (0.9779)	Acc@1 75.000 (75.000)	Acc@5 93.750 (93.750)
Epoch: [2][20/299], lr: 0.00100	Time 0.305 (0.487)	Data 0.000 (0.176)	Loss 0.5396 (0.7175)	Acc@1 84.375 (78.571)	Acc@5 96.875 (95.833)
Epoch: [2][40/299], lr: 0.00100	Time 0.313 (0.399)	Data 0.000 (0.090)	Loss 0.9383 (0.7659)	Acc@1 78.125 (76.905)	Acc@5 84.375 (94.741)
Epoch: [2][60/299], lr: 0.00100	Time 0.319 (0.368)	Data 0.000 (0.061)	Loss 0.7906 (0.7729)	Acc@1 75.000 (77.408)	Acc@5 100.000 (94.775)
Epoch: [2][80/299], lr: 0.00100	Time 0.973 (0.364)	Data 0.000 (0.046)	Loss 0.3382 (0.7329)	Acc@1 87.500 (78.318)	Acc@5 100.000 (95.525)
Epoch: [2][100/299], lr: 0.00100	Time 0.300 (0.352)	Data 0.000 (0.037)	Loss 0.7585 (0.7220)	Acc@1 84.375 (78.929)	Acc@5 96.875 (95.699)
Epoch: [2][120/299], lr: 0.00100	Time 0.300 (0.344)	Data 0.000 (0.031)	Loss 0.5690 (0.7207)	Acc@1 81.250 (79.055)	Acc@5 96.875 (95.739)
Epoch: [2][140/299], lr: 0.00100	Time 0.304 (0.348)	Data 0.000 (0.026)	Loss 0.5866 (0.7210)	Acc@1 78.125 (79.277)	Acc@5 96.875 (95.678)
Epoch: [2][160/299], lr: 0.00100	Time 0.304 (0.342)	Data 0.000 (0.023)	Loss 0.8448 (0.7163)	Acc@1 78.125 (79.212)	Acc@5 90.625 (95.807)
Epoch: [2][180/299], lr: 0.00100	Time 0.299 (0.341)	Data 0.000 (0.021)	Loss 0.7349 (0.7023)	Acc@1 75.000 (79.679)	Acc@5 96.875 (95.908)
Epoch: [2][200/299], lr: 0.00100	Time 0.304 (0.338)	Data 0.000 (0.019)	Loss 0.5694 (0.6969)	Acc@1 81.250 (79.711)	Acc@5 100.000 (95.911)
Epoch: [2][220/299], lr: 0.00100	Time 0.302 (0.335)	Data 0.000 (0.017)	Loss 0.5887 (0.6935)	Acc@1 81.250 (79.709)	Acc@5 96.875 (95.956)
Epoch: [2][240/299], lr: 0.00100	Time 0.309 (0.332)	Data 0.000 (0.015)	Loss 0.4262 (0.6908)	Acc@1 90.625 (79.824)	Acc@5 100.000 (95.980)
Epoch: [2][260/299], lr: 0.00100	Time 0.301 (0.330)	Data 0.000 (0.014)	Loss 0.5269 (0.6893)	Acc@1 87.500 (79.861)	Acc@5 96.875 (95.965)
Epoch: [2][280/299], lr: 0.00100	Time 0.296 (0.329)	Data 0.000 (0.013)	Loss 0.7126 (0.6877)	Acc@1 71.875 (79.849)	Acc@5 93.750 (95.919)
Epoch: [3][0/299], lr: 0.00100	Time 5.708 (5.708)	Data 5.317 (5.317)	Loss 0.3317 (0.3317)	Acc@1 90.625 (90.625)	Acc@5 100.000 (100.000)
Epoch: [3][20/299], lr: 0.00100	Time 0.309 (0.563)	Data 0.000 (0.253)	Loss 0.4856 (0.4502)	Acc@1 87.500 (88.393)	Acc@5 100.000 (97.917)
Epoch: [3][40/299], lr: 0.00100	Time 0.305 (0.442)	Data 0.000 (0.130)	Loss 0.6053 (0.4697)	Acc@1 81.250 (87.195)	Acc@5 93.750 (97.485)
Epoch: [3][60/299], lr: 0.00100	Time 0.303 (0.397)	Data 0.000 (0.087)	Loss 0.4429 (0.4650)	Acc@1 84.375 (86.732)	Acc@5 100.000 (97.643)
Epoch: [3][80/299], lr: 0.00100	Time 0.306 (0.374)	Data 0.000 (0.066)	Loss 0.4815 (0.4728)	Acc@1 87.500 (86.497)	Acc@5 100.000 (97.685)
Epoch: [3][100/299], lr: 0.00100	Time 0.303 (0.366)	Data 0.000 (0.053)	Loss 0.7315 (0.4808)	Acc@1 81.250 (86.108)	Acc@5 90.625 (97.587)
Epoch: [3][120/299], lr: 0.00100	Time 0.302 (0.356)	Data 0.000 (0.044)	Loss 0.5282 (0.4901)	Acc@1 87.500 (85.847)	Acc@5 100.000 (97.650)
Epoch: [3][140/299], lr: 0.00100	Time 0.303 (0.349)	Data 0.000 (0.038)	Loss 0.9458 (0.5006)	Acc@1 62.500 (85.505)	Acc@5 100.000 (97.562)
Epoch: [3][160/299], lr: 0.00100	Time 0.302 (0.344)	Data 0.000 (0.033)	Loss 0.4674 (0.5057)	Acc@1 81.250 (85.307)	Acc@5 100.000 (97.457)
Epoch: [3][180/299], lr: 0.00100	Time 0.302 (0.339)	Data 0.000 (0.030)	Loss 0.3956 (0.5008)	Acc@1 90.625 (85.428)	Acc@5 100.000 (97.583)
Epoch: [3][200/299], lr: 0.00100	Time 0.312 (0.337)	Data 0.000 (0.027)	Loss 0.2008 (0.5056)	Acc@1 93.750 (85.354)	Acc@5 100.000 (97.544)
Epoch: [3][220/299], lr: 0.00100	Time 0.305 (0.334)	Data 0.000 (0.024)	Loss 0.2204 (0.5113)	Acc@1 90.625 (85.139)	Acc@5 100.000 (97.568)
Epoch: [3][240/299], lr: 0.00100	Time 0.301 (0.335)	Data 0.000 (0.023)	Loss 0.4149 (0.5118)	Acc@1 87.500 (85.036)	Acc@5 96.875 (97.588)
Epoch: [3][260/299], lr: 0.00100	Time 0.302 (0.333)	Data 0.000 (0.021)	Loss 0.5800 (0.5050)	Acc@1 84.375 (85.273)	Acc@5 100.000 (97.677)
Epoch: [3][280/299], lr: 0.00100	Time 0.498 (0.332)	Data 0.000 (0.019)	Loss 0.2591 (0.5044)	Acc@1 93.750 (85.153)	Acc@5 100.000 (97.742)
Epoch: [4][0/299], lr: 0.00100	Time 4.639 (4.639)	Data 4.251 (4.251)	Loss 0.5672 (0.5672)	Acc@1 87.500 (87.500)	Acc@5 96.875 (96.875)
Epoch: [4][20/299], lr: 0.00100	Time 0.300 (0.514)	Data 0.000 (0.203)	Loss 0.5266 (0.5234)	Acc@1 84.375 (86.012)	Acc@5 100.000 (97.619)
Epoch: [4][40/299], lr: 0.00100	Time 0.301 (0.428)	Data 0.000 (0.104)	Loss 0.3028 (0.5094)	Acc@1 93.750 (85.290)	Acc@5 96.875 (97.713)
Epoch: [4][60/299], lr: 0.00100	Time 0.309 (0.387)	Data 0.000 (0.070)	Loss 0.5227 (0.4694)	Acc@1 84.375 (86.219)	Acc@5 96.875 (98.105)
Epoch: [4][80/299], lr: 0.00100	Time 0.405 (0.368)	Data 0.000 (0.053)	Loss 0.2277 (0.4383)	Acc@1 93.750 (87.153)	Acc@5 100.000 (98.418)
Epoch: [4][100/299], lr: 0.00100	Time 0.305 (0.364)	Data 0.000 (0.042)	Loss 0.5450 (0.4396)	Acc@1 81.250 (87.129)	Acc@5 96.875 (98.484)
Epoch: [4][120/299], lr: 0.00100	Time 0.303 (0.354)	Data 0.000 (0.035)	Loss 0.3420 (0.4367)	Acc@1 93.750 (87.371)	Acc@5 96.875 (98.528)
Epoch: [4][140/299], lr: 0.00100	Time 0.306 (0.347)	Data 0.000 (0.030)	Loss 0.5615 (0.4253)	Acc@1 84.375 (87.566)	Acc@5 90.625 (98.404)
Epoch: [4][160/299], lr: 0.00100	Time 0.300 (0.342)	Data 0.000 (0.027)	Loss 0.4230 (0.4275)	Acc@1 87.500 (87.364)	Acc@5 100.000 (98.486)
Epoch: [4][180/299], lr: 0.00100	Time 0.303 (0.339)	Data 0.000 (0.024)	Loss 0.4875 (0.4284)	Acc@1 87.500 (87.345)	Acc@5 93.750 (98.429)
Epoch: [4][200/299], lr: 0.00100	Time 0.303 (0.336)	Data 0.000 (0.021)	Loss 0.3302 (0.4206)	Acc@1 87.500 (87.609)	Acc@5 100.000 (98.492)
Epoch: [4][220/299], lr: 0.00100	Time 0.301 (0.333)	Data 0.000 (0.019)	Loss 0.2239 (0.4171)	Acc@1 90.625 (87.698)	Acc@5 100.000 (98.445)
Epoch: [4][240/299], lr: 0.00100	Time 0.309 (0.338)	Data 0.000 (0.018)	Loss 0.1767 (0.4115)	Acc@1 93.750 (87.889)	Acc@5 100.000 (98.457)
Epoch: [4][260/299], lr: 0.00100	Time 0.303 (0.336)	Data 0.000 (0.016)	Loss 0.4224 (0.4078)	Acc@1 81.250 (87.955)	Acc@5 100.000 (98.467)
Epoch: [4][280/299], lr: 0.00100	Time 0.299 (0.334)	Data 0.000 (0.015)	Loss 0.2887 (0.4085)	Acc@1 87.500 (87.923)	Acc@5 100.000 (98.488)
Test: [0/119]	Time 4.058 (4.058)	Loss 0.8481 (0.8481)	Acc@1 68.750 (68.750)	Acc@5 100.000 (100.000)
Test: [20/119]	Time 0.102 (0.364)	Loss 0.8215 (1.0723)	Acc@1 71.875 (71.280)	Acc@5 90.625 (93.006)
Test: [40/119]	Time 1.257 (0.311)	Loss 1.7048 (1.1677)	Acc@1 50.000 (69.512)	Acc@5 87.500 (92.530)
Test: [60/119]	Time 0.104 (0.290)	Loss 1.1602 (1.2623)	Acc@1 53.125 (67.777)	Acc@5 90.625 (91.086)
Test: [80/119]	Time 1.242 (0.287)	Loss 0.5634 (1.2029)	Acc@1 78.125 (70.139)	Acc@5 100.000 (91.088)
Test: [100/119]	Time 0.103 (0.274)	Loss 0.7882 (1.2194)	Acc@1 71.875 (69.740)	Acc@5 100.000 (91.244)
 * Acc@1 70.473 Acc@5 91.197
Epoch: [5][0/299], lr: 0.00100	Time 2.921 (2.921)	Data 2.571 (2.571)	Loss 0.2783 (0.2783)	Acc@1 87.500 (87.500)	Acc@5 100.000 (100.000)
Epoch: [5][20/299], lr: 0.00100	Time 0.359 (0.431)	Data 0.000 (0.123)	Loss 0.3751 (0.3438)	Acc@1 87.500 (88.988)	Acc@5 100.000 (99.107)
Epoch: [5][40/299], lr: 0.00100	Time 0.299 (0.369)	Data 0.000 (0.063)	Loss 0.4364 (0.3680)	Acc@1 87.500 (89.329)	Acc@5 96.875 (98.628)
Epoch: [5][60/299], lr: 0.00100	Time 0.309 (0.351)	Data 0.000 (0.042)	Loss 0.3212 (0.3488)	Acc@1 84.375 (89.344)	Acc@5 100.000 (98.924)
Epoch: [5][80/299], lr: 0.00100	Time 0.301 (0.339)	Data 0.000 (0.032)	Loss 0.3143 (0.3391)	Acc@1 90.625 (89.545)	Acc@5 100.000 (98.958)
Epoch: [5][100/299], lr: 0.00100	Time 0.314 (0.332)	Data 0.000 (0.026)	Loss 0.2412 (0.3428)	Acc@1 90.625 (89.387)	Acc@5 100.000 (98.793)
Epoch: [5][120/299], lr: 0.00100	Time 0.302 (0.327)	Data 0.000 (0.021)	Loss 0.4686 (0.3442)	Acc@1 87.500 (89.411)	Acc@5 100.000 (98.786)
Epoch: [5][140/299], lr: 0.00100	Time 0.301 (0.324)	Data 0.000 (0.018)	Loss 0.5705 (0.3527)	Acc@1 81.250 (89.184)	Acc@5 96.875 (98.803)
Epoch: [5][160/299], lr: 0.00100	Time 0.303 (0.334)	Data 0.000 (0.017)	Loss 0.3864 (0.3500)	Acc@1 87.500 (89.344)	Acc@5 100.000 (98.874)
Epoch: [5][180/299], lr: 0.00100	Time 0.311 (0.331)	Data 0.000 (0.015)	Loss 0.3355 (0.3531)	Acc@1 87.500 (89.227)	Acc@5 100.000 (98.860)
Epoch: [5][200/299], lr: 0.00100	Time 0.299 (0.328)	Data 0.000 (0.013)	Loss 0.3501 (0.3447)	Acc@1 87.500 (89.521)	Acc@5 100.000 (98.896)
Epoch: [5][220/299], lr: 0.00100	Time 0.313 (0.326)	Data 0.000 (0.012)	Loss 0.6162 (0.3466)	Acc@1 78.125 (89.451)	Acc@5 93.750 (98.897)
Epoch: [5][240/299], lr: 0.00100	Time 0.303 (0.325)	Data 0.000 (0.011)	Loss 0.1845 (0.3436)	Acc@1 93.750 (89.614)	Acc@5 100.000 (98.898)
Epoch: [5][260/299], lr: 0.00100	Time 0.300 (0.332)	Data 0.000 (0.010)	Loss 0.2646 (0.3431)	Acc@1 87.500 (89.607)	Acc@5 100.000 (98.875)
Epoch: [5][280/299], lr: 0.00100	Time 0.304 (0.330)	Data 0.000 (0.010)	Loss 0.3162 (0.3409)	Acc@1 87.500 (89.724)	Acc@5 100.000 (98.843)
Epoch: [6][0/299], lr: 0.00100	Time 5.674 (5.674)	Data 5.276 (5.276)	Loss 0.4981 (0.4981)	Acc@1 87.500 (87.500)	Acc@5 96.875 (96.875)
Epoch: [6][20/299], lr: 0.00100	Time 0.300 (0.561)	Data 0.000 (0.251)	Loss 0.2006 (0.2639)	Acc@1 93.750 (92.411)	Acc@5 100.000 (98.958)
Epoch: [6][40/299], lr: 0.00100	Time 0.300 (0.437)	Data 0.000 (0.129)	Loss 0.1540 (0.2742)	Acc@1 93.750 (91.692)	Acc@5 100.000 (99.314)
Epoch: [6][60/299], lr: 0.00100	Time 0.300 (0.394)	Data 0.000 (0.087)	Loss 0.2318 (0.2732)	Acc@1 90.625 (91.855)	Acc@5 100.000 (99.129)
Epoch: [6][80/299], lr: 0.00100	Time 0.302 (0.374)	Data 0.000 (0.065)	Loss 0.1517 (0.2804)	Acc@1 96.875 (91.512)	Acc@5 100.000 (99.151)
Epoch: [6][100/299], lr: 0.00100	Time 0.300 (0.361)	Data 0.000 (0.053)	Loss 0.2164 (0.2654)	Acc@1 90.625 (92.048)	Acc@5 100.000 (99.319)
Epoch: [6][120/299], lr: 0.00100	Time 0.300 (0.352)	Data 0.000 (0.044)	Loss 0.0606 (0.2545)	Acc@1 96.875 (92.381)	Acc@5 100.000 (99.406)
Epoch: [6][140/299], lr: 0.00100	Time 0.306 (0.352)	Data 0.000 (0.038)	Loss 0.1737 (0.2540)	Acc@1 93.750 (92.398)	Acc@5 100.000 (99.446)
Epoch: [6][160/299], lr: 0.00100	Time 0.304 (0.346)	Data 0.000 (0.034)	Loss 0.4870 (0.2585)	Acc@1 87.500 (92.255)	Acc@5 100.000 (99.379)
Epoch: [6][180/299], lr: 0.00100	Time 0.302 (0.341)	Data 0.000 (0.030)	Loss 0.8456 (0.2671)	Acc@1 78.125 (91.972)	Acc@5 96.875 (99.327)
Epoch: [6][200/299], lr: 0.00100	Time 0.299 (0.342)	Data 0.000 (0.027)	Loss 0.2292 (0.2676)	Acc@1 93.750 (91.884)	Acc@5 100.000 (99.331)
Epoch: [6][220/299], lr: 0.00100	Time 0.302 (0.339)	Data 0.000 (0.025)	Loss 0.5066 (0.2724)	Acc@1 84.375 (91.728)	Acc@5 96.875 (99.321)
Epoch: [6][240/299], lr: 0.00100	Time 0.301 (0.342)	Data 0.000 (0.023)	Loss 0.3332 (0.2742)	Acc@1 87.500 (91.753)	Acc@5 100.000 (99.287)
Epoch: [6][260/299], lr: 0.00100	Time 0.301 (0.339)	Data 0.000 (0.021)	Loss 0.3317 (0.2774)	Acc@1 93.750 (91.703)	Acc@5 100.000 (99.294)
Epoch: [6][280/299], lr: 0.00100	Time 0.307 (0.337)	Data 0.000 (0.019)	Loss 0.3536 (0.2771)	Acc@1 87.500 (91.715)	Acc@5 96.875 (99.266)
Epoch: [7][0/299], lr: 0.00100	Time 5.137 (5.137)	Data 4.757 (4.757)	Loss 0.2255 (0.2255)	Acc@1 93.750 (93.750)	Acc@5 100.000 (100.000)
Epoch: [7][20/299], lr: 0.00100	Time 0.315 (0.537)	Data 0.000 (0.227)	Loss 0.1505 (0.2709)	Acc@1 93.750 (92.113)	Acc@5 100.000 (98.810)
Epoch: [7][40/299], lr: 0.00100	Time 0.305 (0.423)	Data 0.000 (0.116)	Loss 0.1460 (0.2786)	Acc@1 96.875 (91.692)	Acc@5 100.000 (99.009)
Epoch: [7][60/299], lr: 0.00100	Time 0.303 (0.384)	Data 0.000 (0.078)	Loss 0.2746 (0.2634)	Acc@1 87.500 (92.059)	Acc@5 100.000 (98.975)
Epoch: [7][80/299], lr: 0.00100	Time 0.302 (0.367)	Data 0.000 (0.059)	Loss 0.4147 (0.2612)	Acc@1 87.500 (92.130)	Acc@5 96.875 (98.958)
Epoch: [7][100/299], lr: 0.00100	Time 0.300 (0.355)	Data 0.000 (0.048)	Loss 0.2482 (0.2536)	Acc@1 96.875 (92.543)	Acc@5 96.875 (98.855)
Epoch: [7][120/299], lr: 0.00100	Time 0.300 (0.347)	Data 0.000 (0.040)	Loss 0.0764 (0.2433)	Acc@1 100.000 (92.639)	Acc@5 100.000 (98.993)
Epoch: [7][140/299], lr: 0.00100	Time 0.306 (0.347)	Data 0.000 (0.034)	Loss 0.3437 (0.2410)	Acc@1 90.625 (92.708)	Acc@5 96.875 (99.025)
Epoch: [7][160/299], lr: 0.00100	Time 0.316 (0.341)	Data 0.000 (0.030)	Loss 0.1538 (0.2390)	Acc@1 93.750 (92.780)	Acc@5 100.000 (99.030)
Epoch: [7][180/299], lr: 0.00100	Time 0.304 (0.339)	Data 0.000 (0.027)	Loss 0.1786 (0.2353)	Acc@1 93.750 (92.887)	Acc@5 100.000 (99.085)
Epoch: [7][200/299], lr: 0.00100	Time 0.301 (0.336)	Data 0.000 (0.024)	Loss 0.1474 (0.2340)	Acc@1 93.750 (92.848)	Acc@5 100.000 (99.083)
Epoch: [7][220/299], lr: 0.00100	Time 0.303 (0.348)	Data 0.000 (0.022)	Loss 0.2449 (0.2341)	Acc@1 90.625 (92.788)	Acc@5 100.000 (99.137)
Epoch: [7][240/299], lr: 0.00100	Time 0.300 (0.347)	Data 0.000 (0.022)	Loss 0.5984 (0.2363)	Acc@1 84.375 (92.777)	Acc@5 93.750 (99.105)
Epoch: [7][260/299], lr: 0.00100	Time 0.321 (0.343)	Data 0.000 (0.021)	Loss 0.3454 (0.2356)	Acc@1 84.375 (92.840)	Acc@5 100.000 (99.114)
Epoch: [7][280/299], lr: 0.00100	Time 0.303 (0.341)	Data 0.000 (0.019)	Loss 0.1650 (0.2357)	Acc@1 93.750 (92.838)	Acc@5 100.000 (99.133)
Epoch: [8][0/299], lr: 0.00100	Time 7.239 (7.239)	Data 6.866 (6.866)	Loss 0.1701 (0.1701)	Acc@1 93.750 (93.750)	Acc@5 100.000 (100.000)
Epoch: [8][20/299], lr: 0.00100	Time 0.301 (0.636)	Data 0.000 (0.329)	Loss 0.1327 (0.1793)	Acc@1 96.875 (94.196)	Acc@5 100.000 (99.405)
Epoch: [8][40/299], lr: 0.00100	Time 0.413 (0.550)	Data 0.114 (0.209)	Loss 0.1522 (0.2044)	Acc@1 93.750 (93.216)	Acc@5 100.000 (99.314)
Epoch: [8][60/299], lr: 0.00100	Time 0.300 (0.502)	Data 0.000 (0.173)	Loss 0.0489 (0.2068)	Acc@1 100.000 (93.135)	Acc@5 100.000 (99.385)
Epoch: [8][80/299], lr: 0.00100	Time 0.299 (0.462)	Data 0.000 (0.141)	Loss 0.3743 (0.2012)	Acc@1 87.500 (93.403)	Acc@5 100.000 (99.498)
Epoch: [8][100/299], lr: 0.00100	Time 0.302 (0.444)	Data 0.000 (0.125)	Loss 0.1406 (0.2097)	Acc@1 93.750 (93.410)	Acc@5 100.000 (99.412)
Epoch: [8][120/299], lr: 0.00100	Time 0.966 (0.439)	Data 0.666 (0.123)	Loss 0.0926 (0.2158)	Acc@1 100.000 (93.233)	Acc@5 100.000 (99.354)
Epoch: [8][140/299], lr: 0.00100	Time 0.316 (0.428)	Data 0.000 (0.106)	Loss 0.2438 (0.2097)	Acc@1 87.500 (93.418)	Acc@5 100.000 (99.379)
Epoch: [8][160/299], lr: 0.00100	Time 0.301 (0.417)	Data 0.000 (0.098)	Loss 0.0783 (0.2166)	Acc@1 96.875 (93.187)	Acc@5 100.000 (99.282)
Epoch: [8][180/299], lr: 0.00100	Time 0.301 (0.415)	Data 0.000 (0.097)	Loss 0.4180 (0.2261)	Acc@1 87.500 (93.025)	Acc@5 96.875 (99.223)
Epoch: [8][200/299], lr: 0.00100	Time 0.304 (0.419)	Data 0.000 (0.089)	Loss 0.1664 (0.2238)	Acc@1 93.750 (93.175)	Acc@5 96.875 (99.223)
Epoch: [8][220/299], lr: 0.00100	Time 0.305 (0.416)	Data 0.000 (0.089)	Loss 0.1447 (0.2231)	Acc@1 96.875 (93.156)	Acc@5 100.000 (99.222)
Epoch: [8][240/299], lr: 0.00100	Time 1.428 (0.422)	Data 1.133 (0.095)	Loss 0.2285 (0.2231)	Acc@1 93.750 (93.141)	Acc@5 100.000 (99.261)
Epoch: [8][260/299], lr: 0.00100	Time 0.305 (0.426)	Data 0.000 (0.102)	Loss 0.2174 (0.2239)	Acc@1 93.750 (93.127)	Acc@5 100.000 (99.282)
Epoch: [8][280/299], lr: 0.00100	Time 0.304 (0.423)	Data 0.000 (0.100)	Loss 0.1892 (0.2238)	Acc@1 93.750 (93.072)	Acc@5 100.000 (99.299)
Epoch: [9][0/299], lr: 0.00100	Time 7.736 (7.736)	Data 7.343 (7.343)	Loss 0.2523 (0.2523)	Acc@1 90.625 (90.625)	Acc@5 100.000 (100.000)
Epoch: [9][20/299], lr: 0.00100	Time 0.301 (0.661)	Data 0.000 (0.350)	Loss 0.2063 (0.1685)	Acc@1 93.750 (94.940)	Acc@5 100.000 (99.405)
Epoch: [9][40/299], lr: 0.00100	Time 0.413 (0.543)	Data 0.100 (0.201)	Loss 0.1812 (0.2013)	Acc@1 93.750 (94.284)	Acc@5 100.000 (99.238)
Epoch: [9][60/299], lr: 0.00100	Time 0.300 (0.507)	Data 0.000 (0.179)	Loss 0.1890 (0.2047)	Acc@1 90.625 (94.109)	Acc@5 100.000 (99.334)
Epoch: [9][80/299], lr: 0.00100	Time 0.873 (0.497)	Data 0.581 (0.176)	Loss 0.0226 (0.1944)	Acc@1 100.000 (94.406)	Acc@5 100.000 (99.344)
Epoch: [9][100/299], lr: 0.00100	Time 0.302 (0.479)	Data 0.000 (0.162)	Loss 0.0486 (0.1823)	Acc@1 100.000 (94.678)	Acc@5 100.000 (99.412)
Epoch: [9][120/299], lr: 0.00100	Time 0.300 (0.464)	Data 0.000 (0.148)	Loss 0.1674 (0.1758)	Acc@1 93.750 (94.861)	Acc@5 100.000 (99.458)
Epoch: [9][140/299], lr: 0.00100	Time 0.339 (0.458)	Data 0.000 (0.131)	Loss 0.2507 (0.1811)	Acc@1 90.625 (94.770)	Acc@5 100.000 (99.468)
Epoch: [9][160/299], lr: 0.00100	Time 0.377 (0.468)	Data 0.000 (0.136)	Loss 0.2625 (0.1817)	Acc@1 87.500 (94.798)	Acc@5 100.000 (99.476)
Epoch: [9][180/299], lr: 0.00100	Time 1.298 (0.514)	Data 0.000 (0.164)	Loss 0.2659 (0.1802)	Acc@1 87.500 (94.838)	Acc@5 100.000 (99.482)
Epoch: [9][200/299], lr: 0.00100	Time 0.485 (0.559)	Data 0.000 (0.194)	Loss 0.2600 (0.1858)	Acc@1 93.750 (94.636)	Acc@5 96.875 (99.425)
Epoch: [9][220/299], lr: 0.00100	Time 0.484 (0.661)	Data 0.000 (0.286)	Loss 0.2175 (0.1888)	Acc@1 93.750 (94.570)	Acc@5 100.000 (99.406)
Epoch: [9][240/299], lr: 0.00100	Time 0.534 (0.723)	Data 0.000 (0.337)	Loss 0.0724 (0.1891)	Acc@1 96.875 (94.528)	Acc@5 100.000 (99.404)
Epoch: [9][260/299], lr: 0.00100	Time 0.681 (0.873)	Data 0.000 (0.455)	Loss 0.2933 (0.1920)	Acc@1 84.375 (94.361)	Acc@5 100.000 (99.413)
Epoch: [9][280/299], lr: 0.00100	Time 0.753 (0.957)	Data 0.000 (0.518)	Loss 0.4229 (0.1968)	Acc@1 84.375 (94.217)	Acc@5 100.000 (99.366)
Test: [0/119]	Time 32.236 (32.236)	Loss 0.5475 (0.5475)	Acc@1 78.125 (78.125)	Acc@5 96.875 (96.875)
Test: [20/119]	Time 0.667 (3.652)	Loss 1.0730 (0.7918)	Acc@1 75.000 (78.720)	Acc@5 87.500 (95.089)
Test: [40/119]	Time 19.943 (3.447)	Loss 2.4619 (1.0213)	Acc@1 50.000 (75.915)	Acc@5 68.750 (93.902)
Test: [60/119]	Time 0.738 (3.183)	Loss 1.5550 (1.2260)	Acc@1 62.500 (72.695)	Acc@5 87.500 (91.035)
Test: [80/119]	Time 23.965 (3.361)	Loss 0.0900 (1.2323)	Acc@1 96.875 (73.148)	Acc@5 100.000 (90.934)
Test: [100/119]	Time 0.597 (3.286)	Loss 0.4359 (1.2396)	Acc@1 87.500 (72.741)	Acc@5 100.000 (90.903)
 * Acc@1 73.645 Acc@5 91.568
Epoch: [10][0/299], lr: 0.00100	Time 51.855 (51.855)	Data 49.979 (49.979)	Loss 0.1365 (0.1365)	Acc@1 96.875 (96.875)	Acc@5 100.000 (100.000)
Epoch: [10][20/299], lr: 0.00100	Time 1.354 (6.719)	Data 0.000 (5.276)	Loss 0.0397 (0.1348)	Acc@1 96.875 (96.577)	Acc@5 100.000 (99.405)
Epoch: [10][40/299], lr: 0.00100	Time 17.285 (6.014)	Data 15.672 (4.535)	Loss 0.0255 (0.1576)	Acc@1 100.000 (95.503)	Acc@5 100.000 (99.466)
Epoch: [10][60/299], lr: 0.00100	Time 1.596 (5.603)	Data 0.000 (4.072)	Loss 0.0934 (0.1528)	Acc@1 96.875 (95.543)	Acc@5 100.000 (99.590)
Epoch: [10][80/299], lr: 0.00100	Time 25.895 (5.835)	Data 23.966 (4.259)	Loss 0.1863 (0.1503)	Acc@1 84.375 (95.448)	Acc@5 100.000 (99.653)
Epoch: [10][100/299], lr: 0.00100	Time 1.739 (5.822)	Data 0.000 (4.233)	Loss 0.3820 (0.1576)	Acc@1 84.375 (95.050)	Acc@5 96.875 (99.567)
Epoch: [10][120/299], lr: 0.00100	Time 25.345 (5.994)	Data 23.386 (4.373)	Loss 0.1398 (0.1551)	Acc@1 93.750 (95.196)	Acc@5 100.000 (99.638)
Epoch: [10][140/299], lr: 0.00100	Time 1.943 (6.067)	Data 0.000 (4.429)	Loss 0.1434 (0.1571)	Acc@1 90.625 (95.257)	Acc@5 100.000 (99.645)
Epoch: [10][160/299], lr: 0.00100	Time 19.550 (6.173)	Data 17.702 (4.492)	Loss 0.1900 (0.1606)	Acc@1 93.750 (95.012)	Acc@5 100.000 (99.651)
Epoch: [10][180/299], lr: 0.00100	Time 2.203 (6.309)	Data 0.000 (4.588)	Loss 0.0676 (0.1627)	Acc@1 100.000 (94.976)	Acc@5 100.000 (99.637)
Epoch: [10][200/299], lr: 0.00100	Time 24.265 (6.509)	Data 22.218 (4.764)	Loss 0.0671 (0.1656)	Acc@1 96.875 (94.900)	Acc@5 100.000 (99.596)
Epoch: [10][220/299], lr: 0.00100	Time 2.475 (6.665)	Data 0.000 (4.882)	Loss 0.0317 (0.1650)	Acc@1 100.000 (94.966)	Acc@5 100.000 (99.618)
Epoch: [10][240/299], lr: 0.00100	Time 26.810 (6.826)	Data 24.838 (4.991)	Loss 0.1306 (0.1636)	Acc@1 93.750 (94.930)	Acc@5 100.000 (99.637)
Epoch: [10][260/299], lr: 0.00100	Time 1.978 (7.003)	Data 0.000 (5.113)	Loss 0.1694 (0.1691)	Acc@1 90.625 (94.756)	Acc@5 100.000 (99.653)
Epoch: [10][280/299], lr: 0.00100	Time 30.843 (7.169)	Data 26.380 (5.238)	Loss 0.4742 (0.1720)	Acc@1 87.500 (94.684)	Acc@5 96.875 (99.644)
Epoch: [11][0/299], lr: 0.00100	Time 136.898 (136.898)	Data 133.735 (133.735)	Loss 0.1014 (0.1014)	Acc@1 96.875 (96.875)	Acc@5 100.000 (100.000)
Epoch: [11][20/299], lr: 0.00100	Time 2.207 (14.193)	Data 0.000 (11.714)	Loss 0.0234 (0.1237)	Acc@1 100.000 (95.833)	Acc@5 100.000 (99.702)
Epoch: [11][40/299], lr: 0.00100	Time 68.083 (13.255)	Data 65.514 (10.820)	Loss 0.2200 (0.1394)	Acc@1 90.625 (95.427)	Acc@5 100.000 (99.771)
Epoch: [11][60/299], lr: 0.00100	Time 2.828 (11.848)	Data 0.000 (9.351)	Loss 0.0601 (0.1455)	Acc@1 100.000 (95.389)	Acc@5 100.000 (99.795)
Epoch: [11][80/299], lr: 0.00100	Time 64.409 (11.846)	Data 61.377 (9.274)	Loss 0.1354 (0.1496)	Acc@1 93.750 (95.370)	Acc@5 100.000 (99.846)
Epoch: [11][100/299], lr: 0.00100	Time 2.901 (11.347)	Data 0.000 (8.720)	Loss 0.6431 (0.1614)	Acc@1 84.375 (94.895)	Acc@5 93.750 (99.722)
Epoch: [11][120/299], lr: 0.00100	Time 59.007 (11.711)	Data 55.757 (8.956)	Loss 0.2062 (0.1556)	Acc@1 90.625 (95.093)	Acc@5 100.000 (99.742)
Epoch: [11][140/299], lr: 0.00100	Time 2.517 (11.353)	Data 0.000 (8.577)	Loss 0.1684 (0.1567)	Acc@1 93.750 (94.969)	Acc@5 100.000 (99.756)
Epoch: [11][160/299], lr: 0.00100	Time 77.508 (11.705)	Data 74.001 (8.931)	Loss 0.3595 (0.1643)	Acc@1 87.500 (94.798)	Acc@5 96.875 (99.651)
Epoch: [11][180/299], lr: 0.00100	Time 3.265 (11.480)	Data 0.000 (8.651)	Loss 0.0529 (0.1671)	Acc@1 100.000 (94.786)	Acc@5 100.000 (99.637)
Epoch: [11][200/299], lr: 0.00100	Time 76.168 (11.703)	Data 72.781 (8.829)	Loss 0.0415 (0.1677)	Acc@1 100.000 (94.745)	Acc@5 100.000 (99.627)
Epoch: [11][220/299], lr: 0.00100	Time 3.440 (11.552)	Data 0.000 (8.641)	Loss 0.0319 (0.1647)	Acc@1 100.000 (94.952)	Acc@5 100.000 (99.632)
Epoch: [11][240/299], lr: 0.00100	Time 72.101 (11.761)	Data 68.881 (8.823)	Loss 0.2598 (0.1628)	Acc@1 90.625 (95.008)	Acc@5 100.000 (99.611)
Epoch: [11][260/299], lr: 0.00100	Time 3.690 (11.665)	Data 0.000 (8.679)	Loss 0.1173 (0.1639)	Acc@1 93.750 (94.983)	Acc@5 100.000 (99.617)
Epoch: [11][280/299], lr: 0.00100	Time 94.154 (11.949)	Data 86.964 (8.901)	Loss 0.2019 (0.1627)	Acc@1 96.875 (94.962)	Acc@5 96.875 (99.622)
Epoch: [12][0/299], lr: 0.00100	Time 214.389 (214.389)	Data 207.851 (207.851)	Loss 0.1100 (0.1100)	Acc@1 96.875 (96.875)	Acc@5 100.000 (100.000)
Epoch: [12][20/299], lr: 0.00100	Time 3.072 (21.503)	Data 0.000 (17.654)	Loss 0.1186 (0.1489)	Acc@1 96.875 (94.792)	Acc@5 100.000 (99.851)
Epoch: [12][40/299], lr: 0.00100	Time 78.243 (18.675)	Data 73.903 (14.948)	Loss 0.0553 (0.1475)	Acc@1 96.875 (94.665)	Acc@5 100.000 (99.848)
Epoch: [12][60/299], lr: 0.00100	Time 4.114 (16.742)	Data 0.000 (12.846)	Loss 0.0881 (0.1504)	Acc@1 96.875 (95.082)	Acc@5 100.000 (99.744)
Epoch: [12][80/299], lr: 0.00100	Time 82.619 (16.943)	Data 77.729 (12.935)	Loss 0.1086 (0.1420)	Acc@1 100.000 (95.448)	Acc@5 100.000 (99.807)
Epoch: [12][100/299], lr: 0.00100	Time 3.673 (16.459)	Data 0.000 (12.371)	Loss 0.1208 (0.1311)	Acc@1 96.875 (95.885)	Acc@5 100.000 (99.814)
Epoch: [12][120/299], lr: 0.00100	Time 68.052 (16.375)	Data 62.810 (12.313)	Loss 0.0487 (0.1266)	Acc@1 100.000 (96.100)	Acc@5 100.000 (99.819)
Epoch: [12][140/299], lr: 0.00100	Time 4.432 (16.260)	Data 0.000 (12.117)	Loss 0.2139 (0.1361)	Acc@1 93.750 (95.855)	Acc@5 100.000 (99.778)
Epoch: [12][160/299], lr: 0.00100	Time 74.853 (16.485)	Data 71.314 (12.351)	Loss 0.1787 (0.1419)	Acc@1 96.875 (95.613)	Acc@5 100.000 (99.748)
Epoch: [12][180/299], lr: 0.00100	Time 4.629 (16.364)	Data 0.000 (12.185)	Loss 0.2218 (0.1430)	Acc@1 90.625 (95.632)	Acc@5 100.000 (99.758)
Epoch: [12][200/299], lr: 0.00100	Time 75.128 (16.634)	Data 70.567 (12.366)	Loss 0.3091 (0.1440)	Acc@1 93.750 (95.616)	Acc@5 93.750 (99.720)
Epoch: [12][220/299], lr: 0.00100	Time 5.207 (16.592)	Data 0.000 (12.260)	Loss 0.1098 (0.1426)	Acc@1 96.875 (95.715)	Acc@5 100.000 (99.731)
Epoch: [12][240/299], lr: 0.00100	Time 70.048 (16.734)	Data 65.645 (12.355)	Loss 0.2894 (0.1431)	Acc@1 84.375 (95.656)	Acc@5 100.000 (99.741)
Epoch: [12][260/299], lr: 0.00100	Time 4.889 (16.895)	Data 0.000 (12.444)	Loss 0.0185 (0.1420)	Acc@1 100.000 (95.714)	Acc@5 100.000 (99.749)
Epoch: [12][280/299], lr: 0.00100	Time 82.630 (17.066)	Data 77.546 (12.567)	Loss 0.1876 (0.1421)	Acc@1 90.625 (95.685)	Acc@5 100.000 (99.766)
Epoch: [13][0/299], lr: 0.00100	Time 226.995 (226.995)	Data 219.289 (219.289)	Loss 0.0827 (0.0827)	Acc@1 96.875 (96.875)	Acc@5 100.000 (100.000)
Epoch: [13][20/299], lr: 0.00100	Time 5.311 (29.061)	Data 0.000 (23.831)	Loss 0.0597 (0.1118)	Acc@1 96.875 (96.875)	Acc@5 100.000 (99.851)
Epoch: [13][40/299], lr: 0.00100	Time 86.501 (25.044)	Data 79.276 (19.647)	Loss 0.2143 (0.1338)	Acc@1 93.750 (96.265)	Acc@5 100.000 (99.619)
Epoch: [13][60/299], lr: 0.00100	Time 5.293 (22.809)	Data 0.000 (17.349)	Loss 0.1331 (0.1236)	Acc@1 93.750 (96.260)	Acc@5 100.000 (99.693)
Epoch: [13][80/299], lr: 0.00100	Time 119.622 (22.732)	Data 113.056 (17.213)	Loss 0.0501 (0.1260)	Acc@1 100.000 (96.296)	Acc@5 100.000 (99.691)
Epoch: [13][100/299], lr: 0.00100	Time 4.914 (21.676)	Data 0.000 (16.273)	Loss 0.3014 (0.1229)	Acc@1 93.750 (96.473)	Acc@5 96.875 (99.691)
Epoch: [13][120/299], lr: 0.00100	Time 129.548 (22.061)	Data 122.733 (16.680)	Loss 0.3416 (0.1258)	Acc@1 93.750 (96.410)	Acc@5 100.000 (99.638)
Epoch: [13][140/299], lr: 0.00100	Time 5.571 (21.426)	Data 0.000 (16.004)	Loss 0.0290 (0.1281)	Acc@1 100.000 (96.299)	Acc@5 100.000 (99.645)
Epoch: [13][160/299], lr: 0.00100	Time 130.251 (21.788)	Data 123.172 (16.279)	Loss 0.4448 (0.1385)	Acc@1 84.375 (95.924)	Acc@5 96.875 (99.612)
Epoch: [13][180/299], lr: 0.00100	Time 4.464 (21.552)	Data 0.000 (16.079)	Loss 0.0490 (0.1377)	Acc@1 96.875 (95.908)	Acc@5 100.000 (99.655)
Epoch: [13][200/299], lr: 0.00100	Time 139.840 (22.155)	Data 132.679 (16.686)	Loss 0.0777 (0.1340)	Acc@1 100.000 (96.020)	Acc@5 100.000 (99.674)
Epoch: [13][220/299], lr: 0.00100	Time 5.750 (21.817)	Data 0.000 (16.291)	Loss 0.2519 (0.1383)	Acc@1 87.500 (95.899)	Acc@5 100.000 (99.661)
Epoch: [13][240/299], lr: 0.00100	Time 123.377 (22.031)	Data 116.392 (16.413)	Loss 0.0367 (0.1381)	Acc@1 100.000 (95.980)	Acc@5 100.000 (99.676)
Epoch: [13][260/299], lr: 0.00100	Time 6.350 (21.811)	Data 0.000 (16.119)	Loss 0.0670 (0.1374)	Acc@1 96.875 (96.001)	Acc@5 100.000 (99.653)
Epoch: [13][280/299], lr: 0.00100	Time 143.632 (22.076)	Data 136.000 (16.333)	Loss 0.2148 (0.1371)	Acc@1 93.750 (96.019)	Acc@5 100.000 (99.666)
Epoch: [14][0/299], lr: 0.00100	Time 297.527 (297.527)	Data 287.581 (287.581)	Loss 0.2170 (0.2170)	Acc@1 90.625 (90.625)	Acc@5 100.000 (100.000)
Epoch: [14][20/299], lr: 0.00100	Time 5.961 (33.622)	Data 0.000 (26.884)	Loss 0.0701 (0.1275)	Acc@1 100.000 (96.429)	Acc@5 100.000 (99.702)
Epoch: [14][40/299], lr: 0.00100	Time 150.224 (31.154)	Data 143.278 (24.433)	Loss 0.0385 (0.1144)	Acc@1 100.000 (96.799)	Acc@5 100.000 (99.848)
Epoch: [14][60/299], lr: 0.00100	Time 5.352 (27.956)	Data 0.000 (21.410)	Loss 0.0460 (0.1102)	Acc@1 100.000 (96.670)	Acc@5 100.000 (99.898)
Epoch: [14][80/299], lr: 0.00100	Time 127.932 (27.569)	Data 120.357 (20.978)	Loss 0.4699 (0.1191)	Acc@1 87.500 (96.489)	Acc@5 96.875 (99.769)
Epoch: [14][100/299], lr: 0.00100	Time 6.370 (26.071)	Data 0.000 (19.399)	Loss 0.2519 (0.1253)	Acc@1 93.750 (96.256)	Acc@5 100.000 (99.691)
Epoch: [14][120/299], lr: 0.00100	Time 144.057 (26.370)	Data 135.584 (19.695)	Loss 0.2332 (0.1273)	Acc@1 93.750 (96.229)	Acc@5 100.000 (99.742)
Epoch: [14][140/299], lr: 0.00100	Time 6.594 (25.589)	Data 0.000 (18.900)	Loss 0.1711 (0.1272)	Acc@1 93.750 (96.321)	Acc@5 100.000 (99.734)
Epoch: [14][160/299], lr: 0.00100	Time 148.014 (26.086)	Data 141.196 (19.351)	Loss 0.1099 (0.1271)	Acc@1 96.875 (96.293)	Acc@5 100.000 (99.748)
Epoch: [14][180/299], lr: 0.00100	Time 7.036 (25.680)	Data 0.000 (18.878)	Loss 0.1843 (0.1270)	Acc@1 93.750 (96.253)	Acc@5 100.000 (99.758)
Epoch: [14][200/299], lr: 0.00100	Time 153.145 (26.042)	Data 146.267 (19.193)	Loss 0.1065 (0.1253)	Acc@1 100.000 (96.238)	Acc@5 100.000 (99.782)
Epoch: [14][220/299], lr: 0.00100	Time 6.698 (25.618)	Data 0.000 (18.666)	Loss 0.0729 (0.1247)	Acc@1 96.875 (96.239)	Acc@5 100.000 (99.788)
Epoch: [14][240/299], lr: 0.00100	Time 140.210 (25.803)	Data 133.235 (18.780)	Loss 0.1686 (0.1266)	Acc@1 93.750 (96.201)	Acc@5 96.875 (99.741)
Epoch: [14][260/299], lr: 0.00100	Time 7.805 (25.592)	Data 0.000 (18.437)	Loss 0.1502 (0.1279)	Acc@1 96.875 (96.157)	Acc@5 100.000 (99.737)
Epoch: [14][280/299], lr: 0.00100	Time 163.044 (26.056)	Data 153.363 (18.802)	Loss 0.2788 (0.1281)	Acc@1 96.875 (96.130)	Acc@5 96.875 (99.744)
Test: [0/119]	Time 350.949 (350.949)	Loss 0.5133 (0.5133)	Acc@1 71.875 (71.875)	Acc@5 100.000 (100.000)
Test: [20/119]	Time 4.556 (40.961)	Loss 1.7175 (0.9925)	Acc@1 50.000 (75.149)	Acc@5 87.500 (93.899)
Test: [40/119]	Time 160.673 (34.842)	Loss 2.1001 (1.1405)	Acc@1 62.500 (73.857)	Acc@5 87.500 (93.674)
Test: [60/119]	Time 3.625 (30.052)	Loss 2.0007 (1.3333)	Acc@1 56.250 (70.902)	Acc@5 90.625 (92.162)
Test: [80/119]	Time 153.923 (29.424)	Loss 1.0759 (1.4023)	Acc@1 62.500 (70.756)	Acc@5 93.750 (90.779)
Test: [100/119]	Time 5.011 (27.756)	Loss 0.5015 (1.3730)	Acc@1 87.500 (71.132)	Acc@5 100.000 (91.306)
 * Acc@1 72.561 Acc@5 91.779
slurmstepd: error: *** JOB 222266 ON comp002 CANCELLED AT 2019-02-03T08:49:42 DUE TO TIME LIMIT ***
