Start Training ...................................

          Initializing TSN with base model: BNInception.
          TSN Configurations:
              input_modality:     RGBDiff
              num_segments:       3
              new_length:         5
              consensus_module:   avg
              dropout_ratio:      0.8
               
Load and modify the standard model FC output layer
Dropout Layer added and The modified linear layer is : Linear(in_features=1024, out_features=101, bias=True)
Done. Loading and Modifying 
 ---------------------------------------------------
Converting the ImageNet model to RGBDiff model
The modified 1st layer is Conv2d(15, 64, kernel_size=(7, 7), stride=(2, 2), padding=(3, 3))
Done. RGBDiff model is ready.
Loading checkpoint '/home/alex039u2/data/tsn_paper/server_scripts/faze_training/RGB_diff/_rgbdiff_checkpoint.pth.tar'
Loaded checkpoint 'False' epoch 85
---------------------------------------------------
group: first_conv_weight has 1 params, lr_mult: 1, decay_mult: 1
group: first_conv_bias has 1 params, lr_mult: 2, decay_mult: 0
group: normal_weight has 69 params, lr_mult: 1, decay_mult: 1
group: normal_bias has 69 params, lr_mult: 2, decay_mult: 0
group: BN scale/shift has 2 params, lr_mult: 1, decay_mult: 0
---------------------------------------------------
Epoch: [85][0/150], lr: 0.00010	Time 44.723 (44.723)	Data 28.588 (28.588)	Loss 0.0428 (0.0428)	Acc@1 98.438 (98.438)	Acc@5 100.000 (100.000)
Epoch: [85][20/150], lr: 0.00010	Time 1.294 (3.424)	Data 0.000 (1.362)	Loss 0.0058 (0.0310)	Acc@1 100.000 (98.958)	Acc@5 100.000 (99.926)
Epoch: [85][40/150], lr: 0.00010	Time 6.256 (2.940)	Data 4.011 (1.203)	Loss 0.0098 (0.0496)	Acc@1 100.000 (98.590)	Acc@5 100.000 (99.886)
Epoch: [85][60/150], lr: 0.00010	Time 1.326 (2.794)	Data 0.000 (1.167)	Loss 0.0820 (0.0478)	Acc@1 98.438 (98.540)	Acc@5 100.000 (99.898)
Epoch: [85][80/150], lr: 0.00010	Time 5.598 (2.726)	Data 4.292 (1.145)	Loss 0.0236 (0.0548)	Acc@1 100.000 (98.341)	Acc@5 100.000 (99.904)
Epoch: [85][100/150], lr: 0.00010	Time 2.089 (2.670)	Data 0.000 (1.115)	Loss 0.0515 (0.0527)	Acc@1 98.438 (98.329)	Acc@5 100.000 (99.923)
Epoch: [85][120/150], lr: 0.00010	Time 5.919 (2.640)	Data 4.506 (1.100)	Loss 0.0295 (0.0488)	Acc@1 98.438 (98.489)	Acc@5 100.000 (99.935)
Epoch: [85][140/150], lr: 0.00010	Time 1.543 (2.611)	Data 0.006 (1.079)	Loss 0.0179 (0.0487)	Acc@1 98.438 (98.493)	Acc@5 100.000 (99.922)
Epoch: [86][0/150], lr: 0.00010	Time 25.308 (25.308)	Data 23.156 (23.156)	Loss 0.1499 (0.1499)	Acc@1 96.875 (96.875)	Acc@5 98.438 (98.438)
Epoch: [86][20/150], lr: 0.00010	Time 1.299 (3.618)	Data 0.000 (2.072)	Loss 0.0181 (0.0444)	Acc@1 100.000 (98.884)	Acc@5 100.000 (99.926)
Epoch: [86][40/150], lr: 0.00010	Time 12.022 (3.136)	Data 8.721 (1.591)	Loss 0.0120 (0.0400)	Acc@1 100.000 (98.780)	Acc@5 100.000 (99.962)
Epoch: [86][60/150], lr: 0.00010	Time 1.309 (2.880)	Data 0.000 (1.339)	Loss 0.0125 (0.0463)	Acc@1 100.000 (98.668)	Acc@5 100.000 (99.898)
Epoch: [86][80/150], lr: 0.00010	Time 8.869 (2.842)	Data 7.128 (1.300)	Loss 0.0713 (0.0492)	Acc@1 98.438 (98.515)	Acc@5 98.438 (99.865)
Epoch: [86][100/150], lr: 0.00010	Time 1.341 (2.728)	Data 0.000 (1.205)	Loss 0.0417 (0.0469)	Acc@1 98.438 (98.608)	Acc@5 100.000 (99.892)
Epoch: [86][120/150], lr: 0.00010	Time 8.265 (2.741)	Data 6.749 (1.214)	Loss 0.1000 (0.0465)	Acc@1 96.875 (98.618)	Acc@5 100.000 (99.910)
Epoch: [86][140/150], lr: 0.00010	Time 1.306 (2.709)	Data 0.000 (1.188)	Loss 0.1212 (0.0474)	Acc@1 96.875 (98.582)	Acc@5 100.000 (99.900)
Epoch: [87][0/150], lr: 0.00010	Time 26.506 (26.506)	Data 23.782 (23.782)	Loss 0.0086 (0.0086)	Acc@1 100.000 (100.000)	Acc@5 100.000 (100.000)
Epoch: [87][20/150], lr: 0.00010	Time 1.299 (3.474)	Data 0.000 (2.000)	Loss 0.1385 (0.0508)	Acc@1 98.438 (98.884)	Acc@5 100.000 (100.000)
Epoch: [87][40/150], lr: 0.00010	Time 11.046 (3.108)	Data 9.225 (1.615)	Loss 0.0165 (0.0588)	Acc@1 98.438 (98.552)	Acc@5 100.000 (99.924)
Epoch: [87][60/150], lr: 0.00010	Time 1.937 (2.864)	Data 0.000 (1.371)	Loss 0.0084 (0.0535)	Acc@1 100.000 (98.617)	Acc@5 100.000 (99.949)
Epoch: [87][80/150], lr: 0.00010	Time 10.515 (2.830)	Data 8.073 (1.337)	Loss 0.0290 (0.0535)	Acc@1 98.438 (98.495)	Acc@5 100.000 (99.942)
Epoch: [87][100/150], lr: 0.00010	Time 1.442 (2.740)	Data 0.000 (1.240)	Loss 0.0681 (0.0515)	Acc@1 96.875 (98.499)	Acc@5 100.000 (99.923)
Epoch: [87][120/150], lr: 0.00010	Time 7.192 (2.712)	Data 4.731 (1.210)	Loss 0.0965 (0.0505)	Acc@1 98.438 (98.502)	Acc@5 100.000 (99.923)
Epoch: [87][140/150], lr: 0.00010	Time 1.363 (2.673)	Data 0.000 (1.177)	Loss 0.0073 (0.0490)	Acc@1 100.000 (98.515)	Acc@5 100.000 (99.934)
Epoch: [88][0/150], lr: 0.00010	Time 32.272 (32.272)	Data 28.557 (28.557)	Loss 0.0075 (0.0075)	Acc@1 100.000 (100.000)	Acc@5 100.000 (100.000)
Epoch: [88][20/150], lr: 0.00010	Time 1.297 (3.625)	Data 0.000 (2.116)	Loss 0.0169 (0.0350)	Acc@1 100.000 (99.033)	Acc@5 100.000 (100.000)
Epoch: [88][40/150], lr: 0.00010	Time 11.255 (3.201)	Data 9.129 (1.719)	Loss 0.0120 (0.0405)	Acc@1 100.000 (98.628)	Acc@5 100.000 (100.000)
Epoch: [88][60/150], lr: 0.00010	Time 1.304 (2.877)	Data 0.000 (1.403)	Loss 0.0380 (0.0410)	Acc@1 98.438 (98.642)	Acc@5 100.000 (99.974)
Epoch: [88][80/150], lr: 0.00010	Time 10.538 (2.826)	Data 8.010 (1.357)	Loss 0.0737 (0.0441)	Acc@1 98.438 (98.592)	Acc@5 98.438 (99.961)
Epoch: [88][100/150], lr: 0.00010	Time 1.889 (2.731)	Data 0.016 (1.274)	Loss 0.0062 (0.0429)	Acc@1 100.000 (98.608)	Acc@5 100.000 (99.969)
Epoch: [88][120/150], lr: 0.00010	Time 9.975 (2.733)	Data 7.778 (1.271)	Loss 0.0087 (0.0423)	Acc@1 100.000 (98.683)	Acc@5 100.000 (99.948)
Epoch: [88][140/150], lr: 0.00010	Time 1.424 (2.658)	Data 0.000 (1.200)	Loss 0.0812 (0.0453)	Acc@1 98.438 (98.582)	Acc@5 100.000 (99.934)
Epoch: [89][0/150], lr: 0.00010	Time 26.639 (26.639)	Data 24.948 (24.948)	Loss 0.0093 (0.0093)	Acc@1 100.000 (100.000)	Acc@5 100.000 (100.000)
Epoch: [89][20/150], lr: 0.00010	Time 1.349 (3.466)	Data 0.000 (1.900)	Loss 0.0682 (0.0327)	Acc@1 98.438 (98.810)	Acc@5 100.000 (100.000)
Epoch: [89][40/150], lr: 0.00010	Time 12.797 (3.192)	Data 9.714 (1.658)	Loss 0.0139 (0.0360)	Acc@1 100.000 (99.009)	Acc@5 100.000 (100.000)
Epoch: [89][60/150], lr: 0.00010	Time 1.342 (2.884)	Data 0.000 (1.363)	Loss 0.0282 (0.0371)	Acc@1 100.000 (99.001)	Acc@5 100.000 (99.949)
Epoch: [89][80/150], lr: 0.00010	Time 6.304 (2.810)	Data 4.688 (1.306)	Loss 0.0054 (0.0384)	Acc@1 100.000 (98.939)	Acc@5 100.000 (99.942)
Epoch: [89][100/150], lr: 0.00010	Time 1.349 (2.729)	Data 0.000 (1.237)	Loss 0.0027 (0.0375)	Acc@1 100.000 (98.902)	Acc@5 100.000 (99.954)
Epoch: [89][120/150], lr: 0.00010	Time 5.093 (2.698)	Data 3.696 (1.210)	Loss 0.0380 (0.0385)	Acc@1 100.000 (98.915)	Acc@5 100.000 (99.961)
Epoch: [89][140/150], lr: 0.00010	Time 1.296 (2.683)	Data 0.000 (1.189)	Loss 0.0035 (0.0393)	Acc@1 100.000 (98.881)	Acc@5 100.000 (99.945)
Test: [0/60]	Time 24.101 (24.101)	Loss 0.0782 (0.0782)	Acc@1 96.875 (96.875)	Acc@5 100.000 (100.000)
Test: [20/60]	Time 0.507 (3.235)	Loss 2.4979 (1.0372)	Acc@1 64.062 (79.539)	Acc@5 79.688 (94.271)
Test: [40/60]	Time 16.171 (2.934)	Loss 0.6338 (1.0387)	Acc@1 85.938 (79.230)	Acc@5 95.312 (93.941)
 * Acc@1 80.360 Acc@5 94.264 Loss 0.98167
Epoch: [90][0/150], lr: 0.00010	Time 27.455 (27.455)	Data 23.652 (23.652)	Loss 0.0219 (0.0219)	Acc@1 100.000 (100.000)	Acc@5 100.000 (100.000)
Epoch: [90][20/150], lr: 0.00010	Time 1.308 (3.431)	Data 0.000 (1.867)	Loss 0.0565 (0.0412)	Acc@1 98.438 (98.586)	Acc@5 100.000 (100.000)
Epoch: [90][40/150], lr: 0.00010	Time 7.802 (3.098)	Data 6.186 (1.552)	Loss 0.0180 (0.0383)	Acc@1 100.000 (98.895)	Acc@5 100.000 (99.886)
Epoch: [90][60/150], lr: 0.00010	Time 1.297 (2.874)	Data 0.000 (1.354)	Loss 0.0316 (0.0386)	Acc@1 98.438 (98.950)	Acc@5 100.000 (99.898)
Epoch: [90][80/150], lr: 0.00010	Time 14.275 (2.889)	Data 11.289 (1.363)	Loss 0.0179 (0.0419)	Acc@1 98.438 (98.804)	Acc@5 100.000 (99.923)
Epoch: [90][100/150], lr: 0.00010	Time 1.574 (2.760)	Data 0.000 (1.248)	Loss 0.0540 (0.0423)	Acc@1 96.875 (98.731)	Acc@5 100.000 (99.923)
Epoch: [90][120/150], lr: 0.00010	Time 7.955 (2.734)	Data 6.592 (1.228)	Loss 0.0756 (0.0445)	Acc@1 96.875 (98.631)	Acc@5 98.438 (99.884)
Epoch: [90][140/150], lr: 0.00010	Time 1.319 (2.679)	Data 0.000 (1.176)	Loss 0.0775 (0.0442)	Acc@1 98.438 (98.648)	Acc@5 100.000 (99.900)
Epoch: [91][0/150], lr: 0.00010	Time 29.806 (29.806)	Data 26.249 (26.249)	Loss 0.0347 (0.0347)	Acc@1 98.438 (98.438)	Acc@5 100.000 (100.000)
Epoch: [91][20/150], lr: 0.00010	Time 1.358 (3.532)	Data 0.000 (2.013)	Loss 0.0583 (0.0542)	Acc@1 98.438 (98.065)	Acc@5 100.000 (99.926)
Epoch: [91][40/150], lr: 0.00010	Time 9.650 (3.153)	Data 7.461 (1.647)	Loss 0.0115 (0.0457)	Acc@1 100.000 (98.666)	Acc@5 100.000 (99.962)
Epoch: [91][60/150], lr: 0.00010	Time 1.432 (2.882)	Data 0.000 (1.395)	Loss 0.0394 (0.0432)	Acc@1 98.438 (98.617)	Acc@5 100.000 (99.974)
Epoch: [91][80/150], lr: 0.00010	Time 11.490 (2.844)	Data 8.825 (1.327)	Loss 0.0090 (0.0451)	Acc@1 100.000 (98.630)	Acc@5 100.000 (99.981)
Epoch: [91][100/150], lr: 0.00010	Time 1.475 (2.719)	Data 0.001 (1.213)	Loss 0.0049 (0.0468)	Acc@1 100.000 (98.592)	Acc@5 100.000 (99.938)
Epoch: [91][120/150], lr: 0.00010	Time 10.830 (2.729)	Data 9.067 (1.230)	Loss 0.0346 (0.0487)	Acc@1 98.438 (98.541)	Acc@5 100.000 (99.923)
Epoch: [91][140/150], lr: 0.00010	Time 1.728 (2.650)	Data 0.006 (1.151)	Loss 0.1141 (0.0507)	Acc@1 96.875 (98.482)	Acc@5 100.000 (99.922)
Epoch: [92][0/150], lr: 0.00010	Time 30.036 (30.036)	Data 28.107 (28.107)	Loss 0.0296 (0.0296)	Acc@1 98.438 (98.438)	Acc@5 100.000 (100.000)
Epoch: [92][20/150], lr: 0.00010	Time 1.308 (3.665)	Data 0.000 (2.152)	Loss 0.0371 (0.0435)	Acc@1 96.875 (98.586)	Acc@5 100.000 (99.926)
Epoch: [92][40/150], lr: 0.00010	Time 6.485 (3.076)	Data 5.099 (1.608)	Loss 0.0050 (0.0379)	Acc@1 100.000 (98.704)	Acc@5 100.000 (99.962)
Epoch: [92][60/150], lr: 0.00010	Time 1.358 (2.824)	Data 0.000 (1.359)	Loss 0.0340 (0.0376)	Acc@1 98.438 (98.694)	Acc@5 100.000 (99.974)
Epoch: [92][80/150], lr: 0.00010	Time 11.517 (2.809)	Data 8.807 (1.319)	Loss 0.0039 (0.0421)	Acc@1 100.000 (98.669)	Acc@5 100.000 (99.942)
Epoch: [92][100/150], lr: 0.00010	Time 1.386 (2.712)	Data 0.000 (1.230)	Loss 0.0309 (0.0434)	Acc@1 100.000 (98.654)	Acc@5 100.000 (99.938)
Epoch: [92][120/150], lr: 0.00010	Time 8.450 (2.687)	Data 6.645 (1.208)	Loss 0.0617 (0.0429)	Acc@1 96.875 (98.657)	Acc@5 100.000 (99.935)
Epoch: [92][140/150], lr: 0.00010	Time 1.310 (2.634)	Data 0.000 (1.163)	Loss 0.0027 (0.0416)	Acc@1 100.000 (98.659)	Acc@5 100.000 (99.945)
Epoch: [93][0/150], lr: 0.00010	Time 29.554 (29.554)	Data 27.432 (27.432)	Loss 0.0155 (0.0155)	Acc@1 100.000 (100.000)	Acc@5 100.000 (100.000)
Epoch: [93][20/150], lr: 0.00010	Time 1.520 (3.541)	Data 0.000 (2.038)	Loss 0.0206 (0.0399)	Acc@1 100.000 (98.884)	Acc@5 100.000 (100.000)
Epoch: [93][40/150], lr: 0.00010	Time 7.084 (2.973)	Data 5.165 (1.496)	Loss 0.0242 (0.0432)	Acc@1 98.438 (98.780)	Acc@5 100.000 (99.886)
Epoch: [93][60/150], lr: 0.00010	Time 1.345 (2.788)	Data 0.000 (1.332)	Loss 0.0122 (0.0468)	Acc@1 100.000 (98.745)	Acc@5 100.000 (99.821)
Epoch: [93][80/150], lr: 0.00010	Time 7.269 (2.731)	Data 5.774 (1.264)	Loss 0.0350 (0.0421)	Acc@1 98.438 (98.881)	Acc@5 100.000 (99.865)
Epoch: [93][100/150], lr: 0.00010	Time 1.396 (2.934)	Data 0.000 (1.433)	Loss 0.0080 (0.0407)	Acc@1 100.000 (98.871)	Acc@5 100.000 (99.892)
Epoch: [93][120/150], lr: 0.00010	Time 37.325 (3.493)	Data 34.082 (1.933)	Loss 0.0103 (0.0393)	Acc@1 100.000 (98.902)	Acc@5 100.000 (99.910)
Epoch: [93][140/150], lr: 0.00010	Time 1.656 (4.000)	Data 0.000 (2.408)	Loss 0.0054 (0.0381)	Acc@1 100.000 (98.914)	Acc@5 100.000 (99.922)
slurmstepd: error: *** JOB 223874 ON comp001 CANCELLED AT 2019-02-23T20:15:45 ***
